[0.125s] Invoking command in '/home/student/ros2_ws/build/scan_to_image_localizer': CMAKE_PREFIX_PATH=${CMAKE_PREFIX_PATH}:/home/student/ros2_ws/install/turtlebot3_teleop:/home/student/ros2_ws/install/turtlebot3_example:/home/student/ros2_ws/install/rtabmap_python:/opt/ros/humble /usr/bin/cmake --build /home/student/ros2_ws/build/scan_to_image_localizer -- -j8 -l8
[0.303s] [100%] Built target scan_to_image_node
[0.333s] Invoked command in '/home/student/ros2_ws/build/scan_to_image_localizer' returned '0': CMAKE_PREFIX_PATH=${CMAKE_PREFIX_PATH}:/home/student/ros2_ws/install/turtlebot3_teleop:/home/student/ros2_ws/install/turtlebot3_example:/home/student/ros2_ws/install/rtabmap_python:/opt/ros/humble /usr/bin/cmake --build /home/student/ros2_ws/build/scan_to_image_localizer -- -j8 -l8
[0.433s] Invoking command in '/home/student/ros2_ws/build/scan_to_image_localizer': CMAKE_PREFIX_PATH=${CMAKE_PREFIX_PATH}:/home/student/ros2_ws/install/turtlebot3_teleop:/home/student/ros2_ws/install/turtlebot3_example:/home/student/ros2_ws/install/rtabmap_python:/opt/ros/humble /usr/bin/cmake --install /home/student/ros2_ws/build/scan_to_image_localizer
[0.458s] -- Install configuration: "Release"
[0.459s] -- Execute custom install script
[0.460s] -- Up-to-date symlink: /home/student/ros2_ws/install/scan_to_image_localizer/lib/scan_to_image_localizer/scan_to_image_node
[0.460s] -- Up-to-date symlink: /home/student/ros2_ws/install/scan_to_image_localizer/share/ament_index/resource_index/package_run_dependencies/scan_to_image_localizer
[0.460s] -- Up-to-date symlink: /home/student/ros2_ws/install/scan_to_image_localizer/share/ament_index/resource_index/parent_prefix_path/scan_to_image_localizer
[0.462s] -- Up-to-date symlink: /home/student/ros2_ws/install/scan_to_image_localizer/share/scan_to_image_localizer/environment/ament_prefix_path.sh
[0.469s] -- Up-to-date symlink: /home/student/ros2_ws/install/scan_to_image_localizer/share/scan_to_image_localizer/environment/ament_prefix_path.dsv
[0.470s] -- Up-to-date symlink: /home/student/ros2_ws/install/scan_to_image_localizer/share/scan_to_image_localizer/environment/path.sh
[0.470s] -- Up-to-date symlink: /home/student/ros2_ws/install/scan_to_image_localizer/share/scan_to_image_localizer/environment/path.dsv
[0.470s] -- Up-to-date symlink: /home/student/ros2_ws/install/scan_to_image_localizer/share/scan_to_image_localizer/local_setup.bash
[0.471s] -- Up-to-date symlink: /home/student/ros2_ws/install/scan_to_image_localizer/share/scan_to_image_localizer/local_setup.sh
[0.472s] -- Up-to-date symlink: /home/student/ros2_ws/install/scan_to_image_localizer/share/scan_to_image_localizer/local_setup.zsh
[0.473s] -- Up-to-date symlink: /home/student/ros2_ws/install/scan_to_image_localizer/share/scan_to_image_localizer/local_setup.dsv
[0.475s] -- Symlinking: /home/student/ros2_ws/install/scan_to_image_localizer/share/scan_to_image_localizer/package.dsv
[0.487s] -- Up-to-date symlink: /home/student/ros2_ws/install/scan_to_image_localizer/share/ament_index/resource_index/packages/scan_to_image_localizer
[0.487s] -- Up-to-date symlink: /home/student/ros2_ws/install/scan_to_image_localizer/share/scan_to_image_localizer/cmake/scan_to_image_localizerConfig.cmake
[0.488s] -- Up-to-date symlink: /home/student/ros2_ws/install/scan_to_image_localizer/share/scan_to_image_localizer/cmake/scan_to_image_localizerConfig-version.cmake
[0.489s] -- Up-to-date symlink: /home/student/ros2_ws/install/scan_to_image_localizer/share/scan_to_image_localizer/package.xml
[0.494s] Invoked command in '/home/student/ros2_ws/build/scan_to_image_localizer' returned '0': CMAKE_PREFIX_PATH=${CMAKE_PREFIX_PATH}:/home/student/ros2_ws/install/turtlebot3_teleop:/home/student/ros2_ws/install/turtlebot3_example:/home/student/ros2_ws/install/rtabmap_python:/opt/ros/humble /usr/bin/cmake --install /home/student/ros2_ws/build/scan_to_image_localizer
