[0.049s] Invoking command in '/home/student/ros2_ws/build/turtlebot3_state_estimation': CMAKE_PREFIX_PATH=${CMAKE_PREFIX_PATH}:/home/student/ros2_ws/install/turtlebot3_teleop:/home/student/ros2_ws/install/turtlebot3_example:/opt/ros/humble /usr/bin/cmake --build /home/student/ros2_ws/build/turtlebot3_state_estimation -- -j8 -l8
[0.164s] [100%] Built target dead_reckoning
[0.193s] Invoked command in '/home/student/ros2_ws/build/turtlebot3_state_estimation' returned '0': CMAKE_PREFIX_PATH=${CMAKE_PREFIX_PATH}:/home/student/ros2_ws/install/turtlebot3_teleop:/home/student/ros2_ws/install/turtlebot3_example:/opt/ros/humble /usr/bin/cmake --build /home/student/ros2_ws/build/turtlebot3_state_estimation -- -j8 -l8
[0.325s] Invoking command in '/home/student/ros2_ws/build/turtlebot3_state_estimation': CMAKE_PREFIX_PATH=${CMAKE_PREFIX_PATH}:/home/student/ros2_ws/install/turtlebot3_teleop:/home/student/ros2_ws/install/turtlebot3_example:/opt/ros/humble /usr/bin/cmake --install /home/student/ros2_ws/build/turtlebot3_state_estimation
[0.340s] -- Install configuration: ""
[0.341s] -- Execute custom install script
[0.341s] -- Up-to-date symlink: /home/student/ros2_ws/install/turtlebot3_state_estimation/lib/turtlebot3_state_estimation/dead_reckoning
[0.342s] -- Up-to-date symlink: /home/student/ros2_ws/install/turtlebot3_state_estimation/share/ament_index/resource_index/package_run_dependencies/turtlebot3_state_estimation
[0.343s] -- Up-to-date symlink: /home/student/ros2_ws/install/turtlebot3_state_estimation/share/ament_index/resource_index/parent_prefix_path/turtlebot3_state_estimation
[0.343s] -- Up-to-date symlink: /home/student/ros2_ws/install/turtlebot3_state_estimation/share/turtlebot3_state_estimation/environment/ament_prefix_path.sh
[0.344s] -- Up-to-date symlink: /home/student/ros2_ws/install/turtlebot3_state_estimation/share/turtlebot3_state_estimation/environment/ament_prefix_path.dsv
[0.344s] -- Up-to-date symlink: /home/student/ros2_ws/install/turtlebot3_state_estimation/share/turtlebot3_state_estimation/environment/path.sh
[0.345s] -- Up-to-date symlink: /home/student/ros2_ws/install/turtlebot3_state_estimation/share/turtlebot3_state_estimation/environment/path.dsv
[0.345s] -- Up-to-date symlink: /home/student/ros2_ws/install/turtlebot3_state_estimation/share/turtlebot3_state_estimation/local_setup.bash
[0.346s] -- Up-to-date symlink: /home/student/ros2_ws/install/turtlebot3_state_estimation/share/turtlebot3_state_estimation/local_setup.sh
[0.347s] -- Up-to-date symlink: /home/student/ros2_ws/install/turtlebot3_state_estimation/share/turtlebot3_state_estimation/local_setup.zsh
[0.347s] -- Up-to-date symlink: /home/student/ros2_ws/install/turtlebot3_state_estimation/share/turtlebot3_state_estimation/local_setup.dsv
[0.347s] -- Symlinking: /home/student/ros2_ws/install/turtlebot3_state_estimation/share/turtlebot3_state_estimation/package.dsv
[0.364s] -- Up-to-date symlink: /home/student/ros2_ws/install/turtlebot3_state_estimation/share/ament_index/resource_index/packages/turtlebot3_state_estimation
[0.364s] -- Up-to-date symlink: /home/student/ros2_ws/install/turtlebot3_state_estimation/share/turtlebot3_state_estimation/cmake/turtlebot3_state_estimationConfig.cmake
[0.365s] -- Up-to-date symlink: /home/student/ros2_ws/install/turtlebot3_state_estimation/share/turtlebot3_state_estimation/cmake/turtlebot3_state_estimationConfig-version.cmake
[0.365s] -- Up-to-date symlink: /home/student/ros2_ws/install/turtlebot3_state_estimation/share/turtlebot3_state_estimation/package.xml
[0.368s] Invoked command in '/home/student/ros2_ws/build/turtlebot3_state_estimation' returned '0': CMAKE_PREFIX_PATH=${CMAKE_PREFIX_PATH}:/home/student/ros2_ws/install/turtlebot3_teleop:/home/student/ros2_ws/install/turtlebot3_example:/opt/ros/humble /usr/bin/cmake --install /home/student/ros2_ws/build/turtlebot3_state_estimation
