[0.055s] Invoking command in '/home/student/ros2_ws/build/cpp_pubsub': CMAKE_PREFIX_PATH=${CMAKE_PREFIX_PATH}:/home/student/ros2_ws/install/turtlebot3_teleop:/home/student/ros2_ws/install/turtlebot3_example:/home/student/ros2_ws/install/rtabmap_python:/opt/ros/humble /usr/bin/cmake --build /home/student/ros2_ws/build/cpp_pubsub -- -j8 -l8
[0.143s] Invoked command in '/home/student/ros2_ws/build/cpp_pubsub' returned '0': CMAKE_PREFIX_PATH=${CMAKE_PREFIX_PATH}:/home/student/ros2_ws/install/turtlebot3_teleop:/home/student/ros2_ws/install/turtlebot3_example:/home/student/ros2_ws/install/rtabmap_python:/opt/ros/humble /usr/bin/cmake --build /home/student/ros2_ws/build/cpp_pubsub -- -j8 -l8
[0.211s] Invoking command in '/home/student/ros2_ws/build/cpp_pubsub': CMAKE_PREFIX_PATH=${CMAKE_PREFIX_PATH}:/home/student/ros2_ws/install/turtlebot3_teleop:/home/student/ros2_ws/install/turtlebot3_example:/home/student/ros2_ws/install/rtabmap_python:/opt/ros/humble /usr/bin/cmake --install /home/student/ros2_ws/build/cpp_pubsub
[0.257s] -- Install configuration: "Release"
[0.258s] -- Execute custom install script
[0.258s] -- Up-to-date symlink: /home/student/ros2_ws/install/cpp_pubsub/share/ament_index/resource_index/package_run_dependencies/cpp_pubsub
[0.258s] -- Up-to-date symlink: /home/student/ros2_ws/install/cpp_pubsub/share/ament_index/resource_index/parent_prefix_path/cpp_pubsub
[0.259s] -- Up-to-date symlink: /home/student/ros2_ws/install/cpp_pubsub/share/cpp_pubsub/environment/ament_prefix_path.sh
[0.259s] -- Up-to-date symlink: /home/student/ros2_ws/install/cpp_pubsub/share/cpp_pubsub/environment/ament_prefix_path.dsv
[0.259s] -- Up-to-date symlink: /home/student/ros2_ws/install/cpp_pubsub/share/cpp_pubsub/environment/path.sh
[0.266s] -- Up-to-date symlink: /home/student/ros2_ws/install/cpp_pubsub/share/cpp_pubsub/environment/path.dsv
[0.268s] -- Up-to-date symlink: /home/student/ros2_ws/install/cpp_pubsub/share/cpp_pubsub/local_setup.bash
[0.272s] -- Up-to-date symlink: /home/student/ros2_ws/install/cpp_pubsub/share/cpp_pubsub/local_setup.sh
[0.274s] -- Up-to-date symlink: /home/student/ros2_ws/install/cpp_pubsub/share/cpp_pubsub/local_setup.zsh
[0.276s] -- Up-to-date symlink: /home/student/ros2_ws/install/cpp_pubsub/share/cpp_pubsub/local_setup.dsv
[0.277s] -- Symlinking: /home/student/ros2_ws/install/cpp_pubsub/share/cpp_pubsub/package.dsv
[0.291s] -- Up-to-date symlink: /home/student/ros2_ws/install/cpp_pubsub/share/ament_index/resource_index/packages/cpp_pubsub
[0.291s] -- Up-to-date symlink: /home/student/ros2_ws/install/cpp_pubsub/share/cpp_pubsub/cmake/cpp_pubsubConfig.cmake
[0.292s] -- Up-to-date symlink: /home/student/ros2_ws/install/cpp_pubsub/share/cpp_pubsub/cmake/cpp_pubsubConfig-version.cmake
[0.292s] -- Up-to-date symlink: /home/student/ros2_ws/install/cpp_pubsub/share/cpp_pubsub/package.xml
[0.294s] Invoked command in '/home/student/ros2_ws/build/cpp_pubsub' returned '0': CMAKE_PREFIX_PATH=${CMAKE_PREFIX_PATH}:/home/student/ros2_ws/install/turtlebot3_teleop:/home/student/ros2_ws/install/turtlebot3_example:/home/student/ros2_ws/install/rtabmap_python:/opt/ros/humble /usr/bin/cmake --install /home/student/ros2_ws/build/cpp_pubsub
