[0.022s] Invoking command in '/home/student/ros2_ws/build/scan_matching_localiser': CMAKE_PREFIX_PATH=${CMAKE_PREFIX_PATH}:/home/student/ros2_ws/install/turtlebot3_teleop:/home/student/ros2_ws/install/turtlebot3_example:/opt/ros/humble /usr/bin/cmake --build /home/student/ros2_ws/build/scan_matching_localiser -- -j8 -l8
[0.096s] [35m[1mConsolidate compiler generated dependencies of target map_processor_node[0m
[0.136s] [ 50%] [32mBuilding CXX object CMakeFiles/map_processor_node.dir/src/map_processor_node.cpp.o[0m
[17.858s] [100%] [32m[1mLinking CXX executable map_processor_node[0m
[19.406s] [100%] Built target map_processor_node
[19.436s] Invoked command in '/home/student/ros2_ws/build/scan_matching_localiser' returned '0': CMAKE_PREFIX_PATH=${CMAKE_PREFIX_PATH}:/home/student/ros2_ws/install/turtlebot3_teleop:/home/student/ros2_ws/install/turtlebot3_example:/opt/ros/humble /usr/bin/cmake --build /home/student/ros2_ws/build/scan_matching_localiser -- -j8 -l8
[19.514s] Invoking command in '/home/student/ros2_ws/build/scan_matching_localiser': CMAKE_PREFIX_PATH=${CMAKE_PREFIX_PATH}:/home/student/ros2_ws/install/turtlebot3_teleop:/home/student/ros2_ws/install/turtlebot3_example:/opt/ros/humble /usr/bin/cmake --install /home/student/ros2_ws/build/scan_matching_localiser
[19.527s] -- Install configuration: ""
[19.527s] -- Installing: /home/student/ros2_ws/install/scan_matching_localiser/lib/scan_matching_localiser/map_processor_node
[19.538s] -- Set runtime path of "/home/student/ros2_ws/install/scan_matching_localiser/lib/scan_matching_localiser/map_processor_node" to ""
[19.539s] -- Up-to-date: /home/student/ros2_ws/install/scan_matching_localiser/share/ament_index/resource_index/package_run_dependencies/scan_matching_localiser
[19.539s] -- Up-to-date: /home/student/ros2_ws/install/scan_matching_localiser/share/ament_index/resource_index/parent_prefix_path/scan_matching_localiser
[19.540s] -- Up-to-date: /home/student/ros2_ws/install/scan_matching_localiser/share/scan_matching_localiser/environment/ament_prefix_path.sh
[19.540s] -- Up-to-date: /home/student/ros2_ws/install/scan_matching_localiser/share/scan_matching_localiser/environment/ament_prefix_path.dsv
[19.540s] -- Up-to-date: /home/student/ros2_ws/install/scan_matching_localiser/share/scan_matching_localiser/environment/path.sh
[19.540s] -- Up-to-date: /home/student/ros2_ws/install/scan_matching_localiser/share/scan_matching_localiser/environment/path.dsv
[19.541s] -- Up-to-date: /home/student/ros2_ws/install/scan_matching_localiser/share/scan_matching_localiser/local_setup.bash
[19.541s] -- Up-to-date: /home/student/ros2_ws/install/scan_matching_localiser/share/scan_matching_localiser/local_setup.sh
[19.541s] -- Up-to-date: /home/student/ros2_ws/install/scan_matching_localiser/share/scan_matching_localiser/local_setup.zsh
[19.541s] -- Up-to-date: /home/student/ros2_ws/install/scan_matching_localiser/share/scan_matching_localiser/local_setup.dsv
[19.541s] -- Installing: /home/student/ros2_ws/install/scan_matching_localiser/share/scan_matching_localiser/package.dsv
[19.542s] -- Up-to-date: /home/student/ros2_ws/install/scan_matching_localiser/share/ament_index/resource_index/packages/scan_matching_localiser
[19.543s] -- Up-to-date: /home/student/ros2_ws/install/scan_matching_localiser/share/scan_matching_localiser/cmake/scan_matching_localiserConfig.cmake
[19.543s] -- Up-to-date: /home/student/ros2_ws/install/scan_matching_localiser/share/scan_matching_localiser/cmake/scan_matching_localiserConfig-version.cmake
[19.543s] -- Up-to-date: /home/student/ros2_ws/install/scan_matching_localiser/share/scan_matching_localiser/package.xml
[19.550s] Invoked command in '/home/student/ros2_ws/build/scan_matching_localiser' returned '0': CMAKE_PREFIX_PATH=${CMAKE_PREFIX_PATH}:/home/student/ros2_ws/install/turtlebot3_teleop:/home/student/ros2_ws/install/turtlebot3_example:/opt/ros/humble /usr/bin/cmake --install /home/student/ros2_ws/build/scan_matching_localiser
