[0.053s] Invoking command in '/home/student/ros2_ws/build/laser_processor_pkg': CMAKE_PREFIX_PATH=${CMAKE_PREFIX_PATH}:/home/student/ros2_ws/install/turtlebot3_teleop:/home/student/ros2_ws/install/turtlebot3_example:/home/student/ros2_ws/install/rtabmap_python:/opt/ros/humble /usr/bin/cmake --build /home/student/ros2_ws/build/laser_processor_pkg -- -j8 -l8
[0.231s] [100%] Built target laser_processor
[0.260s] Invoked command in '/home/student/ros2_ws/build/laser_processor_pkg' returned '0': CMAKE_PREFIX_PATH=${CMAKE_PREFIX_PATH}:/home/student/ros2_ws/install/turtlebot3_teleop:/home/student/ros2_ws/install/turtlebot3_example:/home/student/ros2_ws/install/rtabmap_python:/opt/ros/humble /usr/bin/cmake --build /home/student/ros2_ws/build/laser_processor_pkg -- -j8 -l8
[0.316s] Invoking command in '/home/student/ros2_ws/build/laser_processor_pkg': CMAKE_PREFIX_PATH=${CMAKE_PREFIX_PATH}:/home/student/ros2_ws/install/turtlebot3_teleop:/home/student/ros2_ws/install/turtlebot3_example:/home/student/ros2_ws/install/rtabmap_python:/opt/ros/humble /usr/bin/cmake --install /home/student/ros2_ws/build/laser_processor_pkg
[0.328s] -- Install configuration: "Release"
[0.331s] -- Execute custom install script
[0.336s] -- Up-to-date symlink: /home/student/ros2_ws/install/laser_processor_pkg/lib/laser_processor_pkg/laser_processor
[0.336s] -- Up-to-date symlink: /home/student/ros2_ws/install/laser_processor_pkg/share/ament_index/resource_index/package_run_dependencies/laser_processor_pkg
[0.336s] -- Up-to-date symlink: /home/student/ros2_ws/install/laser_processor_pkg/share/ament_index/resource_index/parent_prefix_path/laser_processor_pkg
[0.336s] -- Up-to-date symlink: /home/student/ros2_ws/install/laser_processor_pkg/share/laser_processor_pkg/environment/ament_prefix_path.sh
[0.336s] -- Up-to-date symlink: /home/student/ros2_ws/install/laser_processor_pkg/share/laser_processor_pkg/environment/ament_prefix_path.dsv
[0.336s] -- Up-to-date symlink: /home/student/ros2_ws/install/laser_processor_pkg/share/laser_processor_pkg/environment/path.sh
[0.336s] -- Up-to-date symlink: /home/student/ros2_ws/install/laser_processor_pkg/share/laser_processor_pkg/environment/path.dsv
[0.336s] -- Up-to-date symlink: /home/student/ros2_ws/install/laser_processor_pkg/share/laser_processor_pkg/local_setup.bash
[0.337s] -- Up-to-date symlink: /home/student/ros2_ws/install/laser_processor_pkg/share/laser_processor_pkg/local_setup.sh
[0.337s] -- Up-to-date symlink: /home/student/ros2_ws/install/laser_processor_pkg/share/laser_processor_pkg/local_setup.zsh
[0.337s] -- Up-to-date symlink: /home/student/ros2_ws/install/laser_processor_pkg/share/laser_processor_pkg/local_setup.dsv
[0.337s] -- Symlinking: /home/student/ros2_ws/install/laser_processor_pkg/share/laser_processor_pkg/package.dsv
[0.348s] -- Up-to-date symlink: /home/student/ros2_ws/install/laser_processor_pkg/share/ament_index/resource_index/packages/laser_processor_pkg
[0.349s] -- Up-to-date symlink: /home/student/ros2_ws/install/laser_processor_pkg/share/laser_processor_pkg/cmake/laser_processor_pkgConfig.cmake
[0.349s] -- Up-to-date symlink: /home/student/ros2_ws/install/laser_processor_pkg/share/laser_processor_pkg/cmake/laser_processor_pkgConfig-version.cmake
[0.349s] -- Up-to-date symlink: /home/student/ros2_ws/install/laser_processor_pkg/share/laser_processor_pkg/package.xml
[0.352s] Invoked command in '/home/student/ros2_ws/build/laser_processor_pkg' returned '0': CMAKE_PREFIX_PATH=${CMAKE_PREFIX_PATH}:/home/student/ros2_ws/install/turtlebot3_teleop:/home/student/ros2_ws/install/turtlebot3_example:/home/student/ros2_ws/install/rtabmap_python:/opt/ros/humble /usr/bin/cmake --install /home/student/ros2_ws/build/laser_processor_pkg
