[0.029s] Invoking command in '/home/student/ros2_ws/build/rtabmap_sync': CMAKE_PREFIX_PATH=/home/student/ros2_ws/install/rtabmap_conversions:/home/student/ros2_ws/install/rtabmap_msgs:/home/student/ros2_ws/install/rtabmap:/home/student/ros2_ws/install/turtlesim:/home/student/ros2_ws/install/turtlebot3:/home/student/ros2_ws/install/turtlebot3_state_estimation:/home/student/ros2_ws/install/turtlebot3_simulations:/home/student/ros2_ws/install/turtlebot3_bringup:/home/student/ros2_ws/install/turtlebot3_node:/home/student/ros2_ws/install/turtlebot3_navigation2:/home/student/ros2_ws/install/turtlebot3_fake_node:/home/student/ros2_ws/install/turtlebot3_msgs:/home/student/ros2_ws/install/turtlebot3_gazebo:/home/student/ros2_ws/install/turtlebot3_description:/home/student/ros2_ws/install/turtlebot3_cartographer:/home/student/ros2_ws/install/scan_to_image_localizer:/home/student/ros2_ws/install/scan_matching_localiser:/home/student/ros2_ws/install/rtabmap_ros:/home/student/ros2_ws/install/rtabmap_launch:/home/student/ros2_ws/install/rtabmap_examples:/home/student/ros2_ws/install/rtabmap_demos:/home/student/ros2_ws/install/rtabmap_viz:/home/student/ros2_ws/install/rtabmap_slam:/home/student/ros2_ws/install/rtabmap_odom:/home/student/ros2_ws/install/rtabmap_util:/home/student/ros2_ws/install/rtabmap_sync:/home/student/ros2_ws/install/rtabmap_rviz_plugins:/home/student/ros2_ws/install/robot_localization:/home/student/ros2_ws/install/laser_scan_nth_pkg:/home/student/ros2_ws/install/laser_processor_pkg:/home/student/ros2_ws/install/image_modifier_pkg:/home/student/ros2_ws/install/gazebo_map_creator:/home/student/ros2_ws/install/gazebo_map_creator_interface:/home/student/ros2_ws/install/dynamixel_sdk_examples:/home/student/ros2_ws/install/dynamixel_sdk_custom_interfaces:/home/student/ros2_ws/install/dynamixel_sdk:/home/student/ros2_ws/install/cpp_pubsub:/home/student/install/scan_to_image_localizer:/home/student/install/scan_matching_localiser:/home/student/ros2_ws/install/turtlebot3_teleop:/home/student/ros2_ws/install/turtlebot3_example:/home/student/ros2_ws/install/rtabmap_python:/opt/ros/humble LD_LIBRARY_PATH=/home/student/ros2_ws/install/rtabmap_conversions/lib:/home/student/ros2_ws/install/rtabmap_msgs/lib:/home/student/ros2_ws/install/rtabmap/lib:/home/student/ros2_ws/install/turtlesim/lib:/home/student/ros2_ws/install/turtlebot3_msgs/lib:/home/student/ros2_ws/install/rtabmap_slam/lib:/home/student/ros2_ws/install/rtabmap_odom/lib:/home/student/ros2_ws/install/rtabmap_util/lib:/home/student/ros2_ws/install/rtabmap_sync/lib:/home/student/ros2_ws/install/rtabmap_rviz_plugins/lib:/home/student/ros2_ws/install/robot_localization/lib:/home/student/ros2_ws/install/gazebo_map_creator/lib:/home/student/ros2_ws/install/gazebo_map_creator_interface/lib:/home/student/ros2_ws/install/dynamixel_sdk_custom_interfaces/lib:/home/student/ros2_ws/install/dynamixel_sdk/lib:/usr/lib/x86_64-linux-gnu/gazebo-11/plugins:/opt/ros/humble/opt/rviz_ogre_vendor/lib:/opt/ros/humble/lib/x86_64-linux-gnu:/opt/ros/humble/lib:/usr/lib/x86_64-linux-gnu/gazebo-11/plugins:/usr/lib/x86_64-linux-gnu/gazebo-11/plugins:/usr/lib/x86_64-linux-gnu/gazebo-11/plugins /usr/bin/cmake /home/student/ros2_ws/src/rtabmap_ros/rtabmap_sync -DCMAKE_BUILD_TYPE=Release -DAMENT_CMAKE_SYMLINK_INSTALL=1 -DCMAKE_INSTALL_PREFIX=/home/student/ros2_ws/install/rtabmap_sync
[0.147s] -- The C compiler identification is GNU 11.4.0
[0.235s] -- The CXX compiler identification is GNU 11.4.0
[0.245s] -- Detecting C compiler ABI info
[0.337s] -- Detecting C compiler ABI info - done
[0.345s] -- Check for working C compiler: /usr/bin/cc - skipped
[0.346s] -- Detecting C compile features
[0.346s] -- Detecting C compile features - done
[0.350s] -- Detecting CXX compiler ABI info
[0.466s] -- Detecting CXX compiler ABI info - done
[0.479s] -- Check for working CXX compiler: /usr/bin/c++ - skipped
[0.479s] -- Detecting CXX compile features
[0.480s] -- Detecting CXX compile features - done
[0.489s] -- Found cv_bridge: 3.2.1 (/opt/ros/humble/share/cv_bridge/cmake)
[0.713s] -- Found Python3: /usr/bin/python3 (found version "3.10.12") found components: Interpreter 
[0.816s] -- Override CMake install command with custom implementation using symlinks instead of copying resources
[1.017s] -- Found rosidl_generator_c: 3.1.5 (/opt/ros/humble/share/rosidl_generator_c/cmake)
[1.033s] -- Found rosidl_adapter: 3.1.5 (/opt/ros/humble/share/rosidl_adapter/cmake)
[1.053s] -- Found rosidl_generator_cpp: 3.1.5 (/opt/ros/humble/share/rosidl_generator_cpp/cmake)
[1.084s] -- Using all available rosidl_typesupport_c: rosidl_typesupport_fastrtps_c;rosidl_typesupport_introspection_c
[1.126s] -- Using all available rosidl_typesupport_cpp: rosidl_typesupport_fastrtps_cpp;rosidl_typesupport_introspection_cpp
[1.446s] -- Found image_transport: 3.1.9 (/opt/ros/humble/share/image_transport/cmake)
[1.589s] -- Found rmw_implementation_cmake: 6.1.2 (/opt/ros/humble/share/rmw_implementation_cmake/cmake)
[1.597s] -- Found rmw_fastrtps_cpp: 6.2.6 (/opt/ros/humble/share/rmw_fastrtps_cpp/cmake)
[1.775s] -- Found OpenSSL: /usr/lib/x86_64-linux-gnu/libcrypto.so (found version "3.0.2")  
[1.834s] -- Found FastRTPS: /opt/ros/humble/include  
[1.905s] -- Using RMW implementation 'rmw_fastrtps_cpp' as default
[1.937s] -- Looking for pthread.h
[2.041s] -- Looking for pthread.h - found
[2.042s] -- Performing Test CMAKE_HAVE_LIBC_PTHREAD
[2.145s] -- Performing Test CMAKE_HAVE_LIBC_PTHREAD - Success
[2.147s] -- Found Threads: TRUE  
[2.419s] -- Found nav_msgs: 4.2.4 (/opt/ros/humble/share/nav_msgs/cmake)
[2.525s] -- Found rclcpp_components: 16.0.9 (/opt/ros/humble/share/rclcpp_components/cmake)
[2.597s] -- Found rtabmap_conversions: 0.21.5 (/home/student/ros2_ws/install/rtabmap_conversions/share/rtabmap_conversions/cmake)
[3.452s] -- Found Eigen3: TRUE (found version "3.4.0") 
[3.453s] -- Ensuring Eigen3 include directory is part of orocos-kdl CMake target
[3.493s] -- Checking for module 'eigen3'
[3.513s] --   Found eigen3, version 3.4.0
[3.559s] -- Found Eigen: /usr/include/eigen3 (Required is at least version "3.1") 
[3.559s] -- Eigen found (include: /usr/include/eigen3, version: 3.4.0)
[3.697s] -- Checking for module 'libusb-1.0'
[3.722s] --   Found libusb-1.0, version 1.0.25
[3.776s] -- Found libusb: /usr/lib/x86_64-linux-gnu/libusb-1.0.so  
[3.777s] -- OpenNI found (version: 1.5.4.0, include: /usr/include/ni, lib: /usr/lib/libOpenNI.so;libusb::libusb)
[3.864s] -- OpenNI2 found (version: 2.2.0.33, include: /usr/include/openni2, lib: /usr/lib/x86_64-linux-gnu/libOpenNI2.so;libusb::libusb)
[5.175s] -- Eigen found (include: /usr/include/eigen3, version: 3.4.0)
[5.203s] -- Checking for module 'flann'
[5.230s] --   Found flann, version 1.9.1
[5.289s] -- Found FLANN: /usr/lib/x86_64-linux-gnu/libflann_cpp.so  
[5.289s] -- FLANN found (include: /usr/include, lib: /usr/lib/x86_64-linux-gnu/libflann_cpp.so)
[5.297s] -- Found Qhull version 8.0.2
[5.854s] -- OpenNI found (version: 1.5.4.0, include: /usr/include/ni, lib: /usr/lib/libOpenNI.so;libusb::libusb)
[5.861s] -- OpenNI2 found (version: 2.2.0.33, include: /usr/include/openni2, lib: /usr/lib/x86_64-linux-gnu/libOpenNI2.so;libusb::libusb)
[6.047s] -- Found PCL_COMMON: /usr/lib/x86_64-linux-gnu/libpcl_common.so  
[6.048s] -- Found PCL_OCTREE: /usr/lib/x86_64-linux-gnu/libpcl_octree.so  
[6.049s] -- Found PCL_IO: /usr/lib/x86_64-linux-gnu/libpcl_io.so  
[6.050s] -- Found PCL_KDTREE: /usr/lib/x86_64-linux-gnu/libpcl_kdtree.so  
[6.051s] -- Found PCL_SEARCH: /usr/lib/x86_64-linux-gnu/libpcl_search.so  
[6.052s] -- Found PCL_SURFACE: /usr/lib/x86_64-linux-gnu/libpcl_surface.so  
[6.053s] -- Found PCL_FILTERS: /usr/lib/x86_64-linux-gnu/libpcl_filters.so  
[6.054s] -- Found PCL_2D: /usr/include/pcl-1.12  
[6.055s] -- Found PCL_FEATURES: /usr/lib/x86_64-linux-gnu/libpcl_features.so  
[6.056s] -- Found PCL_REGISTRATION: /usr/lib/x86_64-linux-gnu/libpcl_registration.so  
[6.057s] -- Found PCL_SAMPLE_CONSENSUS: /usr/lib/x86_64-linux-gnu/libpcl_sample_consensus.so  
[6.058s] -- Found PCL_GEOMETRY: /usr/include/pcl-1.12  
[6.059s] -- Found PCL_ML: /usr/lib/x86_64-linux-gnu/libpcl_ml.so  
[6.060s] -- Found PCL_SEGMENTATION: /usr/lib/x86_64-linux-gnu/libpcl_segmentation.so  
[6.061s] -- Found PCL_VISUALIZATION: /usr/lib/x86_64-linux-gnu/libpcl_visualization.so  
[6.803s] -- Found diagnostic_updater: 4.0.0 (/opt/ros/humble/share/diagnostic_updater/cmake)
[6.892s] -- RTABMAP_SYNC_MULTI_RGBD = OFF
[6.892s] -- RTABMAP_SYNC_USER_DATA  = OFF
[7.118s] -- Configuring done
[7.305s] -- Generating done
[7.309s] -- Build files have been written to: /home/student/ros2_ws/build/rtabmap_sync
[7.338s] Invoked command in '/home/student/ros2_ws/build/rtabmap_sync' returned '0': CMAKE_PREFIX_PATH=/home/student/ros2_ws/install/rtabmap_conversions:/home/student/ros2_ws/install/rtabmap_msgs:/home/student/ros2_ws/install/rtabmap:/home/student/ros2_ws/install/turtlesim:/home/student/ros2_ws/install/turtlebot3:/home/student/ros2_ws/install/turtlebot3_state_estimation:/home/student/ros2_ws/install/turtlebot3_simulations:/home/student/ros2_ws/install/turtlebot3_bringup:/home/student/ros2_ws/install/turtlebot3_node:/home/student/ros2_ws/install/turtlebot3_navigation2:/home/student/ros2_ws/install/turtlebot3_fake_node:/home/student/ros2_ws/install/turtlebot3_msgs:/home/student/ros2_ws/install/turtlebot3_gazebo:/home/student/ros2_ws/install/turtlebot3_description:/home/student/ros2_ws/install/turtlebot3_cartographer:/home/student/ros2_ws/install/scan_to_image_localizer:/home/student/ros2_ws/install/scan_matching_localiser:/home/student/ros2_ws/install/rtabmap_ros:/home/student/ros2_ws/install/rtabmap_launch:/home/student/ros2_ws/install/rtabmap_examples:/home/student/ros2_ws/install/rtabmap_demos:/home/student/ros2_ws/install/rtabmap_viz:/home/student/ros2_ws/install/rtabmap_slam:/home/student/ros2_ws/install/rtabmap_odom:/home/student/ros2_ws/install/rtabmap_util:/home/student/ros2_ws/install/rtabmap_sync:/home/student/ros2_ws/install/rtabmap_rviz_plugins:/home/student/ros2_ws/install/robot_localization:/home/student/ros2_ws/install/laser_scan_nth_pkg:/home/student/ros2_ws/install/laser_processor_pkg:/home/student/ros2_ws/install/image_modifier_pkg:/home/student/ros2_ws/install/gazebo_map_creator:/home/student/ros2_ws/install/gazebo_map_creator_interface:/home/student/ros2_ws/install/dynamixel_sdk_examples:/home/student/ros2_ws/install/dynamixel_sdk_custom_interfaces:/home/student/ros2_ws/install/dynamixel_sdk:/home/student/ros2_ws/install/cpp_pubsub:/home/student/install/scan_to_image_localizer:/home/student/install/scan_matching_localiser:/home/student/ros2_ws/install/turtlebot3_teleop:/home/student/ros2_ws/install/turtlebot3_example:/home/student/ros2_ws/install/rtabmap_python:/opt/ros/humble LD_LIBRARY_PATH=/home/student/ros2_ws/install/rtabmap_conversions/lib:/home/student/ros2_ws/install/rtabmap_msgs/lib:/home/student/ros2_ws/install/rtabmap/lib:/home/student/ros2_ws/install/turtlesim/lib:/home/student/ros2_ws/install/turtlebot3_msgs/lib:/home/student/ros2_ws/install/rtabmap_slam/lib:/home/student/ros2_ws/install/rtabmap_odom/lib:/home/student/ros2_ws/install/rtabmap_util/lib:/home/student/ros2_ws/install/rtabmap_sync/lib:/home/student/ros2_ws/install/rtabmap_rviz_plugins/lib:/home/student/ros2_ws/install/robot_localization/lib:/home/student/ros2_ws/install/gazebo_map_creator/lib:/home/student/ros2_ws/install/gazebo_map_creator_interface/lib:/home/student/ros2_ws/install/dynamixel_sdk_custom_interfaces/lib:/home/student/ros2_ws/install/dynamixel_sdk/lib:/usr/lib/x86_64-linux-gnu/gazebo-11/plugins:/opt/ros/humble/opt/rviz_ogre_vendor/lib:/opt/ros/humble/lib/x86_64-linux-gnu:/opt/ros/humble/lib:/usr/lib/x86_64-linux-gnu/gazebo-11/plugins:/usr/lib/x86_64-linux-gnu/gazebo-11/plugins:/usr/lib/x86_64-linux-gnu/gazebo-11/plugins /usr/bin/cmake /home/student/ros2_ws/src/rtabmap_ros/rtabmap_sync -DCMAKE_BUILD_TYPE=Release -DAMENT_CMAKE_SYMLINK_INSTALL=1 -DCMAKE_INSTALL_PREFIX=/home/student/ros2_ws/install/rtabmap_sync
[7.341s] Invoking command in '/home/student/ros2_ws/build/rtabmap_sync': CMAKE_PREFIX_PATH=/home/student/ros2_ws/install/rtabmap_conversions:/home/student/ros2_ws/install/rtabmap_msgs:/home/student/ros2_ws/install/rtabmap:/home/student/ros2_ws/install/turtlesim:/home/student/ros2_ws/install/turtlebot3:/home/student/ros2_ws/install/turtlebot3_state_estimation:/home/student/ros2_ws/install/turtlebot3_simulations:/home/student/ros2_ws/install/turtlebot3_bringup:/home/student/ros2_ws/install/turtlebot3_node:/home/student/ros2_ws/install/turtlebot3_navigation2:/home/student/ros2_ws/install/turtlebot3_fake_node:/home/student/ros2_ws/install/turtlebot3_msgs:/home/student/ros2_ws/install/turtlebot3_gazebo:/home/student/ros2_ws/install/turtlebot3_description:/home/student/ros2_ws/install/turtlebot3_cartographer:/home/student/ros2_ws/install/scan_to_image_localizer:/home/student/ros2_ws/install/scan_matching_localiser:/home/student/ros2_ws/install/rtabmap_ros:/home/student/ros2_ws/install/rtabmap_launch:/home/student/ros2_ws/install/rtabmap_examples:/home/student/ros2_ws/install/rtabmap_demos:/home/student/ros2_ws/install/rtabmap_viz:/home/student/ros2_ws/install/rtabmap_slam:/home/student/ros2_ws/install/rtabmap_odom:/home/student/ros2_ws/install/rtabmap_util:/home/student/ros2_ws/install/rtabmap_sync:/home/student/ros2_ws/install/rtabmap_rviz_plugins:/home/student/ros2_ws/install/robot_localization:/home/student/ros2_ws/install/laser_scan_nth_pkg:/home/student/ros2_ws/install/laser_processor_pkg:/home/student/ros2_ws/install/image_modifier_pkg:/home/student/ros2_ws/install/gazebo_map_creator:/home/student/ros2_ws/install/gazebo_map_creator_interface:/home/student/ros2_ws/install/dynamixel_sdk_examples:/home/student/ros2_ws/install/dynamixel_sdk_custom_interfaces:/home/student/ros2_ws/install/dynamixel_sdk:/home/student/ros2_ws/install/cpp_pubsub:/home/student/install/scan_to_image_localizer:/home/student/install/scan_matching_localiser:/home/student/ros2_ws/install/turtlebot3_teleop:/home/student/ros2_ws/install/turtlebot3_example:/home/student/ros2_ws/install/rtabmap_python:/opt/ros/humble LD_LIBRARY_PATH=/home/student/ros2_ws/install/rtabmap_conversions/lib:/home/student/ros2_ws/install/rtabmap_msgs/lib:/home/student/ros2_ws/install/rtabmap/lib:/home/student/ros2_ws/install/turtlesim/lib:/home/student/ros2_ws/install/turtlebot3_msgs/lib:/home/student/ros2_ws/install/rtabmap_slam/lib:/home/student/ros2_ws/install/rtabmap_odom/lib:/home/student/ros2_ws/install/rtabmap_util/lib:/home/student/ros2_ws/install/rtabmap_sync/lib:/home/student/ros2_ws/install/rtabmap_rviz_plugins/lib:/home/student/ros2_ws/install/robot_localization/lib:/home/student/ros2_ws/install/gazebo_map_creator/lib:/home/student/ros2_ws/install/gazebo_map_creator_interface/lib:/home/student/ros2_ws/install/dynamixel_sdk_custom_interfaces/lib:/home/student/ros2_ws/install/dynamixel_sdk/lib:/usr/lib/x86_64-linux-gnu/gazebo-11/plugins:/opt/ros/humble/opt/rviz_ogre_vendor/lib:/opt/ros/humble/lib/x86_64-linux-gnu:/opt/ros/humble/lib:/usr/lib/x86_64-linux-gnu/gazebo-11/plugins:/usr/lib/x86_64-linux-gnu/gazebo-11/plugins:/usr/lib/x86_64-linux-gnu/gazebo-11/plugins /usr/bin/cmake --build /home/student/ros2_ws/build/rtabmap_sync
[7.418s] [  4%] [32mBuilding CXX object CMakeFiles/rtabmap_sync_plugins.dir/src/nodelets/rgbdx_sync.cpp.o[0m
[7.418s] [ 13%] [32mBuilding CXX object CMakeFiles/rtabmap_sync.dir/src/CommonDataSubscriber.cpp.o[0m
[7.418s] [ 13%] [32mBuilding CXX object CMakeFiles/rtabmap_sync_plugins.dir/src/nodelets/rgbd_sync.cpp.o[0m
[38.801s] [ 17%] [32mBuilding CXX object CMakeFiles/rtabmap_sync_plugins.dir/src/nodelets/stereo_sync.cpp.o[0m
[48.238s] [ 21%] [32mBuilding CXX object CMakeFiles/rtabmap_sync_plugins.dir/src/nodelets/rgb_sync.cpp.o[0m
[64.842s] [ 26%] [32mBuilding CXX object CMakeFiles/rtabmap_sync.dir/src/impl/CommonDataSubscriberDepth.cpp.o[0m
[71.021s] [ 30%] [32mBuilding CXX object CMakeFiles/rtabmap_sync.dir/src/impl/CommonDataSubscriberStereo.cpp.o[0m
[76.285s] [ 34%] [32m[1mLinking CXX shared library librtabmap_sync_plugins.so[0m
[77.586s] [ 34%] Built target rtabmap_sync_plugins
[77.599s] [ 39%] [32mBuilding CXX object CMakeFiles/rtabmap_sync.dir/src/impl/CommonDataSubscriberRGB.cpp.o[0m
[110.529s] [ 43%] [32mBuilding CXX object CMakeFiles/rtabmap_sync.dir/src/impl/CommonDataSubscriberRGBD.cpp.o[0m
[150.418s] [ 47%] [32mBuilding CXX object CMakeFiles/rtabmap_sync.dir/src/impl/CommonDataSubscriberRGBDX.cpp.o[0m
[159.115s] [ 52%] [32mBuilding CXX object CMakeFiles/rtabmap_sync.dir/src/impl/CommonDataSubscriberScan.cpp.o[0m
[172.485s] [ 56%] [32mBuilding CXX object CMakeFiles/rtabmap_sync.dir/src/impl/CommonDataSubscriberOdom.cpp.o[0m
[199.420s] [ 60%] [32mBuilding CXX object CMakeFiles/rtabmap_sync.dir/src/impl/CommonDataSubscriberSensorData.cpp.o[0m
[213.321s] [ 65%] [32mBuilding CXX object CMakeFiles/rtabmap_rgbd_sync.dir/src/RGBDSyncNode.cpp.o[0m
[217.704s] [ 69%] [32mBuilding CXX object CMakeFiles/rtabmap_rgbdx_sync.dir/src/RGBDXSyncNode.cpp.o[0m
[222.943s] [ 73%] [32m[1mLinking CXX executable rgbd_sync[0m
[224.494s] [ 73%] Built target rtabmap_rgbd_sync
[224.524s] [ 78%] [32mBuilding CXX object CMakeFiles/rtabmap_stereo_sync.dir/src/StereoSyncNode.cpp.o[0m
[227.873s] [ 82%] [32m[1mLinking CXX executable rgbdx_sync[0m
[229.424s] [ 82%] Built target rtabmap_rgbdx_sync
[229.456s] [ 86%] [32mBuilding CXX object CMakeFiles/rtabmap_rgb_sync.dir/src/RGBSyncNode.cpp.o[0m
[234.090s] [ 91%] [32m[1mLinking CXX executable stereo_sync[0m
[235.265s] [ 95%] [32m[1mLinking CXX shared library librtabmap_sync.so[0m
[235.601s] [ 95%] Built target rtabmap_stereo_sync
[238.525s] [ 95%] Built target rtabmap_sync
[239.022s] [100%] [32m[1mLinking CXX executable rgb_sync[0m
[240.524s] [100%] Built target rtabmap_rgb_sync
[240.541s] Invoked command in '/home/student/ros2_ws/build/rtabmap_sync' returned '0': CMAKE_PREFIX_PATH=/home/student/ros2_ws/install/rtabmap_conversions:/home/student/ros2_ws/install/rtabmap_msgs:/home/student/ros2_ws/install/rtabmap:/home/student/ros2_ws/install/turtlesim:/home/student/ros2_ws/install/turtlebot3:/home/student/ros2_ws/install/turtlebot3_state_estimation:/home/student/ros2_ws/install/turtlebot3_simulations:/home/student/ros2_ws/install/turtlebot3_bringup:/home/student/ros2_ws/install/turtlebot3_node:/home/student/ros2_ws/install/turtlebot3_navigation2:/home/student/ros2_ws/install/turtlebot3_fake_node:/home/student/ros2_ws/install/turtlebot3_msgs:/home/student/ros2_ws/install/turtlebot3_gazebo:/home/student/ros2_ws/install/turtlebot3_description:/home/student/ros2_ws/install/turtlebot3_cartographer:/home/student/ros2_ws/install/scan_to_image_localizer:/home/student/ros2_ws/install/scan_matching_localiser:/home/student/ros2_ws/install/rtabmap_ros:/home/student/ros2_ws/install/rtabmap_launch:/home/student/ros2_ws/install/rtabmap_examples:/home/student/ros2_ws/install/rtabmap_demos:/home/student/ros2_ws/install/rtabmap_viz:/home/student/ros2_ws/install/rtabmap_slam:/home/student/ros2_ws/install/rtabmap_odom:/home/student/ros2_ws/install/rtabmap_util:/home/student/ros2_ws/install/rtabmap_sync:/home/student/ros2_ws/install/rtabmap_rviz_plugins:/home/student/ros2_ws/install/robot_localization:/home/student/ros2_ws/install/laser_scan_nth_pkg:/home/student/ros2_ws/install/laser_processor_pkg:/home/student/ros2_ws/install/image_modifier_pkg:/home/student/ros2_ws/install/gazebo_map_creator:/home/student/ros2_ws/install/gazebo_map_creator_interface:/home/student/ros2_ws/install/dynamixel_sdk_examples:/home/student/ros2_ws/install/dynamixel_sdk_custom_interfaces:/home/student/ros2_ws/install/dynamixel_sdk:/home/student/ros2_ws/install/cpp_pubsub:/home/student/install/scan_to_image_localizer:/home/student/install/scan_matching_localiser:/home/student/ros2_ws/install/turtlebot3_teleop:/home/student/ros2_ws/install/turtlebot3_example:/home/student/ros2_ws/install/rtabmap_python:/opt/ros/humble LD_LIBRARY_PATH=/home/student/ros2_ws/install/rtabmap_conversions/lib:/home/student/ros2_ws/install/rtabmap_msgs/lib:/home/student/ros2_ws/install/rtabmap/lib:/home/student/ros2_ws/install/turtlesim/lib:/home/student/ros2_ws/install/turtlebot3_msgs/lib:/home/student/ros2_ws/install/rtabmap_slam/lib:/home/student/ros2_ws/install/rtabmap_odom/lib:/home/student/ros2_ws/install/rtabmap_util/lib:/home/student/ros2_ws/install/rtabmap_sync/lib:/home/student/ros2_ws/install/rtabmap_rviz_plugins/lib:/home/student/ros2_ws/install/robot_localization/lib:/home/student/ros2_ws/install/gazebo_map_creator/lib:/home/student/ros2_ws/install/gazebo_map_creator_interface/lib:/home/student/ros2_ws/install/dynamixel_sdk_custom_interfaces/lib:/home/student/ros2_ws/install/dynamixel_sdk/lib:/usr/lib/x86_64-linux-gnu/gazebo-11/plugins:/opt/ros/humble/opt/rviz_ogre_vendor/lib:/opt/ros/humble/lib/x86_64-linux-gnu:/opt/ros/humble/lib:/usr/lib/x86_64-linux-gnu/gazebo-11/plugins:/usr/lib/x86_64-linux-gnu/gazebo-11/plugins:/usr/lib/x86_64-linux-gnu/gazebo-11/plugins /usr/bin/cmake --build /home/student/ros2_ws/build/rtabmap_sync
[240.681s] Invoking command in '/home/student/ros2_ws/build/rtabmap_sync': CMAKE_PREFIX_PATH=/home/student/ros2_ws/install/rtabmap_conversions:/home/student/ros2_ws/install/rtabmap_msgs:/home/student/ros2_ws/install/rtabmap:/home/student/ros2_ws/install/turtlesim:/home/student/ros2_ws/install/turtlebot3:/home/student/ros2_ws/install/turtlebot3_state_estimation:/home/student/ros2_ws/install/turtlebot3_simulations:/home/student/ros2_ws/install/turtlebot3_bringup:/home/student/ros2_ws/install/turtlebot3_node:/home/student/ros2_ws/install/turtlebot3_navigation2:/home/student/ros2_ws/install/turtlebot3_fake_node:/home/student/ros2_ws/install/turtlebot3_msgs:/home/student/ros2_ws/install/turtlebot3_gazebo:/home/student/ros2_ws/install/turtlebot3_description:/home/student/ros2_ws/install/turtlebot3_cartographer:/home/student/ros2_ws/install/scan_to_image_localizer:/home/student/ros2_ws/install/scan_matching_localiser:/home/student/ros2_ws/install/rtabmap_ros:/home/student/ros2_ws/install/rtabmap_launch:/home/student/ros2_ws/install/rtabmap_examples:/home/student/ros2_ws/install/rtabmap_demos:/home/student/ros2_ws/install/rtabmap_viz:/home/student/ros2_ws/install/rtabmap_slam:/home/student/ros2_ws/install/rtabmap_odom:/home/student/ros2_ws/install/rtabmap_util:/home/student/ros2_ws/install/rtabmap_sync:/home/student/ros2_ws/install/rtabmap_rviz_plugins:/home/student/ros2_ws/install/robot_localization:/home/student/ros2_ws/install/laser_scan_nth_pkg:/home/student/ros2_ws/install/laser_processor_pkg:/home/student/ros2_ws/install/image_modifier_pkg:/home/student/ros2_ws/install/gazebo_map_creator:/home/student/ros2_ws/install/gazebo_map_creator_interface:/home/student/ros2_ws/install/dynamixel_sdk_examples:/home/student/ros2_ws/install/dynamixel_sdk_custom_interfaces:/home/student/ros2_ws/install/dynamixel_sdk:/home/student/ros2_ws/install/cpp_pubsub:/home/student/install/scan_to_image_localizer:/home/student/install/scan_matching_localiser:/home/student/ros2_ws/install/turtlebot3_teleop:/home/student/ros2_ws/install/turtlebot3_example:/home/student/ros2_ws/install/rtabmap_python:/opt/ros/humble LD_LIBRARY_PATH=/home/student/ros2_ws/install/rtabmap_conversions/lib:/home/student/ros2_ws/install/rtabmap_msgs/lib:/home/student/ros2_ws/install/rtabmap/lib:/home/student/ros2_ws/install/turtlesim/lib:/home/student/ros2_ws/install/turtlebot3_msgs/lib:/home/student/ros2_ws/install/rtabmap_slam/lib:/home/student/ros2_ws/install/rtabmap_odom/lib:/home/student/ros2_ws/install/rtabmap_util/lib:/home/student/ros2_ws/install/rtabmap_sync/lib:/home/student/ros2_ws/install/rtabmap_rviz_plugins/lib:/home/student/ros2_ws/install/robot_localization/lib:/home/student/ros2_ws/install/gazebo_map_creator/lib:/home/student/ros2_ws/install/gazebo_map_creator_interface/lib:/home/student/ros2_ws/install/dynamixel_sdk_custom_interfaces/lib:/home/student/ros2_ws/install/dynamixel_sdk/lib:/usr/lib/x86_64-linux-gnu/gazebo-11/plugins:/opt/ros/humble/opt/rviz_ogre_vendor/lib:/opt/ros/humble/lib/x86_64-linux-gnu:/opt/ros/humble/lib:/usr/lib/x86_64-linux-gnu/gazebo-11/plugins:/usr/lib/x86_64-linux-gnu/gazebo-11/plugins:/usr/lib/x86_64-linux-gnu/gazebo-11/plugins /usr/bin/cmake --install /home/student/ros2_ws/build/rtabmap_sync
[240.691s] -- Install configuration: "Release"
[240.691s] -- Execute custom install script
[240.692s] -- Symlinking: /home/student/ros2_ws/install/rtabmap_sync/share/rtabmap_sync/environment/library_path.sh
[240.705s] -- Symlinking: /home/student/ros2_ws/install/rtabmap_sync/share/rtabmap_sync/environment/library_path.dsv
[240.719s] -- Symlinking: /home/student/ros2_ws/install/rtabmap_sync/lib/rtabmap_sync/rgbd_sync
[240.733s] -- Symlinking: /home/student/ros2_ws/install/rtabmap_sync/lib/rtabmap_sync/rgbdx_sync
[240.745s] -- Symlinking: /home/student/ros2_ws/install/rtabmap_sync/lib/rtabmap_sync/stereo_sync
[240.758s] -- Symlinking: /home/student/ros2_ws/install/rtabmap_sync/lib/rtabmap_sync/rgb_sync
[240.770s] -- Symlinking: /home/student/ros2_ws/install/rtabmap_sync/share/ament_index/resource_index/package_run_dependencies/rtabmap_sync
[240.781s] -- Symlinking: /home/student/ros2_ws/install/rtabmap_sync/share/ament_index/resource_index/parent_prefix_path/rtabmap_sync
[240.792s] -- Symlinking: /home/student/ros2_ws/install/rtabmap_sync/share/rtabmap_sync/environment/ament_prefix_path.sh
[240.802s] -- Symlinking: /home/student/ros2_ws/install/rtabmap_sync/share/rtabmap_sync/environment/ament_prefix_path.dsv
[240.813s] -- Symlinking: /home/student/ros2_ws/install/rtabmap_sync/share/rtabmap_sync/environment/path.sh
[240.824s] -- Symlinking: /home/student/ros2_ws/install/rtabmap_sync/share/rtabmap_sync/environment/path.dsv
[240.834s] -- Symlinking: /home/student/ros2_ws/install/rtabmap_sync/share/rtabmap_sync/local_setup.bash
[240.846s] -- Symlinking: /home/student/ros2_ws/install/rtabmap_sync/share/rtabmap_sync/local_setup.sh
[240.857s] -- Symlinking: /home/student/ros2_ws/install/rtabmap_sync/share/rtabmap_sync/local_setup.zsh
[240.868s] -- Symlinking: /home/student/ros2_ws/install/rtabmap_sync/share/rtabmap_sync/local_setup.dsv
[240.879s] -- Symlinking: /home/student/ros2_ws/install/rtabmap_sync/share/rtabmap_sync/package.dsv
[240.889s] -- Symlinking: /home/student/ros2_ws/install/rtabmap_sync/share/ament_index/resource_index/packages/rtabmap_sync
[240.899s] -- Symlinking: /home/student/ros2_ws/install/rtabmap_sync/share/ament_index/resource_index/rclcpp_components/rtabmap_sync
[240.910s] -- Symlinking: /home/student/ros2_ws/install/rtabmap_sync/share/rtabmap_sync/cmake/extra_configs.cmake
[240.921s] -- Symlinking: /home/student/ros2_ws/install/rtabmap_sync/share/rtabmap_sync/cmake/ament_cmake_export_dependencies-extras.cmake
[240.933s] -- Symlinking: /home/student/ros2_ws/install/rtabmap_sync/share/rtabmap_sync/cmake/ament_cmake_export_include_directories-extras.cmake
[240.943s] -- Symlinking: /home/student/ros2_ws/install/rtabmap_sync/share/rtabmap_sync/cmake/ament_cmake_export_targets-extras.cmake
[240.954s] -- Symlinking: /home/student/ros2_ws/install/rtabmap_sync/share/rtabmap_sync/cmake/ament_cmake_export_libraries-extras.cmake
[240.964s] -- Symlinking: /home/student/ros2_ws/install/rtabmap_sync/share/rtabmap_sync/cmake/rtabmap_syncConfig.cmake
[240.974s] -- Symlinking: /home/student/ros2_ws/install/rtabmap_sync/share/rtabmap_sync/cmake/rtabmap_syncConfig-version.cmake
[240.984s] -- Symlinking: /home/student/ros2_ws/install/rtabmap_sync/share/rtabmap_sync/package.xml
[240.999s] -- Installing: /home/student/ros2_ws/install/rtabmap_sync/lib/librtabmap_sync.so
[241.053s] -- Set runtime path of "/home/student/ros2_ws/install/rtabmap_sync/lib/librtabmap_sync.so" to ""
[241.064s] -- Installing: /home/student/ros2_ws/install/rtabmap_sync/lib/librtabmap_sync_plugins.so
[241.073s] -- Set runtime path of "/home/student/ros2_ws/install/rtabmap_sync/lib/librtabmap_sync_plugins.so" to ""
[241.073s] -- Up-to-date: /home/student/ros2_ws/install/rtabmap_sync/include
[241.073s] -- Up-to-date: /home/student/ros2_ws/install/rtabmap_sync/include/rtabmap_sync
[241.073s] -- Installing: /home/student/ros2_ws/install/rtabmap_sync/include/rtabmap_sync/GetTopicName.h
[241.073s] -- Installing: /home/student/ros2_ws/install/rtabmap_sync/include/rtabmap_sync/CommonDataSubscriber.h
[241.073s] -- Installing: /home/student/ros2_ws/install/rtabmap_sync/include/rtabmap_sync/visibility.h
[241.074s] -- Installing: /home/student/ros2_ws/install/rtabmap_sync/include/rtabmap_sync/SyncDiagnostic.h
[241.074s] -- Installing: /home/student/ros2_ws/install/rtabmap_sync/include/rtabmap_sync/CommonDataSubscriberDefines.h
[241.077s] -- Installing: /home/student/ros2_ws/install/rtabmap_sync/share/rtabmap_sync/cmake/rtabmap_syncExport.cmake
[241.077s] -- Installing: /home/student/ros2_ws/install/rtabmap_sync/share/rtabmap_sync/cmake/rtabmap_syncExport-release.cmake
[241.081s] Invoked command in '/home/student/ros2_ws/build/rtabmap_sync' returned '0': CMAKE_PREFIX_PATH=/home/student/ros2_ws/install/rtabmap_conversions:/home/student/ros2_ws/install/rtabmap_msgs:/home/student/ros2_ws/install/rtabmap:/home/student/ros2_ws/install/turtlesim:/home/student/ros2_ws/install/turtlebot3:/home/student/ros2_ws/install/turtlebot3_state_estimation:/home/student/ros2_ws/install/turtlebot3_simulations:/home/student/ros2_ws/install/turtlebot3_bringup:/home/student/ros2_ws/install/turtlebot3_node:/home/student/ros2_ws/install/turtlebot3_navigation2:/home/student/ros2_ws/install/turtlebot3_fake_node:/home/student/ros2_ws/install/turtlebot3_msgs:/home/student/ros2_ws/install/turtlebot3_gazebo:/home/student/ros2_ws/install/turtlebot3_description:/home/student/ros2_ws/install/turtlebot3_cartographer:/home/student/ros2_ws/install/scan_to_image_localizer:/home/student/ros2_ws/install/scan_matching_localiser:/home/student/ros2_ws/install/rtabmap_ros:/home/student/ros2_ws/install/rtabmap_launch:/home/student/ros2_ws/install/rtabmap_examples:/home/student/ros2_ws/install/rtabmap_demos:/home/student/ros2_ws/install/rtabmap_viz:/home/student/ros2_ws/install/rtabmap_slam:/home/student/ros2_ws/install/rtabmap_odom:/home/student/ros2_ws/install/rtabmap_util:/home/student/ros2_ws/install/rtabmap_sync:/home/student/ros2_ws/install/rtabmap_rviz_plugins:/home/student/ros2_ws/install/robot_localization:/home/student/ros2_ws/install/laser_scan_nth_pkg:/home/student/ros2_ws/install/laser_processor_pkg:/home/student/ros2_ws/install/image_modifier_pkg:/home/student/ros2_ws/install/gazebo_map_creator:/home/student/ros2_ws/install/gazebo_map_creator_interface:/home/student/ros2_ws/install/dynamixel_sdk_examples:/home/student/ros2_ws/install/dynamixel_sdk_custom_interfaces:/home/student/ros2_ws/install/dynamixel_sdk:/home/student/ros2_ws/install/cpp_pubsub:/home/student/install/scan_to_image_localizer:/home/student/install/scan_matching_localiser:/home/student/ros2_ws/install/turtlebot3_teleop:/home/student/ros2_ws/install/turtlebot3_example:/home/student/ros2_ws/install/rtabmap_python:/opt/ros/humble LD_LIBRARY_PATH=/home/student/ros2_ws/install/rtabmap_conversions/lib:/home/student/ros2_ws/install/rtabmap_msgs/lib:/home/student/ros2_ws/install/rtabmap/lib:/home/student/ros2_ws/install/turtlesim/lib:/home/student/ros2_ws/install/turtlebot3_msgs/lib:/home/student/ros2_ws/install/rtabmap_slam/lib:/home/student/ros2_ws/install/rtabmap_odom/lib:/home/student/ros2_ws/install/rtabmap_util/lib:/home/student/ros2_ws/install/rtabmap_sync/lib:/home/student/ros2_ws/install/rtabmap_rviz_plugins/lib:/home/student/ros2_ws/install/robot_localization/lib:/home/student/ros2_ws/install/gazebo_map_creator/lib:/home/student/ros2_ws/install/gazebo_map_creator_interface/lib:/home/student/ros2_ws/install/dynamixel_sdk_custom_interfaces/lib:/home/student/ros2_ws/install/dynamixel_sdk/lib:/usr/lib/x86_64-linux-gnu/gazebo-11/plugins:/opt/ros/humble/opt/rviz_ogre_vendor/lib:/opt/ros/humble/lib/x86_64-linux-gnu:/opt/ros/humble/lib:/usr/lib/x86_64-linux-gnu/gazebo-11/plugins:/usr/lib/x86_64-linux-gnu/gazebo-11/plugins:/usr/lib/x86_64-linux-gnu/gazebo-11/plugins /usr/bin/cmake --install /home/student/ros2_ws/build/rtabmap_sync
