[0.024s] Invoking command in '/home/student/ros2_ws/build/scan_matching_localiser': CMAKE_PREFIX_PATH=${CMAKE_PREFIX_PATH}:/home/student/ros2_ws/install/turtlebot3_teleop:/home/student/ros2_ws/install/turtlebot3_example:/opt/ros/humble /usr/bin/cmake --build /home/student/ros2_ws/build/scan_matching_localiser -- -j8 -l8
[0.118s] [35m[1mConsolidate compiler generated dependencies of target map_processor_node[0m
[0.164s] [ 50%] [32mBuilding CXX object CMakeFiles/map_processor_node.dir/src/map_processor_node.cpp.o[0m
[19.314s] [100%] [32m[1mLinking CXX executable map_processor_node[0m
[20.875s] [100%] Built target map_processor_node
[20.903s] Invoked command in '/home/student/ros2_ws/build/scan_matching_localiser' returned '0': CMAKE_PREFIX_PATH=${CMAKE_PREFIX_PATH}:/home/student/ros2_ws/install/turtlebot3_teleop:/home/student/ros2_ws/install/turtlebot3_example:/opt/ros/humble /usr/bin/cmake --build /home/student/ros2_ws/build/scan_matching_localiser -- -j8 -l8
[20.976s] Invoking command in '/home/student/ros2_ws/build/scan_matching_localiser': CMAKE_PREFIX_PATH=${CMAKE_PREFIX_PATH}:/home/student/ros2_ws/install/turtlebot3_teleop:/home/student/ros2_ws/install/turtlebot3_example:/opt/ros/humble /usr/bin/cmake --install /home/student/ros2_ws/build/scan_matching_localiser
[20.989s] -- Install configuration: ""
[20.989s] -- Installing: /home/student/ros2_ws/install/scan_matching_localiser/lib/scan_matching_localiser/map_processor_node
[21.000s] -- Set runtime path of "/home/student/ros2_ws/install/scan_matching_localiser/lib/scan_matching_localiser/map_processor_node" to ""
[21.000s] -- Up-to-date: /home/student/ros2_ws/install/scan_matching_localiser/share/ament_index/resource_index/package_run_dependencies/scan_matching_localiser
[21.001s] -- Up-to-date: /home/student/ros2_ws/install/scan_matching_localiser/share/ament_index/resource_index/parent_prefix_path/scan_matching_localiser
[21.001s] -- Up-to-date: /home/student/ros2_ws/install/scan_matching_localiser/share/scan_matching_localiser/environment/ament_prefix_path.sh
[21.001s] -- Up-to-date: /home/student/ros2_ws/install/scan_matching_localiser/share/scan_matching_localiser/environment/ament_prefix_path.dsv
[21.001s] -- Up-to-date: /home/student/ros2_ws/install/scan_matching_localiser/share/scan_matching_localiser/environment/path.sh
[21.001s] -- Up-to-date: /home/student/ros2_ws/install/scan_matching_localiser/share/scan_matching_localiser/environment/path.dsv
[21.001s] -- Up-to-date: /home/student/ros2_ws/install/scan_matching_localiser/share/scan_matching_localiser/local_setup.bash
[21.001s] -- Up-to-date: /home/student/ros2_ws/install/scan_matching_localiser/share/scan_matching_localiser/local_setup.sh
[21.001s] -- Up-to-date: /home/student/ros2_ws/install/scan_matching_localiser/share/scan_matching_localiser/local_setup.zsh
[21.001s] -- Up-to-date: /home/student/ros2_ws/install/scan_matching_localiser/share/scan_matching_localiser/local_setup.dsv
[21.002s] -- Installing: /home/student/ros2_ws/install/scan_matching_localiser/share/scan_matching_localiser/package.dsv
[21.002s] -- Up-to-date: /home/student/ros2_ws/install/scan_matching_localiser/share/ament_index/resource_index/packages/scan_matching_localiser
[21.002s] -- Up-to-date: /home/student/ros2_ws/install/scan_matching_localiser/share/scan_matching_localiser/cmake/scan_matching_localiserConfig.cmake
[21.005s] -- Up-to-date: /home/student/ros2_ws/install/scan_matching_localiser/share/scan_matching_localiser/cmake/scan_matching_localiserConfig-version.cmake
[21.006s] -- Up-to-date: /home/student/ros2_ws/install/scan_matching_localiser/share/scan_matching_localiser/package.xml
[21.006s] Invoked command in '/home/student/ros2_ws/build/scan_matching_localiser' returned '0': CMAKE_PREFIX_PATH=${CMAKE_PREFIX_PATH}:/home/student/ros2_ws/install/turtlebot3_teleop:/home/student/ros2_ws/install/turtlebot3_example:/opt/ros/humble /usr/bin/cmake --install /home/student/ros2_ws/build/scan_matching_localiser
