[0.059s] Invoking command in '/home/student/ros2_ws/build/robot_localization': CMAKE_PREFIX_PATH=${CMAKE_PREFIX_PATH}:/home/student/ros2_ws/install/turtlebot3_teleop:/home/student/ros2_ws/install/turtlebot3_example:/home/student/ros2_ws/install/rtabmap_python:/opt/ros/humble /usr/bin/cmake --build /home/student/ros2_ws/build/robot_localization
[0.291s] [  1%] Built target robot_localization__cpp
[0.299s] [  1%] Built target ament_cmake_python_symlink_robot_localization
[0.337s] [  8%] Built target robot_localization__rosidl_generator_c
[0.398s] [  9%] Built target gtest
[0.400s] [ 11%] Built target gtest_main
[0.430s] [ 18%] Built target robot_localization__rosidl_typesupport_cpp
[0.507s] [ 26%] Built target robot_localization__rosidl_typesupport_fastrtps_cpp
[0.510s] [ 34%] Built target robot_localization__rosidl_typesupport_fastrtps_c
[0.517s] [ 41%] Built target robot_localization__rosidl_typesupport_introspection_c
[0.580s] [ 48%] Built target robot_localization__rosidl_typesupport_c
[0.618s] [ 55%] Built target robot_localization__rosidl_typesupport_introspection_cpp
[0.673s] [ 55%] Built target robot_localization
[0.716s] [ 56%] Built target robot_localization__py
[0.719s] [ 64%] Built target rl_lib
[0.765s] [ 71%] Built target robot_localization__rosidl_generator_py
[0.788s] [ 72%] Built target ekf_node
[0.820s] [ 74%] Built target ukf_node
[0.842s] [ 76%] Built target navsat_transform_node
[0.872s] [ 78%] Built target robot_localization_listener_node
[0.887s] [ 80%] Built target filter_base-test
[0.933s] [ 82%] Built target test_filter_base_diagnostics_timestamps
[0.942s] running egg_info
[0.942s] writing robot_localization.egg-info/PKG-INFO
[0.943s] writing dependency_links to robot_localization.egg-info/dependency_links.txt
[0.943s] writing top-level names to robot_localization.egg-info/top_level.txt
[0.944s] [ 84%] Built target test_ekf
[0.946s] reading manifest file 'robot_localization.egg-info/SOURCES.txt'
[0.950s] writing manifest file 'robot_localization.egg-info/SOURCES.txt'
[0.983s] [ 85%] Built target test_ekf_node_interfaces
[0.988s] [ 85%] Built target ament_cmake_python_build_robot_localization_egg
[1.006s] [ 86%] Built target test_ukf
[1.042s] [ 88%] Built target test_ukf_node_interfaces
[1.073s] [ 89%] Built target test_robot_localization_estimator
[1.076s] [ 91%] Built target test_navsat_conversions
[1.134s] [ 93%] Built target test_ros_robot_localization_listener
[1.156s] [ 94%] Built target robot_localization__rosidl_typesupport_fastrtps_c__pyext
[1.158s] [ 96%] Built target test_ros_robot_localization_listener_publisher
[1.193s] [ 98%] Built target robot_localization__rosidl_typesupport_introspection_c__pyext
[1.231s] [100%] Built target robot_localization__rosidl_typesupport_c__pyext
[1.253s] Invoked command in '/home/student/ros2_ws/build/robot_localization' returned '0': CMAKE_PREFIX_PATH=${CMAKE_PREFIX_PATH}:/home/student/ros2_ws/install/turtlebot3_teleop:/home/student/ros2_ws/install/turtlebot3_example:/home/student/ros2_ws/install/rtabmap_python:/opt/ros/humble /usr/bin/cmake --build /home/student/ros2_ws/build/robot_localization
[1.940s] Invoking command in '/home/student/ros2_ws/build/robot_localization': CMAKE_PREFIX_PATH=${CMAKE_PREFIX_PATH}:/home/student/ros2_ws/install/turtlebot3_teleop:/home/student/ros2_ws/install/turtlebot3_example:/home/student/ros2_ws/install/rtabmap_python:/opt/ros/humble /usr/bin/cmake --install /home/student/ros2_ws/build/robot_localization
[1.956s] -- Install configuration: "Release"
[1.963s] -- Execute custom install script
[1.963s] -- Up-to-date symlink: /home/student/ros2_ws/install/robot_localization/share/ament_index/resource_index/rosidl_interfaces/robot_localization
[1.964s] -- Up-to-date symlink: /home/student/ros2_ws/install/robot_localization/include/robot_localization/robot_localization/msg/rosidl_generator_c__visibility_control.h
[1.964s] -- Up-to-date symlink: /home/student/ros2_ws/install/robot_localization/include/robot_localization/robot_localization/srv/detail/from_ll__functions.h
[1.965s] -- Up-to-date symlink: /home/student/ros2_ws/install/robot_localization/include/robot_localization/robot_localization/srv/detail/from_ll__struct.h
[1.965s] -- Up-to-date symlink: /home/student/ros2_ws/install/robot_localization/include/robot_localization/robot_localization/srv/detail/from_ll__type_support.h
[1.965s] -- Up-to-date symlink: /home/student/ros2_ws/install/robot_localization/include/robot_localization/robot_localization/srv/detail/get_state__functions.h
[1.968s] -- Up-to-date symlink: /home/student/ros2_ws/install/robot_localization/include/robot_localization/robot_localization/srv/detail/get_state__struct.h
[1.968s] -- Up-to-date symlink: /home/student/ros2_ws/install/robot_localization/include/robot_localization/robot_localization/srv/detail/get_state__type_support.h
[1.968s] -- Up-to-date symlink: /home/student/ros2_ws/install/robot_localization/include/robot_localization/robot_localization/srv/detail/set_datum__functions.h
[1.968s] -- Up-to-date symlink: /home/student/ros2_ws/install/robot_localization/include/robot_localization/robot_localization/srv/detail/set_datum__struct.h
[1.968s] -- Up-to-date symlink: /home/student/ros2_ws/install/robot_localization/include/robot_localization/robot_localization/srv/detail/set_datum__type_support.h
[1.968s] -- Up-to-date symlink: /home/student/ros2_ws/install/robot_localization/include/robot_localization/robot_localization/srv/detail/set_pose__functions.h
[1.969s] -- Up-to-date symlink: /home/student/ros2_ws/install/robot_localization/include/robot_localization/robot_localization/srv/detail/set_pose__struct.h
[1.969s] -- Up-to-date symlink: /home/student/ros2_ws/install/robot_localization/include/robot_localization/robot_localization/srv/detail/set_pose__type_support.h
[1.969s] -- Up-to-date symlink: /home/student/ros2_ws/install/robot_localization/include/robot_localization/robot_localization/srv/detail/set_utm_zone__functions.h
[1.969s] -- Up-to-date symlink: /home/student/ros2_ws/install/robot_localization/include/robot_localization/robot_localization/srv/detail/set_utm_zone__struct.h
[1.969s] -- Up-to-date symlink: /home/student/ros2_ws/install/robot_localization/include/robot_localization/robot_localization/srv/detail/set_utm_zone__type_support.h
[1.969s] -- Up-to-date symlink: /home/student/ros2_ws/install/robot_localization/include/robot_localization/robot_localization/srv/detail/to_ll__functions.h
[1.970s] -- Up-to-date symlink: /home/student/ros2_ws/install/robot_localization/include/robot_localization/robot_localization/srv/detail/to_ll__struct.h
[1.970s] -- Up-to-date symlink: /home/student/ros2_ws/install/robot_localization/include/robot_localization/robot_localization/srv/detail/to_ll__type_support.h
[1.970s] -- Up-to-date symlink: /home/student/ros2_ws/install/robot_localization/include/robot_localization/robot_localization/srv/detail/toggle_filter_processing__functions.h
[1.970s] -- Up-to-date symlink: /home/student/ros2_ws/install/robot_localization/include/robot_localization/robot_localization/srv/detail/toggle_filter_processing__struct.h
[1.970s] -- Up-to-date symlink: /home/student/ros2_ws/install/robot_localization/include/robot_localization/robot_localization/srv/detail/toggle_filter_processing__type_support.h
[1.971s] -- Up-to-date symlink: /home/student/ros2_ws/install/robot_localization/include/robot_localization/robot_localization/srv/from_ll.h
[1.972s] -- Up-to-date symlink: /home/student/ros2_ws/install/robot_localization/include/robot_localization/robot_localization/srv/get_state.h
[1.972s] -- Up-to-date symlink: /home/student/ros2_ws/install/robot_localization/include/robot_localization/robot_localization/srv/set_datum.h
[1.972s] -- Up-to-date symlink: /home/student/ros2_ws/install/robot_localization/include/robot_localization/robot_localization/srv/set_pose.h
[1.973s] -- Up-to-date symlink: /home/student/ros2_ws/install/robot_localization/include/robot_localization/robot_localization/srv/set_utm_zone.h
[1.974s] -- Up-to-date symlink: /home/student/ros2_ws/install/robot_localization/include/robot_localization/robot_localization/srv/to_ll.h
[1.975s] -- Up-to-date symlink: /home/student/ros2_ws/install/robot_localization/include/robot_localization/robot_localization/srv/toggle_filter_processing.h
[1.975s] -- Up-to-date symlink: /home/student/ros2_ws/install/robot_localization/share/robot_localization/environment/library_path.sh
[1.976s] -- Up-to-date symlink: /home/student/ros2_ws/install/robot_localization/share/robot_localization/environment/library_path.dsv
[1.976s] -- Up-to-date symlink: /home/student/ros2_ws/install/robot_localization/include/robot_localization/robot_localization/msg/rosidl_typesupport_fastrtps_c__visibility_control.h
[1.976s] -- Up-to-date symlink: /home/student/ros2_ws/install/robot_localization/include/robot_localization/robot_localization/srv/detail/from_ll__rosidl_typesupport_fastrtps_c.h
[1.977s] -- Up-to-date symlink: /home/student/ros2_ws/install/robot_localization/include/robot_localization/robot_localization/srv/detail/get_state__rosidl_typesupport_fastrtps_c.h
[1.978s] -- Up-to-date symlink: /home/student/ros2_ws/install/robot_localization/include/robot_localization/robot_localization/srv/detail/set_datum__rosidl_typesupport_fastrtps_c.h
[1.978s] -- Up-to-date symlink: /home/student/ros2_ws/install/robot_localization/include/robot_localization/robot_localization/srv/detail/set_pose__rosidl_typesupport_fastrtps_c.h
[1.978s] -- Up-to-date symlink: /home/student/ros2_ws/install/robot_localization/include/robot_localization/robot_localization/srv/detail/set_utm_zone__rosidl_typesupport_fastrtps_c.h
[1.978s] -- Up-to-date symlink: /home/student/ros2_ws/install/robot_localization/include/robot_localization/robot_localization/srv/detail/to_ll__rosidl_typesupport_fastrtps_c.h
[1.980s] -- Up-to-date symlink: /home/student/ros2_ws/install/robot_localization/include/robot_localization/robot_localization/srv/detail/toggle_filter_processing__rosidl_typesupport_fastrtps_c.h
[1.980s] -- Up-to-date symlink: /home/student/ros2_ws/install/robot_localization/include/robot_localization/robot_localization/srv/detail/from_ll__builder.hpp
[1.980s] -- Up-to-date symlink: /home/student/ros2_ws/install/robot_localization/include/robot_localization/robot_localization/srv/detail/from_ll__struct.hpp
[1.980s] -- Up-to-date symlink: /home/student/ros2_ws/install/robot_localization/include/robot_localization/robot_localization/srv/detail/from_ll__traits.hpp
[1.981s] -- Up-to-date symlink: /home/student/ros2_ws/install/robot_localization/include/robot_localization/robot_localization/srv/detail/get_state__builder.hpp
[1.981s] -- Up-to-date symlink: /home/student/ros2_ws/install/robot_localization/include/robot_localization/robot_localization/srv/detail/get_state__struct.hpp
[1.981s] -- Up-to-date symlink: /home/student/ros2_ws/install/robot_localization/include/robot_localization/robot_localization/srv/detail/get_state__traits.hpp
[1.981s] -- Up-to-date symlink: /home/student/ros2_ws/install/robot_localization/include/robot_localization/robot_localization/srv/detail/set_datum__builder.hpp
[1.981s] -- Up-to-date symlink: /home/student/ros2_ws/install/robot_localization/include/robot_localization/robot_localization/srv/detail/set_datum__struct.hpp
[1.981s] -- Up-to-date symlink: /home/student/ros2_ws/install/robot_localization/include/robot_localization/robot_localization/srv/detail/set_datum__traits.hpp
[1.981s] -- Up-to-date symlink: /home/student/ros2_ws/install/robot_localization/include/robot_localization/robot_localization/srv/detail/set_pose__builder.hpp
[1.982s] -- Up-to-date symlink: /home/student/ros2_ws/install/robot_localization/include/robot_localization/robot_localization/srv/detail/set_pose__struct.hpp
[1.982s] -- Up-to-date symlink: /home/student/ros2_ws/install/robot_localization/include/robot_localization/robot_localization/srv/detail/set_pose__traits.hpp
[1.982s] -- Up-to-date symlink: /home/student/ros2_ws/install/robot_localization/include/robot_localization/robot_localization/srv/detail/set_utm_zone__builder.hpp
[1.982s] -- Up-to-date symlink: /home/student/ros2_ws/install/robot_localization/include/robot_localization/robot_localization/srv/detail/set_utm_zone__struct.hpp
[1.982s] -- Up-to-date symlink: /home/student/ros2_ws/install/robot_localization/include/robot_localization/robot_localization/srv/detail/set_utm_zone__traits.hpp
[1.982s] -- Up-to-date symlink: /home/student/ros2_ws/install/robot_localization/include/robot_localization/robot_localization/srv/detail/to_ll__builder.hpp
[1.983s] -- Up-to-date symlink: /home/student/ros2_ws/install/robot_localization/include/robot_localization/robot_localization/srv/detail/to_ll__struct.hpp
[1.983s] -- Up-to-date symlink: /home/student/ros2_ws/install/robot_localization/include/robot_localization/robot_localization/srv/detail/to_ll__traits.hpp
[1.983s] -- Up-to-date symlink: /home/student/ros2_ws/install/robot_localization/include/robot_localization/robot_localization/srv/detail/toggle_filter_processing__builder.hpp
[1.983s] -- Up-to-date symlink: /home/student/ros2_ws/install/robot_localization/include/robot_localization/robot_localization/srv/detail/toggle_filter_processing__struct.hpp
[1.983s] -- Up-to-date symlink: /home/student/ros2_ws/install/robot_localization/include/robot_localization/robot_localization/srv/detail/toggle_filter_processing__traits.hpp
[1.983s] -- Up-to-date symlink: /home/student/ros2_ws/install/robot_localization/include/robot_localization/robot_localization/srv/from_ll.hpp
[1.984s] -- Up-to-date symlink: /home/student/ros2_ws/install/robot_localization/include/robot_localization/robot_localization/srv/get_state.hpp
[1.984s] -- Up-to-date symlink: /home/student/ros2_ws/install/robot_localization/include/robot_localization/robot_localization/srv/set_datum.hpp
[1.984s] -- Up-to-date symlink: /home/student/ros2_ws/install/robot_localization/include/robot_localization/robot_localization/srv/set_pose.hpp
[1.984s] -- Up-to-date symlink: /home/student/ros2_ws/install/robot_localization/include/robot_localization/robot_localization/srv/set_utm_zone.hpp
[1.984s] -- Up-to-date symlink: /home/student/ros2_ws/install/robot_localization/include/robot_localization/robot_localization/srv/to_ll.hpp
[1.984s] -- Up-to-date symlink: /home/student/ros2_ws/install/robot_localization/include/robot_localization/robot_localization/srv/toggle_filter_processing.hpp
[1.984s] -- Up-to-date symlink: /home/student/ros2_ws/install/robot_localization/include/robot_localization/robot_localization/msg/rosidl_typesupport_fastrtps_cpp__visibility_control.h
[1.985s] -- Up-to-date symlink: /home/student/ros2_ws/install/robot_localization/include/robot_localization/robot_localization/srv/detail/from_ll__rosidl_typesupport_fastrtps_cpp.hpp
[1.985s] -- Up-to-date symlink: /home/student/ros2_ws/install/robot_localization/include/robot_localization/robot_localization/srv/detail/get_state__rosidl_typesupport_fastrtps_cpp.hpp
[1.985s] -- Up-to-date symlink: /home/student/ros2_ws/install/robot_localization/include/robot_localization/robot_localization/srv/detail/set_datum__rosidl_typesupport_fastrtps_cpp.hpp
[1.985s] -- Up-to-date symlink: /home/student/ros2_ws/install/robot_localization/include/robot_localization/robot_localization/srv/detail/set_pose__rosidl_typesupport_fastrtps_cpp.hpp
[1.985s] -- Up-to-date symlink: /home/student/ros2_ws/install/robot_localization/include/robot_localization/robot_localization/srv/detail/set_utm_zone__rosidl_typesupport_fastrtps_cpp.hpp
[1.986s] -- Up-to-date symlink: /home/student/ros2_ws/install/robot_localization/include/robot_localization/robot_localization/srv/detail/to_ll__rosidl_typesupport_fastrtps_cpp.hpp
[1.986s] -- Up-to-date symlink: /home/student/ros2_ws/install/robot_localization/include/robot_localization/robot_localization/srv/detail/toggle_filter_processing__rosidl_typesupport_fastrtps_cpp.hpp
[1.986s] -- Up-to-date symlink: /home/student/ros2_ws/install/robot_localization/include/robot_localization/robot_localization/msg/rosidl_typesupport_introspection_c__visibility_control.h
[1.986s] -- Up-to-date symlink: /home/student/ros2_ws/install/robot_localization/include/robot_localization/robot_localization/srv/detail/from_ll__rosidl_typesupport_introspection_c.h
[1.986s] -- Up-to-date symlink: /home/student/ros2_ws/install/robot_localization/include/robot_localization/robot_localization/srv/detail/get_state__rosidl_typesupport_introspection_c.h
[1.986s] -- Up-to-date symlink: /home/student/ros2_ws/install/robot_localization/include/robot_localization/robot_localization/srv/detail/set_datum__rosidl_typesupport_introspection_c.h
[1.986s] -- Up-to-date symlink: /home/student/ros2_ws/install/robot_localization/include/robot_localization/robot_localization/srv/detail/set_pose__rosidl_typesupport_introspection_c.h
[1.986s] -- Up-to-date symlink: /home/student/ros2_ws/install/robot_localization/include/robot_localization/robot_localization/srv/detail/set_utm_zone__rosidl_typesupport_introspection_c.h
[1.986s] -- Up-to-date symlink: /home/student/ros2_ws/install/robot_localization/include/robot_localization/robot_localization/srv/detail/to_ll__rosidl_typesupport_introspection_c.h
[1.987s] -- Up-to-date symlink: /home/student/ros2_ws/install/robot_localization/include/robot_localization/robot_localization/srv/detail/toggle_filter_processing__rosidl_typesupport_introspection_c.h
[1.987s] -- Up-to-date symlink: /home/student/ros2_ws/install/robot_localization/include/robot_localization/robot_localization/srv/detail/from_ll__rosidl_typesupport_introspection_cpp.hpp
[1.987s] -- Up-to-date symlink: /home/student/ros2_ws/install/robot_localization/include/robot_localization/robot_localization/srv/detail/get_state__rosidl_typesupport_introspection_cpp.hpp
[1.987s] -- Up-to-date symlink: /home/student/ros2_ws/install/robot_localization/include/robot_localization/robot_localization/srv/detail/set_datum__rosidl_typesupport_introspection_cpp.hpp
[1.987s] -- Up-to-date symlink: /home/student/ros2_ws/install/robot_localization/include/robot_localization/robot_localization/srv/detail/set_pose__rosidl_typesupport_introspection_cpp.hpp
[1.987s] -- Up-to-date symlink: /home/student/ros2_ws/install/robot_localization/include/robot_localization/robot_localization/srv/detail/set_utm_zone__rosidl_typesupport_introspection_cpp.hpp
[1.987s] -- Up-to-date symlink: /home/student/ros2_ws/install/robot_localization/include/robot_localization/robot_localization/srv/detail/to_ll__rosidl_typesupport_introspection_cpp.hpp
[1.987s] -- Up-to-date symlink: /home/student/ros2_ws/install/robot_localization/include/robot_localization/robot_localization/srv/detail/toggle_filter_processing__rosidl_typesupport_introspection_cpp.hpp
[1.987s] -- Up-to-date symlink: /home/student/ros2_ws/install/robot_localization/share/robot_localization/environment/pythonpath.sh
[1.988s] -- Up-to-date symlink: /home/student/ros2_ws/install/robot_localization/share/robot_localization/environment/pythonpath.dsv
[1.988s] -- Up-to-date symlink: /home/student/ros2_ws/install/robot_localization/local/lib/python3.10/dist-packages/robot_localization-3.9.0-py3.10.egg-info/PKG-INFO
[1.988s] -- Up-to-date symlink: /home/student/ros2_ws/install/robot_localization/local/lib/python3.10/dist-packages/robot_localization-3.9.0-py3.10.egg-info/SOURCES.txt
[1.988s] -- Up-to-date symlink: /home/student/ros2_ws/install/robot_localization/local/lib/python3.10/dist-packages/robot_localization-3.9.0-py3.10.egg-info/dependency_links.txt
[1.988s] -- Up-to-date symlink: /home/student/ros2_ws/install/robot_localization/local/lib/python3.10/dist-packages/robot_localization-3.9.0-py3.10.egg-info/top_level.txt
[1.988s] -- Up-to-date symlink: /home/student/ros2_ws/install/robot_localization/local/lib/python3.10/dist-packages/robot_localization/__init__.py
[1.988s] -- Up-to-date symlink: /home/student/ros2_ws/install/robot_localization/local/lib/python3.10/dist-packages/robot_localization/_robot_localization_s.ep.rosidl_typesupport_c.c
[1.988s] -- Up-to-date symlink: /home/student/ros2_ws/install/robot_localization/local/lib/python3.10/dist-packages/robot_localization/_robot_localization_s.ep.rosidl_typesupport_fastrtps_c.c
[1.988s] -- Up-to-date symlink: /home/student/ros2_ws/install/robot_localization/local/lib/python3.10/dist-packages/robot_localization/_robot_localization_s.ep.rosidl_typesupport_introspection_c.c
[1.988s] -- Up-to-date symlink: /home/student/ros2_ws/install/robot_localization/local/lib/python3.10/dist-packages/robot_localization/librobot_localization__rosidl_generator_py.so
[1.989s] -- Up-to-date symlink: /home/student/ros2_ws/install/robot_localization/local/lib/python3.10/dist-packages/robot_localization/robot_localization_s__rosidl_typesupport_c.cpython-310-x86_64-linux-gnu.so
[1.989s] -- Up-to-date symlink: /home/student/ros2_ws/install/robot_localization/local/lib/python3.10/dist-packages/robot_localization/robot_localization_s__rosidl_typesupport_fastrtps_c.cpython-310-x86_64-linux-gnu.so
[1.989s] -- Up-to-date symlink: /home/student/ros2_ws/install/robot_localization/local/lib/python3.10/dist-packages/robot_localization/robot_localization_s__rosidl_typesupport_introspection_c.cpython-310-x86_64-linux-gnu.so
[1.989s] -- Up-to-date symlink: /home/student/ros2_ws/install/robot_localization/local/lib/python3.10/dist-packages/robot_localization/srv/__init__.py
[1.989s] -- Up-to-date symlink: /home/student/ros2_ws/install/robot_localization/local/lib/python3.10/dist-packages/robot_localization/srv/_from_ll.py
[1.989s] -- Up-to-date symlink: /home/student/ros2_ws/install/robot_localization/local/lib/python3.10/dist-packages/robot_localization/srv/_from_ll_s.c
[1.989s] -- Up-to-date symlink: /home/student/ros2_ws/install/robot_localization/local/lib/python3.10/dist-packages/robot_localization/srv/_get_state.py
[1.989s] -- Up-to-date symlink: /home/student/ros2_ws/install/robot_localization/local/lib/python3.10/dist-packages/robot_localization/srv/_get_state_s.c
[1.989s] -- Up-to-date symlink: /home/student/ros2_ws/install/robot_localization/local/lib/python3.10/dist-packages/robot_localization/srv/_set_datum.py
[1.989s] -- Up-to-date symlink: /home/student/ros2_ws/install/robot_localization/local/lib/python3.10/dist-packages/robot_localization/srv/_set_datum_s.c
[1.989s] -- Up-to-date symlink: /home/student/ros2_ws/install/robot_localization/local/lib/python3.10/dist-packages/robot_localization/srv/_set_pose.py
[1.989s] -- Up-to-date symlink: /home/student/ros2_ws/install/robot_localization/local/lib/python3.10/dist-packages/robot_localization/srv/_set_pose_s.c
[1.990s] -- Up-to-date symlink: /home/student/ros2_ws/install/robot_localization/local/lib/python3.10/dist-packages/robot_localization/srv/_set_utm_zone.py
[1.990s] -- Up-to-date symlink: /home/student/ros2_ws/install/robot_localization/local/lib/python3.10/dist-packages/robot_localization/srv/_set_utm_zone_s.c
[1.990s] -- Up-to-date symlink: /home/student/ros2_ws/install/robot_localization/local/lib/python3.10/dist-packages/robot_localization/srv/_to_ll.py
[1.990s] -- Up-to-date symlink: /home/student/ros2_ws/install/robot_localization/local/lib/python3.10/dist-packages/robot_localization/srv/_to_ll_s.c
[1.990s] -- Up-to-date symlink: /home/student/ros2_ws/install/robot_localization/local/lib/python3.10/dist-packages/robot_localization/srv/_toggle_filter_processing.py
[1.990s] -- Up-to-date symlink: /home/student/ros2_ws/install/robot_localization/local/lib/python3.10/dist-packages/robot_localization/srv/_toggle_filter_processing_s.c
[1.990s] -- Up-to-date symlink: /home/student/ros2_ws/install/robot_localization/local/lib/python3.10/dist-packages/robot_localization/robot_localization_s__rosidl_typesupport_fastrtps_c.cpython-310-x86_64-linux-gnu.so
[1.995s] -- Up-to-date symlink: /home/student/ros2_ws/install/robot_localization/local/lib/python3.10/dist-packages/robot_localization/robot_localization_s__rosidl_typesupport_introspection_c.cpython-310-x86_64-linux-gnu.so
[1.998s] -- Up-to-date symlink: /home/student/ros2_ws/install/robot_localization/local/lib/python3.10/dist-packages/robot_localization/robot_localization_s__rosidl_typesupport_c.cpython-310-x86_64-linux-gnu.so
[1.998s] -- Up-to-date symlink: /home/student/ros2_ws/install/robot_localization/share/robot_localization/srv/FromLL.idl
[1.998s] -- Up-to-date symlink: /home/student/ros2_ws/install/robot_localization/share/robot_localization/srv/GetState.idl
[1.999s] -- Up-to-date symlink: /home/student/ros2_ws/install/robot_localization/share/robot_localization/srv/SetDatum.idl
[1.999s] -- Up-to-date symlink: /home/student/ros2_ws/install/robot_localization/share/robot_localization/srv/SetPose.idl
[1.999s] -- Up-to-date symlink: /home/student/ros2_ws/install/robot_localization/share/robot_localization/srv/SetUTMZone.idl
[1.999s] -- Up-to-date symlink: /home/student/ros2_ws/install/robot_localization/share/robot_localization/srv/ToggleFilterProcessing.idl
[2.000s] -- Up-to-date symlink: /home/student/ros2_ws/install/robot_localization/share/robot_localization/srv/ToLL.idl
[2.000s] -- Up-to-date symlink: /home/student/ros2_ws/install/robot_localization/share/robot_localization/srv/FromLL.srv
[2.000s] -- Up-to-date symlink: /home/student/ros2_ws/install/robot_localization/share/robot_localization/srv/FromLL_Request.msg
[2.000s] -- Up-to-date symlink: /home/student/ros2_ws/install/robot_localization/share/robot_localization/srv/FromLL_Response.msg
[2.001s] -- Up-to-date symlink: /home/student/ros2_ws/install/robot_localization/share/robot_localization/srv/GetState.srv
[2.001s] -- Up-to-date symlink: /home/student/ros2_ws/install/robot_localization/share/robot_localization/srv/GetState_Request.msg
[2.001s] -- Up-to-date symlink: /home/student/ros2_ws/install/robot_localization/share/robot_localization/srv/GetState_Response.msg
[2.002s] -- Up-to-date symlink: /home/student/ros2_ws/install/robot_localization/share/robot_localization/srv/SetDatum.srv
[2.002s] -- Up-to-date symlink: /home/student/ros2_ws/install/robot_localization/share/robot_localization/srv/SetDatum_Request.msg
[2.002s] -- Up-to-date symlink: /home/student/ros2_ws/install/robot_localization/share/robot_localization/srv/SetDatum_Response.msg
[2.002s] -- Up-to-date symlink: /home/student/ros2_ws/install/robot_localization/share/robot_localization/srv/SetPose.srv
[2.002s] -- Up-to-date symlink: /home/student/ros2_ws/install/robot_localization/share/robot_localization/srv/SetPose_Request.msg
[2.003s] -- Up-to-date symlink: /home/student/ros2_ws/install/robot_localization/share/robot_localization/srv/SetPose_Response.msg
[2.003s] -- Up-to-date symlink: /home/student/ros2_ws/install/robot_localization/share/robot_localization/srv/SetUTMZone.srv
[2.003s] -- Up-to-date symlink: /home/student/ros2_ws/install/robot_localization/share/robot_localization/srv/SetUTMZone_Request.msg
[2.003s] -- Up-to-date symlink: /home/student/ros2_ws/install/robot_localization/share/robot_localization/srv/SetUTMZone_Response.msg
[2.004s] -- Up-to-date symlink: /home/student/ros2_ws/install/robot_localization/share/robot_localization/srv/ToggleFilterProcessing.srv
[2.005s] -- Up-to-date symlink: /home/student/ros2_ws/install/robot_localization/share/robot_localization/srv/ToggleFilterProcessing_Request.msg
[2.005s] -- Up-to-date symlink: /home/student/ros2_ws/install/robot_localization/share/robot_localization/srv/ToggleFilterProcessing_Response.msg
[2.005s] -- Up-to-date symlink: /home/student/ros2_ws/install/robot_localization/share/robot_localization/srv/ToLL.srv
[2.005s] -- Up-to-date symlink: /home/student/ros2_ws/install/robot_localization/share/robot_localization/srv/ToLL_Request.msg
[2.005s] -- Up-to-date symlink: /home/student/ros2_ws/install/robot_localization/share/robot_localization/srv/ToLL_Response.msg
[2.010s] -- Up-to-date symlink: /home/student/ros2_ws/install/robot_localization/lib/robot_localization/filter_base-test
[2.010s] -- Up-to-date symlink: /home/student/ros2_ws/install/robot_localization/lib/robot_localization/test_filter_base_diagnostics_timestamps
[2.010s] -- Up-to-date symlink: /home/student/ros2_ws/install/robot_localization/lib/robot_localization/test_ekf
[2.010s] -- Up-to-date symlink: /home/student/ros2_ws/install/robot_localization/lib/robot_localization/test_ekf_node_interfaces
[2.010s] -- Up-to-date symlink: /home/student/ros2_ws/install/robot_localization/lib/robot_localization/test_ukf
[2.010s] -- Up-to-date symlink: /home/student/ros2_ws/install/robot_localization/lib/robot_localization/test_ukf_node_interfaces
[2.010s] -- Up-to-date symlink: /home/student/ros2_ws/install/robot_localization/lib/robot_localization/test_robot_localization_estimator
[2.010s] -- Up-to-date symlink: /home/student/ros2_ws/install/robot_localization/lib/robot_localization/test_navsat_conversions
[2.011s] -- Up-to-date symlink: /home/student/ros2_ws/install/robot_localization/lib/robot_localization/test_ros_robot_localization_listener
[2.011s] -- Up-to-date symlink: /home/student/ros2_ws/install/robot_localization/lib/robot_localization/test_ros_robot_localization_listener_publisher
[2.012s] -- Up-to-date symlink: /home/student/ros2_ws/install/robot_localization/lib/robot_localization/navsat_transform_node
[2.012s] -- Up-to-date symlink: /home/student/ros2_ws/install/robot_localization/lib/robot_localization/ekf_node
[2.012s] -- Up-to-date symlink: /home/student/ros2_ws/install/robot_localization/lib/robot_localization/ukf_node
[2.013s] -- Up-to-date symlink: /home/student/ros2_ws/install/robot_localization/lib/robot_localization/robot_localization_listener_node
[2.015s] -- Up-to-date symlink: /home/student/ros2_ws/install/robot_localization/lib/librl_lib.so
[2.015s] -- Up-to-date symlink: /home/student/ros2_ws/install/robot_localization/share/ament_index/resource_index/package_run_dependencies/robot_localization
[2.015s] -- Up-to-date symlink: /home/student/ros2_ws/install/robot_localization/share/ament_index/resource_index/parent_prefix_path/robot_localization
[2.016s] -- Up-to-date symlink: /home/student/ros2_ws/install/robot_localization/share/robot_localization/environment/ament_prefix_path.sh
[2.016s] -- Up-to-date symlink: /home/student/ros2_ws/install/robot_localization/share/robot_localization/environment/ament_prefix_path.dsv
[2.016s] -- Up-to-date symlink: /home/student/ros2_ws/install/robot_localization/share/robot_localization/environment/path.sh
[2.016s] -- Up-to-date symlink: /home/student/ros2_ws/install/robot_localization/share/robot_localization/environment/path.dsv
[2.017s] -- Up-to-date symlink: /home/student/ros2_ws/install/robot_localization/share/robot_localization/local_setup.bash
[2.017s] -- Up-to-date symlink: /home/student/ros2_ws/install/robot_localization/share/robot_localization/local_setup.sh
[2.017s] -- Up-to-date symlink: /home/student/ros2_ws/install/robot_localization/share/robot_localization/local_setup.zsh
[2.017s] -- Up-to-date symlink: /home/student/ros2_ws/install/robot_localization/share/robot_localization/local_setup.dsv
[2.017s] -- Symlinking: /home/student/ros2_ws/install/robot_localization/share/robot_localization/package.dsv
[2.033s] -- Up-to-date symlink: /home/student/ros2_ws/install/robot_localization/share/ament_index/resource_index/packages/robot_localization
[2.034s] -- Up-to-date symlink: /home/student/ros2_ws/install/robot_localization/share/robot_localization/cmake/rosidl_cmake-extras.cmake
[2.034s] -- Up-to-date symlink: /home/student/ros2_ws/install/robot_localization/share/robot_localization/cmake/ament_cmake_export_dependencies-extras.cmake
[2.034s] -- Up-to-date symlink: /home/student/ros2_ws/install/robot_localization/share/robot_localization/cmake/ament_cmake_export_include_directories-extras.cmake
[2.034s] -- Up-to-date symlink: /home/student/ros2_ws/install/robot_localization/share/robot_localization/cmake/ament_cmake_export_libraries-extras.cmake
[2.034s] -- Up-to-date symlink: /home/student/ros2_ws/install/robot_localization/share/robot_localization/cmake/ament_cmake_export_targets-extras.cmake
[2.035s] -- Up-to-date symlink: /home/student/ros2_ws/install/robot_localization/share/robot_localization/cmake/rosidl_cmake_export_typesupport_targets-extras.cmake
[2.035s] -- Up-to-date symlink: /home/student/ros2_ws/install/robot_localization/share/robot_localization/cmake/rosidl_cmake_export_typesupport_libraries-extras.cmake
[2.035s] -- Up-to-date symlink: /home/student/ros2_ws/install/robot_localization/share/robot_localization/cmake/robot_localizationConfig.cmake
[2.035s] -- Up-to-date symlink: /home/student/ros2_ws/install/robot_localization/share/robot_localization/cmake/robot_localizationConfig-version.cmake
[2.036s] -- Up-to-date symlink: /home/student/ros2_ws/install/robot_localization/share/robot_localization/package.xml
[2.042s] -- Up-to-date: /home/student/ros2_ws/install/robot_localization/lib/librobot_localization__rosidl_generator_c.so
[2.048s] -- Up-to-date: /home/student/ros2_ws/install/robot_localization/lib/librobot_localization__rosidl_typesupport_fastrtps_c.so
[2.054s] -- Up-to-date: /home/student/ros2_ws/install/robot_localization/lib/librobot_localization__rosidl_typesupport_fastrtps_cpp.so
[2.060s] -- Up-to-date: /home/student/ros2_ws/install/robot_localization/lib/librobot_localization__rosidl_typesupport_introspection_c.so
[2.060s] -- Up-to-date: /home/student/ros2_ws/install/robot_localization/lib/librobot_localization__rosidl_typesupport_c.so
[2.061s] -- Up-to-date: /home/student/ros2_ws/install/robot_localization/lib/librobot_localization__rosidl_typesupport_introspection_cpp.so
[2.064s] -- Up-to-date: /home/student/ros2_ws/install/robot_localization/lib/librobot_localization__rosidl_typesupport_cpp.so
[2.114s] Listing '/home/student/ros2_ws/install/robot_localization/local/lib/python3.10/dist-packages/robot_localization'...
[2.114s] Listing '/home/student/ros2_ws/install/robot_localization/local/lib/python3.10/dist-packages/robot_localization/srv'...
[2.122s] -- Up-to-date: /home/student/ros2_ws/install/robot_localization/lib/librobot_localization__rosidl_generator_py.so
[2.122s] -- Up-to-date: /home/student/ros2_ws/install/robot_localization/share/robot_localization/test
[2.123s] -- Up-to-date: /home/student/ros2_ws/install/robot_localization/share/robot_localization/test/test3.bag
[2.123s] -- Up-to-date: /home/student/ros2_ws/install/robot_localization/share/robot_localization/test/test_se_node_interfaces.launch.py
[2.123s] -- Up-to-date: /home/student/ros2_ws/install/robot_localization/share/robot_localization/test/test_localization_node_bag_pose_tester.cpp
[2.123s] -- Up-to-date: /home/student/ros2_ws/install/robot_localization/share/robot_localization/test/test_ukf_localization_node_bag2.sh
[2.123s] -- Up-to-date: /home/student/ros2_ws/install/robot_localization/share/robot_localization/test/test_robot_localization_estimator.launch.py
[2.124s] -- Up-to-date: /home/student/ros2_ws/install/robot_localization/share/robot_localization/test/test_ekf_localization_node_bag2.launch.py
[2.124s] -- Up-to-date: /home/student/ros2_ws/install/robot_localization/share/robot_localization/test/test_ekf_localization_node_bag2.yaml
[2.124s] -- Up-to-date: /home/student/ros2_ws/install/robot_localization/share/robot_localization/test/test_filter_base_diagnostics_timestamps.cpp
[2.124s] -- Up-to-date: /home/student/ros2_ws/install/robot_localization/share/robot_localization/test/test_ukf_localization_node_bag1.launch.py
[2.124s] -- Up-to-date: /home/student/ros2_ws/install/robot_localization/share/robot_localization/test/test_ukf.cpp
[2.125s] -- Up-to-date: /home/student/ros2_ws/install/robot_localization/share/robot_localization/test/test_ekf_localization_node_bag3.sh
[2.125s] -- Up-to-date: /home/student/ros2_ws/install/robot_localization/share/robot_localization/test/test_ekf_localization_node_bag1.sh
[2.125s] -- Up-to-date: /home/student/ros2_ws/install/robot_localization/share/robot_localization/test/test_se_node_interfaces.yaml
[2.125s] -- Up-to-date: /home/student/ros2_ws/install/robot_localization/share/robot_localization/test/test_ekf_localization_node_bag3.launch.py
[2.125s] -- Up-to-date: /home/student/ros2_ws/install/robot_localization/share/robot_localization/test/test_ros_robot_localization_listener_publisher.cpp
[2.125s] -- Up-to-date: /home/student/ros2_ws/install/robot_localization/share/robot_localization/test/test_robot_localization_estimator.cpp
[2.125s] -- Up-to-date: /home/student/ros2_ws/install/robot_localization/share/robot_localization/test/test_ros_robot_localization_listener.yaml
[2.126s] -- Up-to-date: /home/student/ros2_ws/install/robot_localization/share/robot_localization/test/test_se_node_interfaces.cpp
[2.126s] -- Up-to-date: /home/student/ros2_ws/install/robot_localization/share/robot_localization/test/test_ukf_localization_node_bag3.launch.py
[2.126s] -- Up-to-date: /home/student/ros2_ws/install/robot_localization/share/robot_localization/test/test_ros_robot_localization_listener.cpp
[2.126s] -- Up-to-date: /home/student/ros2_ws/install/robot_localization/share/robot_localization/test/test_filter_base_diagnostics_timestamps.yaml
[2.127s] -- Up-to-date: /home/student/ros2_ws/install/robot_localization/share/robot_localization/test/test_ros_robot_localization_listener.launch.py
[2.127s] -- Up-to-date: /home/student/ros2_ws/install/robot_localization/share/robot_localization/test/test_filter_base_diagnostics_timestamps.launch.py
[2.127s] -- Up-to-date: /home/student/ros2_ws/install/robot_localization/share/robot_localization/test/test_ekf_localization_node_bag1.yaml
[2.127s] -- Up-to-date: /home/student/ros2_ws/install/robot_localization/share/robot_localization/test/test_ekf_localization_node_bag1.launch.py
[2.127s] -- Up-to-date: /home/student/ros2_ws/install/robot_localization/share/robot_localization/test/test2.bag
[2.127s] -- Up-to-date: /home/student/ros2_ws/install/robot_localization/share/robot_localization/test/test_ukf_localization_node_bag3.yaml
[2.127s] -- Up-to-date: /home/student/ros2_ws/install/robot_localization/share/robot_localization/test/test_ukf_localization_node_bag2.launch.py
[2.127s] -- Up-to-date: /home/student/ros2_ws/install/robot_localization/share/robot_localization/test/test1.bag
[2.128s] -- Up-to-date: /home/student/ros2_ws/install/robot_localization/share/robot_localization/test/test_ekf_localization_node_bag3.yaml
[2.128s] -- Up-to-date: /home/student/ros2_ws/install/robot_localization/share/robot_localization/test/test_filter_base.cpp
[2.128s] -- Up-to-date: /home/student/ros2_ws/install/robot_localization/share/robot_localization/test/test_ukf_localization_node_bag1.yaml
[2.128s] -- Up-to-date: /home/student/ros2_ws/install/robot_localization/share/robot_localization/test/test_ekf.cpp
[2.128s] -- Up-to-date: /home/student/ros2_ws/install/robot_localization/share/robot_localization/test/test_navsat_conversions.cpp
[2.128s] -- Up-to-date: /home/student/ros2_ws/install/robot_localization/share/robot_localization/test/test_ukf_localization_node_bag1.sh
[2.128s] -- Up-to-date: /home/student/ros2_ws/install/robot_localization/share/robot_localization/test/test_ekf_localization_node_bag2.sh
[2.128s] -- Up-to-date: /home/student/ros2_ws/install/robot_localization/share/robot_localization/test/test_ukf_localization_node_bag2.yaml
[2.128s] -- Up-to-date: /home/student/ros2_ws/install/robot_localization/share/robot_localization/test/test_ukf_localization_node_bag3.sh
[2.128s] -- Up-to-date: /home/student/ros2_ws/install/robot_localization/include/robot_localization
[2.128s] -- Up-to-date: /home/student/ros2_ws/install/robot_localization/include/robot_localization/robot_localization
[2.128s] -- Up-to-date: /home/student/ros2_ws/install/robot_localization/include/robot_localization/robot_localization/measurement.hpp
[2.129s] -- Up-to-date: /home/student/ros2_ws/install/robot_localization/include/robot_localization/robot_localization/ekf.hpp
[2.129s] -- Up-to-date: /home/student/ros2_ws/install/robot_localization/include/robot_localization/robot_localization/ros_robot_localization_listener.hpp
[2.129s] -- Up-to-date: /home/student/ros2_ws/install/robot_localization/include/robot_localization/robot_localization/filter_base.hpp
[2.129s] -- Up-to-date: /home/student/ros2_ws/install/robot_localization/include/robot_localization/robot_localization/filter_state.hpp
[2.129s] -- Up-to-date: /home/student/ros2_ws/install/robot_localization/include/robot_localization/robot_localization/navsat_conversions.hpp
[2.129s] -- Up-to-date: /home/student/ros2_ws/install/robot_localization/include/robot_localization/robot_localization/ros_filter.hpp
[2.129s] -- Up-to-date: /home/student/ros2_ws/install/robot_localization/include/robot_localization/robot_localization/ukf.hpp
[2.129s] -- Up-to-date: /home/student/ros2_ws/install/robot_localization/include/robot_localization/robot_localization/filter_utilities.hpp
[2.129s] -- Up-to-date: /home/student/ros2_ws/install/robot_localization/include/robot_localization/robot_localization/robot_localization_estimator.hpp
[2.129s] -- Up-to-date: /home/student/ros2_ws/install/robot_localization/include/robot_localization/robot_localization/filter_common.hpp
[2.129s] -- Up-to-date: /home/student/ros2_ws/install/robot_localization/include/robot_localization/robot_localization/ros_filter_utilities.hpp
[2.129s] -- Up-to-date: /home/student/ros2_ws/install/robot_localization/include/robot_localization/robot_localization/ros_filter_types.hpp
[2.129s] -- Up-to-date: /home/student/ros2_ws/install/robot_localization/include/robot_localization/robot_localization/navsat_transform.hpp
[2.129s] -- Up-to-date: /home/student/ros2_ws/install/robot_localization/share/robot_localization/params
[2.130s] -- Up-to-date: /home/student/ros2_ws/install/robot_localization/share/robot_localization/params/navsat_transform.yaml
[2.130s] -- Up-to-date: /home/student/ros2_ws/install/robot_localization/share/robot_localization/params/ukf.yaml
[2.130s] -- Up-to-date: /home/student/ros2_ws/install/robot_localization/share/robot_localization/params/dual_ekf_navsat_example.yaml
[2.130s] -- Up-to-date: /home/student/ros2_ws/install/robot_localization/share/robot_localization/params/ekf.yaml
[2.130s] -- Up-to-date: /home/student/ros2_ws/install/robot_localization/share/robot_localization/launch
[2.130s] -- Up-to-date: /home/student/ros2_ws/install/robot_localization/share/robot_localization/launch/dual_ekf_navsat_example.launch.py
[2.130s] -- Up-to-date: /home/student/ros2_ws/install/robot_localization/share/robot_localization/launch/ukf.launch.py
[2.130s] -- Up-to-date: /home/student/ros2_ws/install/robot_localization/share/robot_localization/launch/navsat_transform.launch.py
[2.130s] -- Up-to-date: /home/student/ros2_ws/install/robot_localization/share/robot_localization/launch/ekf.launch.py
[2.131s] -- Up-to-date: /home/student/ros2_ws/install/robot_localization/share/robot_localization/cmake/export_robot_localization__rosidl_generator_cExport.cmake
[2.131s] -- Up-to-date: /home/student/ros2_ws/install/robot_localization/share/robot_localization/cmake/export_robot_localization__rosidl_generator_cExport-release.cmake
[2.131s] -- Up-to-date: /home/student/ros2_ws/install/robot_localization/share/robot_localization/cmake/export_robot_localization__rosidl_typesupport_fastrtps_cExport.cmake
[2.131s] -- Up-to-date: /home/student/ros2_ws/install/robot_localization/share/robot_localization/cmake/export_robot_localization__rosidl_typesupport_fastrtps_cExport-release.cmake
[2.131s] -- Up-to-date: /home/student/ros2_ws/install/robot_localization/share/robot_localization/cmake/export_robot_localization__rosidl_generator_cppExport.cmake
[2.131s] -- Up-to-date: /home/student/ros2_ws/install/robot_localization/share/robot_localization/cmake/export_robot_localization__rosidl_typesupport_fastrtps_cppExport.cmake
[2.131s] -- Up-to-date: /home/student/ros2_ws/install/robot_localization/share/robot_localization/cmake/export_robot_localization__rosidl_typesupport_fastrtps_cppExport-release.cmake
[2.131s] -- Up-to-date: /home/student/ros2_ws/install/robot_localization/share/robot_localization/cmake/robot_localization__rosidl_typesupport_introspection_cExport.cmake
[2.131s] -- Up-to-date: /home/student/ros2_ws/install/robot_localization/share/robot_localization/cmake/robot_localization__rosidl_typesupport_introspection_cExport-release.cmake
[2.133s] -- Up-to-date: /home/student/ros2_ws/install/robot_localization/share/robot_localization/cmake/robot_localization__rosidl_typesupport_cExport.cmake
[2.133s] -- Up-to-date: /home/student/ros2_ws/install/robot_localization/share/robot_localization/cmake/robot_localization__rosidl_typesupport_cExport-release.cmake
[2.134s] -- Up-to-date: /home/student/ros2_ws/install/robot_localization/share/robot_localization/cmake/robot_localization__rosidl_typesupport_introspection_cppExport.cmake
[2.134s] -- Up-to-date: /home/student/ros2_ws/install/robot_localization/share/robot_localization/cmake/robot_localization__rosidl_typesupport_introspection_cppExport-release.cmake
[2.134s] -- Up-to-date: /home/student/ros2_ws/install/robot_localization/share/robot_localization/cmake/robot_localization__rosidl_typesupport_cppExport.cmake
[2.134s] -- Up-to-date: /home/student/ros2_ws/install/robot_localization/share/robot_localization/cmake/robot_localization__rosidl_typesupport_cppExport-release.cmake
[2.135s] -- Up-to-date: /home/student/ros2_ws/install/robot_localization/share/robot_localization/cmake/export_robot_localization__rosidl_generator_pyExport.cmake
[2.135s] -- Up-to-date: /home/student/ros2_ws/install/robot_localization/share/robot_localization/cmake/export_robot_localization__rosidl_generator_pyExport-release.cmake
[2.139s] Invoked command in '/home/student/ros2_ws/build/robot_localization' returned '0': CMAKE_PREFIX_PATH=${CMAKE_PREFIX_PATH}:/home/student/ros2_ws/install/turtlebot3_teleop:/home/student/ros2_ws/install/turtlebot3_example:/home/student/ros2_ws/install/rtabmap_python:/opt/ros/humble /usr/bin/cmake --install /home/student/ros2_ws/build/robot_localization
