[0.186s] DEBUG:colcon:Command line arguments: ['/usr/bin/colcon', 'build', '--packages-select', 'laser_scan_nth_pkg']
[0.187s] DEBUG:colcon:Parsed command line arguments: Namespace(log_base=None, log_level=None, verb_name='build', build_base='build', install_base='install', merge_install=False, symlink_install=False, test_result_base=None, continue_on_error=False, executor='parallel', parallel_workers=8, event_handlers=None, ignore_user_meta=False, metas=['./colcon.meta'], base_paths=['.'], packages_ignore=None, packages_ignore_regex=None, paths=None, packages_up_to=None, packages_up_to_regex=None, packages_above=None, packages_above_and_dependencies=None, packages_above_depth=None, packages_select_by_dep=None, packages_skip_by_dep=None, packages_skip_up_to=None, packages_select_build_failed=False, packages_skip_build_finished=False, packages_select_test_failures=False, packages_skip_test_passed=False, packages_select=['laser_scan_nth_pkg'], packages_skip=None, packages_select_regex=None, packages_skip_regex=None, packages_start=None, packages_end=None, allow_overriding=[], cmake_args=None, cmake_target=None, cmake_target_skip_unavailable=False, cmake_clean_cache=False, cmake_clean_first=False, cmake_force_configure=False, ament_cmake_args=None, catkin_cmake_args=None, catkin_skip_building_tests=False, mixin_files=None, mixin=None, verb_parser=<colcon_mixin.mixin.mixin_argument.MixinArgumentDecorator object at 0x7e3b77d2fb20>, verb_extension=<colcon_core.verb.build.BuildVerb object at 0x7e3b77d2f100>, main=<bound method BuildVerb.main of <colcon_core.verb.build.BuildVerb object at 0x7e3b77d2f100>>, mixin_verb=('build',))
[0.481s] Level 1:colcon.colcon_core.package_discovery:discover_packages(colcon_meta) check parameters
[0.481s] Level 1:colcon.colcon_core.package_discovery:discover_packages(recursive) check parameters
[0.481s] Level 1:colcon.colcon_core.package_discovery:discover_packages(ignore) check parameters
[0.481s] Level 1:colcon.colcon_core.package_discovery:discover_packages(path) check parameters
[0.482s] Level 1:colcon.colcon_core.package_discovery:discover_packages(colcon_meta) discover
[0.482s] Level 1:colcon.colcon_core.package_discovery:discover_packages(recursive) discover
[0.482s] INFO:colcon.colcon_core.package_discovery:Crawling recursively for packages in '/home/student/ros2_ws'
[0.482s] Level 1:colcon.colcon_core.package_identification:_identify(.) by extensions ['ignore', 'ignore_ament_install']
[0.482s] Level 1:colcon.colcon_core.package_identification:_identify(.) by extension 'ignore'
[0.482s] Level 1:colcon.colcon_core.package_identification:_identify(.) by extension 'ignore_ament_install'
[0.482s] Level 1:colcon.colcon_core.package_identification:_identify(.) by extensions ['colcon_pkg']
[0.482s] Level 1:colcon.colcon_core.package_identification:_identify(.) by extension 'colcon_pkg'
[0.482s] Level 1:colcon.colcon_core.package_identification:_identify(.) by extensions ['colcon_meta']
[0.483s] Level 1:colcon.colcon_core.package_identification:_identify(.) by extension 'colcon_meta'
[0.483s] Level 1:colcon.colcon_core.package_identification:_identify(.) by extensions ['ros']
[0.483s] Level 1:colcon.colcon_core.package_identification:_identify(.) by extension 'ros'
[0.505s] Level 1:colcon.colcon_core.package_identification:_identify(.) by extensions ['cmake', 'python']
[0.505s] Level 1:colcon.colcon_core.package_identification:_identify(.) by extension 'cmake'
[0.505s] Level 1:colcon.colcon_core.package_identification:_identify(.) by extension 'python'
[0.505s] Level 1:colcon.colcon_core.package_identification:_identify(.) by extensions ['python_setup_py']
[0.505s] Level 1:colcon.colcon_core.package_identification:_identify(.) by extension 'python_setup_py'
[0.505s] Level 1:colcon.colcon_core.package_identification:_identify(build) by extensions ['ignore', 'ignore_ament_install']
[0.506s] Level 1:colcon.colcon_core.package_identification:_identify(build) by extension 'ignore'
[0.506s] Level 1:colcon.colcon_core.package_identification:_identify(build) ignored
[0.506s] Level 1:colcon.colcon_core.package_identification:_identify(install) by extensions ['ignore', 'ignore_ament_install']
[0.506s] Level 1:colcon.colcon_core.package_identification:_identify(install) by extension 'ignore'
[0.506s] Level 1:colcon.colcon_core.package_identification:_identify(install) ignored
[0.506s] Level 1:colcon.colcon_core.package_identification:_identify(log) by extensions ['ignore', 'ignore_ament_install']
[0.507s] Level 1:colcon.colcon_core.package_identification:_identify(log) by extension 'ignore'
[0.507s] Level 1:colcon.colcon_core.package_identification:_identify(log) ignored
[0.507s] Level 1:colcon.colcon_core.package_identification:_identify(src) by extensions ['ignore', 'ignore_ament_install']
[0.507s] Level 1:colcon.colcon_core.package_identification:_identify(src) by extension 'ignore'
[0.507s] Level 1:colcon.colcon_core.package_identification:_identify(src) by extension 'ignore_ament_install'
[0.507s] Level 1:colcon.colcon_core.package_identification:_identify(src) by extensions ['colcon_pkg']
[0.507s] Level 1:colcon.colcon_core.package_identification:_identify(src) by extension 'colcon_pkg'
[0.507s] Level 1:colcon.colcon_core.package_identification:_identify(src) by extensions ['colcon_meta']
[0.507s] Level 1:colcon.colcon_core.package_identification:_identify(src) by extension 'colcon_meta'
[0.507s] Level 1:colcon.colcon_core.package_identification:_identify(src) by extensions ['ros']
[0.507s] Level 1:colcon.colcon_core.package_identification:_identify(src) by extension 'ros'
[0.508s] Level 1:colcon.colcon_core.package_identification:_identify(src) by extensions ['cmake', 'python']
[0.508s] Level 1:colcon.colcon_core.package_identification:_identify(src) by extension 'cmake'
[0.508s] Level 1:colcon.colcon_core.package_identification:_identify(src) by extension 'python'
[0.508s] Level 1:colcon.colcon_core.package_identification:_identify(src) by extensions ['python_setup_py']
[0.508s] Level 1:colcon.colcon_core.package_identification:_identify(src) by extension 'python_setup_py'
[0.508s] Level 1:colcon.colcon_core.package_identification:_identify(src/DynamixelSDK) by extensions ['ignore', 'ignore_ament_install']
[0.508s] Level 1:colcon.colcon_core.package_identification:_identify(src/DynamixelSDK) by extension 'ignore'
[0.508s] Level 1:colcon.colcon_core.package_identification:_identify(src/DynamixelSDK) by extension 'ignore_ament_install'
[0.508s] Level 1:colcon.colcon_core.package_identification:_identify(src/DynamixelSDK) by extensions ['colcon_pkg']
[0.508s] Level 1:colcon.colcon_core.package_identification:_identify(src/DynamixelSDK) by extension 'colcon_pkg'
[0.508s] Level 1:colcon.colcon_core.package_identification:_identify(src/DynamixelSDK) by extensions ['colcon_meta']
[0.508s] Level 1:colcon.colcon_core.package_identification:_identify(src/DynamixelSDK) by extension 'colcon_meta'
[0.509s] Level 1:colcon.colcon_core.package_identification:_identify(src/DynamixelSDK) by extensions ['ros']
[0.509s] Level 1:colcon.colcon_core.package_identification:_identify(src/DynamixelSDK) by extension 'ros'
[0.509s] Level 1:colcon.colcon_core.package_identification:_identify(src/DynamixelSDK) by extensions ['cmake', 'python']
[0.509s] Level 1:colcon.colcon_core.package_identification:_identify(src/DynamixelSDK) by extension 'cmake'
[0.509s] Level 1:colcon.colcon_core.package_identification:_identify(src/DynamixelSDK) by extension 'python'
[0.509s] Level 1:colcon.colcon_core.package_identification:_identify(src/DynamixelSDK) by extensions ['python_setup_py']
[0.509s] Level 1:colcon.colcon_core.package_identification:_identify(src/DynamixelSDK) by extension 'python_setup_py'
[0.509s] Level 1:colcon.colcon_core.package_identification:_identify(src/DynamixelSDK/dynamixel_sdk) by extensions ['ignore', 'ignore_ament_install']
[0.509s] Level 1:colcon.colcon_core.package_identification:_identify(src/DynamixelSDK/dynamixel_sdk) by extension 'ignore'
[0.509s] Level 1:colcon.colcon_core.package_identification:_identify(src/DynamixelSDK/dynamixel_sdk) by extension 'ignore_ament_install'
[0.510s] Level 1:colcon.colcon_core.package_identification:_identify(src/DynamixelSDK/dynamixel_sdk) by extensions ['colcon_pkg']
[0.510s] Level 1:colcon.colcon_core.package_identification:_identify(src/DynamixelSDK/dynamixel_sdk) by extension 'colcon_pkg'
[0.510s] Level 1:colcon.colcon_core.package_identification:_identify(src/DynamixelSDK/dynamixel_sdk) by extensions ['colcon_meta']
[0.510s] Level 1:colcon.colcon_core.package_identification:_identify(src/DynamixelSDK/dynamixel_sdk) by extension 'colcon_meta'
[0.510s] Level 1:colcon.colcon_core.package_identification:_identify(src/DynamixelSDK/dynamixel_sdk) by extensions ['ros']
[0.510s] Level 1:colcon.colcon_core.package_identification:_identify(src/DynamixelSDK/dynamixel_sdk) by extension 'ros'
[0.514s] DEBUG:colcon.colcon_core.package_identification:Package 'src/DynamixelSDK/dynamixel_sdk' with type 'ros.ament_cmake' and name 'dynamixel_sdk'
[0.515s] Level 1:colcon.colcon_core.package_identification:_identify(src/DynamixelSDK/dynamixel_sdk_custom_interfaces) by extensions ['ignore', 'ignore_ament_install']
[0.515s] Level 1:colcon.colcon_core.package_identification:_identify(src/DynamixelSDK/dynamixel_sdk_custom_interfaces) by extension 'ignore'
[0.515s] Level 1:colcon.colcon_core.package_identification:_identify(src/DynamixelSDK/dynamixel_sdk_custom_interfaces) by extension 'ignore_ament_install'
[0.515s] Level 1:colcon.colcon_core.package_identification:_identify(src/DynamixelSDK/dynamixel_sdk_custom_interfaces) by extensions ['colcon_pkg']
[0.515s] Level 1:colcon.colcon_core.package_identification:_identify(src/DynamixelSDK/dynamixel_sdk_custom_interfaces) by extension 'colcon_pkg'
[0.515s] Level 1:colcon.colcon_core.package_identification:_identify(src/DynamixelSDK/dynamixel_sdk_custom_interfaces) by extensions ['colcon_meta']
[0.515s] Level 1:colcon.colcon_core.package_identification:_identify(src/DynamixelSDK/dynamixel_sdk_custom_interfaces) by extension 'colcon_meta'
[0.515s] Level 1:colcon.colcon_core.package_identification:_identify(src/DynamixelSDK/dynamixel_sdk_custom_interfaces) by extensions ['ros']
[0.515s] Level 1:colcon.colcon_core.package_identification:_identify(src/DynamixelSDK/dynamixel_sdk_custom_interfaces) by extension 'ros'
[0.516s] DEBUG:colcon.colcon_core.package_identification:Package 'src/DynamixelSDK/dynamixel_sdk_custom_interfaces' with type 'ros.ament_cmake' and name 'dynamixel_sdk_custom_interfaces'
[0.516s] Level 1:colcon.colcon_core.package_identification:_identify(src/DynamixelSDK/dynamixel_sdk_examples) by extensions ['ignore', 'ignore_ament_install']
[0.516s] Level 1:colcon.colcon_core.package_identification:_identify(src/DynamixelSDK/dynamixel_sdk_examples) by extension 'ignore'
[0.516s] Level 1:colcon.colcon_core.package_identification:_identify(src/DynamixelSDK/dynamixel_sdk_examples) by extension 'ignore_ament_install'
[0.516s] Level 1:colcon.colcon_core.package_identification:_identify(src/DynamixelSDK/dynamixel_sdk_examples) by extensions ['colcon_pkg']
[0.516s] Level 1:colcon.colcon_core.package_identification:_identify(src/DynamixelSDK/dynamixel_sdk_examples) by extension 'colcon_pkg'
[0.516s] Level 1:colcon.colcon_core.package_identification:_identify(src/DynamixelSDK/dynamixel_sdk_examples) by extensions ['colcon_meta']
[0.516s] Level 1:colcon.colcon_core.package_identification:_identify(src/DynamixelSDK/dynamixel_sdk_examples) by extension 'colcon_meta'
[0.516s] Level 1:colcon.colcon_core.package_identification:_identify(src/DynamixelSDK/dynamixel_sdk_examples) by extensions ['ros']
[0.517s] Level 1:colcon.colcon_core.package_identification:_identify(src/DynamixelSDK/dynamixel_sdk_examples) by extension 'ros'
[0.518s] DEBUG:colcon.colcon_core.package_identification:Package 'src/DynamixelSDK/dynamixel_sdk_examples' with type 'ros.ament_cmake' and name 'dynamixel_sdk_examples'
[0.518s] Level 1:colcon.colcon_core.package_identification:_identify(src/cpp_pubsub) by extensions ['ignore', 'ignore_ament_install']
[0.518s] Level 1:colcon.colcon_core.package_identification:_identify(src/cpp_pubsub) by extension 'ignore'
[0.518s] Level 1:colcon.colcon_core.package_identification:_identify(src/cpp_pubsub) by extension 'ignore_ament_install'
[0.518s] Level 1:colcon.colcon_core.package_identification:_identify(src/cpp_pubsub) by extensions ['colcon_pkg']
[0.518s] Level 1:colcon.colcon_core.package_identification:_identify(src/cpp_pubsub) by extension 'colcon_pkg'
[0.518s] Level 1:colcon.colcon_core.package_identification:_identify(src/cpp_pubsub) by extensions ['colcon_meta']
[0.518s] Level 1:colcon.colcon_core.package_identification:_identify(src/cpp_pubsub) by extension 'colcon_meta'
[0.519s] Level 1:colcon.colcon_core.package_identification:_identify(src/cpp_pubsub) by extensions ['ros']
[0.519s] Level 1:colcon.colcon_core.package_identification:_identify(src/cpp_pubsub) by extension 'ros'
[0.519s] DEBUG:colcon.colcon_core.package_identification:Package 'src/cpp_pubsub' with type 'ros.ament_cmake' and name 'cpp_pubsub'
[0.520s] Level 1:colcon.colcon_core.package_identification:_identify(src/image_modifier_pkg) by extensions ['ignore', 'ignore_ament_install']
[0.520s] Level 1:colcon.colcon_core.package_identification:_identify(src/image_modifier_pkg) by extension 'ignore'
[0.520s] Level 1:colcon.colcon_core.package_identification:_identify(src/image_modifier_pkg) by extension 'ignore_ament_install'
[0.520s] Level 1:colcon.colcon_core.package_identification:_identify(src/image_modifier_pkg) by extensions ['colcon_pkg']
[0.520s] Level 1:colcon.colcon_core.package_identification:_identify(src/image_modifier_pkg) by extension 'colcon_pkg'
[0.520s] Level 1:colcon.colcon_core.package_identification:_identify(src/image_modifier_pkg) by extensions ['colcon_meta']
[0.520s] Level 1:colcon.colcon_core.package_identification:_identify(src/image_modifier_pkg) by extension 'colcon_meta'
[0.520s] Level 1:colcon.colcon_core.package_identification:_identify(src/image_modifier_pkg) by extensions ['ros']
[0.520s] Level 1:colcon.colcon_core.package_identification:_identify(src/image_modifier_pkg) by extension 'ros'
[0.522s] DEBUG:colcon.colcon_core.package_identification:Package 'src/image_modifier_pkg' with type 'ros.ament_cmake' and name 'image_modifier_pkg'
[0.522s] Level 1:colcon.colcon_core.package_identification:_identify(src/laser_processor_pkg) by extensions ['ignore', 'ignore_ament_install']
[0.522s] Level 1:colcon.colcon_core.package_identification:_identify(src/laser_processor_pkg) by extension 'ignore'
[0.522s] Level 1:colcon.colcon_core.package_identification:_identify(src/laser_processor_pkg) by extension 'ignore_ament_install'
[0.522s] Level 1:colcon.colcon_core.package_identification:_identify(src/laser_processor_pkg) by extensions ['colcon_pkg']
[0.522s] Level 1:colcon.colcon_core.package_identification:_identify(src/laser_processor_pkg) by extension 'colcon_pkg'
[0.522s] Level 1:colcon.colcon_core.package_identification:_identify(src/laser_processor_pkg) by extensions ['colcon_meta']
[0.522s] Level 1:colcon.colcon_core.package_identification:_identify(src/laser_processor_pkg) by extension 'colcon_meta'
[0.523s] Level 1:colcon.colcon_core.package_identification:_identify(src/laser_processor_pkg) by extensions ['ros']
[0.523s] Level 1:colcon.colcon_core.package_identification:_identify(src/laser_processor_pkg) by extension 'ros'
[0.524s] DEBUG:colcon.colcon_core.package_identification:Package 'src/laser_processor_pkg' with type 'ros.ament_cmake' and name 'laser_processor_pkg'
[0.524s] Level 1:colcon.colcon_core.package_identification:_identify(src/laser_scan_nth_pkg) by extensions ['ignore', 'ignore_ament_install']
[0.524s] Level 1:colcon.colcon_core.package_identification:_identify(src/laser_scan_nth_pkg) by extension 'ignore'
[0.524s] Level 1:colcon.colcon_core.package_identification:_identify(src/laser_scan_nth_pkg) by extension 'ignore_ament_install'
[0.524s] Level 1:colcon.colcon_core.package_identification:_identify(src/laser_scan_nth_pkg) by extensions ['colcon_pkg']
[0.524s] Level 1:colcon.colcon_core.package_identification:_identify(src/laser_scan_nth_pkg) by extension 'colcon_pkg'
[0.524s] Level 1:colcon.colcon_core.package_identification:_identify(src/laser_scan_nth_pkg) by extensions ['colcon_meta']
[0.524s] Level 1:colcon.colcon_core.package_identification:_identify(src/laser_scan_nth_pkg) by extension 'colcon_meta'
[0.525s] Level 1:colcon.colcon_core.package_identification:_identify(src/laser_scan_nth_pkg) by extensions ['ros']
[0.525s] Level 1:colcon.colcon_core.package_identification:_identify(src/laser_scan_nth_pkg) by extension 'ros'
[0.526s] DEBUG:colcon.colcon_core.package_identification:Package 'src/laser_scan_nth_pkg' with type 'ros.ament_cmake' and name 'laser_scan_nth_pkg'
[0.526s] Level 1:colcon.colcon_core.package_identification:_identify(src/ros_tutorials) by extensions ['ignore', 'ignore_ament_install']
[0.526s] Level 1:colcon.colcon_core.package_identification:_identify(src/ros_tutorials) by extension 'ignore'
[0.526s] Level 1:colcon.colcon_core.package_identification:_identify(src/ros_tutorials) by extension 'ignore_ament_install'
[0.526s] Level 1:colcon.colcon_core.package_identification:_identify(src/ros_tutorials) by extensions ['colcon_pkg']
[0.526s] Level 1:colcon.colcon_core.package_identification:_identify(src/ros_tutorials) by extension 'colcon_pkg'
[0.527s] Level 1:colcon.colcon_core.package_identification:_identify(src/ros_tutorials) by extensions ['colcon_meta']
[0.527s] Level 1:colcon.colcon_core.package_identification:_identify(src/ros_tutorials) by extension 'colcon_meta'
[0.527s] Level 1:colcon.colcon_core.package_identification:_identify(src/ros_tutorials) by extensions ['ros']
[0.527s] Level 1:colcon.colcon_core.package_identification:_identify(src/ros_tutorials) by extension 'ros'
[0.527s] Level 1:colcon.colcon_core.package_identification:_identify(src/ros_tutorials) by extensions ['cmake', 'python']
[0.527s] Level 1:colcon.colcon_core.package_identification:_identify(src/ros_tutorials) by extension 'cmake'
[0.527s] Level 1:colcon.colcon_core.package_identification:_identify(src/ros_tutorials) by extension 'python'
[0.527s] Level 1:colcon.colcon_core.package_identification:_identify(src/ros_tutorials) by extensions ['python_setup_py']
[0.527s] Level 1:colcon.colcon_core.package_identification:_identify(src/ros_tutorials) by extension 'python_setup_py'
[0.527s] Level 1:colcon.colcon_core.package_identification:_identify(src/ros_tutorials/ros_tutorials) by extensions ['ignore', 'ignore_ament_install']
[0.528s] Level 1:colcon.colcon_core.package_identification:_identify(src/ros_tutorials/ros_tutorials) by extension 'ignore'
[0.528s] Level 1:colcon.colcon_core.package_identification:_identify(src/ros_tutorials/ros_tutorials) ignored
[0.528s] Level 1:colcon.colcon_core.package_identification:_identify(src/ros_tutorials/roscpp_tutorials) by extensions ['ignore', 'ignore_ament_install']
[0.528s] Level 1:colcon.colcon_core.package_identification:_identify(src/ros_tutorials/roscpp_tutorials) by extension 'ignore'
[0.528s] Level 1:colcon.colcon_core.package_identification:_identify(src/ros_tutorials/roscpp_tutorials) ignored
[0.528s] Level 1:colcon.colcon_core.package_identification:_identify(src/ros_tutorials/rospy_tutorials) by extensions ['ignore', 'ignore_ament_install']
[0.529s] Level 1:colcon.colcon_core.package_identification:_identify(src/ros_tutorials/rospy_tutorials) by extension 'ignore'
[0.529s] Level 1:colcon.colcon_core.package_identification:_identify(src/ros_tutorials/rospy_tutorials) ignored
[0.529s] Level 1:colcon.colcon_core.package_identification:_identify(src/ros_tutorials/turtlesim) by extensions ['ignore', 'ignore_ament_install']
[0.529s] Level 1:colcon.colcon_core.package_identification:_identify(src/ros_tutorials/turtlesim) by extension 'ignore'
[0.529s] Level 1:colcon.colcon_core.package_identification:_identify(src/ros_tutorials/turtlesim) by extension 'ignore_ament_install'
[0.529s] Level 1:colcon.colcon_core.package_identification:_identify(src/ros_tutorials/turtlesim) by extensions ['colcon_pkg']
[0.529s] Level 1:colcon.colcon_core.package_identification:_identify(src/ros_tutorials/turtlesim) by extension 'colcon_pkg'
[0.529s] Level 1:colcon.colcon_core.package_identification:_identify(src/ros_tutorials/turtlesim) by extensions ['colcon_meta']
[0.529s] Level 1:colcon.colcon_core.package_identification:_identify(src/ros_tutorials/turtlesim) by extension 'colcon_meta'
[0.529s] Level 1:colcon.colcon_core.package_identification:_identify(src/ros_tutorials/turtlesim) by extensions ['ros']
[0.530s] Level 1:colcon.colcon_core.package_identification:_identify(src/ros_tutorials/turtlesim) by extension 'ros'
[0.532s] DEBUG:colcon.colcon_core.package_identification:Package 'src/ros_tutorials/turtlesim' with type 'ros.ament_cmake' and name 'turtlesim'
[0.532s] Level 1:colcon.colcon_core.package_identification:_identify(src/turtlebot3) by extensions ['ignore', 'ignore_ament_install']
[0.532s] Level 1:colcon.colcon_core.package_identification:_identify(src/turtlebot3) by extension 'ignore'
[0.532s] Level 1:colcon.colcon_core.package_identification:_identify(src/turtlebot3) by extension 'ignore_ament_install'
[0.532s] Level 1:colcon.colcon_core.package_identification:_identify(src/turtlebot3) by extensions ['colcon_pkg']
[0.532s] Level 1:colcon.colcon_core.package_identification:_identify(src/turtlebot3) by extension 'colcon_pkg'
[0.532s] Level 1:colcon.colcon_core.package_identification:_identify(src/turtlebot3) by extensions ['colcon_meta']
[0.532s] Level 1:colcon.colcon_core.package_identification:_identify(src/turtlebot3) by extension 'colcon_meta'
[0.532s] Level 1:colcon.colcon_core.package_identification:_identify(src/turtlebot3) by extensions ['ros']
[0.533s] Level 1:colcon.colcon_core.package_identification:_identify(src/turtlebot3) by extension 'ros'
[0.533s] Level 1:colcon.colcon_core.package_identification:_identify(src/turtlebot3) by extensions ['cmake', 'python']
[0.533s] Level 1:colcon.colcon_core.package_identification:_identify(src/turtlebot3) by extension 'cmake'
[0.533s] Level 1:colcon.colcon_core.package_identification:_identify(src/turtlebot3) by extension 'python'
[0.533s] Level 1:colcon.colcon_core.package_identification:_identify(src/turtlebot3) by extensions ['python_setup_py']
[0.533s] Level 1:colcon.colcon_core.package_identification:_identify(src/turtlebot3) by extension 'python_setup_py'
[0.533s] Level 1:colcon.colcon_core.package_identification:_identify(src/turtlebot3/turtlebot3) by extensions ['ignore', 'ignore_ament_install']
[0.533s] Level 1:colcon.colcon_core.package_identification:_identify(src/turtlebot3/turtlebot3) by extension 'ignore'
[0.533s] Level 1:colcon.colcon_core.package_identification:_identify(src/turtlebot3/turtlebot3) by extension 'ignore_ament_install'
[0.533s] Level 1:colcon.colcon_core.package_identification:_identify(src/turtlebot3/turtlebot3) by extensions ['colcon_pkg']
[0.534s] Level 1:colcon.colcon_core.package_identification:_identify(src/turtlebot3/turtlebot3) by extension 'colcon_pkg'
[0.534s] Level 1:colcon.colcon_core.package_identification:_identify(src/turtlebot3/turtlebot3) by extensions ['colcon_meta']
[0.534s] Level 1:colcon.colcon_core.package_identification:_identify(src/turtlebot3/turtlebot3) by extension 'colcon_meta'
[0.534s] Level 1:colcon.colcon_core.package_identification:_identify(src/turtlebot3/turtlebot3) by extensions ['ros']
[0.534s] Level 1:colcon.colcon_core.package_identification:_identify(src/turtlebot3/turtlebot3) by extension 'ros'
[0.535s] DEBUG:colcon.colcon_core.package_identification:Package 'src/turtlebot3/turtlebot3' with type 'ros.ament_cmake' and name 'turtlebot3'
[0.535s] Level 1:colcon.colcon_core.package_identification:_identify(src/turtlebot3/turtlebot3_bringup) by extensions ['ignore', 'ignore_ament_install']
[0.535s] Level 1:colcon.colcon_core.package_identification:_identify(src/turtlebot3/turtlebot3_bringup) by extension 'ignore'
[0.536s] Level 1:colcon.colcon_core.package_identification:_identify(src/turtlebot3/turtlebot3_bringup) by extension 'ignore_ament_install'
[0.536s] Level 1:colcon.colcon_core.package_identification:_identify(src/turtlebot3/turtlebot3_bringup) by extensions ['colcon_pkg']
[0.536s] Level 1:colcon.colcon_core.package_identification:_identify(src/turtlebot3/turtlebot3_bringup) by extension 'colcon_pkg'
[0.536s] Level 1:colcon.colcon_core.package_identification:_identify(src/turtlebot3/turtlebot3_bringup) by extensions ['colcon_meta']
[0.536s] Level 1:colcon.colcon_core.package_identification:_identify(src/turtlebot3/turtlebot3_bringup) by extension 'colcon_meta'
[0.536s] Level 1:colcon.colcon_core.package_identification:_identify(src/turtlebot3/turtlebot3_bringup) by extensions ['ros']
[0.536s] Level 1:colcon.colcon_core.package_identification:_identify(src/turtlebot3/turtlebot3_bringup) by extension 'ros'
[0.537s] DEBUG:colcon.colcon_core.package_identification:Package 'src/turtlebot3/turtlebot3_bringup' with type 'ros.ament_cmake' and name 'turtlebot3_bringup'
[0.537s] Level 1:colcon.colcon_core.package_identification:_identify(src/turtlebot3/turtlebot3_cartographer) by extensions ['ignore', 'ignore_ament_install']
[0.538s] Level 1:colcon.colcon_core.package_identification:_identify(src/turtlebot3/turtlebot3_cartographer) by extension 'ignore'
[0.538s] Level 1:colcon.colcon_core.package_identification:_identify(src/turtlebot3/turtlebot3_cartographer) by extension 'ignore_ament_install'
[0.538s] Level 1:colcon.colcon_core.package_identification:_identify(src/turtlebot3/turtlebot3_cartographer) by extensions ['colcon_pkg']
[0.538s] Level 1:colcon.colcon_core.package_identification:_identify(src/turtlebot3/turtlebot3_cartographer) by extension 'colcon_pkg'
[0.538s] Level 1:colcon.colcon_core.package_identification:_identify(src/turtlebot3/turtlebot3_cartographer) by extensions ['colcon_meta']
[0.538s] Level 1:colcon.colcon_core.package_identification:_identify(src/turtlebot3/turtlebot3_cartographer) by extension 'colcon_meta'
[0.538s] Level 1:colcon.colcon_core.package_identification:_identify(src/turtlebot3/turtlebot3_cartographer) by extensions ['ros']
[0.538s] Level 1:colcon.colcon_core.package_identification:_identify(src/turtlebot3/turtlebot3_cartographer) by extension 'ros'
[0.539s] DEBUG:colcon.colcon_core.package_identification:Package 'src/turtlebot3/turtlebot3_cartographer' with type 'ros.ament_cmake' and name 'turtlebot3_cartographer'
[0.539s] Level 1:colcon.colcon_core.package_identification:_identify(src/turtlebot3/turtlebot3_description) by extensions ['ignore', 'ignore_ament_install']
[0.539s] Level 1:colcon.colcon_core.package_identification:_identify(src/turtlebot3/turtlebot3_description) by extension 'ignore'
[0.540s] Level 1:colcon.colcon_core.package_identification:_identify(src/turtlebot3/turtlebot3_description) by extension 'ignore_ament_install'
[0.540s] Level 1:colcon.colcon_core.package_identification:_identify(src/turtlebot3/turtlebot3_description) by extensions ['colcon_pkg']
[0.540s] Level 1:colcon.colcon_core.package_identification:_identify(src/turtlebot3/turtlebot3_description) by extension 'colcon_pkg'
[0.540s] Level 1:colcon.colcon_core.package_identification:_identify(src/turtlebot3/turtlebot3_description) by extensions ['colcon_meta']
[0.540s] Level 1:colcon.colcon_core.package_identification:_identify(src/turtlebot3/turtlebot3_description) by extension 'colcon_meta'
[0.540s] Level 1:colcon.colcon_core.package_identification:_identify(src/turtlebot3/turtlebot3_description) by extensions ['ros']
[0.540s] Level 1:colcon.colcon_core.package_identification:_identify(src/turtlebot3/turtlebot3_description) by extension 'ros'
[0.541s] DEBUG:colcon.colcon_core.package_identification:Package 'src/turtlebot3/turtlebot3_description' with type 'ros.ament_cmake' and name 'turtlebot3_description'
[0.541s] Level 1:colcon.colcon_core.package_identification:_identify(src/turtlebot3/turtlebot3_example) by extensions ['ignore', 'ignore_ament_install']
[0.541s] Level 1:colcon.colcon_core.package_identification:_identify(src/turtlebot3/turtlebot3_example) by extension 'ignore'
[0.542s] Level 1:colcon.colcon_core.package_identification:_identify(src/turtlebot3/turtlebot3_example) by extension 'ignore_ament_install'
[0.542s] Level 1:colcon.colcon_core.package_identification:_identify(src/turtlebot3/turtlebot3_example) by extensions ['colcon_pkg']
[0.542s] Level 1:colcon.colcon_core.package_identification:_identify(src/turtlebot3/turtlebot3_example) by extension 'colcon_pkg'
[0.542s] Level 1:colcon.colcon_core.package_identification:_identify(src/turtlebot3/turtlebot3_example) by extensions ['colcon_meta']
[0.542s] Level 1:colcon.colcon_core.package_identification:_identify(src/turtlebot3/turtlebot3_example) by extension 'colcon_meta'
[0.542s] Level 1:colcon.colcon_core.package_identification:_identify(src/turtlebot3/turtlebot3_example) by extensions ['ros']
[0.542s] Level 1:colcon.colcon_core.package_identification:_identify(src/turtlebot3/turtlebot3_example) by extension 'ros'
[0.543s] DEBUG:colcon.colcon_core.package_identification:Package 'src/turtlebot3/turtlebot3_example' with type 'ros.ament_python' and name 'turtlebot3_example'
[0.544s] Level 1:colcon.colcon_core.package_identification:_identify(src/turtlebot3/turtlebot3_navigation2) by extensions ['ignore', 'ignore_ament_install']
[0.544s] Level 1:colcon.colcon_core.package_identification:_identify(src/turtlebot3/turtlebot3_navigation2) by extension 'ignore'
[0.544s] Level 1:colcon.colcon_core.package_identification:_identify(src/turtlebot3/turtlebot3_navigation2) by extension 'ignore_ament_install'
[0.544s] Level 1:colcon.colcon_core.package_identification:_identify(src/turtlebot3/turtlebot3_navigation2) by extensions ['colcon_pkg']
[0.544s] Level 1:colcon.colcon_core.package_identification:_identify(src/turtlebot3/turtlebot3_navigation2) by extension 'colcon_pkg'
[0.544s] Level 1:colcon.colcon_core.package_identification:_identify(src/turtlebot3/turtlebot3_navigation2) by extensions ['colcon_meta']
[0.544s] Level 1:colcon.colcon_core.package_identification:_identify(src/turtlebot3/turtlebot3_navigation2) by extension 'colcon_meta'
[0.544s] Level 1:colcon.colcon_core.package_identification:_identify(src/turtlebot3/turtlebot3_navigation2) by extensions ['ros']
[0.544s] Level 1:colcon.colcon_core.package_identification:_identify(src/turtlebot3/turtlebot3_navigation2) by extension 'ros'
[0.547s] DEBUG:colcon.colcon_core.package_identification:Package 'src/turtlebot3/turtlebot3_navigation2' with type 'ros.ament_cmake' and name 'turtlebot3_navigation2'
[0.548s] Level 1:colcon.colcon_core.package_identification:_identify(src/turtlebot3/turtlebot3_node) by extensions ['ignore', 'ignore_ament_install']
[0.548s] Level 1:colcon.colcon_core.package_identification:_identify(src/turtlebot3/turtlebot3_node) by extension 'ignore'
[0.548s] Level 1:colcon.colcon_core.package_identification:_identify(src/turtlebot3/turtlebot3_node) by extension 'ignore_ament_install'
[0.548s] Level 1:colcon.colcon_core.package_identification:_identify(src/turtlebot3/turtlebot3_node) by extensions ['colcon_pkg']
[0.548s] Level 1:colcon.colcon_core.package_identification:_identify(src/turtlebot3/turtlebot3_node) by extension 'colcon_pkg'
[0.548s] Level 1:colcon.colcon_core.package_identification:_identify(src/turtlebot3/turtlebot3_node) by extensions ['colcon_meta']
[0.548s] Level 1:colcon.colcon_core.package_identification:_identify(src/turtlebot3/turtlebot3_node) by extension 'colcon_meta'
[0.548s] Level 1:colcon.colcon_core.package_identification:_identify(src/turtlebot3/turtlebot3_node) by extensions ['ros']
[0.548s] Level 1:colcon.colcon_core.package_identification:_identify(src/turtlebot3/turtlebot3_node) by extension 'ros'
[0.551s] DEBUG:colcon.colcon_core.package_identification:Package 'src/turtlebot3/turtlebot3_node' with type 'ros.ament_cmake' and name 'turtlebot3_node'
[0.551s] Level 1:colcon.colcon_core.package_identification:_identify(src/turtlebot3/turtlebot3_teleop) by extensions ['ignore', 'ignore_ament_install']
[0.551s] Level 1:colcon.colcon_core.package_identification:_identify(src/turtlebot3/turtlebot3_teleop) by extension 'ignore'
[0.551s] Level 1:colcon.colcon_core.package_identification:_identify(src/turtlebot3/turtlebot3_teleop) by extension 'ignore_ament_install'
[0.551s] Level 1:colcon.colcon_core.package_identification:_identify(src/turtlebot3/turtlebot3_teleop) by extensions ['colcon_pkg']
[0.552s] Level 1:colcon.colcon_core.package_identification:_identify(src/turtlebot3/turtlebot3_teleop) by extension 'colcon_pkg'
[0.552s] Level 1:colcon.colcon_core.package_identification:_identify(src/turtlebot3/turtlebot3_teleop) by extensions ['colcon_meta']
[0.552s] Level 1:colcon.colcon_core.package_identification:_identify(src/turtlebot3/turtlebot3_teleop) by extension 'colcon_meta'
[0.552s] Level 1:colcon.colcon_core.package_identification:_identify(src/turtlebot3/turtlebot3_teleop) by extensions ['ros']
[0.552s] Level 1:colcon.colcon_core.package_identification:_identify(src/turtlebot3/turtlebot3_teleop) by extension 'ros'
[0.553s] DEBUG:colcon.colcon_core.package_identification:Package 'src/turtlebot3/turtlebot3_teleop' with type 'ros.ament_python' and name 'turtlebot3_teleop'
[0.558s] Level 1:colcon.colcon_core.package_identification:_identify(src/turtlebot3_msgs) by extensions ['ignore', 'ignore_ament_install']
[0.559s] Level 1:colcon.colcon_core.package_identification:_identify(src/turtlebot3_msgs) by extension 'ignore'
[0.559s] Level 1:colcon.colcon_core.package_identification:_identify(src/turtlebot3_msgs) by extension 'ignore_ament_install'
[0.559s] Level 1:colcon.colcon_core.package_identification:_identify(src/turtlebot3_msgs) by extensions ['colcon_pkg']
[0.559s] Level 1:colcon.colcon_core.package_identification:_identify(src/turtlebot3_msgs) by extension 'colcon_pkg'
[0.559s] Level 1:colcon.colcon_core.package_identification:_identify(src/turtlebot3_msgs) by extensions ['colcon_meta']
[0.559s] Level 1:colcon.colcon_core.package_identification:_identify(src/turtlebot3_msgs) by extension 'colcon_meta'
[0.559s] Level 1:colcon.colcon_core.package_identification:_identify(src/turtlebot3_msgs) by extensions ['ros']
[0.559s] Level 1:colcon.colcon_core.package_identification:_identify(src/turtlebot3_msgs) by extension 'ros'
[0.560s] DEBUG:colcon.colcon_core.package_identification:Package 'src/turtlebot3_msgs' with type 'ros.ament_cmake' and name 'turtlebot3_msgs'
[0.560s] Level 1:colcon.colcon_core.package_identification:_identify(src/turtlebot3_simulations) by extensions ['ignore', 'ignore_ament_install']
[0.560s] Level 1:colcon.colcon_core.package_identification:_identify(src/turtlebot3_simulations) by extension 'ignore'
[0.560s] Level 1:colcon.colcon_core.package_identification:_identify(src/turtlebot3_simulations) by extension 'ignore_ament_install'
[0.561s] Level 1:colcon.colcon_core.package_identification:_identify(src/turtlebot3_simulations) by extensions ['colcon_pkg']
[0.561s] Level 1:colcon.colcon_core.package_identification:_identify(src/turtlebot3_simulations) by extension 'colcon_pkg'
[0.561s] Level 1:colcon.colcon_core.package_identification:_identify(src/turtlebot3_simulations) by extensions ['colcon_meta']
[0.561s] Level 1:colcon.colcon_core.package_identification:_identify(src/turtlebot3_simulations) by extension 'colcon_meta'
[0.561s] Level 1:colcon.colcon_core.package_identification:_identify(src/turtlebot3_simulations) by extensions ['ros']
[0.561s] Level 1:colcon.colcon_core.package_identification:_identify(src/turtlebot3_simulations) by extension 'ros'
[0.561s] Level 1:colcon.colcon_core.package_identification:_identify(src/turtlebot3_simulations) by extensions ['cmake', 'python']
[0.561s] Level 1:colcon.colcon_core.package_identification:_identify(src/turtlebot3_simulations) by extension 'cmake'
[0.561s] Level 1:colcon.colcon_core.package_identification:_identify(src/turtlebot3_simulations) by extension 'python'
[0.561s] Level 1:colcon.colcon_core.package_identification:_identify(src/turtlebot3_simulations) by extensions ['python_setup_py']
[0.561s] Level 1:colcon.colcon_core.package_identification:_identify(src/turtlebot3_simulations) by extension 'python_setup_py'
[0.561s] Level 1:colcon.colcon_core.package_identification:_identify(src/turtlebot3_simulations/turtlebot3_fake_node) by extensions ['ignore', 'ignore_ament_install']
[0.562s] Level 1:colcon.colcon_core.package_identification:_identify(src/turtlebot3_simulations/turtlebot3_fake_node) by extension 'ignore'
[0.562s] Level 1:colcon.colcon_core.package_identification:_identify(src/turtlebot3_simulations/turtlebot3_fake_node) by extension 'ignore_ament_install'
[0.562s] Level 1:colcon.colcon_core.package_identification:_identify(src/turtlebot3_simulations/turtlebot3_fake_node) by extensions ['colcon_pkg']
[0.562s] Level 1:colcon.colcon_core.package_identification:_identify(src/turtlebot3_simulations/turtlebot3_fake_node) by extension 'colcon_pkg'
[0.562s] Level 1:colcon.colcon_core.package_identification:_identify(src/turtlebot3_simulations/turtlebot3_fake_node) by extensions ['colcon_meta']
[0.562s] Level 1:colcon.colcon_core.package_identification:_identify(src/turtlebot3_simulations/turtlebot3_fake_node) by extension 'colcon_meta'
[0.562s] Level 1:colcon.colcon_core.package_identification:_identify(src/turtlebot3_simulations/turtlebot3_fake_node) by extensions ['ros']
[0.562s] Level 1:colcon.colcon_core.package_identification:_identify(src/turtlebot3_simulations/turtlebot3_fake_node) by extension 'ros'
[0.586s] DEBUG:colcon.colcon_core.package_identification:Package 'src/turtlebot3_simulations/turtlebot3_fake_node' with type 'ros.ament_cmake' and name 'turtlebot3_fake_node'
[0.587s] Level 1:colcon.colcon_core.package_identification:_identify(src/turtlebot3_simulations/turtlebot3_gazebo) by extensions ['ignore', 'ignore_ament_install']
[0.587s] Level 1:colcon.colcon_core.package_identification:_identify(src/turtlebot3_simulations/turtlebot3_gazebo) by extension 'ignore'
[0.587s] Level 1:colcon.colcon_core.package_identification:_identify(src/turtlebot3_simulations/turtlebot3_gazebo) by extension 'ignore_ament_install'
[0.587s] Level 1:colcon.colcon_core.package_identification:_identify(src/turtlebot3_simulations/turtlebot3_gazebo) by extensions ['colcon_pkg']
[0.587s] Level 1:colcon.colcon_core.package_identification:_identify(src/turtlebot3_simulations/turtlebot3_gazebo) by extension 'colcon_pkg'
[0.587s] Level 1:colcon.colcon_core.package_identification:_identify(src/turtlebot3_simulations/turtlebot3_gazebo) by extensions ['colcon_meta']
[0.587s] Level 1:colcon.colcon_core.package_identification:_identify(src/turtlebot3_simulations/turtlebot3_gazebo) by extension 'colcon_meta'
[0.588s] Level 1:colcon.colcon_core.package_identification:_identify(src/turtlebot3_simulations/turtlebot3_gazebo) by extensions ['ros']
[0.588s] Level 1:colcon.colcon_core.package_identification:_identify(src/turtlebot3_simulations/turtlebot3_gazebo) by extension 'ros'
[0.590s] DEBUG:colcon.colcon_core.package_identification:Package 'src/turtlebot3_simulations/turtlebot3_gazebo' with type 'ros.ament_cmake' and name 'turtlebot3_gazebo'
[0.590s] Level 1:colcon.colcon_core.package_identification:_identify(src/turtlebot3_simulations/turtlebot3_simulations) by extensions ['ignore', 'ignore_ament_install']
[0.591s] Level 1:colcon.colcon_core.package_identification:_identify(src/turtlebot3_simulations/turtlebot3_simulations) by extension 'ignore'
[0.591s] Level 1:colcon.colcon_core.package_identification:_identify(src/turtlebot3_simulations/turtlebot3_simulations) by extension 'ignore_ament_install'
[0.591s] Level 1:colcon.colcon_core.package_identification:_identify(src/turtlebot3_simulations/turtlebot3_simulations) by extensions ['colcon_pkg']
[0.591s] Level 1:colcon.colcon_core.package_identification:_identify(src/turtlebot3_simulations/turtlebot3_simulations) by extension 'colcon_pkg'
[0.591s] Level 1:colcon.colcon_core.package_identification:_identify(src/turtlebot3_simulations/turtlebot3_simulations) by extensions ['colcon_meta']
[0.591s] Level 1:colcon.colcon_core.package_identification:_identify(src/turtlebot3_simulations/turtlebot3_simulations) by extension 'colcon_meta'
[0.591s] Level 1:colcon.colcon_core.package_identification:_identify(src/turtlebot3_simulations/turtlebot3_simulations) by extensions ['ros']
[0.591s] Level 1:colcon.colcon_core.package_identification:_identify(src/turtlebot3_simulations/turtlebot3_simulations) by extension 'ros'
[0.592s] DEBUG:colcon.colcon_core.package_identification:Package 'src/turtlebot3_simulations/turtlebot3_simulations' with type 'ros.ament_cmake' and name 'turtlebot3_simulations'
[0.592s] Level 1:colcon.colcon_core.package_discovery:discover_packages(recursive) using defaults
[0.593s] Level 1:colcon.colcon_core.package_discovery:discover_packages(ignore) discover
[0.593s] Level 1:colcon.colcon_core.package_discovery:discover_packages(ignore) using defaults
[0.593s] Level 1:colcon.colcon_core.package_discovery:discover_packages(path) discover
[0.593s] Level 1:colcon.colcon_core.package_discovery:discover_packages(path) using defaults
[0.637s] INFO:colcon.colcon_core.package_selection:Skipping not selected package 'cpp_pubsub' in 'src/cpp_pubsub'
[0.637s] INFO:colcon.colcon_core.package_selection:Skipping not selected package 'dynamixel_sdk' in 'src/DynamixelSDK/dynamixel_sdk'
[0.637s] INFO:colcon.colcon_core.package_selection:Skipping not selected package 'dynamixel_sdk_custom_interfaces' in 'src/DynamixelSDK/dynamixel_sdk_custom_interfaces'
[0.637s] INFO:colcon.colcon_core.package_selection:Skipping not selected package 'image_modifier_pkg' in 'src/image_modifier_pkg'
[0.638s] INFO:colcon.colcon_core.package_selection:Skipping not selected package 'laser_processor_pkg' in 'src/laser_processor_pkg'
[0.638s] INFO:colcon.colcon_core.package_selection:Skipping not selected package 'turtlebot3_cartographer' in 'src/turtlebot3/turtlebot3_cartographer'
[0.638s] INFO:colcon.colcon_core.package_selection:Skipping not selected package 'turtlebot3_description' in 'src/turtlebot3/turtlebot3_description'
[0.638s] INFO:colcon.colcon_core.package_selection:Skipping not selected package 'turtlebot3_gazebo' in 'src/turtlebot3_simulations/turtlebot3_gazebo'
[0.638s] INFO:colcon.colcon_core.package_selection:Skipping not selected package 'turtlebot3_msgs' in 'src/turtlebot3_msgs'
[0.638s] INFO:colcon.colcon_core.package_selection:Skipping not selected package 'turtlebot3_navigation2' in 'src/turtlebot3/turtlebot3_navigation2'
[0.638s] INFO:colcon.colcon_core.package_selection:Skipping not selected package 'turtlebot3_teleop' in 'src/turtlebot3/turtlebot3_teleop'
[0.638s] INFO:colcon.colcon_core.package_selection:Skipping not selected package 'turtlesim' in 'src/ros_tutorials/turtlesim'
[0.638s] INFO:colcon.colcon_core.package_selection:Skipping not selected package 'dynamixel_sdk_examples' in 'src/DynamixelSDK/dynamixel_sdk_examples'
[0.638s] INFO:colcon.colcon_core.package_selection:Skipping not selected package 'turtlebot3_example' in 'src/turtlebot3/turtlebot3_example'
[0.638s] INFO:colcon.colcon_core.package_selection:Skipping not selected package 'turtlebot3_fake_node' in 'src/turtlebot3_simulations/turtlebot3_fake_node'
[0.638s] INFO:colcon.colcon_core.package_selection:Skipping not selected package 'turtlebot3_node' in 'src/turtlebot3/turtlebot3_node'
[0.638s] INFO:colcon.colcon_core.package_selection:Skipping not selected package 'turtlebot3_bringup' in 'src/turtlebot3/turtlebot3_bringup'
[0.638s] INFO:colcon.colcon_core.package_selection:Skipping not selected package 'turtlebot3_simulations' in 'src/turtlebot3_simulations/turtlebot3_simulations'
[0.638s] INFO:colcon.colcon_core.package_selection:Skipping not selected package 'turtlebot3' in 'src/turtlebot3/turtlebot3'
[0.639s] Level 1:colcon.colcon_core.package_discovery:discover_packages(prefix_path) check parameters
[0.639s] Level 1:colcon.colcon_core.package_discovery:discover_packages(prefix_path) discover
[0.643s] DEBUG:colcon.colcon_installed_package_information.package_discovery:Found 20 installed packages in /home/student/ros2_ws/install
[0.645s] DEBUG:colcon.colcon_installed_package_information.package_discovery:Found 371 installed packages in /opt/ros/humble
[0.650s] Level 1:colcon.colcon_core.package_discovery:discover_packages(prefix_path) using defaults
[0.736s] Level 5:colcon.colcon_core.verb:set package 'laser_scan_nth_pkg' build argument 'cmake_args' from command line to 'None'
[0.736s] Level 5:colcon.colcon_core.verb:set package 'laser_scan_nth_pkg' build argument 'cmake_target' from command line to 'None'
[0.736s] Level 5:colcon.colcon_core.verb:set package 'laser_scan_nth_pkg' build argument 'cmake_target_skip_unavailable' from command line to 'False'
[0.736s] Level 5:colcon.colcon_core.verb:set package 'laser_scan_nth_pkg' build argument 'cmake_clean_cache' from command line to 'False'
[0.736s] Level 5:colcon.colcon_core.verb:set package 'laser_scan_nth_pkg' build argument 'cmake_clean_first' from command line to 'False'
[0.736s] Level 5:colcon.colcon_core.verb:set package 'laser_scan_nth_pkg' build argument 'cmake_force_configure' from command line to 'False'
[0.736s] Level 5:colcon.colcon_core.verb:set package 'laser_scan_nth_pkg' build argument 'ament_cmake_args' from command line to 'None'
[0.736s] Level 5:colcon.colcon_core.verb:set package 'laser_scan_nth_pkg' build argument 'catkin_cmake_args' from command line to 'None'
[0.736s] Level 5:colcon.colcon_core.verb:set package 'laser_scan_nth_pkg' build argument 'catkin_skip_building_tests' from command line to 'False'
[0.737s] DEBUG:colcon.colcon_core.verb:Building package 'laser_scan_nth_pkg' with the following arguments: {'ament_cmake_args': None, 'build_base': '/home/student/ros2_ws/build/laser_scan_nth_pkg', 'catkin_cmake_args': None, 'catkin_skip_building_tests': False, 'cmake_args': None, 'cmake_clean_cache': False, 'cmake_clean_first': False, 'cmake_force_configure': False, 'cmake_target': None, 'cmake_target_skip_unavailable': False, 'install_base': '/home/student/ros2_ws/install/laser_scan_nth_pkg', 'merge_install': False, 'path': '/home/student/ros2_ws/src/laser_scan_nth_pkg', 'symlink_install': False, 'test_result_base': None}
[0.737s] INFO:colcon.colcon_core.executor:Executing jobs using 'parallel' executor
[0.739s] DEBUG:colcon.colcon_parallel_executor.executor.parallel:run_until_complete
[0.739s] INFO:colcon.colcon_ros.task.ament_cmake.build:Building ROS package in '/home/student/ros2_ws/src/laser_scan_nth_pkg' with build type 'ament_cmake'
[0.739s] INFO:colcon.colcon_cmake.task.cmake.build:Building CMake package in '/home/student/ros2_ws/src/laser_scan_nth_pkg'
[0.742s] INFO:colcon.colcon_core.plugin_system:Skipping extension 'colcon_core.shell.bat': Not used on non-Windows systems
[0.742s] INFO:colcon.colcon_core.shell:Skip shell extension 'powershell' for command environment: Not usable outside of PowerShell
[0.743s] DEBUG:colcon.colcon_core.shell:Skip shell extension 'dsv' for command environment
[0.790s] DEBUG:colcon.colcon_core.event_handler.log_command:Invoking command in '/home/student/ros2_ws/build/laser_scan_nth_pkg': CMAKE_PREFIX_PATH=${CMAKE_PREFIX_PATH}:/home/student/ros2_ws/install/turtlebot3_teleop:/home/student/ros2_ws/install/turtlebot3_example:/opt/ros/humble /usr/bin/cmake --build /home/student/ros2_ws/build/laser_scan_nth_pkg -- -j8 -l8
[16.106s] DEBUG:colcon.colcon_core.event_handler.log_command:Invoked command in '/home/student/ros2_ws/build/laser_scan_nth_pkg' returned '0': CMAKE_PREFIX_PATH=${CMAKE_PREFIX_PATH}:/home/student/ros2_ws/install/turtlebot3_teleop:/home/student/ros2_ws/install/turtlebot3_example:/opt/ros/humble /usr/bin/cmake --build /home/student/ros2_ws/build/laser_scan_nth_pkg -- -j8 -l8
[16.194s] DEBUG:colcon.colcon_core.event_handler.log_command:Invoking command in '/home/student/ros2_ws/build/laser_scan_nth_pkg': CMAKE_PREFIX_PATH=${CMAKE_PREFIX_PATH}:/home/student/ros2_ws/install/turtlebot3_teleop:/home/student/ros2_ws/install/turtlebot3_example:/opt/ros/humble /usr/bin/cmake --install /home/student/ros2_ws/build/laser_scan_nth_pkg
[16.238s] Level 1:colcon.colcon_core.environment:create_environment_scripts_only(laser_scan_nth_pkg)
[16.242s] Level 1:colcon.colcon_core.environment:checking '/home/student/ros2_ws/install/laser_scan_nth_pkg' for CMake module files
[16.242s] DEBUG:colcon.colcon_core.event_handler.log_command:Invoked command in '/home/student/ros2_ws/build/laser_scan_nth_pkg' returned '0': CMAKE_PREFIX_PATH=${CMAKE_PREFIX_PATH}:/home/student/ros2_ws/install/turtlebot3_teleop:/home/student/ros2_ws/install/turtlebot3_example:/opt/ros/humble /usr/bin/cmake --install /home/student/ros2_ws/build/laser_scan_nth_pkg
[16.243s] Level 1:colcon.colcon_core.environment:checking '/home/student/ros2_ws/install/laser_scan_nth_pkg' for CMake config files
[16.244s] Level 1:colcon.colcon_core.shell:create_environment_hook('laser_scan_nth_pkg', 'cmake_prefix_path')
[16.245s] INFO:colcon.colcon_core.shell:Creating environment hook '/home/student/ros2_ws/install/laser_scan_nth_pkg/share/laser_scan_nth_pkg/hook/cmake_prefix_path.ps1'
[16.246s] INFO:colcon.colcon_core.shell:Creating environment descriptor '/home/student/ros2_ws/install/laser_scan_nth_pkg/share/laser_scan_nth_pkg/hook/cmake_prefix_path.dsv'
[16.247s] INFO:colcon.colcon_core.shell:Creating environment hook '/home/student/ros2_ws/install/laser_scan_nth_pkg/share/laser_scan_nth_pkg/hook/cmake_prefix_path.sh'
[16.248s] Level 1:colcon.colcon_core.environment:checking '/home/student/ros2_ws/install/laser_scan_nth_pkg/lib'
[16.249s] Level 1:colcon.colcon_core.environment:checking '/home/student/ros2_ws/install/laser_scan_nth_pkg/bin'
[16.249s] Level 1:colcon.colcon_core.environment:checking '/home/student/ros2_ws/install/laser_scan_nth_pkg/lib/pkgconfig/laser_scan_nth_pkg.pc'
[16.249s] Level 1:colcon.colcon_core.environment:checking '/home/student/ros2_ws/install/laser_scan_nth_pkg/lib/python3.10/site-packages'
[16.249s] Level 1:colcon.colcon_core.environment:checking '/home/student/ros2_ws/install/laser_scan_nth_pkg/bin'
[16.250s] INFO:colcon.colcon_core.shell:Creating package script '/home/student/ros2_ws/install/laser_scan_nth_pkg/share/laser_scan_nth_pkg/package.ps1'
[16.252s] INFO:colcon.colcon_core.shell:Creating package descriptor '/home/student/ros2_ws/install/laser_scan_nth_pkg/share/laser_scan_nth_pkg/package.dsv'
[16.252s] INFO:colcon.colcon_core.shell:Creating package script '/home/student/ros2_ws/install/laser_scan_nth_pkg/share/laser_scan_nth_pkg/package.sh'
[16.254s] INFO:colcon.colcon_core.shell:Creating package script '/home/student/ros2_ws/install/laser_scan_nth_pkg/share/laser_scan_nth_pkg/package.bash'
[16.255s] INFO:colcon.colcon_core.shell:Creating package script '/home/student/ros2_ws/install/laser_scan_nth_pkg/share/laser_scan_nth_pkg/package.zsh'
[16.256s] Level 1:colcon.colcon_core.environment:create_file_with_runtime_dependencies(/home/student/ros2_ws/install/laser_scan_nth_pkg/share/colcon-core/packages/laser_scan_nth_pkg)
[16.342s] Level 1:colcon.colcon_core.environment:create_environment_scripts_only(laser_scan_nth_pkg)
[16.343s] Level 1:colcon.colcon_core.environment:checking '/home/student/ros2_ws/install/laser_scan_nth_pkg' for CMake module files
[16.343s] Level 1:colcon.colcon_core.environment:checking '/home/student/ros2_ws/install/laser_scan_nth_pkg' for CMake config files
[16.344s] Level 1:colcon.colcon_core.shell:create_environment_hook('laser_scan_nth_pkg', 'cmake_prefix_path')
[16.344s] INFO:colcon.colcon_core.shell:Creating environment hook '/home/student/ros2_ws/install/laser_scan_nth_pkg/share/laser_scan_nth_pkg/hook/cmake_prefix_path.ps1'
[16.345s] INFO:colcon.colcon_core.shell:Creating environment descriptor '/home/student/ros2_ws/install/laser_scan_nth_pkg/share/laser_scan_nth_pkg/hook/cmake_prefix_path.dsv'
[16.345s] INFO:colcon.colcon_core.shell:Creating environment hook '/home/student/ros2_ws/install/laser_scan_nth_pkg/share/laser_scan_nth_pkg/hook/cmake_prefix_path.sh'
[16.346s] Level 1:colcon.colcon_core.environment:checking '/home/student/ros2_ws/install/laser_scan_nth_pkg/lib'
[16.346s] Level 1:colcon.colcon_core.environment:checking '/home/student/ros2_ws/install/laser_scan_nth_pkg/bin'
[16.346s] Level 1:colcon.colcon_core.environment:checking '/home/student/ros2_ws/install/laser_scan_nth_pkg/lib/pkgconfig/laser_scan_nth_pkg.pc'
[16.347s] Level 1:colcon.colcon_core.environment:checking '/home/student/ros2_ws/install/laser_scan_nth_pkg/lib/python3.10/site-packages'
[16.347s] Level 1:colcon.colcon_core.environment:checking '/home/student/ros2_ws/install/laser_scan_nth_pkg/bin'
[16.348s] INFO:colcon.colcon_core.shell:Creating package script '/home/student/ros2_ws/install/laser_scan_nth_pkg/share/laser_scan_nth_pkg/package.ps1'
[16.349s] INFO:colcon.colcon_core.shell:Creating package descriptor '/home/student/ros2_ws/install/laser_scan_nth_pkg/share/laser_scan_nth_pkg/package.dsv'
[16.349s] INFO:colcon.colcon_core.shell:Creating package script '/home/student/ros2_ws/install/laser_scan_nth_pkg/share/laser_scan_nth_pkg/package.sh'
[16.350s] INFO:colcon.colcon_core.shell:Creating package script '/home/student/ros2_ws/install/laser_scan_nth_pkg/share/laser_scan_nth_pkg/package.bash'
[16.351s] INFO:colcon.colcon_core.shell:Creating package script '/home/student/ros2_ws/install/laser_scan_nth_pkg/share/laser_scan_nth_pkg/package.zsh'
[16.351s] Level 1:colcon.colcon_core.environment:create_file_with_runtime_dependencies(/home/student/ros2_ws/install/laser_scan_nth_pkg/share/colcon-core/packages/laser_scan_nth_pkg)
[16.353s] DEBUG:colcon.colcon_parallel_executor.executor.parallel:closing loop
[16.353s] DEBUG:colcon.colcon_parallel_executor.executor.parallel:loop closed
[16.353s] DEBUG:colcon.colcon_parallel_executor.executor.parallel:run_until_complete finished with '0'
[16.353s] DEBUG:colcon.colcon_core.event_reactor:joining thread
[16.368s] INFO:colcon.colcon_core.plugin_system:Skipping extension 'colcon_notification.desktop_notification.terminal_notifier': Not used on non-Darwin systems
[16.368s] INFO:colcon.colcon_core.plugin_system:Skipping extension 'colcon_notification.desktop_notification.win32': Not used on non-Windows systems
[16.369s] INFO:colcon.colcon_notification.desktop_notification:Sending desktop notification using 'notify2'
[16.389s] DEBUG:colcon.colcon_core.event_reactor:joined thread
[16.389s] INFO:colcon.colcon_core.shell:Creating prefix script '/home/student/ros2_ws/install/local_setup.ps1'
[16.391s] INFO:colcon.colcon_core.shell:Creating prefix util module '/home/student/ros2_ws/install/_local_setup_util_ps1.py'
[16.394s] INFO:colcon.colcon_core.shell:Creating prefix chain script '/home/student/ros2_ws/install/setup.ps1'
[16.397s] INFO:colcon.colcon_core.shell:Creating prefix script '/home/student/ros2_ws/install/local_setup.sh'
[16.398s] INFO:colcon.colcon_core.shell:Creating prefix util module '/home/student/ros2_ws/install/_local_setup_util_sh.py'
[16.398s] INFO:colcon.colcon_core.shell:Creating prefix chain script '/home/student/ros2_ws/install/setup.sh'
[16.412s] INFO:colcon.colcon_core.shell:Creating prefix script '/home/student/ros2_ws/install/local_setup.bash'
[16.413s] INFO:colcon.colcon_core.shell:Creating prefix chain script '/home/student/ros2_ws/install/setup.bash'
[16.417s] INFO:colcon.colcon_core.shell:Creating prefix script '/home/student/ros2_ws/install/local_setup.zsh'
[16.418s] INFO:colcon.colcon_core.shell:Creating prefix chain script '/home/student/ros2_ws/install/setup.zsh'
