[0.029s] Invoking command in '/home/student/ros2_ws/build/image_modifier_pkg': CMAKE_PREFIX_PATH=${CMAKE_PREFIX_PATH}:/home/student/ros2_ws/install/turtlebot3_teleop:/home/student/ros2_ws/install/turtlebot3_example:/opt/ros/humble /usr/bin/cmake --build /home/student/ros2_ws/build/image_modifier_pkg
[0.198s] [35m[1mConsolidate compiler generated dependencies of target image_modifier[0m
[0.292s] [100%] Built target image_modifier
[0.321s] Invoked command in '/home/student/ros2_ws/build/image_modifier_pkg' returned '0': CMAKE_PREFIX_PATH=${CMAKE_PREFIX_PATH}:/home/student/ros2_ws/install/turtlebot3_teleop:/home/student/ros2_ws/install/turtlebot3_example:/opt/ros/humble /usr/bin/cmake --build /home/student/ros2_ws/build/image_modifier_pkg
[0.442s] Invoking command in '/home/student/ros2_ws/build/image_modifier_pkg': CMAKE_PREFIX_PATH=${CMAKE_PREFIX_PATH}:/home/student/ros2_ws/install/turtlebot3_teleop:/home/student/ros2_ws/install/turtlebot3_example:/opt/ros/humble /usr/bin/cmake --install /home/student/ros2_ws/build/image_modifier_pkg
[0.471s] -- Install configuration: "Release"
[0.473s] -- Execute custom install script
[0.474s] -- Up-to-date symlink: /home/student/ros2_ws/install/image_modifier_pkg/lib/image_modifier_pkg/image_modifier
[0.477s] -- Up-to-date symlink: /home/student/ros2_ws/install/image_modifier_pkg/share/ament_index/resource_index/package_run_dependencies/image_modifier_pkg
[0.477s] -- Up-to-date symlink: /home/student/ros2_ws/install/image_modifier_pkg/share/ament_index/resource_index/parent_prefix_path/image_modifier_pkg
[0.477s] -- Up-to-date symlink: /home/student/ros2_ws/install/image_modifier_pkg/share/image_modifier_pkg/environment/ament_prefix_path.sh
[0.477s] -- Up-to-date symlink: /home/student/ros2_ws/install/image_modifier_pkg/share/image_modifier_pkg/environment/ament_prefix_path.dsv
[0.478s] -- Up-to-date symlink: /home/student/ros2_ws/install/image_modifier_pkg/share/image_modifier_pkg/environment/path.sh
[0.478s] -- Up-to-date symlink: /home/student/ros2_ws/install/image_modifier_pkg/share/image_modifier_pkg/environment/path.dsv
[0.479s] -- Up-to-date symlink: /home/student/ros2_ws/install/image_modifier_pkg/share/image_modifier_pkg/local_setup.bash
[0.481s] -- Up-to-date symlink: /home/student/ros2_ws/install/image_modifier_pkg/share/image_modifier_pkg/local_setup.sh
[0.482s] -- Up-to-date symlink: /home/student/ros2_ws/install/image_modifier_pkg/share/image_modifier_pkg/local_setup.zsh
[0.482s] -- Up-to-date symlink: /home/student/ros2_ws/install/image_modifier_pkg/share/image_modifier_pkg/local_setup.dsv
[0.482s] -- Symlinking: /home/student/ros2_ws/install/image_modifier_pkg/share/image_modifier_pkg/package.dsv
[0.512s] -- Up-to-date symlink: /home/student/ros2_ws/install/image_modifier_pkg/share/ament_index/resource_index/packages/image_modifier_pkg
[0.512s] -- Up-to-date symlink: /home/student/ros2_ws/install/image_modifier_pkg/share/image_modifier_pkg/cmake/image_modifier_pkgConfig.cmake
[0.512s] -- Up-to-date symlink: /home/student/ros2_ws/install/image_modifier_pkg/share/image_modifier_pkg/cmake/image_modifier_pkgConfig-version.cmake
[0.512s] -- Up-to-date symlink: /home/student/ros2_ws/install/image_modifier_pkg/share/image_modifier_pkg/package.xml
[0.522s] Invoked command in '/home/student/ros2_ws/build/image_modifier_pkg' returned '0': CMAKE_PREFIX_PATH=${CMAKE_PREFIX_PATH}:/home/student/ros2_ws/install/turtlebot3_teleop:/home/student/ros2_ws/install/turtlebot3_example:/opt/ros/humble /usr/bin/cmake --install /home/student/ros2_ws/build/image_modifier_pkg
