[35m[1mConsolidate compiler generated dependencies of target cylinderDetector[0m
[ 50%] [32mBuilding CXX object CMakeFiles/cylinderDetector.dir/src/cylinderDetector.cpp.o[0m
[01m[K/home/student/ros2_ws/src/cylinder_detector/src/cylinderDetector.cpp:[m[K In member function ‘[01m[Kbool cylinderDetector::is_part_of_cylinder(float, float, float, float)[m[K’:
[01m[K/home/student/ros2_ws/src/cylinder_detector/src/cylinderDetector.cpp:62:66:[m[K [01;35m[Kwarning: [m[Kunused parameter ‘[01m[Kangle_increment[m[K’ [[01;35m[K]8;;https://gcc.gnu.org/onlinedocs/gcc/Warning-Options.html#index-Wunused-parameter-Wunused-parameter]8;;[m[K]
   62 | at r3, [01;35m[Kfloat angle_increment[m[K)
      |        [01;35m[K~~~~~~^~~~~~~~~~~~~~~[m[K

[100%] [32m[1mLinking CXX executable cylinderDetector[0m
[100%] Built target cylinderDetector
-- Install configuration: ""
-- Installing: /home/student/ros2_ws/install/cylinder_detector/lib/cylinder_detector/cylinderDetector
-- Set runtime path of "/home/student/ros2_ws/install/cylinder_detector/lib/cylinder_detector/cylinderDetector" to ""
-- Up-to-date: /home/student/ros2_ws/install/cylinder_detector/share/ament_index/resource_index/package_run_dependencies/cylinder_detector
-- Up-to-date: /home/student/ros2_ws/install/cylinder_detector/share/ament_index/resource_index/parent_prefix_path/cylinder_detector
-- Up-to-date: /home/student/ros2_ws/install/cylinder_detector/share/cylinder_detector/environment/ament_prefix_path.sh
-- Up-to-date: /home/student/ros2_ws/install/cylinder_detector/share/cylinder_detector/environment/ament_prefix_path.dsv
-- Up-to-date: /home/student/ros2_ws/install/cylinder_detector/share/cylinder_detector/environment/path.sh
-- Up-to-date: /home/student/ros2_ws/install/cylinder_detector/share/cylinder_detector/environment/path.dsv
-- Up-to-date: /home/student/ros2_ws/install/cylinder_detector/share/cylinder_detector/local_setup.bash
-- Up-to-date: /home/student/ros2_ws/install/cylinder_detector/share/cylinder_detector/local_setup.sh
-- Up-to-date: /home/student/ros2_ws/install/cylinder_detector/share/cylinder_detector/local_setup.zsh
-- Up-to-date: /home/student/ros2_ws/install/cylinder_detector/share/cylinder_detector/local_setup.dsv
-- Installing: /home/student/ros2_ws/install/cylinder_detector/share/cylinder_detector/package.dsv
-- Up-to-date: /home/student/ros2_ws/install/cylinder_detector/share/ament_index/resource_index/packages/cylinder_detector
-- Up-to-date: /home/student/ros2_ws/install/cylinder_detector/share/cylinder_detector/cmake/cylinder_detectorConfig.cmake
-- Up-to-date: /home/student/ros2_ws/install/cylinder_detector/share/cylinder_detector/cmake/cylinder_detectorConfig-version.cmake
-- Up-to-date: /home/student/ros2_ws/install/cylinder_detector/share/cylinder_detector/package.xml
