-- Found ament_cmake: 1.3.9 (/opt/ros/humble/share/ament_cmake/cmake)
-- Found rclcpp: 16.0.9 (/opt/ros/humble/share/rclcpp/cmake)
-- Found rosidl_generator_c: 3.1.5 (/opt/ros/humble/share/rosidl_generator_c/cmake)
-- Found rosidl_adapter: 3.1.5 (/opt/ros/humble/share/rosidl_adapter/cmake)
-- Found rosidl_generator_cpp: 3.1.5 (/opt/ros/humble/share/rosidl_generator_cpp/cmake)
-- Using all available rosidl_typesupport_c: rosidl_typesupport_fastrtps_c;rosidl_typesupport_introspection_c
-- Using all available rosidl_typesupport_cpp: rosidl_typesupport_fastrtps_cpp;rosidl_typesupport_introspection_cpp
-- Found rmw_implementation_cmake: 6.1.2 (/opt/ros/humble/share/rmw_implementation_cmake/cmake)
-- Found rmw_fastrtps_cpp: 6.2.6 (/opt/ros/humble/share/rmw_fastrtps_cpp/cmake)
-- Found OpenSSL: /usr/lib/x86_64-linux-gnu/libcrypto.so (found version "3.0.2")  
-- Found FastRTPS: /opt/ros/humble/include  
-- Using RMW implementation 'rmw_fastrtps_cpp' as default
-- Looking for pthread.h
-- Looking for pthread.h - found
-- Performing Test CMAKE_HAVE_LIBC_PTHREAD
-- Performing Test CMAKE_HAVE_LIBC_PTHREAD - Success
-- Found Threads: TRUE  
-- Found ament_lint_auto: 0.12.11 (/opt/ros/humble/share/ament_lint_auto/cmake)
-- Added test 'cppcheck' to perform static code analysis on C / C++ code
-- Configured cppcheck include dirs: $<BUILD_INTERFACE:/home/student/ros2_ws/src/overlay_map/include>
-- Configured cppcheck exclude dirs and/or files: 
-- Added test 'lint_cmake' to check CMake code style
-- Added test 'uncrustify' to check C / C++ code style
-- Configured uncrustify additional arguments: 
-- Added test 'xmllint' to check XML markup files
-- Configuring done
-- Generating done
-- Build files have been written to: /home/student/ros2_ws/build/overlay_map
[35m[1mConsolidate compiler generated dependencies of target overlay_map_node[0m
[ 50%] [32mBuilding CXX object CMakeFiles/overlay_map_node.dir/src/overlay_map_node.cpp.o[0m
[100%] [32m[1mLinking CXX executable overlay_map_node[0m
[100%] Built target overlay_map_node
-- Install configuration: ""
-- Installing: /home/student/ros2_ws/install/overlay_map/lib/overlay_map/overlay_map_node
-- Set runtime path of "/home/student/ros2_ws/install/overlay_map/lib/overlay_map/overlay_map_node" to ""
-- Up-to-date: /home/student/ros2_ws/install/overlay_map/share/ament_index/resource_index/package_run_dependencies/overlay_map
-- Installing: /home/student/ros2_ws/install/overlay_map/share/ament_index/resource_index/parent_prefix_path/overlay_map
-- Up-to-date: /home/student/ros2_ws/install/overlay_map/share/overlay_map/environment/ament_prefix_path.sh
-- Installing: /home/student/ros2_ws/install/overlay_map/share/overlay_map/environment/ament_prefix_path.dsv
-- Up-to-date: /home/student/ros2_ws/install/overlay_map/share/overlay_map/environment/path.sh
-- Installing: /home/student/ros2_ws/install/overlay_map/share/overlay_map/environment/path.dsv
-- Up-to-date: /home/student/ros2_ws/install/overlay_map/share/overlay_map/local_setup.bash
-- Up-to-date: /home/student/ros2_ws/install/overlay_map/share/overlay_map/local_setup.sh
-- Up-to-date: /home/student/ros2_ws/install/overlay_map/share/overlay_map/local_setup.zsh
-- Installing: /home/student/ros2_ws/install/overlay_map/share/overlay_map/local_setup.dsv
-- Installing: /home/student/ros2_ws/install/overlay_map/share/overlay_map/package.dsv
-- Up-to-date: /home/student/ros2_ws/install/overlay_map/share/ament_index/resource_index/packages/overlay_map
-- Up-to-date: /home/student/ros2_ws/install/overlay_map/share/overlay_map/cmake/overlay_mapConfig.cmake
-- Up-to-date: /home/student/ros2_ws/install/overlay_map/share/overlay_map/cmake/overlay_mapConfig-version.cmake
-- Up-to-date: /home/student/ros2_ws/install/overlay_map/share/overlay_map/package.xml
