[0.013s] Invoking command in '/home/student/ros2_ws/build/scan_matching_localiser': CMAKE_PREFIX_PATH=${CMAKE_PREFIX_PATH}:/home/student/ros2_ws/install/turtlebot3_teleop:/home/student/ros2_ws/install/turtlebot3_example:/opt/ros/humble /usr/bin/cmake --build /home/student/ros2_ws/build/scan_matching_localiser -- -j8 -l8
[0.045s] -- Found ament_cmake: 1.3.9 (/opt/ros/humble/share/ament_cmake/cmake)
[0.179s] -- Found rclcpp: 16.0.9 (/opt/ros/humble/share/rclcpp/cmake)
[0.209s] -- Found rosidl_generator_c: 3.1.5 (/opt/ros/humble/share/rosidl_generator_c/cmake)
[0.211s] -- Found rosidl_adapter: 3.1.5 (/opt/ros/humble/share/rosidl_adapter/cmake)
[0.217s] -- Found rosidl_generator_cpp: 3.1.5 (/opt/ros/humble/share/rosidl_generator_cpp/cmake)
[0.230s] -- Using all available rosidl_typesupport_c: rosidl_typesupport_fastrtps_c;rosidl_typesupport_introspection_c
[0.246s] -- Using all available rosidl_typesupport_cpp: rosidl_typesupport_fastrtps_cpp;rosidl_typesupport_introspection_cpp
[0.305s] -- Found rmw_implementation_cmake: 6.1.2 (/opt/ros/humble/share/rmw_implementation_cmake/cmake)
[0.307s] -- Found rmw_fastrtps_cpp: 6.2.6 (/opt/ros/humble/share/rmw_fastrtps_cpp/cmake)
[0.439s] -- Using RMW implementation 'rmw_fastrtps_cpp' as default
[0.604s] -- Found nav_msgs: 4.2.4 (/opt/ros/humble/share/nav_msgs/cmake)
[0.734s] -- Found sensor_msgs: 4.2.4 (/opt/ros/humble/share/sensor_msgs/cmake)
[0.831s] -- Found ament_lint_auto: 0.12.11 (/opt/ros/humble/share/ament_lint_auto/cmake)
[0.906s] -- Added test 'cppcheck' to perform static code analysis on C / C++ code
[0.906s] -- Configured cppcheck include dirs: $<BUILD_INTERFACE:/home/student/ros2_ws/src/scan_matching_localiser/include>
[0.906s] -- Configured cppcheck exclude dirs and/or files: 
[0.907s] -- Added test 'lint_cmake' to check CMake code style
[0.907s] -- Added test 'uncrustify' to check C / C++ code style
[0.907s] -- Configured uncrustify additional arguments: 
[0.908s] -- Added test 'xmllint' to check XML markup files
[0.909s] -- Configuring done
[0.922s] -- Generating done
[0.924s] -- Build files have been written to: /home/student/ros2_ws/build/scan_matching_localiser
[0.959s] [35m[1mConsolidate compiler generated dependencies of target map_processor_node[0m
[0.986s] [ 50%] [32mBuilding CXX object CMakeFiles/map_processor_node.dir/src/map_processor_node.cpp.o[0m
[4.009s] [01m[K/home/student/ros2_ws/src/scan_matching_localiser/src/map_processor_node.cpp:[m[K In member function ‘[01m[Kvoid MapProcessorNode::scanCallback(sensor_msgs::msg::LaserScan_<std::allocator<void> >::SharedPtr)[m[K’:
[4.009s] [01m[K/home/student/ros2_ws/src/scan_matching_localiser/src/map_processor_node.cpp:24:68:[m[K [01;35m[Kwarning: [m[Kunused parameter ‘[01m[Kmsg[m[K’ [[01;35m[K]8;;https://gcc.gnu.org/onlinedocs/gcc/Warning-Options.html#index-Wunused-parameter-Wunused-parameter]8;;[m[K]
[4.009s]    24 | [01;35m[Kor_msgs::msg::LaserScan::SharedPtr msg[m[K) {
[4.009s]       | [01;35m[K~~~~~~~~~~~~~~~~~~~~~~~~~~~~~~~~~~~^~~[m[K
[4.009s] 
[13.168s] [100%] [32m[1mLinking CXX executable map_processor_node[0m
[14.036s] [100%] Built target map_processor_node
[14.049s] Invoked command in '/home/student/ros2_ws/build/scan_matching_localiser' returned '0': CMAKE_PREFIX_PATH=${CMAKE_PREFIX_PATH}:/home/student/ros2_ws/install/turtlebot3_teleop:/home/student/ros2_ws/install/turtlebot3_example:/opt/ros/humble /usr/bin/cmake --build /home/student/ros2_ws/build/scan_matching_localiser -- -j8 -l8
[14.095s] Invoking command in '/home/student/ros2_ws/build/scan_matching_localiser': CMAKE_PREFIX_PATH=${CMAKE_PREFIX_PATH}:/home/student/ros2_ws/install/turtlebot3_teleop:/home/student/ros2_ws/install/turtlebot3_example:/opt/ros/humble /usr/bin/cmake --install /home/student/ros2_ws/build/scan_matching_localiser
[14.103s] -- Install configuration: ""
[14.103s] -- Installing: /home/student/ros2_ws/install/scan_matching_localiser/lib/scan_matching_localiser/map_processor_node
[14.112s] -- Set runtime path of "/home/student/ros2_ws/install/scan_matching_localiser/lib/scan_matching_localiser/map_processor_node" to ""
[14.112s] -- Up-to-date: /home/student/ros2_ws/install/scan_matching_localiser/share/ament_index/resource_index/package_run_dependencies/scan_matching_localiser
[14.112s] -- Up-to-date: /home/student/ros2_ws/install/scan_matching_localiser/share/ament_index/resource_index/parent_prefix_path/scan_matching_localiser
[14.112s] -- Up-to-date: /home/student/ros2_ws/install/scan_matching_localiser/share/scan_matching_localiser/environment/ament_prefix_path.sh
[14.112s] -- Installing: /home/student/ros2_ws/install/scan_matching_localiser/share/scan_matching_localiser/environment/ament_prefix_path.dsv
[14.112s] -- Up-to-date: /home/student/ros2_ws/install/scan_matching_localiser/share/scan_matching_localiser/environment/path.sh
[14.113s] -- Installing: /home/student/ros2_ws/install/scan_matching_localiser/share/scan_matching_localiser/environment/path.dsv
[14.113s] -- Up-to-date: /home/student/ros2_ws/install/scan_matching_localiser/share/scan_matching_localiser/local_setup.bash
[14.113s] -- Up-to-date: /home/student/ros2_ws/install/scan_matching_localiser/share/scan_matching_localiser/local_setup.sh
[14.113s] -- Up-to-date: /home/student/ros2_ws/install/scan_matching_localiser/share/scan_matching_localiser/local_setup.zsh
[14.113s] -- Installing: /home/student/ros2_ws/install/scan_matching_localiser/share/scan_matching_localiser/local_setup.dsv
[14.113s] -- Installing: /home/student/ros2_ws/install/scan_matching_localiser/share/scan_matching_localiser/package.dsv
[14.113s] -- Up-to-date: /home/student/ros2_ws/install/scan_matching_localiser/share/ament_index/resource_index/packages/scan_matching_localiser
[14.113s] -- Up-to-date: /home/student/ros2_ws/install/scan_matching_localiser/share/scan_matching_localiser/cmake/scan_matching_localiserConfig.cmake
[14.113s] -- Up-to-date: /home/student/ros2_ws/install/scan_matching_localiser/share/scan_matching_localiser/cmake/scan_matching_localiserConfig-version.cmake
[14.113s] -- Up-to-date: /home/student/ros2_ws/install/scan_matching_localiser/share/scan_matching_localiser/package.xml
[14.115s] Invoked command in '/home/student/ros2_ws/build/scan_matching_localiser' returned '0': CMAKE_PREFIX_PATH=${CMAKE_PREFIX_PATH}:/home/student/ros2_ws/install/turtlebot3_teleop:/home/student/ros2_ws/install/turtlebot3_example:/opt/ros/humble /usr/bin/cmake --install /home/student/ros2_ws/build/scan_matching_localiser
