[0.021s] Invoking command in '/home/student/ros2_ws/build/scan_to_image_localizer': CMAKE_PREFIX_PATH=${CMAKE_PREFIX_PATH}:/home/student/ros2_ws/install/turtlebot3_teleop:/home/student/ros2_ws/install/turtlebot3_example:/home/student/ros2_ws/install/rtabmap_python:/opt/ros/humble /usr/bin/cmake /home/student/ros2_ws/src/scan_to_image_localizer -DAMENT_CMAKE_SYMLINK_INSTALL=1 -DCMAKE_INSTALL_PREFIX=/home/student/ros2_ws/install/scan_to_image_localizer
[0.062s] -- Found ament_cmake: 1.3.9 (/opt/ros/humble/share/ament_cmake/cmake)
[0.281s] -- Override CMake install command with custom implementation using symlinks instead of copying resources
[0.336s] -- Found rclcpp: 16.0.9 (/opt/ros/humble/share/rclcpp/cmake)
[0.396s] -- Found rosidl_generator_c: 3.1.5 (/opt/ros/humble/share/rosidl_generator_c/cmake)
[0.399s] -- Found rosidl_adapter: 3.1.5 (/opt/ros/humble/share/rosidl_adapter/cmake)
[0.409s] -- Found rosidl_generator_cpp: 3.1.5 (/opt/ros/humble/share/rosidl_generator_cpp/cmake)
[0.430s] -- Using all available rosidl_typesupport_c: rosidl_typesupport_fastrtps_c;rosidl_typesupport_introspection_c
[0.461s] -- Using all available rosidl_typesupport_cpp: rosidl_typesupport_fastrtps_cpp;rosidl_typesupport_introspection_cpp
[0.565s] -- Found rmw_implementation_cmake: 6.1.2 (/opt/ros/humble/share/rmw_implementation_cmake/cmake)
[0.569s] -- Found rmw_fastrtps_cpp: 6.2.6 (/opt/ros/humble/share/rmw_fastrtps_cpp/cmake)
[0.754s] -- Using RMW implementation 'rmw_fastrtps_cpp' as default
[0.977s] -- Found nav_msgs: 4.2.4 (/opt/ros/humble/share/nav_msgs/cmake)
[1.196s] -- Found sensor_msgs: 4.2.4 (/opt/ros/humble/share/sensor_msgs/cmake)
[1.398s] -- Found ament_lint_auto: 0.12.11 (/opt/ros/humble/share/ament_lint_auto/cmake)
[1.538s] -- Added test 'cppcheck' to perform static code analysis on C / C++ code
[1.538s] -- Configured cppcheck include dirs: $<BUILD_INTERFACE:/home/student/ros2_ws/src/scan_to_image_localizer/include>
[1.538s] -- Configured cppcheck exclude dirs and/or files: 
[1.539s] -- Added test 'lint_cmake' to check CMake code style
[1.541s] -- Added test 'uncrustify' to check C / C++ code style
[1.546s] -- Configured uncrustify additional arguments: 
[1.546s] -- Added test 'xmllint' to check XML markup files
[1.550s] -- Configuring done
[1.598s] -- Generating done
[1.603s] -- Build files have been written to: /home/student/ros2_ws/build/scan_to_image_localizer
[1.625s] Invoked command in '/home/student/ros2_ws/build/scan_to_image_localizer' returned '0': CMAKE_PREFIX_PATH=${CMAKE_PREFIX_PATH}:/home/student/ros2_ws/install/turtlebot3_teleop:/home/student/ros2_ws/install/turtlebot3_example:/home/student/ros2_ws/install/rtabmap_python:/opt/ros/humble /usr/bin/cmake /home/student/ros2_ws/src/scan_to_image_localizer -DAMENT_CMAKE_SYMLINK_INSTALL=1 -DCMAKE_INSTALL_PREFIX=/home/student/ros2_ws/install/scan_to_image_localizer
[1.626s] Invoking command in '/home/student/ros2_ws/build/scan_to_image_localizer': CMAKE_PREFIX_PATH=${CMAKE_PREFIX_PATH}:/home/student/ros2_ws/install/turtlebot3_teleop:/home/student/ros2_ws/install/turtlebot3_example:/home/student/ros2_ws/install/rtabmap_python:/opt/ros/humble /usr/bin/cmake --build /home/student/ros2_ws/build/scan_to_image_localizer -- -j8 -l8
[2.253s] [35m[1mConsolidate compiler generated dependencies of target scan_to_image_node[0m
[2.253s] [100%] Built target scan_to_image_node
[2.254s] Invoked command in '/home/student/ros2_ws/build/scan_to_image_localizer' returned '0': CMAKE_PREFIX_PATH=${CMAKE_PREFIX_PATH}:/home/student/ros2_ws/install/turtlebot3_teleop:/home/student/ros2_ws/install/turtlebot3_example:/home/student/ros2_ws/install/rtabmap_python:/opt/ros/humble /usr/bin/cmake --build /home/student/ros2_ws/build/scan_to_image_localizer -- -j8 -l8
[2.313s] Invoking command in '/home/student/ros2_ws/build/scan_to_image_localizer': CMAKE_PREFIX_PATH=${CMAKE_PREFIX_PATH}:/home/student/ros2_ws/install/turtlebot3_teleop:/home/student/ros2_ws/install/turtlebot3_example:/home/student/ros2_ws/install/rtabmap_python:/opt/ros/humble /usr/bin/cmake --install /home/student/ros2_ws/build/scan_to_image_localizer
[2.664s] -- Install configuration: "Release"
[2.664s] -- Execute custom install script
[2.665s] -- Up-to-date symlink: /home/student/ros2_ws/install/scan_to_image_localizer/lib/scan_to_image_localizer/scan_to_image_node
[2.665s] -- Up-to-date symlink: /home/student/ros2_ws/install/scan_to_image_localizer/share/ament_index/resource_index/package_run_dependencies/scan_to_image_localizer
[2.665s] -- Up-to-date symlink: /home/student/ros2_ws/install/scan_to_image_localizer/share/ament_index/resource_index/parent_prefix_path/scan_to_image_localizer
[2.665s] -- Up-to-date symlink: /home/student/ros2_ws/install/scan_to_image_localizer/share/scan_to_image_localizer/environment/ament_prefix_path.sh
[2.666s] -- Up-to-date symlink: /home/student/ros2_ws/install/scan_to_image_localizer/share/scan_to_image_localizer/environment/ament_prefix_path.dsv
[2.666s] -- Up-to-date symlink: /home/student/ros2_ws/install/scan_to_image_localizer/share/scan_to_image_localizer/environment/path.sh
[2.666s] -- Up-to-date symlink: /home/student/ros2_ws/install/scan_to_image_localizer/share/scan_to_image_localizer/environment/path.dsv
[2.666s] -- Up-to-date symlink: /home/student/ros2_ws/install/scan_to_image_localizer/share/scan_to_image_localizer/local_setup.bash
[2.666s] -- Up-to-date symlink: /home/student/ros2_ws/install/scan_to_image_localizer/share/scan_to_image_localizer/local_setup.sh
[2.666s] -- Up-to-date symlink: /home/student/ros2_ws/install/scan_to_image_localizer/share/scan_to_image_localizer/local_setup.zsh
[2.666s] -- Up-to-date symlink: /home/student/ros2_ws/install/scan_to_image_localizer/share/scan_to_image_localizer/local_setup.dsv
[2.666s] -- Symlinking: /home/student/ros2_ws/install/scan_to_image_localizer/share/scan_to_image_localizer/package.dsv
[2.666s] -- Up-to-date symlink: /home/student/ros2_ws/install/scan_to_image_localizer/share/ament_index/resource_index/packages/scan_to_image_localizer
[2.666s] -- Up-to-date symlink: /home/student/ros2_ws/install/scan_to_image_localizer/share/scan_to_image_localizer/cmake/scan_to_image_localizerConfig.cmake
[2.666s] -- Up-to-date symlink: /home/student/ros2_ws/install/scan_to_image_localizer/share/scan_to_image_localizer/cmake/scan_to_image_localizerConfig-version.cmake
[2.667s] -- Up-to-date symlink: /home/student/ros2_ws/install/scan_to_image_localizer/share/scan_to_image_localizer/package.xml
[2.753s] Invoked command in '/home/student/ros2_ws/build/scan_to_image_localizer' returned '0': CMAKE_PREFIX_PATH=${CMAKE_PREFIX_PATH}:/home/student/ros2_ws/install/turtlebot3_teleop:/home/student/ros2_ws/install/turtlebot3_example:/home/student/ros2_ws/install/rtabmap_python:/opt/ros/humble /usr/bin/cmake --install /home/student/ros2_ws/build/scan_to_image_localizer
