[0.103s] Invoking command in '/home/student/ros2_ws/build/gazebo_map_creator_interface': CMAKE_PREFIX_PATH=${CMAKE_PREFIX_PATH}:/home/student/ros2_ws/install/turtlebot3_teleop:/home/student/ros2_ws/install/turtlebot3_example:/home/student/ros2_ws/install/rtabmap_python:/opt/ros/humble /usr/bin/cmake /home/student/ros2_ws/src/gazebo_map_creator/gazebo_map_creator_interface -DCMAKE_BUILD_TYPE=Release -DAMENT_CMAKE_SYMLINK_INSTALL=1 -DCMAKE_INSTALL_PREFIX=/home/student/ros2_ws/install/gazebo_map_creator_interface
[0.787s] -- Found ament_cmake: 1.3.9 (/opt/ros/humble/share/ament_cmake/cmake)
[0.787s] -- Override CMake install command with custom implementation using symlinks instead of copying resources
[0.788s] -- Found builtin_interfaces: 1.2.1 (/opt/ros/humble/share/builtin_interfaces/cmake)
[0.788s] -- Found rosidl_generator_c: 3.1.5 (/opt/ros/humble/share/rosidl_generator_c/cmake)
[0.788s] -- Found rosidl_adapter: 3.1.5 (/opt/ros/humble/share/rosidl_adapter/cmake)
[0.788s] -- Found rosidl_generator_cpp: 3.1.5 (/opt/ros/humble/share/rosidl_generator_cpp/cmake)
[0.788s] -- Using all available rosidl_typesupport_c: rosidl_typesupport_fastrtps_c;rosidl_typesupport_introspection_c
[0.788s] -- Using all available rosidl_typesupport_cpp: rosidl_typesupport_fastrtps_cpp;rosidl_typesupport_introspection_cpp
[0.789s] -- Found geometry_msgs: 4.2.4 (/opt/ros/humble/share/geometry_msgs/cmake)
[0.928s] -- Found rosidl_default_generators: 1.2.0 (/opt/ros/humble/share/rosidl_default_generators/cmake)
[1.464s] -- Found ament_cmake_cppcheck: 0.12.11 (/opt/ros/humble/share/ament_cmake_cppcheck/cmake)
[1.475s] -- Found ament_cmake_cpplint: 0.12.11 (/opt/ros/humble/share/ament_cmake_cpplint/cmake)
[1.484s] -- Found ament_cmake_uncrustify: 0.12.11 (/opt/ros/humble/share/ament_cmake_uncrustify/cmake)
[1.491s] -- Found ament_cmake_ros: 0.10.0 (/opt/ros/humble/share/ament_cmake_ros/cmake)
[2.245s] -- Using all available rosidl_typesupport_c: rosidl_typesupport_fastrtps_c;rosidl_typesupport_introspection_c
[2.526s] -- Using all available rosidl_typesupport_cpp: rosidl_typesupport_fastrtps_cpp;rosidl_typesupport_introspection_cpp
[2.571s] -- Found python_cmake_module: 0.10.0 (/opt/ros/humble/share/python_cmake_module/cmake)
[2.623s] -- Using PYTHON_EXECUTABLE: /usr/bin/python3
[2.623s] -- Using PYTHON_INCLUDE_DIRS: /usr/include/python3.10
[2.623s] -- Using PYTHON_LIBRARIES: /usr/lib/x86_64-linux-gnu/libpython3.10.so
[2.764s] -- Found ament_cmake_flake8: 0.12.11 (/opt/ros/humble/share/ament_cmake_flake8/cmake)
[2.766s] -- Found ament_cmake_pep257: 0.12.11 (/opt/ros/humble/share/ament_cmake_pep257/cmake)
[2.831s] -- Configuring done
[3.018s] -- Generating done
[3.018s] -- Build files have been written to: /home/student/ros2_ws/build/gazebo_map_creator_interface
[3.056s] Invoked command in '/home/student/ros2_ws/build/gazebo_map_creator_interface' returned '0': CMAKE_PREFIX_PATH=${CMAKE_PREFIX_PATH}:/home/student/ros2_ws/install/turtlebot3_teleop:/home/student/ros2_ws/install/turtlebot3_example:/home/student/ros2_ws/install/rtabmap_python:/opt/ros/humble /usr/bin/cmake /home/student/ros2_ws/src/gazebo_map_creator/gazebo_map_creator_interface -DCMAKE_BUILD_TYPE=Release -DAMENT_CMAKE_SYMLINK_INSTALL=1 -DCMAKE_INSTALL_PREFIX=/home/student/ros2_ws/install/gazebo_map_creator_interface
[3.058s] Invoking command in '/home/student/ros2_ws/build/gazebo_map_creator_interface': CMAKE_PREFIX_PATH=${CMAKE_PREFIX_PATH}:/home/student/ros2_ws/install/turtlebot3_teleop:/home/student/ros2_ws/install/turtlebot3_example:/home/student/ros2_ws/install/rtabmap_python:/opt/ros/humble /usr/bin/cmake --build /home/student/ros2_ws/build/gazebo_map_creator_interface
[3.173s] [35m[1mConsolidate compiler generated dependencies of target gazebo_map_creator_interface__rosidl_generator_c[0m
[3.210s] [  3%] Built target gazebo_map_creator_interface__cpp
[3.218s] [  6%] [32mBuilding C object CMakeFiles/gazebo_map_creator_interface__rosidl_generator_c.dir/rosidl_generator_c/gazebo_map_creator_interface/srv/detail/map_request__functions.c.o[0m
[3.244s] [  6%] Built target ament_cmake_python_symlink_gazebo_map_creator_interface
[3.244s] [35m[1mConsolidate compiler generated dependencies of target gazebo_map_creator_interface__rosidl_typesupport_cpp[0m
[3.275s] [  9%] [32mBuilding CXX object CMakeFiles/gazebo_map_creator_interface__rosidl_typesupport_cpp.dir/rosidl_typesupport_cpp/gazebo_map_creator_interface/srv/map_request__type_support.cpp.o[0m
[3.292s] [35m[1mConsolidate compiler generated dependencies of target gazebo_map_creator_interface__rosidl_typesupport_fastrtps_cpp[0m
[3.317s] [ 12%] [32mBuilding CXX object CMakeFiles/gazebo_map_creator_interface__rosidl_typesupport_fastrtps_cpp.dir/rosidl_typesupport_fastrtps_cpp/gazebo_map_creator_interface/srv/detail/dds_fastrtps/map_request__type_support.cpp.o[0m
[3.853s] [ 16%] [32m[1mLinking C shared library libgazebo_map_creator_interface__rosidl_generator_c.so[0m
[3.946s] [ 19%] Built target gazebo_map_creator_interface__rosidl_generator_c
[3.972s] [35m[1mConsolidate compiler generated dependencies of target gazebo_map_creator_interface__rosidl_typesupport_introspection_cpp[0m
[3.999s] [ 22%] [32mBuilding CXX object CMakeFiles/gazebo_map_creator_interface__rosidl_typesupport_introspection_cpp.dir/rosidl_typesupport_introspection_cpp/gazebo_map_creator_interface/srv/detail/map_request__type_support.cpp.o[0m
[4.775s] [ 25%] [32m[1mLinking CXX shared library libgazebo_map_creator_interface__rosidl_typesupport_cpp.so[0m
[4.898s] [ 29%] Built target gazebo_map_creator_interface__rosidl_typesupport_cpp
[4.905s] [ 32%] [32m[1mLinking CXX shared library libgazebo_map_creator_interface__rosidl_typesupport_introspection_cpp.so[0m
[4.987s] [ 35%] [32m[1mLinking CXX shared library libgazebo_map_creator_interface__rosidl_typesupport_fastrtps_cpp.so[0m
[5.062s] [ 38%] Built target gazebo_map_creator_interface__rosidl_typesupport_introspection_cpp
[5.103s] [35m[1mConsolidate compiler generated dependencies of target gazebo_map_creator_interface__rosidl_typesupport_fastrtps_c[0m
[5.154s] [ 41%] [32mBuilding CXX object CMakeFiles/gazebo_map_creator_interface__rosidl_typesupport_fastrtps_c.dir/rosidl_typesupport_fastrtps_c/gazebo_map_creator_interface/srv/detail/map_request__type_support_c.cpp.o[0m
[5.169s] [ 45%] Built target gazebo_map_creator_interface__rosidl_typesupport_fastrtps_cpp
[5.213s] [35m[1mConsolidate compiler generated dependencies of target gazebo_map_creator_interface__rosidl_typesupport_introspection_c[0m
[5.246s] [ 48%] [32mBuilding C object CMakeFiles/gazebo_map_creator_interface__rosidl_typesupport_introspection_c.dir/rosidl_typesupport_introspection_c/gazebo_map_creator_interface/srv/detail/map_request__type_support.c.o[0m
[5.423s] [ 51%] [32m[1mLinking C shared library libgazebo_map_creator_interface__rosidl_typesupport_introspection_c.so[0m
[5.517s] [ 54%] Built target gazebo_map_creator_interface__rosidl_typesupport_introspection_c
[5.550s] running egg_info
[5.551s] writing gazebo_map_creator_interface.egg-info/PKG-INFO
[5.551s] writing dependency_links to gazebo_map_creator_interface.egg-info/dependency_links.txt
[5.551s] writing top-level names to gazebo_map_creator_interface.egg-info/top_level.txt
[5.553s] [35m[1mConsolidate compiler generated dependencies of target gazebo_map_creator_interface__rosidl_typesupport_c[0m
[5.555s] reading manifest file 'gazebo_map_creator_interface.egg-info/SOURCES.txt'
[5.559s] writing manifest file 'gazebo_map_creator_interface.egg-info/SOURCES.txt'
[5.591s] [ 58%] [32mBuilding CXX object CMakeFiles/gazebo_map_creator_interface__rosidl_typesupport_c.dir/rosidl_typesupport_c/gazebo_map_creator_interface/srv/map_request__type_support.cpp.o[0m
[5.617s] [ 58%] Built target ament_cmake_python_build_gazebo_map_creator_interface_egg
[5.673s] [ 61%] [32m[1mLinking CXX shared library libgazebo_map_creator_interface__rosidl_typesupport_c.so[0m
[5.789s] [ 64%] Built target gazebo_map_creator_interface__rosidl_typesupport_c
[5.962s] [ 67%] [32m[1mLinking CXX shared library libgazebo_map_creator_interface__rosidl_typesupport_fastrtps_c.so[0m
[6.081s] [ 70%] Built target gazebo_map_creator_interface__rosidl_typesupport_fastrtps_c
[6.127s] [ 70%] Built target gazebo_map_creator_interface
[6.168s] [ 74%] Built target gazebo_map_creator_interface__py
[6.194s] [35m[1mConsolidate compiler generated dependencies of target gazebo_map_creator_interface__rosidl_generator_py[0m
[6.223s] [ 77%] [32mBuilding C object CMakeFiles/gazebo_map_creator_interface__rosidl_generator_py.dir/rosidl_generator_py/gazebo_map_creator_interface/srv/_map_request_s.c.o[0m
[6.595s] [ 80%] [32m[1mLinking C shared library rosidl_generator_py/gazebo_map_creator_interface/libgazebo_map_creator_interface__rosidl_generator_py.so[0m
[6.682s] [ 80%] Built target gazebo_map_creator_interface__rosidl_generator_py
[6.718s] [35m[1mConsolidate compiler generated dependencies of target gazebo_map_creator_interface__rosidl_typesupport_introspection_c__pyext[0m
[6.719s] [35m[1mConsolidate compiler generated dependencies of target gazebo_map_creator_interface__rosidl_typesupport_fastrtps_c__pyext[0m
[6.729s] [35m[1mConsolidate compiler generated dependencies of target gazebo_map_creator_interface__rosidl_typesupport_c__pyext[0m
[6.755s] [ 83%] [32mBuilding C object CMakeFiles/gazebo_map_creator_interface__rosidl_typesupport_introspection_c__pyext.dir/rosidl_generator_py/gazebo_map_creator_interface/_gazebo_map_creator_interface_s.ep.rosidl_typesupport_introspection_c.c.o[0m
[6.761s] [ 87%] [32mBuilding C object CMakeFiles/gazebo_map_creator_interface__rosidl_typesupport_fastrtps_c__pyext.dir/rosidl_generator_py/gazebo_map_creator_interface/_gazebo_map_creator_interface_s.ep.rosidl_typesupport_fastrtps_c.c.o[0m
[6.766s] [ 90%] [32mBuilding C object CMakeFiles/gazebo_map_creator_interface__rosidl_typesupport_c__pyext.dir/rosidl_generator_py/gazebo_map_creator_interface/_gazebo_map_creator_interface_s.ep.rosidl_typesupport_c.c.o[0m
[7.027s] [ 93%] [32m[1mLinking C shared library rosidl_generator_py/gazebo_map_creator_interface/gazebo_map_creator_interface_s__rosidl_typesupport_introspection_c.cpython-310-x86_64-linux-gnu.so[0m
[7.042s] [ 96%] [32m[1mLinking C shared library rosidl_generator_py/gazebo_map_creator_interface/gazebo_map_creator_interface_s__rosidl_typesupport_fastrtps_c.cpython-310-x86_64-linux-gnu.so[0m
[7.051s] [100%] [32m[1mLinking C shared library rosidl_generator_py/gazebo_map_creator_interface/gazebo_map_creator_interface_s__rosidl_typesupport_c.cpython-310-x86_64-linux-gnu.so[0m
[7.097s] [100%] Built target gazebo_map_creator_interface__rosidl_typesupport_introspection_c__pyext
[7.118s] [100%] Built target gazebo_map_creator_interface__rosidl_typesupport_fastrtps_c__pyext
[7.131s] [100%] Built target gazebo_map_creator_interface__rosidl_typesupport_c__pyext
[7.194s] Invoked command in '/home/student/ros2_ws/build/gazebo_map_creator_interface' returned '0': CMAKE_PREFIX_PATH=${CMAKE_PREFIX_PATH}:/home/student/ros2_ws/install/turtlebot3_teleop:/home/student/ros2_ws/install/turtlebot3_example:/home/student/ros2_ws/install/rtabmap_python:/opt/ros/humble /usr/bin/cmake --build /home/student/ros2_ws/build/gazebo_map_creator_interface
[7.371s] Invoking command in '/home/student/ros2_ws/build/gazebo_map_creator_interface': CMAKE_PREFIX_PATH=${CMAKE_PREFIX_PATH}:/home/student/ros2_ws/install/turtlebot3_teleop:/home/student/ros2_ws/install/turtlebot3_example:/home/student/ros2_ws/install/rtabmap_python:/opt/ros/humble /usr/bin/cmake --install /home/student/ros2_ws/build/gazebo_map_creator_interface
[7.385s] -- Install configuration: "Release"
[7.386s] -- Execute custom install script
[7.386s] -- Up-to-date symlink: /home/student/ros2_ws/install/gazebo_map_creator_interface/share/ament_index/resource_index/rosidl_interfaces/gazebo_map_creator_interface
[7.387s] -- Up-to-date symlink: /home/student/ros2_ws/install/gazebo_map_creator_interface/include/gazebo_map_creator_interface/gazebo_map_creator_interface/msg/rosidl_generator_c__visibility_control.h
[7.387s] -- Up-to-date symlink: /home/student/ros2_ws/install/gazebo_map_creator_interface/include/gazebo_map_creator_interface/gazebo_map_creator_interface/srv/detail/map_request__functions.h
[7.388s] -- Up-to-date symlink: /home/student/ros2_ws/install/gazebo_map_creator_interface/include/gazebo_map_creator_interface/gazebo_map_creator_interface/srv/detail/map_request__struct.h
[7.388s] -- Up-to-date symlink: /home/student/ros2_ws/install/gazebo_map_creator_interface/include/gazebo_map_creator_interface/gazebo_map_creator_interface/srv/detail/map_request__type_support.h
[7.388s] -- Up-to-date symlink: /home/student/ros2_ws/install/gazebo_map_creator_interface/include/gazebo_map_creator_interface/gazebo_map_creator_interface/srv/map_request.h
[7.388s] -- Up-to-date symlink: /home/student/ros2_ws/install/gazebo_map_creator_interface/share/gazebo_map_creator_interface/environment/library_path.sh
[7.388s] -- Up-to-date symlink: /home/student/ros2_ws/install/gazebo_map_creator_interface/share/gazebo_map_creator_interface/environment/library_path.dsv
[7.389s] -- Up-to-date symlink: /home/student/ros2_ws/install/gazebo_map_creator_interface/include/gazebo_map_creator_interface/gazebo_map_creator_interface/msg/rosidl_typesupport_fastrtps_c__visibility_control.h
[7.389s] -- Up-to-date symlink: /home/student/ros2_ws/install/gazebo_map_creator_interface/include/gazebo_map_creator_interface/gazebo_map_creator_interface/srv/detail/map_request__rosidl_typesupport_fastrtps_c.h
[7.390s] -- Up-to-date symlink: /home/student/ros2_ws/install/gazebo_map_creator_interface/include/gazebo_map_creator_interface/gazebo_map_creator_interface/srv/detail/map_request__builder.hpp
[7.390s] -- Up-to-date symlink: /home/student/ros2_ws/install/gazebo_map_creator_interface/include/gazebo_map_creator_interface/gazebo_map_creator_interface/srv/detail/map_request__struct.hpp
[7.390s] -- Up-to-date symlink: /home/student/ros2_ws/install/gazebo_map_creator_interface/include/gazebo_map_creator_interface/gazebo_map_creator_interface/srv/detail/map_request__traits.hpp
[7.390s] -- Up-to-date symlink: /home/student/ros2_ws/install/gazebo_map_creator_interface/include/gazebo_map_creator_interface/gazebo_map_creator_interface/srv/map_request.hpp
[7.391s] -- Up-to-date symlink: /home/student/ros2_ws/install/gazebo_map_creator_interface/include/gazebo_map_creator_interface/gazebo_map_creator_interface/msg/rosidl_typesupport_fastrtps_cpp__visibility_control.h
[7.391s] -- Up-to-date symlink: /home/student/ros2_ws/install/gazebo_map_creator_interface/include/gazebo_map_creator_interface/gazebo_map_creator_interface/srv/detail/map_request__rosidl_typesupport_fastrtps_cpp.hpp
[7.392s] -- Up-to-date symlink: /home/student/ros2_ws/install/gazebo_map_creator_interface/include/gazebo_map_creator_interface/gazebo_map_creator_interface/msg/rosidl_typesupport_introspection_c__visibility_control.h
[7.392s] -- Up-to-date symlink: /home/student/ros2_ws/install/gazebo_map_creator_interface/include/gazebo_map_creator_interface/gazebo_map_creator_interface/srv/detail/map_request__rosidl_typesupport_introspection_c.h
[7.392s] -- Up-to-date symlink: /home/student/ros2_ws/install/gazebo_map_creator_interface/include/gazebo_map_creator_interface/gazebo_map_creator_interface/srv/detail/map_request__rosidl_typesupport_introspection_cpp.hpp
[7.393s] -- Up-to-date symlink: /home/student/ros2_ws/install/gazebo_map_creator_interface/share/gazebo_map_creator_interface/environment/pythonpath.sh
[7.393s] -- Up-to-date symlink: /home/student/ros2_ws/install/gazebo_map_creator_interface/share/gazebo_map_creator_interface/environment/pythonpath.dsv
[7.393s] -- Up-to-date symlink: /home/student/ros2_ws/install/gazebo_map_creator_interface/local/lib/python3.10/dist-packages/gazebo_map_creator_interface-3.5.3-py3.10.egg-info/PKG-INFO
[7.393s] -- Up-to-date symlink: /home/student/ros2_ws/install/gazebo_map_creator_interface/local/lib/python3.10/dist-packages/gazebo_map_creator_interface-3.5.3-py3.10.egg-info/SOURCES.txt
[7.394s] -- Up-to-date symlink: /home/student/ros2_ws/install/gazebo_map_creator_interface/local/lib/python3.10/dist-packages/gazebo_map_creator_interface-3.5.3-py3.10.egg-info/dependency_links.txt
[7.394s] -- Up-to-date symlink: /home/student/ros2_ws/install/gazebo_map_creator_interface/local/lib/python3.10/dist-packages/gazebo_map_creator_interface-3.5.3-py3.10.egg-info/top_level.txt
[7.395s] -- Up-to-date symlink: /home/student/ros2_ws/install/gazebo_map_creator_interface/local/lib/python3.10/dist-packages/gazebo_map_creator_interface/__init__.py
[7.395s] -- Up-to-date symlink: /home/student/ros2_ws/install/gazebo_map_creator_interface/local/lib/python3.10/dist-packages/gazebo_map_creator_interface/_gazebo_map_creator_interface_s.ep.rosidl_typesupport_c.c
[7.395s] -- Up-to-date symlink: /home/student/ros2_ws/install/gazebo_map_creator_interface/local/lib/python3.10/dist-packages/gazebo_map_creator_interface/_gazebo_map_creator_interface_s.ep.rosidl_typesupport_fastrtps_c.c
[7.396s] -- Up-to-date symlink: /home/student/ros2_ws/install/gazebo_map_creator_interface/local/lib/python3.10/dist-packages/gazebo_map_creator_interface/_gazebo_map_creator_interface_s.ep.rosidl_typesupport_introspection_c.c
[7.396s] -- Up-to-date symlink: /home/student/ros2_ws/install/gazebo_map_creator_interface/local/lib/python3.10/dist-packages/gazebo_map_creator_interface/gazebo_map_creator_interface_s__rosidl_typesupport_c.cpython-310-x86_64-linux-gnu.so
[7.396s] -- Up-to-date symlink: /home/student/ros2_ws/install/gazebo_map_creator_interface/local/lib/python3.10/dist-packages/gazebo_map_creator_interface/gazebo_map_creator_interface_s__rosidl_typesupport_fastrtps_c.cpython-310-x86_64-linux-gnu.so
[7.396s] -- Up-to-date symlink: /home/student/ros2_ws/install/gazebo_map_creator_interface/local/lib/python3.10/dist-packages/gazebo_map_creator_interface/gazebo_map_creator_interface_s__rosidl_typesupport_introspection_c.cpython-310-x86_64-linux-gnu.so
[7.396s] -- Up-to-date symlink: /home/student/ros2_ws/install/gazebo_map_creator_interface/local/lib/python3.10/dist-packages/gazebo_map_creator_interface/libgazebo_map_creator_interface__rosidl_generator_py.so
[7.397s] -- Up-to-date symlink: /home/student/ros2_ws/install/gazebo_map_creator_interface/local/lib/python3.10/dist-packages/gazebo_map_creator_interface/srv/__init__.py
[7.397s] -- Up-to-date symlink: /home/student/ros2_ws/install/gazebo_map_creator_interface/local/lib/python3.10/dist-packages/gazebo_map_creator_interface/srv/_map_request.py
[7.397s] -- Up-to-date symlink: /home/student/ros2_ws/install/gazebo_map_creator_interface/local/lib/python3.10/dist-packages/gazebo_map_creator_interface/srv/_map_request_s.c
[7.397s] -- Up-to-date symlink: /home/student/ros2_ws/install/gazebo_map_creator_interface/local/lib/python3.10/dist-packages/gazebo_map_creator_interface/gazebo_map_creator_interface_s__rosidl_typesupport_fastrtps_c.cpython-310-x86_64-linux-gnu.so
[7.397s] -- Up-to-date symlink: /home/student/ros2_ws/install/gazebo_map_creator_interface/local/lib/python3.10/dist-packages/gazebo_map_creator_interface/gazebo_map_creator_interface_s__rosidl_typesupport_introspection_c.cpython-310-x86_64-linux-gnu.so
[7.397s] -- Up-to-date symlink: /home/student/ros2_ws/install/gazebo_map_creator_interface/local/lib/python3.10/dist-packages/gazebo_map_creator_interface/gazebo_map_creator_interface_s__rosidl_typesupport_c.cpython-310-x86_64-linux-gnu.so
[7.397s] -- Up-to-date symlink: /home/student/ros2_ws/install/gazebo_map_creator_interface/share/gazebo_map_creator_interface/srv/MapRequest.idl
[7.398s] -- Up-to-date symlink: /home/student/ros2_ws/install/gazebo_map_creator_interface/share/gazebo_map_creator_interface/srv/MapRequest.srv
[7.398s] -- Up-to-date symlink: /home/student/ros2_ws/install/gazebo_map_creator_interface/share/gazebo_map_creator_interface/srv/MapRequest_Request.msg
[7.398s] -- Up-to-date symlink: /home/student/ros2_ws/install/gazebo_map_creator_interface/share/gazebo_map_creator_interface/srv/MapRequest_Response.msg
[7.398s] -- Up-to-date symlink: /home/student/ros2_ws/install/gazebo_map_creator_interface/share/ament_index/resource_index/package_run_dependencies/gazebo_map_creator_interface
[7.398s] -- Up-to-date symlink: /home/student/ros2_ws/install/gazebo_map_creator_interface/share/ament_index/resource_index/parent_prefix_path/gazebo_map_creator_interface
[7.398s] -- Up-to-date symlink: /home/student/ros2_ws/install/gazebo_map_creator_interface/share/gazebo_map_creator_interface/environment/ament_prefix_path.sh
[7.398s] -- Up-to-date symlink: /home/student/ros2_ws/install/gazebo_map_creator_interface/share/gazebo_map_creator_interface/environment/ament_prefix_path.dsv
[7.399s] -- Up-to-date symlink: /home/student/ros2_ws/install/gazebo_map_creator_interface/share/gazebo_map_creator_interface/environment/path.sh
[7.399s] -- Up-to-date symlink: /home/student/ros2_ws/install/gazebo_map_creator_interface/share/gazebo_map_creator_interface/environment/path.dsv
[7.399s] -- Up-to-date symlink: /home/student/ros2_ws/install/gazebo_map_creator_interface/share/gazebo_map_creator_interface/local_setup.bash
[7.399s] -- Up-to-date symlink: /home/student/ros2_ws/install/gazebo_map_creator_interface/share/gazebo_map_creator_interface/local_setup.sh
[7.400s] -- Up-to-date symlink: /home/student/ros2_ws/install/gazebo_map_creator_interface/share/gazebo_map_creator_interface/local_setup.zsh
[7.400s] -- Up-to-date symlink: /home/student/ros2_ws/install/gazebo_map_creator_interface/share/gazebo_map_creator_interface/local_setup.dsv
[7.400s] -- Symlinking: /home/student/ros2_ws/install/gazebo_map_creator_interface/share/gazebo_map_creator_interface/package.dsv
[7.414s] -- Up-to-date symlink: /home/student/ros2_ws/install/gazebo_map_creator_interface/share/ament_index/resource_index/packages/gazebo_map_creator_interface
[7.414s] -- Up-to-date symlink: /home/student/ros2_ws/install/gazebo_map_creator_interface/share/gazebo_map_creator_interface/cmake/rosidl_cmake-extras.cmake
[7.414s] -- Up-to-date symlink: /home/student/ros2_ws/install/gazebo_map_creator_interface/share/gazebo_map_creator_interface/cmake/ament_cmake_export_dependencies-extras.cmake
[7.415s] -- Up-to-date symlink: /home/student/ros2_ws/install/gazebo_map_creator_interface/share/gazebo_map_creator_interface/cmake/ament_cmake_export_include_directories-extras.cmake
[7.417s] -- Up-to-date symlink: /home/student/ros2_ws/install/gazebo_map_creator_interface/share/gazebo_map_creator_interface/cmake/ament_cmake_export_libraries-extras.cmake
[7.419s] -- Up-to-date symlink: /home/student/ros2_ws/install/gazebo_map_creator_interface/share/gazebo_map_creator_interface/cmake/ament_cmake_export_targets-extras.cmake
[7.419s] -- Up-to-date symlink: /home/student/ros2_ws/install/gazebo_map_creator_interface/share/gazebo_map_creator_interface/cmake/rosidl_cmake_export_typesupport_targets-extras.cmake
[7.420s] -- Up-to-date symlink: /home/student/ros2_ws/install/gazebo_map_creator_interface/share/gazebo_map_creator_interface/cmake/rosidl_cmake_export_typesupport_libraries-extras.cmake
[7.420s] -- Up-to-date symlink: /home/student/ros2_ws/install/gazebo_map_creator_interface/share/gazebo_map_creator_interface/cmake/gazebo_map_creator_interfaceConfig.cmake
[7.420s] -- Up-to-date symlink: /home/student/ros2_ws/install/gazebo_map_creator_interface/share/gazebo_map_creator_interface/cmake/gazebo_map_creator_interfaceConfig-version.cmake
[7.420s] -- Up-to-date symlink: /home/student/ros2_ws/install/gazebo_map_creator_interface/share/gazebo_map_creator_interface/package.xml
[7.422s] -- Installing: /home/student/ros2_ws/install/gazebo_map_creator_interface/lib/libgazebo_map_creator_interface__rosidl_generator_c.so
[7.422s] -- Set runtime path of "/home/student/ros2_ws/install/gazebo_map_creator_interface/lib/libgazebo_map_creator_interface__rosidl_generator_c.so" to ""
[7.422s] -- Installing: /home/student/ros2_ws/install/gazebo_map_creator_interface/lib/libgazebo_map_creator_interface__rosidl_typesupport_fastrtps_c.so
[7.422s] -- Set runtime path of "/home/student/ros2_ws/install/gazebo_map_creator_interface/lib/libgazebo_map_creator_interface__rosidl_typesupport_fastrtps_c.so" to ""
[7.425s] -- Installing: /home/student/ros2_ws/install/gazebo_map_creator_interface/lib/libgazebo_map_creator_interface__rosidl_typesupport_fastrtps_cpp.so
[7.426s] -- Set runtime path of "/home/student/ros2_ws/install/gazebo_map_creator_interface/lib/libgazebo_map_creator_interface__rosidl_typesupport_fastrtps_cpp.so" to ""
[7.428s] -- Installing: /home/student/ros2_ws/install/gazebo_map_creator_interface/lib/libgazebo_map_creator_interface__rosidl_typesupport_introspection_c.so
[7.428s] -- Set runtime path of "/home/student/ros2_ws/install/gazebo_map_creator_interface/lib/libgazebo_map_creator_interface__rosidl_typesupport_introspection_c.so" to ""
[7.429s] -- Installing: /home/student/ros2_ws/install/gazebo_map_creator_interface/lib/libgazebo_map_creator_interface__rosidl_typesupport_c.so
[7.430s] -- Set runtime path of "/home/student/ros2_ws/install/gazebo_map_creator_interface/lib/libgazebo_map_creator_interface__rosidl_typesupport_c.so" to ""
[7.433s] -- Installing: /home/student/ros2_ws/install/gazebo_map_creator_interface/lib/libgazebo_map_creator_interface__rosidl_typesupport_introspection_cpp.so
[7.434s] -- Set runtime path of "/home/student/ros2_ws/install/gazebo_map_creator_interface/lib/libgazebo_map_creator_interface__rosidl_typesupport_introspection_cpp.so" to ""
[7.434s] -- Installing: /home/student/ros2_ws/install/gazebo_map_creator_interface/lib/libgazebo_map_creator_interface__rosidl_typesupport_cpp.so
[7.434s] -- Set runtime path of "/home/student/ros2_ws/install/gazebo_map_creator_interface/lib/libgazebo_map_creator_interface__rosidl_typesupport_cpp.so" to ""
[7.528s] Listing '/home/student/ros2_ws/install/gazebo_map_creator_interface/local/lib/python3.10/dist-packages/gazebo_map_creator_interface'...
[7.528s] Compiling '/home/student/ros2_ws/install/gazebo_map_creator_interface/local/lib/python3.10/dist-packages/gazebo_map_creator_interface/__init__.py'...
[7.528s] Listing '/home/student/ros2_ws/install/gazebo_map_creator_interface/local/lib/python3.10/dist-packages/gazebo_map_creator_interface/srv'...
[7.543s] -- Installing: /home/student/ros2_ws/install/gazebo_map_creator_interface/lib/libgazebo_map_creator_interface__rosidl_generator_py.so
[7.544s] -- Set runtime path of "/home/student/ros2_ws/install/gazebo_map_creator_interface/lib/libgazebo_map_creator_interface__rosidl_generator_py.so" to ""
[7.545s] -- Up-to-date: /home/student/ros2_ws/install/gazebo_map_creator_interface/share/gazebo_map_creator_interface/cmake/export_gazebo_map_creator_interface__rosidl_generator_cExport.cmake
[7.545s] -- Installing: /home/student/ros2_ws/install/gazebo_map_creator_interface/share/gazebo_map_creator_interface/cmake/export_gazebo_map_creator_interface__rosidl_generator_cExport-release.cmake
[7.548s] -- Up-to-date: /home/student/ros2_ws/install/gazebo_map_creator_interface/share/gazebo_map_creator_interface/cmake/export_gazebo_map_creator_interface__rosidl_typesupport_fastrtps_cExport.cmake
[7.548s] -- Installing: /home/student/ros2_ws/install/gazebo_map_creator_interface/share/gazebo_map_creator_interface/cmake/export_gazebo_map_creator_interface__rosidl_typesupport_fastrtps_cExport-release.cmake
[7.550s] -- Up-to-date: /home/student/ros2_ws/install/gazebo_map_creator_interface/share/gazebo_map_creator_interface/cmake/export_gazebo_map_creator_interface__rosidl_generator_cppExport.cmake
[7.553s] -- Up-to-date: /home/student/ros2_ws/install/gazebo_map_creator_interface/share/gazebo_map_creator_interface/cmake/export_gazebo_map_creator_interface__rosidl_typesupport_fastrtps_cppExport.cmake
[7.553s] -- Installing: /home/student/ros2_ws/install/gazebo_map_creator_interface/share/gazebo_map_creator_interface/cmake/export_gazebo_map_creator_interface__rosidl_typesupport_fastrtps_cppExport-release.cmake
[7.555s] -- Up-to-date: /home/student/ros2_ws/install/gazebo_map_creator_interface/share/gazebo_map_creator_interface/cmake/gazebo_map_creator_interface__rosidl_typesupport_introspection_cExport.cmake
[7.555s] -- Installing: /home/student/ros2_ws/install/gazebo_map_creator_interface/share/gazebo_map_creator_interface/cmake/gazebo_map_creator_interface__rosidl_typesupport_introspection_cExport-release.cmake
[7.555s] -- Up-to-date: /home/student/ros2_ws/install/gazebo_map_creator_interface/share/gazebo_map_creator_interface/cmake/gazebo_map_creator_interface__rosidl_typesupport_cExport.cmake
[7.555s] -- Installing: /home/student/ros2_ws/install/gazebo_map_creator_interface/share/gazebo_map_creator_interface/cmake/gazebo_map_creator_interface__rosidl_typesupport_cExport-release.cmake
[7.557s] -- Up-to-date: /home/student/ros2_ws/install/gazebo_map_creator_interface/share/gazebo_map_creator_interface/cmake/gazebo_map_creator_interface__rosidl_typesupport_introspection_cppExport.cmake
[7.560s] -- Installing: /home/student/ros2_ws/install/gazebo_map_creator_interface/share/gazebo_map_creator_interface/cmake/gazebo_map_creator_interface__rosidl_typesupport_introspection_cppExport-release.cmake
[7.560s] -- Up-to-date: /home/student/ros2_ws/install/gazebo_map_creator_interface/share/gazebo_map_creator_interface/cmake/gazebo_map_creator_interface__rosidl_typesupport_cppExport.cmake
[7.560s] -- Installing: /home/student/ros2_ws/install/gazebo_map_creator_interface/share/gazebo_map_creator_interface/cmake/gazebo_map_creator_interface__rosidl_typesupport_cppExport-release.cmake
[7.560s] -- Up-to-date: /home/student/ros2_ws/install/gazebo_map_creator_interface/share/gazebo_map_creator_interface/cmake/export_gazebo_map_creator_interface__rosidl_generator_pyExport.cmake
[7.561s] -- Installing: /home/student/ros2_ws/install/gazebo_map_creator_interface/share/gazebo_map_creator_interface/cmake/export_gazebo_map_creator_interface__rosidl_generator_pyExport-release.cmake
[7.563s] Invoked command in '/home/student/ros2_ws/build/gazebo_map_creator_interface' returned '0': CMAKE_PREFIX_PATH=${CMAKE_PREFIX_PATH}:/home/student/ros2_ws/install/turtlebot3_teleop:/home/student/ros2_ws/install/turtlebot3_example:/home/student/ros2_ws/install/rtabmap_python:/opt/ros/humble /usr/bin/cmake --install /home/student/ros2_ws/build/gazebo_map_creator_interface
