[0.029s] Invoking command in '/home/student/ros2_ws/build/scan_matching_localiser': CMAKE_PREFIX_PATH=${CMAKE_PREFIX_PATH}:/home/student/ros2_ws/install/turtlebot3_teleop:/home/student/ros2_ws/install/turtlebot3_example:/opt/ros/humble /usr/bin/cmake --build /home/student/ros2_ws/build/scan_matching_localiser -- -j8 -l8
[0.119s] [35m[1mConsolidate compiler generated dependencies of target map_processor_node[0m
[0.160s] [ 50%] [32mBuilding CXX object CMakeFiles/map_processor_node.dir/src/map_processor_node.cpp.o[0m
[18.999s] [100%] [32m[1mLinking CXX executable map_processor_node[0m
[20.558s] [100%] Built target map_processor_node
[20.584s] Invoked command in '/home/student/ros2_ws/build/scan_matching_localiser' returned '0': CMAKE_PREFIX_PATH=${CMAKE_PREFIX_PATH}:/home/student/ros2_ws/install/turtlebot3_teleop:/home/student/ros2_ws/install/turtlebot3_example:/opt/ros/humble /usr/bin/cmake --build /home/student/ros2_ws/build/scan_matching_localiser -- -j8 -l8
[20.675s] Invoking command in '/home/student/ros2_ws/build/scan_matching_localiser': CMAKE_PREFIX_PATH=${CMAKE_PREFIX_PATH}:/home/student/ros2_ws/install/turtlebot3_teleop:/home/student/ros2_ws/install/turtlebot3_example:/opt/ros/humble /usr/bin/cmake --install /home/student/ros2_ws/build/scan_matching_localiser
[20.687s] -- Install configuration: ""
[20.688s] -- Installing: /home/student/ros2_ws/install/scan_matching_localiser/lib/scan_matching_localiser/map_processor_node
[20.701s] -- Set runtime path of "/home/student/ros2_ws/install/scan_matching_localiser/lib/scan_matching_localiser/map_processor_node" to ""
[20.701s] -- Up-to-date: /home/student/ros2_ws/install/scan_matching_localiser/share/ament_index/resource_index/package_run_dependencies/scan_matching_localiser
[20.701s] -- Up-to-date: /home/student/ros2_ws/install/scan_matching_localiser/share/ament_index/resource_index/parent_prefix_path/scan_matching_localiser
[20.701s] -- Up-to-date: /home/student/ros2_ws/install/scan_matching_localiser/share/scan_matching_localiser/environment/ament_prefix_path.sh
[20.701s] -- Up-to-date: /home/student/ros2_ws/install/scan_matching_localiser/share/scan_matching_localiser/environment/ament_prefix_path.dsv
[20.702s] -- Up-to-date: /home/student/ros2_ws/install/scan_matching_localiser/share/scan_matching_localiser/environment/path.sh
[20.702s] -- Up-to-date: /home/student/ros2_ws/install/scan_matching_localiser/share/scan_matching_localiser/environment/path.dsv
[20.702s] -- Up-to-date: /home/student/ros2_ws/install/scan_matching_localiser/share/scan_matching_localiser/local_setup.bash
[20.702s] -- Up-to-date: /home/student/ros2_ws/install/scan_matching_localiser/share/scan_matching_localiser/local_setup.sh
[20.702s] -- Up-to-date: /home/student/ros2_ws/install/scan_matching_localiser/share/scan_matching_localiser/local_setup.zsh
[20.702s] -- Up-to-date: /home/student/ros2_ws/install/scan_matching_localiser/share/scan_matching_localiser/local_setup.dsv
[20.702s] -- Installing: /home/student/ros2_ws/install/scan_matching_localiser/share/scan_matching_localiser/package.dsv
[20.702s] -- Up-to-date: /home/student/ros2_ws/install/scan_matching_localiser/share/ament_index/resource_index/packages/scan_matching_localiser
[20.702s] -- Up-to-date: /home/student/ros2_ws/install/scan_matching_localiser/share/scan_matching_localiser/cmake/scan_matching_localiserConfig.cmake
[20.702s] -- Up-to-date: /home/student/ros2_ws/install/scan_matching_localiser/share/scan_matching_localiser/cmake/scan_matching_localiserConfig-version.cmake
[20.703s] -- Up-to-date: /home/student/ros2_ws/install/scan_matching_localiser/share/scan_matching_localiser/package.xml
[20.725s] Invoked command in '/home/student/ros2_ws/build/scan_matching_localiser' returned '0': CMAKE_PREFIX_PATH=${CMAKE_PREFIX_PATH}:/home/student/ros2_ws/install/turtlebot3_teleop:/home/student/ros2_ws/install/turtlebot3_example:/opt/ros/humble /usr/bin/cmake --install /home/student/ros2_ws/build/scan_matching_localiser
