[0.049s] Invoking command in '/home/student/ros2_ws/build/turtlebot3_gazebo': CMAKE_PREFIX_PATH=${CMAKE_PREFIX_PATH}:/home/student/ros2_ws/install/turtlebot3_teleop:/home/student/ros2_ws/install/turtlebot3_example:/opt/ros/humble /usr/bin/cmake /home/student/ros2_ws/src/turtlebot3_simulations/turtlebot3_gazebo -DCMAKE_BUILD_TYPE=Release -DAMENT_CMAKE_SYMLINK_INSTALL=1 -DCMAKE_INSTALL_PREFIX=/home/student/ros2_ws/install/turtlebot3_gazebo
[0.106s] -- Found ament_cmake: 1.3.9 (/opt/ros/humble/share/ament_cmake/cmake)
[0.285s] -- Override CMake install command with custom implementation using symlinks instead of copying resources
[0.365s] [33mCMake Warning (dev) at /usr/share/cmake-3.22/Modules/FindPackageHandleStandardArgs.cmake:438 (message):
[0.365s]   The package name passed to `find_package_handle_standard_args` (PkgConfig)
[0.366s]   does not match the name of the calling package (gazebo).  This can lead to
[0.366s]   problems in calling code that expects `find_package` result variables
[0.366s]   (e.g., `_FOUND`) to follow a certain pattern.
[0.367s] Call Stack (most recent call first):
[0.367s]   /usr/share/cmake-3.22/Modules/FindPkgConfig.cmake:99 (find_package_handle_standard_args)
[0.367s]   /usr/lib/x86_64-linux-gnu/cmake/gazebo/gazebo-config.cmake:72 (include)
[0.367s]   CMakeLists.txt:23 (find_package)
[0.367s] This warning is for project developers.  Use -Wno-dev to suppress it.
[0.367s] [0m
[0.615s] -- Found DART: /usr/include (Required is at least version "6.6") found components: dart 
[0.871s] -- Found Protobuf: /usr/lib/x86_64-linux-gnu/libprotobuf.so (found version "3.12.4") 
[0.902s] -- Looking for ignition-math6 -- found version 6.15.1
[0.951s] -- Searching for dependencies of ignition-math6
[0.975s] -- Looking for OGRE...
[1.003s] -- Found Ogre Ghadamon (1.9.0)
[1.009s] -- Found OGRE: optimized;/usr/lib/x86_64-linux-gnu/libOgreMain.so;debug;/usr/lib/x86_64-linux-gnu/libOgreMain.so
[1.036s] -- Looking for OGRE_Paging...
[1.036s] -- Found OGRE_Paging: optimized;/usr/lib/x86_64-linux-gnu/libOgrePaging.so;debug;/usr/lib/x86_64-linux-gnu/libOgrePaging.so
[1.036s] -- Looking for OGRE_Terrain...
[1.037s] -- Found OGRE_Terrain: optimized;/usr/lib/x86_64-linux-gnu/libOgreTerrain.so;debug;/usr/lib/x86_64-linux-gnu/libOgreTerrain.so
[1.038s] -- Looking for OGRE_Property...
[1.038s] -- Found OGRE_Property: optimized;/usr/lib/x86_64-linux-gnu/libOgreProperty.so;debug;/usr/lib/x86_64-linux-gnu/libOgreProperty.so
[1.038s] -- Looking for OGRE_RTShaderSystem...
[1.038s] -- Found OGRE_RTShaderSystem: optimized;/usr/lib/x86_64-linux-gnu/libOgreRTShaderSystem.so;debug;/usr/lib/x86_64-linux-gnu/libOgreRTShaderSystem.so
[1.039s] -- Looking for OGRE_Volume...
[1.039s] -- Found OGRE_Volume: optimized;/usr/lib/x86_64-linux-gnu/libOgreVolume.so;debug;/usr/lib/x86_64-linux-gnu/libOgreVolume.so
[1.040s] -- Looking for OGRE_Overlay...
[1.040s] -- Found OGRE_Overlay: optimized;/usr/lib/x86_64-linux-gnu/libOgreOverlay.so;debug;/usr/lib/x86_64-linux-gnu/libOgreOverlay.so
[1.426s] -- Looking for ignition-math6 -- found version 6.15.1
[1.438s] -- Looking for ignition-transport8 -- found version 8.2.1
[1.438s] -- Searching for dependencies of ignition-transport8
[1.470s] -- Found Protobuf: /usr/lib/x86_64-linux-gnu/libprotobuf.so (found suitable version "3.12.4", minimum required is "3") 
[1.486s] -- Config-file not installed for ZeroMQ -- checking for pkg-config
[1.491s] -- Checking for module 'libzmq >= 4'
[1.532s] --   Found libzmq , version 4.3.4
[1.589s] -- Checking for module 'uuid'
[1.611s] --   Found uuid, version 2.37.2
[1.662s] -- Looking for ignition-msgs5 -- found version 5.8.1
[1.663s] -- Searching for dependencies of ignition-msgs5
[1.685s] -- Looking for ignition-math6 -- found version 6.15.1
[1.691s] -- Checking for module 'tinyxml2'
[1.715s] --   Found tinyxml2, version 9.0.0
[1.762s] -- Looking for ignition-msgs5 -- found version 5.8.1
[1.768s] -- Looking for ignition-common3 -- found version 3.14.0
[1.769s] -- Searching for dependencies of ignition-common3
[1.769s] -- Looking for dlfcn.h - found
[1.769s] -- Looking for libdl - found
[1.796s] -- Searching for <ignition-common3> component [graphics]
[1.796s] -- Looking for ignition-common3-graphics -- found version 3.14.0
[1.796s] -- Searching for dependencies of ignition-common3-graphics
[1.796s] -- Looking for ignition-math6 -- found version 6.15.1
[1.807s] -- Looking for ignition-fuel_tools4 -- found version 4.4.0
[1.807s] -- Searching for dependencies of ignition-fuel_tools4
[1.916s] -- Checking for module 'jsoncpp'
[1.944s] --   Found jsoncpp, version 1.9.5
[1.994s] -- Checking for module 'libzip'
[2.012s] --   Found libzip, version 1.7.3
[2.051s] -- Looking for ignition-common3 -- found version 3.14.0
[2.051s] -- Looking for ignition-math6 -- found version 6.15.1
[2.052s] -- Looking for ignition-msgs5 -- found version 5.8.1
[2.065s] -- Found gazebo_ros_pkgs: 3.7.0 (/opt/ros/humble/share/gazebo_ros_pkgs/cmake)
[2.065s] -- Found geometry_msgs: 4.2.4 (/opt/ros/humble/share/geometry_msgs/cmake)
[2.086s] -- Found rosidl_generator_c: 3.1.5 (/opt/ros/humble/share/rosidl_generator_c/cmake)
[2.089s] -- Found rosidl_adapter: 3.1.5 (/opt/ros/humble/share/rosidl_adapter/cmake)
[2.097s] -- Found rosidl_generator_cpp: 3.1.5 (/opt/ros/humble/share/rosidl_generator_cpp/cmake)
[2.114s] -- Using all available rosidl_typesupport_c: rosidl_typesupport_fastrtps_c;rosidl_typesupport_introspection_c
[2.136s] -- Using all available rosidl_typesupport_cpp: rosidl_typesupport_fastrtps_cpp;rosidl_typesupport_introspection_cpp
[2.357s] -- Found nav_msgs: 4.2.4 (/opt/ros/humble/share/nav_msgs/cmake)
[2.564s] -- Found rclcpp: 16.0.9 (/opt/ros/humble/share/rclcpp/cmake)
[2.916s] -- Found rmw_implementation_cmake: 6.1.2 (/opt/ros/humble/share/rmw_implementation_cmake/cmake)
[2.927s] -- Found rmw_fastrtps_cpp: 6.2.6 (/opt/ros/humble/share/rmw_fastrtps_cpp/cmake)
[3.691s] -- Using RMW implementation 'rmw_fastrtps_cpp' as default
[4.442s] -- Found sensor_msgs: 4.2.4 (/opt/ros/humble/share/sensor_msgs/cmake)
[4.786s] -- Found tf2: 0.25.7 (/opt/ros/humble/share/tf2/cmake)
[5.131s] -- Configuring done
[5.518s] -- Generating done
[5.527s] -- Build files have been written to: /home/student/ros2_ws/build/turtlebot3_gazebo
[5.618s] Invoked command in '/home/student/ros2_ws/build/turtlebot3_gazebo' returned '0': CMAKE_PREFIX_PATH=${CMAKE_PREFIX_PATH}:/home/student/ros2_ws/install/turtlebot3_teleop:/home/student/ros2_ws/install/turtlebot3_example:/opt/ros/humble /usr/bin/cmake /home/student/ros2_ws/src/turtlebot3_simulations/turtlebot3_gazebo -DCMAKE_BUILD_TYPE=Release -DAMENT_CMAKE_SYMLINK_INSTALL=1 -DCMAKE_INSTALL_PREFIX=/home/student/ros2_ws/install/turtlebot3_gazebo
[5.619s] Invoking command in '/home/student/ros2_ws/build/turtlebot3_gazebo': CMAKE_PREFIX_PATH=${CMAKE_PREFIX_PATH}:/home/student/ros2_ws/install/turtlebot3_teleop:/home/student/ros2_ws/install/turtlebot3_example:/opt/ros/humble /usr/bin/cmake --build /home/student/ros2_ws/build/turtlebot3_gazebo
[5.747s] [35m[1mConsolidate compiler generated dependencies of target turtlebot3_drive[0m
[5.762s] [35m[1mConsolidate compiler generated dependencies of target obstacle1[0m
[5.769s] [35m[1mConsolidate compiler generated dependencies of target obstacle2[0m
[5.784s] [35m[1mConsolidate compiler generated dependencies of target obstacles[0m
[5.915s] [ 12%] [32mBuilding CXX object CMakeFiles/turtlebot3_drive.dir/src/turtlebot3_drive.cpp.o[0m
[6.157s] [ 25%] [32mBuilding CXX object CMakeFiles/obstacle2.dir/models/turtlebot3_dqn_world/obstacle_plugin/obstacle2.cc.o[0m
[6.168s] [ 37%] [32mBuilding CXX object CMakeFiles/obstacles.dir/models/turtlebot3_dqn_world/obstacle_plugin/obstacles.cc.o[0m
[6.176s] [ 50%] [32mBuilding CXX object CMakeFiles/obstacle1.dir/models/turtlebot3_dqn_world/obstacle_plugin/obstacle1.cc.o[0m
[60.458s] [ 62%] [32m[1mLinking CXX shared library libobstacles.so[0m
[60.628s] [ 75%] [32m[1mLinking CXX executable turtlebot3_drive[0m
[61.783s] [ 75%] Built target turtlebot3_drive
[62.205s] [ 75%] Built target obstacles
[66.453s] [ 87%] [32m[1mLinking CXX shared library libobstacle2.so[0m
[66.996s] [100%] [32m[1mLinking CXX shared library libobstacle1.so[0m
[67.461s] [100%] Built target obstacle2
[68.030s] [100%] Built target obstacle1
