[0.048s] Invoking command in '/home/student/ros2_ws/build/turtlesim': CMAKE_PREFIX_PATH=${CMAKE_PREFIX_PATH}:/home/student/ros2_ws/install/turtlebot3_teleop:/home/student/ros2_ws/install/turtlebot3_example:/home/student/ros2_ws/install/rtabmap_python:/opt/ros/humble /usr/bin/cmake /home/student/ros2_ws/src/ros_tutorials/turtlesim -DAMENT_CMAKE_SYMLINK_INSTALL=1 -DCMAKE_INSTALL_PREFIX=/home/student/ros2_ws/install/turtlesim
[0.099s] -- Found ament_cmake: 1.3.9 (/opt/ros/humble/share/ament_cmake/cmake)
[0.317s] -- Override CMake install command with custom implementation using symlinks instead of copying resources
[0.329s] -- Found ament_index_cpp: 1.4.0 (/opt/ros/humble/share/ament_index_cpp/cmake)
[0.330s] -- Found geometry_msgs: 4.2.4 (/opt/ros/humble/share/geometry_msgs/cmake)
[0.373s] -- Found rosidl_generator_c: 3.1.5 (/opt/ros/humble/share/rosidl_generator_c/cmake)
[0.377s] -- Found rosidl_adapter: 3.1.5 (/opt/ros/humble/share/rosidl_adapter/cmake)
[0.387s] -- Found rosidl_generator_cpp: 3.1.5 (/opt/ros/humble/share/rosidl_generator_cpp/cmake)
[0.409s] -- Using all available rosidl_typesupport_c: rosidl_typesupport_fastrtps_c;rosidl_typesupport_introspection_c
[0.438s] -- Using all available rosidl_typesupport_cpp: rosidl_typesupport_fastrtps_cpp;rosidl_typesupport_introspection_cpp
[0.678s] -- Found rclcpp: 16.0.9 (/opt/ros/humble/share/rclcpp/cmake)
[0.757s] -- Found rmw_implementation_cmake: 6.1.2 (/opt/ros/humble/share/rmw_implementation_cmake/cmake)
[0.761s] -- Found rmw_fastrtps_cpp: 6.2.6 (/opt/ros/humble/share/rmw_fastrtps_cpp/cmake)
[0.982s] -- Using RMW implementation 'rmw_fastrtps_cpp' as default
[1.190s] -- Found rclcpp_action: 16.0.9 (/opt/ros/humble/share/rclcpp_action/cmake)
[1.330s] -- Found rosidl_default_generators: 1.2.0 (/opt/ros/humble/share/rosidl_default_generators/cmake)
[1.345s] -- Found std_srvs: 4.2.4 (/opt/ros/humble/share/std_srvs/cmake)
[2.596s] -- Found ament_cmake_ros: 0.10.0 (/opt/ros/humble/share/ament_cmake_ros/cmake)
[3.093s] -- Using all available rosidl_typesupport_c: rosidl_typesupport_fastrtps_c;rosidl_typesupport_introspection_c
[3.248s] -- Using all available rosidl_typesupport_cpp: rosidl_typesupport_fastrtps_cpp;rosidl_typesupport_introspection_cpp
[3.277s] -- Found python_cmake_module: 0.10.0 (/opt/ros/humble/share/python_cmake_module/cmake)
[3.310s] -- Using PYTHON_EXECUTABLE: /usr/bin/python3
[3.310s] -- Using PYTHON_INCLUDE_DIRS: /usr/include/python3.10
[3.310s] -- Using PYTHON_LIBRARIES: /usr/lib/x86_64-linux-gnu/libpython3.10.so
[3.423s] -- Configuring done
[3.537s] -- Generating done
[3.542s] -- Build files have been written to: /home/student/ros2_ws/build/turtlesim
[3.558s] Invoked command in '/home/student/ros2_ws/build/turtlesim' returned '0': CMAKE_PREFIX_PATH=${CMAKE_PREFIX_PATH}:/home/student/ros2_ws/install/turtlebot3_teleop:/home/student/ros2_ws/install/turtlebot3_example:/home/student/ros2_ws/install/rtabmap_python:/opt/ros/humble /usr/bin/cmake /home/student/ros2_ws/src/ros_tutorials/turtlesim -DAMENT_CMAKE_SYMLINK_INSTALL=1 -DCMAKE_INSTALL_PREFIX=/home/student/ros2_ws/install/turtlesim
[3.561s] Invoking command in '/home/student/ros2_ws/build/turtlesim': CMAKE_PREFIX_PATH=${CMAKE_PREFIX_PATH}:/home/student/ros2_ws/install/turtlebot3_teleop:/home/student/ros2_ws/install/turtlebot3_example:/home/student/ros2_ws/install/rtabmap_python:/opt/ros/humble /usr/bin/cmake --build /home/student/ros2_ws/build/turtlesim -- -j8 -l8
[3.642s] [  1%] Built target turtlesim__cpp
[3.648s] [35m[1mConsolidate compiler generated dependencies of target turtlesim__rosidl_generator_c[0m
[3.665s] [  1%] Built target ament_cmake_python_symlink_turtlesim
[3.672s] [ 11%] Built target turtlesim__rosidl_generator_c
[3.680s] [35m[1mConsolidate compiler generated dependencies of target turtlesim__rosidl_typesupport_cpp[0m
[3.687s] [35m[1mConsolidate compiler generated dependencies of target turtlesim__rosidl_typesupport_fastrtps_cpp[0m
[3.688s] [35m[1mConsolidate compiler generated dependencies of target turtlesim__rosidl_typesupport_introspection_cpp[0m
[3.715s] [35m[1mConsolidate compiler generated dependencies of target turtlesim__rosidl_typesupport_c[0m
[3.715s] [35m[1mConsolidate compiler generated dependencies of target turtlesim__rosidl_typesupport_introspection_c[0m
[3.725s] [ 21%] Built target turtlesim__rosidl_typesupport_cpp
[3.727s] [ 31%] Built target turtlesim__rosidl_typesupport_introspection_cpp
[3.728s] [35m[1mConsolidate compiler generated dependencies of target turtlesim__rosidl_typesupport_fastrtps_c[0m
[3.734s] [ 41%] Built target turtlesim__rosidl_typesupport_fastrtps_cpp
[3.748s] [ 51%] Built target turtlesim__rosidl_typesupport_c
[3.756s] [ 61%] Built target turtlesim__rosidl_typesupport_introspection_c
[3.764s] [35m[1mConsolidate compiler generated dependencies of target turtle_teleop_key[0m
[3.769s] [ 71%] Built target turtlesim__rosidl_typesupport_fastrtps_c
[3.770s] [35m[1mConsolidate compiler generated dependencies of target draw_square[0m
[3.774s] [35m[1mConsolidate compiler generated dependencies of target mimic[0m
[3.794s] [35m[1mConsolidate compiler generated dependencies of target turtlesim_node[0m
[3.808s] [ 73%] Built target turtle_teleop_key
[3.812s] [ 75%] Built target draw_square
[3.812s] [ 75%] Built target turtlesim
[3.824s] [ 77%] Built target mimic
[3.851s] [ 78%] Built target turtlesim__py
[3.866s] [ 84%] Built target turtlesim_node
[3.891s] [35m[1mConsolidate compiler generated dependencies of target turtlesim__rosidl_generator_py[0m
[3.925s] [ 93%] Built target turtlesim__rosidl_generator_py
[3.950s] [35m[1mConsolidate compiler generated dependencies of target turtlesim__rosidl_typesupport_c__pyext[0m
[3.950s] [35m[1mConsolidate compiler generated dependencies of target turtlesim__rosidl_typesupport_introspection_c__pyext[0m
[3.951s] [35m[1mConsolidate compiler generated dependencies of target turtlesim__rosidl_typesupport_fastrtps_c__pyext[0m
[3.971s] [ 95%] Built target turtlesim__rosidl_typesupport_introspection_c__pyext
[3.975s] [ 97%] Built target turtlesim__rosidl_typesupport_c__pyext
[3.976s] [100%] Built target turtlesim__rosidl_typesupport_fastrtps_c__pyext
[4.051s] running egg_info
[4.051s] writing turtlesim.egg-info/PKG-INFO
[4.052s] writing dependency_links to turtlesim.egg-info/dependency_links.txt
[4.052s] writing top-level names to turtlesim.egg-info/top_level.txt
[4.055s] reading manifest file 'turtlesim.egg-info/SOURCES.txt'
[4.055s] writing manifest file 'turtlesim.egg-info/SOURCES.txt'
[4.089s] [100%] Built target ament_cmake_python_build_turtlesim_egg
[4.107s] Invoked command in '/home/student/ros2_ws/build/turtlesim' returned '0': CMAKE_PREFIX_PATH=${CMAKE_PREFIX_PATH}:/home/student/ros2_ws/install/turtlebot3_teleop:/home/student/ros2_ws/install/turtlebot3_example:/home/student/ros2_ws/install/rtabmap_python:/opt/ros/humble /usr/bin/cmake --build /home/student/ros2_ws/build/turtlesim -- -j8 -l8
[4.510s] Invoking command in '/home/student/ros2_ws/build/turtlesim': CMAKE_PREFIX_PATH=${CMAKE_PREFIX_PATH}:/home/student/ros2_ws/install/turtlebot3_teleop:/home/student/ros2_ws/install/turtlebot3_example:/home/student/ros2_ws/install/rtabmap_python:/opt/ros/humble /usr/bin/cmake --install /home/student/ros2_ws/build/turtlesim
[4.521s] -- Install configuration: "Release"
[4.522s] -- Execute custom install script
[4.522s] -- Up-to-date symlink: /home/student/ros2_ws/install/turtlesim/share/ament_index/resource_index/rosidl_interfaces/turtlesim
[4.523s] -- Up-to-date symlink: /home/student/ros2_ws/install/turtlesim/include/turtlesim/turtlesim/action/detail/rotate_absolute__functions.h
[4.523s] -- Up-to-date symlink: /home/student/ros2_ws/install/turtlesim/include/turtlesim/turtlesim/action/detail/rotate_absolute__struct.h
[4.524s] -- Up-to-date symlink: /home/student/ros2_ws/install/turtlesim/include/turtlesim/turtlesim/action/detail/rotate_absolute__type_support.h
[4.524s] -- Up-to-date symlink: /home/student/ros2_ws/install/turtlesim/include/turtlesim/turtlesim/action/rotate_absolute.h
[4.524s] -- Up-to-date symlink: /home/student/ros2_ws/install/turtlesim/include/turtlesim/turtlesim/msg/color.h
[4.524s] -- Up-to-date symlink: /home/student/ros2_ws/install/turtlesim/include/turtlesim/turtlesim/msg/detail/color__functions.h
[4.524s] -- Up-to-date symlink: /home/student/ros2_ws/install/turtlesim/include/turtlesim/turtlesim/msg/detail/color__struct.h
[4.524s] -- Up-to-date symlink: /home/student/ros2_ws/install/turtlesim/include/turtlesim/turtlesim/msg/detail/color__type_support.h
[4.524s] -- Up-to-date symlink: /home/student/ros2_ws/install/turtlesim/include/turtlesim/turtlesim/msg/detail/pose__functions.h
[4.525s] -- Up-to-date symlink: /home/student/ros2_ws/install/turtlesim/include/turtlesim/turtlesim/msg/detail/pose__struct.h
[4.525s] -- Up-to-date symlink: /home/student/ros2_ws/install/turtlesim/include/turtlesim/turtlesim/msg/detail/pose__type_support.h
[4.525s] -- Up-to-date symlink: /home/student/ros2_ws/install/turtlesim/include/turtlesim/turtlesim/msg/pose.h
[4.525s] -- Up-to-date symlink: /home/student/ros2_ws/install/turtlesim/include/turtlesim/turtlesim/msg/rosidl_generator_c__visibility_control.h
[4.526s] -- Up-to-date symlink: /home/student/ros2_ws/install/turtlesim/include/turtlesim/turtlesim/srv/detail/kill__functions.h
[4.526s] -- Up-to-date symlink: /home/student/ros2_ws/install/turtlesim/include/turtlesim/turtlesim/srv/detail/kill__struct.h
[4.526s] -- Up-to-date symlink: /home/student/ros2_ws/install/turtlesim/include/turtlesim/turtlesim/srv/detail/kill__type_support.h
[4.526s] -- Up-to-date symlink: /home/student/ros2_ws/install/turtlesim/include/turtlesim/turtlesim/srv/detail/set_pen__functions.h
[4.526s] -- Up-to-date symlink: /home/student/ros2_ws/install/turtlesim/include/turtlesim/turtlesim/srv/detail/set_pen__struct.h
[4.526s] -- Up-to-date symlink: /home/student/ros2_ws/install/turtlesim/include/turtlesim/turtlesim/srv/detail/set_pen__type_support.h
[4.527s] -- Up-to-date symlink: /home/student/ros2_ws/install/turtlesim/include/turtlesim/turtlesim/srv/detail/spawn__functions.h
[4.527s] -- Up-to-date symlink: /home/student/ros2_ws/install/turtlesim/include/turtlesim/turtlesim/srv/detail/spawn__struct.h
[4.527s] -- Up-to-date symlink: /home/student/ros2_ws/install/turtlesim/include/turtlesim/turtlesim/srv/detail/spawn__type_support.h
[4.527s] -- Up-to-date symlink: /home/student/ros2_ws/install/turtlesim/include/turtlesim/turtlesim/srv/detail/teleport_absolute__functions.h
[4.527s] -- Up-to-date symlink: /home/student/ros2_ws/install/turtlesim/include/turtlesim/turtlesim/srv/detail/teleport_absolute__struct.h
[4.527s] -- Up-to-date symlink: /home/student/ros2_ws/install/turtlesim/include/turtlesim/turtlesim/srv/detail/teleport_absolute__type_support.h
[4.527s] -- Up-to-date symlink: /home/student/ros2_ws/install/turtlesim/include/turtlesim/turtlesim/srv/detail/teleport_relative__functions.h
[4.528s] -- Up-to-date symlink: /home/student/ros2_ws/install/turtlesim/include/turtlesim/turtlesim/srv/detail/teleport_relative__struct.h
[4.528s] -- Up-to-date symlink: /home/student/ros2_ws/install/turtlesim/include/turtlesim/turtlesim/srv/detail/teleport_relative__type_support.h
[4.528s] -- Up-to-date symlink: /home/student/ros2_ws/install/turtlesim/include/turtlesim/turtlesim/srv/kill.h
[4.528s] -- Up-to-date symlink: /home/student/ros2_ws/install/turtlesim/include/turtlesim/turtlesim/srv/set_pen.h
[4.528s] -- Up-to-date symlink: /home/student/ros2_ws/install/turtlesim/include/turtlesim/turtlesim/srv/spawn.h
[4.528s] -- Up-to-date symlink: /home/student/ros2_ws/install/turtlesim/include/turtlesim/turtlesim/srv/teleport_absolute.h
[4.528s] -- Up-to-date symlink: /home/student/ros2_ws/install/turtlesim/include/turtlesim/turtlesim/srv/teleport_relative.h
[4.529s] -- Up-to-date symlink: /home/student/ros2_ws/install/turtlesim/share/turtlesim/environment/library_path.sh
[4.529s] -- Up-to-date symlink: /home/student/ros2_ws/install/turtlesim/share/turtlesim/environment/library_path.dsv
[4.529s] -- Up-to-date symlink: /home/student/ros2_ws/install/turtlesim/include/turtlesim/turtlesim/action/detail/rotate_absolute__rosidl_typesupport_fastrtps_c.h
[4.530s] -- Up-to-date symlink: /home/student/ros2_ws/install/turtlesim/include/turtlesim/turtlesim/msg/detail/color__rosidl_typesupport_fastrtps_c.h
[4.530s] -- Up-to-date symlink: /home/student/ros2_ws/install/turtlesim/include/turtlesim/turtlesim/msg/detail/pose__rosidl_typesupport_fastrtps_c.h
[4.530s] -- Up-to-date symlink: /home/student/ros2_ws/install/turtlesim/include/turtlesim/turtlesim/msg/rosidl_typesupport_fastrtps_c__visibility_control.h
[4.530s] -- Up-to-date symlink: /home/student/ros2_ws/install/turtlesim/include/turtlesim/turtlesim/srv/detail/kill__rosidl_typesupport_fastrtps_c.h
[4.530s] -- Up-to-date symlink: /home/student/ros2_ws/install/turtlesim/include/turtlesim/turtlesim/srv/detail/set_pen__rosidl_typesupport_fastrtps_c.h
[4.530s] -- Up-to-date symlink: /home/student/ros2_ws/install/turtlesim/include/turtlesim/turtlesim/srv/detail/spawn__rosidl_typesupport_fastrtps_c.h
[4.530s] -- Up-to-date symlink: /home/student/ros2_ws/install/turtlesim/include/turtlesim/turtlesim/srv/detail/teleport_absolute__rosidl_typesupport_fastrtps_c.h
[4.530s] -- Up-to-date symlink: /home/student/ros2_ws/install/turtlesim/include/turtlesim/turtlesim/srv/detail/teleport_relative__rosidl_typesupport_fastrtps_c.h
[4.531s] -- Up-to-date symlink: /home/student/ros2_ws/install/turtlesim/include/turtlesim/turtlesim/action/detail/rotate_absolute__builder.hpp
[4.531s] -- Up-to-date symlink: /home/student/ros2_ws/install/turtlesim/include/turtlesim/turtlesim/action/detail/rotate_absolute__struct.hpp
[4.531s] -- Up-to-date symlink: /home/student/ros2_ws/install/turtlesim/include/turtlesim/turtlesim/action/detail/rotate_absolute__traits.hpp
[4.531s] -- Up-to-date symlink: /home/student/ros2_ws/install/turtlesim/include/turtlesim/turtlesim/action/rotate_absolute.hpp
[4.532s] -- Up-to-date symlink: /home/student/ros2_ws/install/turtlesim/include/turtlesim/turtlesim/msg/color.hpp
[4.532s] -- Up-to-date symlink: /home/student/ros2_ws/install/turtlesim/include/turtlesim/turtlesim/msg/detail/color__builder.hpp
[4.532s] -- Up-to-date symlink: /home/student/ros2_ws/install/turtlesim/include/turtlesim/turtlesim/msg/detail/color__struct.hpp
[4.532s] -- Up-to-date symlink: /home/student/ros2_ws/install/turtlesim/include/turtlesim/turtlesim/msg/detail/color__traits.hpp
[4.532s] -- Up-to-date symlink: /home/student/ros2_ws/install/turtlesim/include/turtlesim/turtlesim/msg/detail/pose__builder.hpp
[4.532s] -- Up-to-date symlink: /home/student/ros2_ws/install/turtlesim/include/turtlesim/turtlesim/msg/detail/pose__struct.hpp
[4.532s] -- Up-to-date symlink: /home/student/ros2_ws/install/turtlesim/include/turtlesim/turtlesim/msg/detail/pose__traits.hpp
[4.533s] -- Up-to-date symlink: /home/student/ros2_ws/install/turtlesim/include/turtlesim/turtlesim/msg/pose.hpp
[4.533s] -- Up-to-date symlink: /home/student/ros2_ws/install/turtlesim/include/turtlesim/turtlesim/srv/detail/kill__builder.hpp
[4.533s] -- Up-to-date symlink: /home/student/ros2_ws/install/turtlesim/include/turtlesim/turtlesim/srv/detail/kill__struct.hpp
[4.533s] -- Up-to-date symlink: /home/student/ros2_ws/install/turtlesim/include/turtlesim/turtlesim/srv/detail/kill__traits.hpp
[4.533s] -- Up-to-date symlink: /home/student/ros2_ws/install/turtlesim/include/turtlesim/turtlesim/srv/detail/set_pen__builder.hpp
[4.533s] -- Up-to-date symlink: /home/student/ros2_ws/install/turtlesim/include/turtlesim/turtlesim/srv/detail/set_pen__struct.hpp
[4.533s] -- Up-to-date symlink: /home/student/ros2_ws/install/turtlesim/include/turtlesim/turtlesim/srv/detail/set_pen__traits.hpp
[4.534s] -- Up-to-date symlink: /home/student/ros2_ws/install/turtlesim/include/turtlesim/turtlesim/srv/detail/spawn__builder.hpp
[4.534s] -- Up-to-date symlink: /home/student/ros2_ws/install/turtlesim/include/turtlesim/turtlesim/srv/detail/spawn__struct.hpp
[4.534s] -- Up-to-date symlink: /home/student/ros2_ws/install/turtlesim/include/turtlesim/turtlesim/srv/detail/spawn__traits.hpp
[4.534s] -- Up-to-date symlink: /home/student/ros2_ws/install/turtlesim/include/turtlesim/turtlesim/srv/detail/teleport_absolute__builder.hpp
[4.534s] -- Up-to-date symlink: /home/student/ros2_ws/install/turtlesim/include/turtlesim/turtlesim/srv/detail/teleport_absolute__struct.hpp
[4.534s] -- Up-to-date symlink: /home/student/ros2_ws/install/turtlesim/include/turtlesim/turtlesim/srv/detail/teleport_absolute__traits.hpp
[4.534s] -- Up-to-date symlink: /home/student/ros2_ws/install/turtlesim/include/turtlesim/turtlesim/srv/detail/teleport_relative__builder.hpp
[4.534s] -- Up-to-date symlink: /home/student/ros2_ws/install/turtlesim/include/turtlesim/turtlesim/srv/detail/teleport_relative__struct.hpp
[4.535s] -- Up-to-date symlink: /home/student/ros2_ws/install/turtlesim/include/turtlesim/turtlesim/srv/detail/teleport_relative__traits.hpp
[4.535s] -- Up-to-date symlink: /home/student/ros2_ws/install/turtlesim/include/turtlesim/turtlesim/srv/kill.hpp
[4.535s] -- Up-to-date symlink: /home/student/ros2_ws/install/turtlesim/include/turtlesim/turtlesim/srv/set_pen.hpp
[4.535s] -- Up-to-date symlink: /home/student/ros2_ws/install/turtlesim/include/turtlesim/turtlesim/srv/spawn.hpp
[4.535s] -- Up-to-date symlink: /home/student/ros2_ws/install/turtlesim/include/turtlesim/turtlesim/srv/teleport_absolute.hpp
[4.535s] -- Up-to-date symlink: /home/student/ros2_ws/install/turtlesim/include/turtlesim/turtlesim/srv/teleport_relative.hpp
[4.535s] -- Up-to-date symlink: /home/student/ros2_ws/install/turtlesim/include/turtlesim/turtlesim/action/detail/rotate_absolute__rosidl_typesupport_fastrtps_cpp.hpp
[4.536s] -- Up-to-date symlink: /home/student/ros2_ws/install/turtlesim/include/turtlesim/turtlesim/msg/detail/color__rosidl_typesupport_fastrtps_cpp.hpp
[4.536s] -- Up-to-date symlink: /home/student/ros2_ws/install/turtlesim/include/turtlesim/turtlesim/msg/detail/pose__rosidl_typesupport_fastrtps_cpp.hpp
[4.536s] -- Up-to-date symlink: /home/student/ros2_ws/install/turtlesim/include/turtlesim/turtlesim/msg/rosidl_typesupport_fastrtps_cpp__visibility_control.h
[4.536s] -- Up-to-date symlink: /home/student/ros2_ws/install/turtlesim/include/turtlesim/turtlesim/srv/detail/kill__rosidl_typesupport_fastrtps_cpp.hpp
[4.536s] -- Up-to-date symlink: /home/student/ros2_ws/install/turtlesim/include/turtlesim/turtlesim/srv/detail/set_pen__rosidl_typesupport_fastrtps_cpp.hpp
[4.536s] -- Up-to-date symlink: /home/student/ros2_ws/install/turtlesim/include/turtlesim/turtlesim/srv/detail/spawn__rosidl_typesupport_fastrtps_cpp.hpp
[4.536s] -- Up-to-date symlink: /home/student/ros2_ws/install/turtlesim/include/turtlesim/turtlesim/srv/detail/teleport_absolute__rosidl_typesupport_fastrtps_cpp.hpp
[4.536s] -- Up-to-date symlink: /home/student/ros2_ws/install/turtlesim/include/turtlesim/turtlesim/srv/detail/teleport_relative__rosidl_typesupport_fastrtps_cpp.hpp
[4.537s] -- Up-to-date symlink: /home/student/ros2_ws/install/turtlesim/include/turtlesim/turtlesim/action/detail/rotate_absolute__rosidl_typesupport_introspection_c.h
[4.537s] -- Up-to-date symlink: /home/student/ros2_ws/install/turtlesim/include/turtlesim/turtlesim/msg/detail/color__rosidl_typesupport_introspection_c.h
[4.537s] -- Up-to-date symlink: /home/student/ros2_ws/install/turtlesim/include/turtlesim/turtlesim/msg/detail/pose__rosidl_typesupport_introspection_c.h
[4.537s] -- Up-to-date symlink: /home/student/ros2_ws/install/turtlesim/include/turtlesim/turtlesim/msg/rosidl_typesupport_introspection_c__visibility_control.h
[4.537s] -- Up-to-date symlink: /home/student/ros2_ws/install/turtlesim/include/turtlesim/turtlesim/srv/detail/kill__rosidl_typesupport_introspection_c.h
[4.538s] -- Up-to-date symlink: /home/student/ros2_ws/install/turtlesim/include/turtlesim/turtlesim/srv/detail/set_pen__rosidl_typesupport_introspection_c.h
[4.538s] -- Up-to-date symlink: /home/student/ros2_ws/install/turtlesim/include/turtlesim/turtlesim/srv/detail/spawn__rosidl_typesupport_introspection_c.h
[4.538s] -- Up-to-date symlink: /home/student/ros2_ws/install/turtlesim/include/turtlesim/turtlesim/srv/detail/teleport_absolute__rosidl_typesupport_introspection_c.h
[4.538s] -- Up-to-date symlink: /home/student/ros2_ws/install/turtlesim/include/turtlesim/turtlesim/srv/detail/teleport_relative__rosidl_typesupport_introspection_c.h
[4.538s] -- Up-to-date symlink: /home/student/ros2_ws/install/turtlesim/include/turtlesim/turtlesim/action/detail/rotate_absolute__rosidl_typesupport_introspection_cpp.hpp
[4.538s] -- Up-to-date symlink: /home/student/ros2_ws/install/turtlesim/include/turtlesim/turtlesim/msg/detail/color__rosidl_typesupport_introspection_cpp.hpp
[4.539s] -- Up-to-date symlink: /home/student/ros2_ws/install/turtlesim/include/turtlesim/turtlesim/msg/detail/pose__rosidl_typesupport_introspection_cpp.hpp
[4.539s] -- Up-to-date symlink: /home/student/ros2_ws/install/turtlesim/include/turtlesim/turtlesim/srv/detail/kill__rosidl_typesupport_introspection_cpp.hpp
[4.539s] -- Up-to-date symlink: /home/student/ros2_ws/install/turtlesim/include/turtlesim/turtlesim/srv/detail/set_pen__rosidl_typesupport_introspection_cpp.hpp
[4.539s] -- Up-to-date symlink: /home/student/ros2_ws/install/turtlesim/include/turtlesim/turtlesim/srv/detail/spawn__rosidl_typesupport_introspection_cpp.hpp
[4.539s] -- Up-to-date symlink: /home/student/ros2_ws/install/turtlesim/include/turtlesim/turtlesim/srv/detail/teleport_absolute__rosidl_typesupport_introspection_cpp.hpp
[4.539s] -- Up-to-date symlink: /home/student/ros2_ws/install/turtlesim/include/turtlesim/turtlesim/srv/detail/teleport_relative__rosidl_typesupport_introspection_cpp.hpp
[4.539s] -- Up-to-date symlink: /home/student/ros2_ws/install/turtlesim/share/turtlesim/environment/pythonpath.sh
[4.540s] -- Up-to-date symlink: /home/student/ros2_ws/install/turtlesim/share/turtlesim/environment/pythonpath.dsv
[4.540s] -- Up-to-date symlink: /home/student/ros2_ws/install/turtlesim/local/lib/python3.10/dist-packages/turtlesim-1.4.2-py3.10.egg-info/PKG-INFO
[4.540s] -- Up-to-date symlink: /home/student/ros2_ws/install/turtlesim/local/lib/python3.10/dist-packages/turtlesim-1.4.2-py3.10.egg-info/SOURCES.txt
[4.540s] -- Up-to-date symlink: /home/student/ros2_ws/install/turtlesim/local/lib/python3.10/dist-packages/turtlesim-1.4.2-py3.10.egg-info/dependency_links.txt
[4.540s] -- Up-to-date symlink: /home/student/ros2_ws/install/turtlesim/local/lib/python3.10/dist-packages/turtlesim-1.4.2-py3.10.egg-info/top_level.txt
[4.541s] -- Up-to-date symlink: /home/student/ros2_ws/install/turtlesim/local/lib/python3.10/dist-packages/turtlesim/__init__.py
[4.541s] -- Up-to-date symlink: /home/student/ros2_ws/install/turtlesim/local/lib/python3.10/dist-packages/turtlesim/_turtlesim_s.ep.rosidl_typesupport_c.c
[4.541s] -- Up-to-date symlink: /home/student/ros2_ws/install/turtlesim/local/lib/python3.10/dist-packages/turtlesim/_turtlesim_s.ep.rosidl_typesupport_fastrtps_c.c
[4.541s] -- Up-to-date symlink: /home/student/ros2_ws/install/turtlesim/local/lib/python3.10/dist-packages/turtlesim/_turtlesim_s.ep.rosidl_typesupport_introspection_c.c
[4.541s] -- Up-to-date symlink: /home/student/ros2_ws/install/turtlesim/local/lib/python3.10/dist-packages/turtlesim/action/__init__.py
[4.542s] -- Up-to-date symlink: /home/student/ros2_ws/install/turtlesim/local/lib/python3.10/dist-packages/turtlesim/action/_rotate_absolute.py
[4.542s] -- Up-to-date symlink: /home/student/ros2_ws/install/turtlesim/local/lib/python3.10/dist-packages/turtlesim/action/_rotate_absolute_s.c
[4.542s] -- Up-to-date symlink: /home/student/ros2_ws/install/turtlesim/local/lib/python3.10/dist-packages/turtlesim/libturtlesim__rosidl_generator_py.so
[4.542s] -- Up-to-date symlink: /home/student/ros2_ws/install/turtlesim/local/lib/python3.10/dist-packages/turtlesim/msg/__init__.py
[4.542s] -- Up-to-date symlink: /home/student/ros2_ws/install/turtlesim/local/lib/python3.10/dist-packages/turtlesim/msg/_color.py
[4.542s] -- Up-to-date symlink: /home/student/ros2_ws/install/turtlesim/local/lib/python3.10/dist-packages/turtlesim/msg/_color_s.c
[4.543s] -- Up-to-date symlink: /home/student/ros2_ws/install/turtlesim/local/lib/python3.10/dist-packages/turtlesim/msg/_pose.py
[4.543s] -- Up-to-date symlink: /home/student/ros2_ws/install/turtlesim/local/lib/python3.10/dist-packages/turtlesim/msg/_pose_s.c
[4.543s] -- Up-to-date symlink: /home/student/ros2_ws/install/turtlesim/local/lib/python3.10/dist-packages/turtlesim/srv/__init__.py
[4.543s] -- Up-to-date symlink: /home/student/ros2_ws/install/turtlesim/local/lib/python3.10/dist-packages/turtlesim/srv/_kill.py
[4.543s] -- Up-to-date symlink: /home/student/ros2_ws/install/turtlesim/local/lib/python3.10/dist-packages/turtlesim/srv/_kill_s.c
[4.543s] -- Up-to-date symlink: /home/student/ros2_ws/install/turtlesim/local/lib/python3.10/dist-packages/turtlesim/srv/_set_pen.py
[4.543s] -- Up-to-date symlink: /home/student/ros2_ws/install/turtlesim/local/lib/python3.10/dist-packages/turtlesim/srv/_set_pen_s.c
[4.544s] -- Up-to-date symlink: /home/student/ros2_ws/install/turtlesim/local/lib/python3.10/dist-packages/turtlesim/srv/_spawn.py
[4.544s] -- Up-to-date symlink: /home/student/ros2_ws/install/turtlesim/local/lib/python3.10/dist-packages/turtlesim/srv/_spawn_s.c
[4.544s] -- Up-to-date symlink: /home/student/ros2_ws/install/turtlesim/local/lib/python3.10/dist-packages/turtlesim/srv/_teleport_absolute.py
[4.544s] -- Up-to-date symlink: /home/student/ros2_ws/install/turtlesim/local/lib/python3.10/dist-packages/turtlesim/srv/_teleport_absolute_s.c
[4.544s] -- Up-to-date symlink: /home/student/ros2_ws/install/turtlesim/local/lib/python3.10/dist-packages/turtlesim/srv/_teleport_relative.py
[4.544s] -- Up-to-date symlink: /home/student/ros2_ws/install/turtlesim/local/lib/python3.10/dist-packages/turtlesim/srv/_teleport_relative_s.c
[4.544s] -- Up-to-date symlink: /home/student/ros2_ws/install/turtlesim/local/lib/python3.10/dist-packages/turtlesim/turtlesim_s__rosidl_typesupport_c.cpython-310-x86_64-linux-gnu.so
[4.545s] -- Up-to-date symlink: /home/student/ros2_ws/install/turtlesim/local/lib/python3.10/dist-packages/turtlesim/turtlesim_s__rosidl_typesupport_fastrtps_c.cpython-310-x86_64-linux-gnu.so
[4.545s] -- Up-to-date symlink: /home/student/ros2_ws/install/turtlesim/local/lib/python3.10/dist-packages/turtlesim/turtlesim_s__rosidl_typesupport_introspection_c.cpython-310-x86_64-linux-gnu.so
[4.545s] -- Up-to-date symlink: /home/student/ros2_ws/install/turtlesim/local/lib/python3.10/dist-packages/turtlesim/turtlesim_s__rosidl_typesupport_fastrtps_c.cpython-310-x86_64-linux-gnu.so
[4.545s] -- Up-to-date symlink: /home/student/ros2_ws/install/turtlesim/local/lib/python3.10/dist-packages/turtlesim/turtlesim_s__rosidl_typesupport_introspection_c.cpython-310-x86_64-linux-gnu.so
[4.545s] -- Up-to-date symlink: /home/student/ros2_ws/install/turtlesim/local/lib/python3.10/dist-packages/turtlesim/turtlesim_s__rosidl_typesupport_c.cpython-310-x86_64-linux-gnu.so
[4.545s] -- Up-to-date symlink: /home/student/ros2_ws/install/turtlesim/share/turtlesim/action/RotateAbsolute.idl
[4.545s] -- Up-to-date symlink: /home/student/ros2_ws/install/turtlesim/share/turtlesim/msg/Color.idl
[4.545s] -- Up-to-date symlink: /home/student/ros2_ws/install/turtlesim/share/turtlesim/msg/Pose.idl
[4.546s] -- Up-to-date symlink: /home/student/ros2_ws/install/turtlesim/share/turtlesim/srv/Kill.idl
[4.546s] -- Up-to-date symlink: /home/student/ros2_ws/install/turtlesim/share/turtlesim/srv/SetPen.idl
[4.546s] -- Up-to-date symlink: /home/student/ros2_ws/install/turtlesim/share/turtlesim/srv/Spawn.idl
[4.546s] -- Up-to-date symlink: /home/student/ros2_ws/install/turtlesim/share/turtlesim/srv/TeleportAbsolute.idl
[4.546s] -- Up-to-date symlink: /home/student/ros2_ws/install/turtlesim/share/turtlesim/srv/TeleportRelative.idl
[4.546s] -- Up-to-date symlink: /home/student/ros2_ws/install/turtlesim/share/turtlesim/action/RotateAbsolute.action
[4.546s] -- Up-to-date symlink: /home/student/ros2_ws/install/turtlesim/share/turtlesim/msg/Color.msg
[4.547s] -- Up-to-date symlink: /home/student/ros2_ws/install/turtlesim/share/turtlesim/msg/Pose.msg
[4.547s] -- Up-to-date symlink: /home/student/ros2_ws/install/turtlesim/share/turtlesim/srv/Kill.srv
[4.547s] -- Up-to-date symlink: /home/student/ros2_ws/install/turtlesim/share/turtlesim/srv/Kill_Request.msg
[4.547s] -- Up-to-date symlink: /home/student/ros2_ws/install/turtlesim/share/turtlesim/srv/Kill_Response.msg
[4.547s] -- Up-to-date symlink: /home/student/ros2_ws/install/turtlesim/share/turtlesim/srv/SetPen.srv
[4.547s] -- Up-to-date symlink: /home/student/ros2_ws/install/turtlesim/share/turtlesim/srv/SetPen_Request.msg
[4.548s] -- Up-to-date symlink: /home/student/ros2_ws/install/turtlesim/share/turtlesim/srv/SetPen_Response.msg
[4.548s] -- Up-to-date symlink: /home/student/ros2_ws/install/turtlesim/share/turtlesim/srv/Spawn.srv
[4.548s] -- Up-to-date symlink: /home/student/ros2_ws/install/turtlesim/share/turtlesim/srv/Spawn_Request.msg
[4.548s] -- Up-to-date symlink: /home/student/ros2_ws/install/turtlesim/share/turtlesim/srv/Spawn_Response.msg
[4.548s] -- Up-to-date symlink: /home/student/ros2_ws/install/turtlesim/share/turtlesim/srv/TeleportAbsolute.srv
[4.548s] -- Up-to-date symlink: /home/student/ros2_ws/install/turtlesim/share/turtlesim/srv/TeleportAbsolute_Request.msg
[4.548s] -- Up-to-date symlink: /home/student/ros2_ws/install/turtlesim/share/turtlesim/srv/TeleportAbsolute_Response.msg
[4.548s] -- Up-to-date symlink: /home/student/ros2_ws/install/turtlesim/share/turtlesim/srv/TeleportRelative.srv
[4.549s] -- Up-to-date symlink: /home/student/ros2_ws/install/turtlesim/share/turtlesim/srv/TeleportRelative_Request.msg
[4.549s] -- Up-to-date symlink: /home/student/ros2_ws/install/turtlesim/share/turtlesim/srv/TeleportRelative_Response.msg
[4.549s] -- Up-to-date symlink: /home/student/ros2_ws/install/turtlesim/lib/turtlesim/turtlesim_node
[4.549s] -- Up-to-date symlink: /home/student/ros2_ws/install/turtlesim/lib/turtlesim/turtle_teleop_key
[4.549s] -- Up-to-date symlink: /home/student/ros2_ws/install/turtlesim/lib/turtlesim/draw_square
[4.549s] -- Up-to-date symlink: /home/student/ros2_ws/install/turtlesim/lib/turtlesim/mimic
[4.549s] -- Up-to-date symlink: /home/student/ros2_ws/install/turtlesim/share/turtlesim/launch/multisim.launch.py
[4.550s] -- Up-to-date symlink: /home/student/ros2_ws/install/turtlesim/share/ament_index/resource_index/package_run_dependencies/turtlesim
[4.550s] -- Up-to-date symlink: /home/student/ros2_ws/install/turtlesim/share/ament_index/resource_index/parent_prefix_path/turtlesim
[4.550s] -- Up-to-date symlink: /home/student/ros2_ws/install/turtlesim/share/turtlesim/environment/ament_prefix_path.sh
[4.550s] -- Up-to-date symlink: /home/student/ros2_ws/install/turtlesim/share/turtlesim/environment/ament_prefix_path.dsv
[4.550s] -- Up-to-date symlink: /home/student/ros2_ws/install/turtlesim/share/turtlesim/environment/path.sh
[4.550s] -- Up-to-date symlink: /home/student/ros2_ws/install/turtlesim/share/turtlesim/environment/path.dsv
[4.550s] -- Up-to-date symlink: /home/student/ros2_ws/install/turtlesim/share/turtlesim/local_setup.bash
[4.551s] -- Up-to-date symlink: /home/student/ros2_ws/install/turtlesim/share/turtlesim/local_setup.sh
[4.551s] -- Up-to-date symlink: /home/student/ros2_ws/install/turtlesim/share/turtlesim/local_setup.zsh
[4.551s] -- Up-to-date symlink: /home/student/ros2_ws/install/turtlesim/share/turtlesim/local_setup.dsv
[4.551s] -- Symlinking: /home/student/ros2_ws/install/turtlesim/share/turtlesim/package.dsv
[4.564s] -- Up-to-date symlink: /home/student/ros2_ws/install/turtlesim/share/ament_index/resource_index/packages/turtlesim
[4.564s] -- Up-to-date symlink: /home/student/ros2_ws/install/turtlesim/share/turtlesim/cmake/rosidl_cmake-extras.cmake
[4.564s] -- Up-to-date symlink: /home/student/ros2_ws/install/turtlesim/share/turtlesim/cmake/ament_cmake_export_dependencies-extras.cmake
[4.564s] -- Up-to-date symlink: /home/student/ros2_ws/install/turtlesim/share/turtlesim/cmake/ament_cmake_export_include_directories-extras.cmake
[4.564s] -- Up-to-date symlink: /home/student/ros2_ws/install/turtlesim/share/turtlesim/cmake/ament_cmake_export_libraries-extras.cmake
[4.564s] -- Up-to-date symlink: /home/student/ros2_ws/install/turtlesim/share/turtlesim/cmake/ament_cmake_export_targets-extras.cmake
[4.564s] -- Up-to-date symlink: /home/student/ros2_ws/install/turtlesim/share/turtlesim/cmake/rosidl_cmake_export_typesupport_targets-extras.cmake
[4.565s] -- Up-to-date symlink: /home/student/ros2_ws/install/turtlesim/share/turtlesim/cmake/rosidl_cmake_export_typesupport_libraries-extras.cmake
[4.565s] -- Up-to-date symlink: /home/student/ros2_ws/install/turtlesim/share/turtlesim/cmake/turtlesimConfig.cmake
[4.565s] -- Up-to-date symlink: /home/student/ros2_ws/install/turtlesim/share/turtlesim/cmake/turtlesimConfig-version.cmake
[4.565s] -- Up-to-date symlink: /home/student/ros2_ws/install/turtlesim/share/turtlesim/package.xml
[4.565s] -- Up-to-date: /home/student/ros2_ws/install/turtlesim/lib/libturtlesim__rosidl_generator_c.so
[4.566s] -- Up-to-date: /home/student/ros2_ws/install/turtlesim/lib/libturtlesim__rosidl_typesupport_fastrtps_c.so
[4.566s] -- Up-to-date: /home/student/ros2_ws/install/turtlesim/lib/libturtlesim__rosidl_typesupport_fastrtps_cpp.so
[4.566s] -- Up-to-date: /home/student/ros2_ws/install/turtlesim/lib/libturtlesim__rosidl_typesupport_introspection_c.so
[4.567s] -- Up-to-date: /home/student/ros2_ws/install/turtlesim/lib/libturtlesim__rosidl_typesupport_c.so
[4.567s] -- Up-to-date: /home/student/ros2_ws/install/turtlesim/lib/libturtlesim__rosidl_typesupport_introspection_cpp.so
[4.567s] -- Up-to-date: /home/student/ros2_ws/install/turtlesim/lib/libturtlesim__rosidl_typesupport_cpp.so
[4.608s] Listing '/home/student/ros2_ws/install/turtlesim/local/lib/python3.10/dist-packages/turtlesim'...
[4.608s] Compiling '/home/student/ros2_ws/install/turtlesim/local/lib/python3.10/dist-packages/turtlesim/__init__.py'...
[4.608s] Listing '/home/student/ros2_ws/install/turtlesim/local/lib/python3.10/dist-packages/turtlesim/action'...
[4.608s] Listing '/home/student/ros2_ws/install/turtlesim/local/lib/python3.10/dist-packages/turtlesim/msg'...
[4.609s] Listing '/home/student/ros2_ws/install/turtlesim/local/lib/python3.10/dist-packages/turtlesim/srv'...
[4.613s] -- Up-to-date: /home/student/ros2_ws/install/turtlesim/lib/libturtlesim__rosidl_generator_py.so
[4.614s] -- Up-to-date: /home/student/ros2_ws/install/turtlesim/share/turtlesim/images
[4.614s] -- Up-to-date: /home/student/ros2_ws/install/turtlesim/share/turtlesim/images/eloquent.png
[4.614s] -- Up-to-date: /home/student/ros2_ws/install/turtlesim/share/turtlesim/images/galactic.png
[4.614s] -- Up-to-date: /home/student/ros2_ws/install/turtlesim/share/turtlesim/images/foxy.png
[4.614s] -- Up-to-date: /home/student/ros2_ws/install/turtlesim/share/turtlesim/images/ardent.png
[4.614s] -- Up-to-date: /home/student/ros2_ws/install/turtlesim/share/turtlesim/images/bouncy.png
[4.615s] -- Up-to-date: /home/student/ros2_ws/install/turtlesim/share/turtlesim/images/humble.png
[4.615s] -- Up-to-date: /home/student/ros2_ws/install/turtlesim/share/turtlesim/images/rolling.png
[4.615s] -- Up-to-date: /home/student/ros2_ws/install/turtlesim/share/turtlesim/images/dashing.png
[4.615s] -- Up-to-date: /home/student/ros2_ws/install/turtlesim/share/turtlesim/images/crystal.png
[4.615s] -- Up-to-date: /home/student/ros2_ws/install/turtlesim/share/turtlesim/cmake/export_turtlesim__rosidl_generator_cExport.cmake
[4.615s] -- Up-to-date: /home/student/ros2_ws/install/turtlesim/share/turtlesim/cmake/export_turtlesim__rosidl_generator_cExport-release.cmake
[4.616s] -- Up-to-date: /home/student/ros2_ws/install/turtlesim/share/turtlesim/cmake/export_turtlesim__rosidl_typesupport_fastrtps_cExport.cmake
[4.616s] -- Up-to-date: /home/student/ros2_ws/install/turtlesim/share/turtlesim/cmake/export_turtlesim__rosidl_typesupport_fastrtps_cExport-release.cmake
[4.616s] -- Up-to-date: /home/student/ros2_ws/install/turtlesim/share/turtlesim/cmake/export_turtlesim__rosidl_generator_cppExport.cmake
[4.616s] -- Up-to-date: /home/student/ros2_ws/install/turtlesim/share/turtlesim/cmake/export_turtlesim__rosidl_typesupport_fastrtps_cppExport.cmake
[4.616s] -- Up-to-date: /home/student/ros2_ws/install/turtlesim/share/turtlesim/cmake/export_turtlesim__rosidl_typesupport_fastrtps_cppExport-release.cmake
[4.616s] -- Up-to-date: /home/student/ros2_ws/install/turtlesim/share/turtlesim/cmake/turtlesim__rosidl_typesupport_introspection_cExport.cmake
[4.616s] -- Up-to-date: /home/student/ros2_ws/install/turtlesim/share/turtlesim/cmake/turtlesim__rosidl_typesupport_introspection_cExport-release.cmake
[4.616s] -- Up-to-date: /home/student/ros2_ws/install/turtlesim/share/turtlesim/cmake/turtlesim__rosidl_typesupport_cExport.cmake
[4.616s] -- Up-to-date: /home/student/ros2_ws/install/turtlesim/share/turtlesim/cmake/turtlesim__rosidl_typesupport_cExport-release.cmake
[4.616s] -- Up-to-date: /home/student/ros2_ws/install/turtlesim/share/turtlesim/cmake/turtlesim__rosidl_typesupport_introspection_cppExport.cmake
[4.617s] -- Up-to-date: /home/student/ros2_ws/install/turtlesim/share/turtlesim/cmake/turtlesim__rosidl_typesupport_introspection_cppExport-release.cmake
[4.617s] -- Up-to-date: /home/student/ros2_ws/install/turtlesim/share/turtlesim/cmake/turtlesim__rosidl_typesupport_cppExport.cmake
[4.617s] -- Up-to-date: /home/student/ros2_ws/install/turtlesim/share/turtlesim/cmake/turtlesim__rosidl_typesupport_cppExport-release.cmake
[4.617s] -- Up-to-date: /home/student/ros2_ws/install/turtlesim/share/turtlesim/cmake/export_turtlesim__rosidl_generator_pyExport.cmake
[4.618s] -- Up-to-date: /home/student/ros2_ws/install/turtlesim/share/turtlesim/cmake/export_turtlesim__rosidl_generator_pyExport-release.cmake
[4.619s] Invoked command in '/home/student/ros2_ws/build/turtlesim' returned '0': CMAKE_PREFIX_PATH=${CMAKE_PREFIX_PATH}:/home/student/ros2_ws/install/turtlebot3_teleop:/home/student/ros2_ws/install/turtlebot3_example:/home/student/ros2_ws/install/rtabmap_python:/opt/ros/humble /usr/bin/cmake --install /home/student/ros2_ws/build/turtlesim
