[0.041s] Invoking command in '/home/student/ros2_ws/build/overlay_map': CMAKE_PREFIX_PATH=${CMAKE_PREFIX_PATH}:/home/student/ros2_ws/install/turtlebot3_teleop:/home/student/ros2_ws/install/turtlebot3_example:/home/student/ros2_ws/install/rtabmap_python:/opt/ros/humble /usr/bin/cmake --build /home/student/ros2_ws/build/overlay_map -- -j8 -l8
[0.552s] [35m[1mConsolidate compiler generated dependencies of target overlay_map_node[0m
[0.632s] [ 50%] [32mBuilding CXX object CMakeFiles/overlay_map_node.dir/src/overlay_map_node.cpp.o[0m
[3.692s] [100%] [32m[1mLinking CXX executable overlay_map_node[0m
[5.465s] [100%] Built target overlay_map_node
[5.481s] Invoked command in '/home/student/ros2_ws/build/overlay_map' returned '0': CMAKE_PREFIX_PATH=${CMAKE_PREFIX_PATH}:/home/student/ros2_ws/install/turtlebot3_teleop:/home/student/ros2_ws/install/turtlebot3_example:/home/student/ros2_ws/install/rtabmap_python:/opt/ros/humble /usr/bin/cmake --build /home/student/ros2_ws/build/overlay_map -- -j8 -l8
[5.542s] Invoking command in '/home/student/ros2_ws/build/overlay_map': CMAKE_PREFIX_PATH=${CMAKE_PREFIX_PATH}:/home/student/ros2_ws/install/turtlebot3_teleop:/home/student/ros2_ws/install/turtlebot3_example:/home/student/ros2_ws/install/rtabmap_python:/opt/ros/humble /usr/bin/cmake --install /home/student/ros2_ws/build/overlay_map
[5.557s] -- Install configuration: ""
[5.563s] -- Installing: /home/student/ros2_ws/install/overlay_map/lib/overlay_map/overlay_map_node
[5.564s] -- Set runtime path of "/home/student/ros2_ws/install/overlay_map/lib/overlay_map/overlay_map_node" to ""
[5.564s] -- Up-to-date: /home/student/ros2_ws/install/overlay_map/share/ament_index/resource_index/package_run_dependencies/overlay_map
[5.564s] -- Up-to-date: /home/student/ros2_ws/install/overlay_map/share/ament_index/resource_index/parent_prefix_path/overlay_map
[5.564s] -- Up-to-date: /home/student/ros2_ws/install/overlay_map/share/overlay_map/environment/ament_prefix_path.sh
[5.565s] -- Up-to-date: /home/student/ros2_ws/install/overlay_map/share/overlay_map/environment/ament_prefix_path.dsv
[5.565s] -- Up-to-date: /home/student/ros2_ws/install/overlay_map/share/overlay_map/environment/path.sh
[5.565s] -- Up-to-date: /home/student/ros2_ws/install/overlay_map/share/overlay_map/environment/path.dsv
[5.565s] -- Up-to-date: /home/student/ros2_ws/install/overlay_map/share/overlay_map/local_setup.bash
[5.565s] -- Up-to-date: /home/student/ros2_ws/install/overlay_map/share/overlay_map/local_setup.sh
[5.565s] -- Up-to-date: /home/student/ros2_ws/install/overlay_map/share/overlay_map/local_setup.zsh
[5.565s] -- Up-to-date: /home/student/ros2_ws/install/overlay_map/share/overlay_map/local_setup.dsv
[5.565s] -- Installing: /home/student/ros2_ws/install/overlay_map/share/overlay_map/package.dsv
[5.568s] -- Up-to-date: /home/student/ros2_ws/install/overlay_map/share/ament_index/resource_index/packages/overlay_map
[5.568s] -- Up-to-date: /home/student/ros2_ws/install/overlay_map/share/overlay_map/cmake/overlay_mapConfig.cmake
[5.568s] -- Up-to-date: /home/student/ros2_ws/install/overlay_map/share/overlay_map/cmake/overlay_mapConfig-version.cmake
[5.568s] -- Up-to-date: /home/student/ros2_ws/install/overlay_map/share/overlay_map/package.xml
[5.570s] Invoked command in '/home/student/ros2_ws/build/overlay_map' returned '0': CMAKE_PREFIX_PATH=${CMAKE_PREFIX_PATH}:/home/student/ros2_ws/install/turtlebot3_teleop:/home/student/ros2_ws/install/turtlebot3_example:/home/student/ros2_ws/install/rtabmap_python:/opt/ros/humble /usr/bin/cmake --install /home/student/ros2_ws/build/overlay_map
