[31mCMake Error at CMakeLists.txt:67 (add_library):
  Target "rl_lib" links to target "yaml-cpp::yaml-cpp" but the target was not
  found.  Perhaps a find_package() call is missing for an IMPORTED target, or
  an ALIAS target is missing?

[0m
[31mCMake Error at CMakeLists.txt:82 (add_executable):
  Target "ekf_node" links to target "yaml-cpp::yaml-cpp" but the target was
  not found.  Perhaps a find_package() call is missing for an IMPORTED
  target, or an ALIAS target is missing?

[0m
[31mCMake Error at CMakeLists.txt:87 (add_executable):
  Target "ukf_node" links to target "yaml-cpp::yaml-cpp" but the target was
  not found.  Perhaps a find_package() call is missing for an IMPORTED
  target, or an ALIAS target is missing?

[0m
[31mCMake Error at CMakeLists.txt:92 (add_executable):
  Target "navsat_transform_node" links to target "yaml-cpp::yaml-cpp" but the
  target was not found.  Perhaps a find_package() call is missing for an
  IMPORTED target, or an ALIAS target is missing?

[0m
[31mCMake Error at CMakeLists.txt:97 (add_executable):
  Target "robot_localization_listener_node" links to target
  "yaml-cpp::yaml-cpp" but the target was not found.  Perhaps a
  find_package() call is missing for an IMPORTED target, or an ALIAS target
  is missing?

[0m
[31mCMake Error at /opt/ros/humble/share/ament_cmake_gtest/cmake/ament_add_gtest_executable.cmake:50 (add_executable):
  Target "filter_base-test" links to target "yaml-cpp::yaml-cpp" but the
  target was not found.  Perhaps a find_package() call is missing for an
  IMPORTED target, or an ALIAS target is missing?
Call Stack (most recent call first):
  /opt/ros/humble/share/ament_cmake_gtest/cmake/ament_add_gtest_executable.cmake:37 (_ament_add_gtest_executable)
  /opt/ros/humble/share/ament_cmake_gtest/cmake/ament_add_gtest.cmake:68 (ament_add_gtest_executable)
  CMakeLists.txt:178 (ament_add_gtest)

[0m
[31mCMake Error at /opt/ros/humble/share/ament_cmake_gtest/cmake/ament_add_gtest_executable.cmake:50 (add_executable):
  Target "test_filter_base_diagnostics_timestamps" links to target
  "yaml-cpp::yaml-cpp" but the target was not found.  Perhaps a
  find_package() call is missing for an IMPORTED target, or an ALIAS target
  is missing?
Call Stack (most recent call first):
  /opt/ros/humble/share/ament_cmake_gtest/cmake/ament_add_gtest_executable.cmake:37 (_ament_add_gtest_executable)
  CMakeLists.txt:182 (ament_add_gtest_executable)

[0m
[31mCMake Error at /opt/ros/humble/share/ament_cmake_gtest/cmake/ament_add_gtest_executable.cmake:50 (add_executable):
  Target "test_ekf" links to target "yaml-cpp::yaml-cpp" but the target was
  not found.  Perhaps a find_package() call is missing for an IMPORTED
  target, or an ALIAS target is missing?
Call Stack (most recent call first):
  /opt/ros/humble/share/ament_cmake_gtest/cmake/ament_add_gtest_executable.cmake:37 (_ament_add_gtest_executable)
  /opt/ros/humble/share/ament_cmake_gtest/cmake/ament_add_gtest.cmake:68 (ament_add_gtest_executable)
  CMakeLists.txt:198 (ament_add_gtest)

[0m
[31mCMake Error at /opt/ros/humble/share/ament_cmake_gtest/cmake/ament_add_gtest_executable.cmake:50 (add_executable):
  Target "test_ekf_node_interfaces" links to target "yaml-cpp::yaml-cpp" but
  the target was not found.  Perhaps a find_package() call is missing for an
  IMPORTED target, or an ALIAS target is missing?
Call Stack (most recent call first):
  /opt/ros/humble/share/ament_cmake_gtest/cmake/ament_add_gtest_executable.cmake:37 (_ament_add_gtest_executable)
  CMakeLists.txt:204 (ament_add_gtest_executable)

[0m
[31mCMake Error at /opt/ros/humble/share/ament_cmake_gtest/cmake/ament_add_gtest_executable.cmake:50 (add_executable):
  Target "test_ukf" links to target "yaml-cpp::yaml-cpp" but the target was
  not found.  Perhaps a find_package() call is missing for an IMPORTED
  target, or an ALIAS target is missing?
Call Stack (most recent call first):
  /opt/ros/humble/share/ament_cmake_gtest/cmake/ament_add_gtest_executable.cmake:37 (_ament_add_gtest_executable)
  /opt/ros/humble/share/ament_cmake_gtest/cmake/ament_add_gtest.cmake:68 (ament_add_gtest_executable)
  CMakeLists.txt:230 (ament_add_gtest)

[0m
[31mCMake Error at /opt/ros/humble/share/ament_cmake_gtest/cmake/ament_add_gtest_executable.cmake:50 (add_executable):
  Target "test_ukf_node_interfaces" links to target "yaml-cpp::yaml-cpp" but
  the target was not found.  Perhaps a find_package() call is missing for an
  IMPORTED target, or an ALIAS target is missing?
Call Stack (most recent call first):
  /opt/ros/humble/share/ament_cmake_gtest/cmake/ament_add_gtest_executable.cmake:37 (_ament_add_gtest_executable)
  CMakeLists.txt:236 (ament_add_gtest_executable)

[0m
[31mCMake Error at /opt/ros/humble/share/ament_cmake_gtest/cmake/ament_add_gtest_executable.cmake:50 (add_executable):
  Target "test_robot_localization_estimator" links to target
  "yaml-cpp::yaml-cpp" but the target was not found.  Perhaps a
  find_package() call is missing for an IMPORTED target, or an ALIAS target
  is missing?
Call Stack (most recent call first):
  /opt/ros/humble/share/ament_cmake_gtest/cmake/ament_add_gtest_executable.cmake:37 (_ament_add_gtest_executable)
  CMakeLists.txt:281 (ament_add_gtest_executable)

[0m
[31mCMake Error at /opt/ros/humble/share/ament_cmake_gtest/cmake/ament_add_gtest_executable.cmake:50 (add_executable):
  Target "test_navsat_conversions" links to target "yaml-cpp::yaml-cpp" but
  the target was not found.  Perhaps a find_package() call is missing for an
  IMPORTED target, or an ALIAS target is missing?
Call Stack (most recent call first):
  /opt/ros/humble/share/ament_cmake_gtest/cmake/ament_add_gtest_executable.cmake:37 (_ament_add_gtest_executable)
  /opt/ros/humble/share/ament_cmake_gtest/cmake/ament_add_gtest.cmake:68 (ament_add_gtest_executable)
  CMakeLists.txt:294 (ament_add_gtest)

[0m
[31mCMake Error at /opt/ros/humble/share/ament_cmake_gtest/cmake/ament_add_gtest_executable.cmake:50 (add_executable):
  Target "test_ros_robot_localization_listener" links to target
  "yaml-cpp::yaml-cpp" but the target was not found.  Perhaps a
  find_package() call is missing for an IMPORTED target, or an ALIAS target
  is missing?
Call Stack (most recent call first):
  /opt/ros/humble/share/ament_cmake_gtest/cmake/ament_add_gtest_executable.cmake:37 (_ament_add_gtest_executable)
  CMakeLists.txt:297 (ament_add_gtest_executable)

[0m
[31mCMake Error at /opt/ros/humble/share/ament_cmake_gtest/cmake/ament_add_gtest_executable.cmake:50 (add_executable):
  Target "test_ros_robot_localization_listener_publisher" links to target
  "yaml-cpp::yaml-cpp" but the target was not found.  Perhaps a
  find_package() call is missing for an IMPORTED target, or an ALIAS target
  is missing?
Call Stack (most recent call first):
  /opt/ros/humble/share/ament_cmake_gtest/cmake/ament_add_gtest_executable.cmake:37 (_ament_add_gtest_executable)
  CMakeLists.txt:302 (ament_add_gtest_executable)

[0m
[0mCMake Generate step failed.  Build files cannot be regenerated correctly.[0m
