[0.014s] Invoking command in '/home/student/ros2_ws/build/turtlebot3_state_estimation': CMAKE_PREFIX_PATH=${CMAKE_PREFIX_PATH}:/home/student/ros2_ws/install/turtlebot3_teleop:/home/student/ros2_ws/install/turtlebot3_example:/opt/ros/humble /usr/bin/cmake --build /home/student/ros2_ws/build/turtlebot3_state_estimation -- -j8 -l8
[0.122s] -- Found ament_cmake: 1.3.9 (/opt/ros/humble/share/ament_cmake/cmake)
[0.545s] -- Found rclcpp: 16.0.9 (/opt/ros/humble/share/rclcpp/cmake)
[0.699s] -- Found rosidl_generator_c: 3.1.5 (/opt/ros/humble/share/rosidl_generator_c/cmake)
[0.712s] -- Found rosidl_adapter: 3.1.5 (/opt/ros/humble/share/rosidl_adapter/cmake)
[0.746s] -- Found rosidl_generator_cpp: 3.1.5 (/opt/ros/humble/share/rosidl_generator_cpp/cmake)
[0.802s] -- Using all available rosidl_typesupport_c: rosidl_typesupport_fastrtps_c;rosidl_typesupport_introspection_c
[0.857s] -- Using all available rosidl_typesupport_cpp: rosidl_typesupport_fastrtps_cpp;rosidl_typesupport_introspection_cpp
[1.016s] -- Found rmw_implementation_cmake: 6.1.2 (/opt/ros/humble/share/rmw_implementation_cmake/cmake)
[1.026s] -- Found rmw_fastrtps_cpp: 6.2.6 (/opt/ros/humble/share/rmw_fastrtps_cpp/cmake)
[1.318s] -- Using RMW implementation 'rmw_fastrtps_cpp' as default
[1.644s] -- Found geometry_msgs: 4.2.4 (/opt/ros/humble/share/geometry_msgs/cmake)
[1.702s] -- Found nav_msgs: 4.2.4 (/opt/ros/humble/share/nav_msgs/cmake)
[1.797s] -- Found tf2: 0.25.7 (/opt/ros/humble/share/tf2/cmake)
[1.812s] -- Found tf2_geometry_msgs: 0.25.7 (/opt/ros/humble/share/tf2_geometry_msgs/cmake)
[1.845s] -- Found eigen3_cmake_module: 0.1.1 (/opt/ros/humble/share/eigen3_cmake_module/cmake)
[1.853s] -- Ensuring Eigen3 include directory is part of orocos-kdl CMake target
[2.444s] -- Found ament_lint_auto: 0.12.11 (/opt/ros/humble/share/ament_lint_auto/cmake)
[2.637s] -- Added test 'cppcheck' to perform static code analysis on C / C++ code
[2.638s] -- Configured cppcheck include dirs: $<BUILD_INTERFACE:/home/student/ros2_ws/src/turtlebot3_state_estimation/include>
[2.638s] -- Configured cppcheck exclude dirs and/or files: 
[2.643s] -- Added test 'lint_cmake' to check CMake code style
[2.651s] -- Added test 'uncrustify' to check C / C++ code style
[2.651s] -- Configured uncrustify additional arguments: 
[2.654s] -- Added test 'xmllint' to check XML markup files
[2.660s] -- Configuring done
[2.729s] -- Generating done
[2.730s] -- Build files have been written to: /home/student/ros2_ws/build/turtlebot3_state_estimation
[2.768s] [35m[1mConsolidate compiler generated dependencies of target dead_reckoning[0m
[2.791s] [ 50%] [32mBuilding CXX object CMakeFiles/dead_reckoning.dir/src/dead_reckoning.cpp.o[0m
[13.289s] [100%] [32m[1mLinking CXX executable dead_reckoning[0m
[14.605s] [100%] Built target dead_reckoning
[14.619s] Invoked command in '/home/student/ros2_ws/build/turtlebot3_state_estimation' returned '0': CMAKE_PREFIX_PATH=${CMAKE_PREFIX_PATH}:/home/student/ros2_ws/install/turtlebot3_teleop:/home/student/ros2_ws/install/turtlebot3_example:/opt/ros/humble /usr/bin/cmake --build /home/student/ros2_ws/build/turtlebot3_state_estimation -- -j8 -l8
[14.666s] Invoking command in '/home/student/ros2_ws/build/turtlebot3_state_estimation': CMAKE_PREFIX_PATH=${CMAKE_PREFIX_PATH}:/home/student/ros2_ws/install/turtlebot3_teleop:/home/student/ros2_ws/install/turtlebot3_example:/opt/ros/humble /usr/bin/cmake --install /home/student/ros2_ws/build/turtlebot3_state_estimation
[14.675s] -- Install configuration: ""
[14.688s] -- Installing: /home/student/ros2_ws/install/turtlebot3_state_estimation/lib/turtlebot3_state_estimation/dead_reckoning
[14.694s] -- Set runtime path of "/home/student/ros2_ws/install/turtlebot3_state_estimation/lib/turtlebot3_state_estimation/dead_reckoning" to ""
[14.694s] -- Up-to-date: /home/student/ros2_ws/install/turtlebot3_state_estimation/share/ament_index/resource_index/package_run_dependencies/turtlebot3_state_estimation
[14.694s] -- Installing: /home/student/ros2_ws/install/turtlebot3_state_estimation/share/ament_index/resource_index/parent_prefix_path/turtlebot3_state_estimation
[14.695s] -- Up-to-date: /home/student/ros2_ws/install/turtlebot3_state_estimation/share/turtlebot3_state_estimation/environment/ament_prefix_path.sh
[14.695s] -- Installing: /home/student/ros2_ws/install/turtlebot3_state_estimation/share/turtlebot3_state_estimation/environment/ament_prefix_path.dsv
[14.695s] -- Up-to-date: /home/student/ros2_ws/install/turtlebot3_state_estimation/share/turtlebot3_state_estimation/environment/path.sh
[14.695s] -- Installing: /home/student/ros2_ws/install/turtlebot3_state_estimation/share/turtlebot3_state_estimation/environment/path.dsv
[14.695s] -- Up-to-date: /home/student/ros2_ws/install/turtlebot3_state_estimation/share/turtlebot3_state_estimation/local_setup.bash
[14.695s] -- Up-to-date: /home/student/ros2_ws/install/turtlebot3_state_estimation/share/turtlebot3_state_estimation/local_setup.sh
[14.695s] -- Up-to-date: /home/student/ros2_ws/install/turtlebot3_state_estimation/share/turtlebot3_state_estimation/local_setup.zsh
[14.695s] -- Installing: /home/student/ros2_ws/install/turtlebot3_state_estimation/share/turtlebot3_state_estimation/local_setup.dsv
[14.696s] -- Installing: /home/student/ros2_ws/install/turtlebot3_state_estimation/share/turtlebot3_state_estimation/package.dsv
[14.696s] -- Up-to-date: /home/student/ros2_ws/install/turtlebot3_state_estimation/share/ament_index/resource_index/packages/turtlebot3_state_estimation
[14.696s] -- Up-to-date: /home/student/ros2_ws/install/turtlebot3_state_estimation/share/turtlebot3_state_estimation/cmake/turtlebot3_state_estimationConfig.cmake
[14.696s] -- Up-to-date: /home/student/ros2_ws/install/turtlebot3_state_estimation/share/turtlebot3_state_estimation/cmake/turtlebot3_state_estimationConfig-version.cmake
[14.696s] -- Up-to-date: /home/student/ros2_ws/install/turtlebot3_state_estimation/share/turtlebot3_state_estimation/package.xml
[14.697s] Invoked command in '/home/student/ros2_ws/build/turtlebot3_state_estimation' returned '0': CMAKE_PREFIX_PATH=${CMAKE_PREFIX_PATH}:/home/student/ros2_ws/install/turtlebot3_teleop:/home/student/ros2_ws/install/turtlebot3_example:/opt/ros/humble /usr/bin/cmake --install /home/student/ros2_ws/build/turtlebot3_state_estimation
