[0.048s] Invoking command in '/home/student/ros2_ws/build/laser_processor_pkg': CMAKE_PREFIX_PATH=${CMAKE_PREFIX_PATH}:/home/student/ros2_ws/install/turtlebot3_teleop:/home/student/ros2_ws/install/turtlebot3_example:/opt/ros/humble /usr/bin/cmake /home/student/ros2_ws/src/laser_processor_pkg -DCMAKE_BUILD_TYPE=Release -DAMENT_CMAKE_SYMLINK_INSTALL=1 -DCMAKE_INSTALL_PREFIX=/home/student/ros2_ws/install/laser_processor_pkg
[0.102s] -- Found ament_cmake: 1.3.9 (/opt/ros/humble/share/ament_cmake/cmake)
[0.409s] -- Override CMake install command with custom implementation using symlinks instead of copying resources
[0.433s] -- Found rclcpp: 16.0.9 (/opt/ros/humble/share/rclcpp/cmake)
[0.497s] -- Found rosidl_generator_c: 3.1.5 (/opt/ros/humble/share/rosidl_generator_c/cmake)
[0.499s] -- Found rosidl_adapter: 3.1.5 (/opt/ros/humble/share/rosidl_adapter/cmake)
[0.512s] -- Found rosidl_generator_cpp: 3.1.5 (/opt/ros/humble/share/rosidl_generator_cpp/cmake)
[0.550s] -- Using all available rosidl_typesupport_c: rosidl_typesupport_fastrtps_c;rosidl_typesupport_introspection_c
[0.628s] -- Using all available rosidl_typesupport_cpp: rosidl_typesupport_fastrtps_cpp;rosidl_typesupport_introspection_cpp
[0.858s] -- Found rmw_implementation_cmake: 6.1.2 (/opt/ros/humble/share/rmw_implementation_cmake/cmake)
[0.871s] -- Found rmw_fastrtps_cpp: 6.2.6 (/opt/ros/humble/share/rmw_fastrtps_cpp/cmake)
[1.241s] -- Using RMW implementation 'rmw_fastrtps_cpp' as default
[1.638s] -- Found sensor_msgs: 4.2.4 (/opt/ros/humble/share/sensor_msgs/cmake)
[2.045s] -- Found ament_lint_auto: 0.12.11 (/opt/ros/humble/share/ament_lint_auto/cmake)
[2.302s] -- Added test 'cppcheck' to perform static code analysis on C / C++ code
[2.305s] -- Configured cppcheck include dirs: $<BUILD_INTERFACE:/home/student/ros2_ws/src/laser_processor_pkg/include>
[2.306s] -- Configured cppcheck exclude dirs and/or files: 
[2.308s] -- Added test 'lint_cmake' to check CMake code style
[2.310s] -- Added test 'uncrustify' to check C / C++ code style
[2.310s] -- Configured uncrustify additional arguments: 
[2.311s] -- Added test 'xmllint' to check XML markup files
[2.324s] -- Configuring done
[2.389s] -- Generating done
[2.404s] -- Build files have been written to: /home/student/ros2_ws/build/laser_processor_pkg
[2.517s] Invoked command in '/home/student/ros2_ws/build/laser_processor_pkg' returned '0': CMAKE_PREFIX_PATH=${CMAKE_PREFIX_PATH}:/home/student/ros2_ws/install/turtlebot3_teleop:/home/student/ros2_ws/install/turtlebot3_example:/opt/ros/humble /usr/bin/cmake /home/student/ros2_ws/src/laser_processor_pkg -DCMAKE_BUILD_TYPE=Release -DAMENT_CMAKE_SYMLINK_INSTALL=1 -DCMAKE_INSTALL_PREFIX=/home/student/ros2_ws/install/laser_processor_pkg
[2.518s] Invoking command in '/home/student/ros2_ws/build/laser_processor_pkg': CMAKE_PREFIX_PATH=${CMAKE_PREFIX_PATH}:/home/student/ros2_ws/install/turtlebot3_teleop:/home/student/ros2_ws/install/turtlebot3_example:/opt/ros/humble /usr/bin/cmake --build /home/student/ros2_ws/build/laser_processor_pkg
[5.369s] [35m[1mConsolidate compiler generated dependencies of target laser_processor[0m
[5.369s] [ 50%] [32mBuilding CXX object CMakeFiles/laser_processor.dir/src/laser_processor.cpp.o[0m
[37.445s] [100%] [32m[1mLinking CXX executable laser_processor[0m
[38.570s] [100%] Built target laser_processor
[38.668s] Invoked command in '/home/student/ros2_ws/build/laser_processor_pkg' returned '0': CMAKE_PREFIX_PATH=${CMAKE_PREFIX_PATH}:/home/student/ros2_ws/install/turtlebot3_teleop:/home/student/ros2_ws/install/turtlebot3_example:/opt/ros/humble /usr/bin/cmake --build /home/student/ros2_ws/build/laser_processor_pkg
[38.764s] Invoking command in '/home/student/ros2_ws/build/laser_processor_pkg': CMAKE_PREFIX_PATH=${CMAKE_PREFIX_PATH}:/home/student/ros2_ws/install/turtlebot3_teleop:/home/student/ros2_ws/install/turtlebot3_example:/opt/ros/humble /usr/bin/cmake --install /home/student/ros2_ws/build/laser_processor_pkg
[38.838s] -- Install configuration: "Release"
[38.838s] -- Execute custom install script
[38.838s] -- Up-to-date symlink: /home/student/ros2_ws/install/laser_processor_pkg/lib/laser_processor_pkg/laser_processor
[38.838s] -- Up-to-date symlink: /home/student/ros2_ws/install/laser_processor_pkg/share/ament_index/resource_index/package_run_dependencies/laser_processor_pkg
[38.838s] -- Up-to-date symlink: /home/student/ros2_ws/install/laser_processor_pkg/share/ament_index/resource_index/parent_prefix_path/laser_processor_pkg
[38.839s] -- Up-to-date symlink: /home/student/ros2_ws/install/laser_processor_pkg/share/laser_processor_pkg/environment/ament_prefix_path.sh
[38.839s] -- Up-to-date symlink: /home/student/ros2_ws/install/laser_processor_pkg/share/laser_processor_pkg/environment/ament_prefix_path.dsv
[38.839s] -- Up-to-date symlink: /home/student/ros2_ws/install/laser_processor_pkg/share/laser_processor_pkg/environment/path.sh
[38.840s] -- Up-to-date symlink: /home/student/ros2_ws/install/laser_processor_pkg/share/laser_processor_pkg/environment/path.dsv
[38.840s] -- Up-to-date symlink: /home/student/ros2_ws/install/laser_processor_pkg/share/laser_processor_pkg/local_setup.bash
[38.840s] -- Up-to-date symlink: /home/student/ros2_ws/install/laser_processor_pkg/share/laser_processor_pkg/local_setup.sh
[38.840s] -- Up-to-date symlink: /home/student/ros2_ws/install/laser_processor_pkg/share/laser_processor_pkg/local_setup.zsh
[38.840s] -- Up-to-date symlink: /home/student/ros2_ws/install/laser_processor_pkg/share/laser_processor_pkg/local_setup.dsv
[38.840s] -- Symlinking: /home/student/ros2_ws/install/laser_processor_pkg/share/laser_processor_pkg/package.dsv
[38.864s] -- Up-to-date symlink: /home/student/ros2_ws/install/laser_processor_pkg/share/ament_index/resource_index/packages/laser_processor_pkg
[38.865s] -- Up-to-date symlink: /home/student/ros2_ws/install/laser_processor_pkg/share/laser_processor_pkg/cmake/laser_processor_pkgConfig.cmake
[38.865s] -- Up-to-date symlink: /home/student/ros2_ws/install/laser_processor_pkg/share/laser_processor_pkg/cmake/laser_processor_pkgConfig-version.cmake
[38.866s] -- Up-to-date symlink: /home/student/ros2_ws/install/laser_processor_pkg/share/laser_processor_pkg/package.xml
[38.869s] Invoked command in '/home/student/ros2_ws/build/laser_processor_pkg' returned '0': CMAKE_PREFIX_PATH=${CMAKE_PREFIX_PATH}:/home/student/ros2_ws/install/turtlebot3_teleop:/home/student/ros2_ws/install/turtlebot3_example:/opt/ros/humble /usr/bin/cmake --install /home/student/ros2_ws/build/laser_processor_pkg
