[0.020s] Invoking command in '/home/student/ros2_ws/build/laser_scan_nth_pkg': CMAKE_PREFIX_PATH=${CMAKE_PREFIX_PATH}:/home/student/ros2_ws/install/turtlebot3_teleop:/home/student/ros2_ws/install/turtlebot3_example:/opt/ros/humble /usr/bin/cmake --build /home/student/ros2_ws/build/laser_scan_nth_pkg -- -j8 -l8
[0.109s] [35m[1mConsolidate compiler generated dependencies of target laser_scan_nth[0m
[0.158s] [ 50%] [32mBuilding CXX object CMakeFiles/laser_scan_nth.dir/src/laser_scan_nth.cpp.o[0m
[13.958s] [100%] [32m[1mLinking CXX executable laser_scan_nth[0m
[14.626s] [100%] Built target laser_scan_nth
[14.670s] Invoked command in '/home/student/ros2_ws/build/laser_scan_nth_pkg' returned '0': CMAKE_PREFIX_PATH=${CMAKE_PREFIX_PATH}:/home/student/ros2_ws/install/turtlebot3_teleop:/home/student/ros2_ws/install/turtlebot3_example:/opt/ros/humble /usr/bin/cmake --build /home/student/ros2_ws/build/laser_scan_nth_pkg -- -j8 -l8
[14.761s] Invoking command in '/home/student/ros2_ws/build/laser_scan_nth_pkg': CMAKE_PREFIX_PATH=${CMAKE_PREFIX_PATH}:/home/student/ros2_ws/install/turtlebot3_teleop:/home/student/ros2_ws/install/turtlebot3_example:/opt/ros/humble /usr/bin/cmake --install /home/student/ros2_ws/build/laser_scan_nth_pkg
[14.775s] -- Install configuration: ""
[14.775s] -- Installing: /home/student/ros2_ws/install/laser_scan_nth_pkg/lib/laser_scan_nth_pkg/laser_scan_nth
[14.795s] -- Set runtime path of "/home/student/ros2_ws/install/laser_scan_nth_pkg/lib/laser_scan_nth_pkg/laser_scan_nth" to ""
[14.795s] -- Up-to-date: /home/student/ros2_ws/install/laser_scan_nth_pkg/share/ament_index/resource_index/package_run_dependencies/laser_scan_nth_pkg
[14.795s] -- Up-to-date: /home/student/ros2_ws/install/laser_scan_nth_pkg/share/ament_index/resource_index/parent_prefix_path/laser_scan_nth_pkg
[14.796s] -- Up-to-date: /home/student/ros2_ws/install/laser_scan_nth_pkg/share/laser_scan_nth_pkg/environment/ament_prefix_path.sh
[14.796s] -- Up-to-date: /home/student/ros2_ws/install/laser_scan_nth_pkg/share/laser_scan_nth_pkg/environment/ament_prefix_path.dsv
[14.796s] -- Up-to-date: /home/student/ros2_ws/install/laser_scan_nth_pkg/share/laser_scan_nth_pkg/environment/path.sh
[14.796s] -- Up-to-date: /home/student/ros2_ws/install/laser_scan_nth_pkg/share/laser_scan_nth_pkg/environment/path.dsv
[14.796s] -- Up-to-date: /home/student/ros2_ws/install/laser_scan_nth_pkg/share/laser_scan_nth_pkg/local_setup.bash
[14.796s] -- Up-to-date: /home/student/ros2_ws/install/laser_scan_nth_pkg/share/laser_scan_nth_pkg/local_setup.sh
[14.796s] -- Up-to-date: /home/student/ros2_ws/install/laser_scan_nth_pkg/share/laser_scan_nth_pkg/local_setup.zsh
[14.796s] -- Up-to-date: /home/student/ros2_ws/install/laser_scan_nth_pkg/share/laser_scan_nth_pkg/local_setup.dsv
[14.797s] -- Installing: /home/student/ros2_ws/install/laser_scan_nth_pkg/share/laser_scan_nth_pkg/package.dsv
[14.797s] -- Up-to-date: /home/student/ros2_ws/install/laser_scan_nth_pkg/share/ament_index/resource_index/packages/laser_scan_nth_pkg
[14.797s] -- Up-to-date: /home/student/ros2_ws/install/laser_scan_nth_pkg/share/laser_scan_nth_pkg/cmake/laser_scan_nth_pkgConfig.cmake
[14.797s] -- Up-to-date: /home/student/ros2_ws/install/laser_scan_nth_pkg/share/laser_scan_nth_pkg/cmake/laser_scan_nth_pkgConfig-version.cmake
[14.803s] -- Up-to-date: /home/student/ros2_ws/install/laser_scan_nth_pkg/share/laser_scan_nth_pkg/package.xml
[14.804s] Invoked command in '/home/student/ros2_ws/build/laser_scan_nth_pkg' returned '0': CMAKE_PREFIX_PATH=${CMAKE_PREFIX_PATH}:/home/student/ros2_ws/install/turtlebot3_teleop:/home/student/ros2_ws/install/turtlebot3_example:/opt/ros/humble /usr/bin/cmake --install /home/student/ros2_ws/build/laser_scan_nth_pkg
