[0.019s] Invoking command in '/home/student/ros2_ws/build/laser_scan_nth_pkg': CMAKE_PREFIX_PATH=${CMAKE_PREFIX_PATH}:/home/student/ros2_ws/install/turtlebot3_teleop:/home/student/ros2_ws/install/turtlebot3_example:/home/student/ros2_ws/install/rtabmap_python:/opt/ros/humble /usr/bin/cmake /home/student/ros2_ws/src/laser_scan_nth_pkg -DAMENT_CMAKE_SYMLINK_INSTALL=1 -DCMAKE_INSTALL_PREFIX=/home/student/ros2_ws/install/laser_scan_nth_pkg
[0.323s] -- Found ament_cmake: 1.3.9 (/opt/ros/humble/share/ament_cmake/cmake)
[0.323s] -- Override CMake install command with custom implementation using symlinks instead of copying resources
[0.323s] -- Found rclcpp: 16.0.9 (/opt/ros/humble/share/rclcpp/cmake)
[0.323s] -- Found rosidl_generator_c: 3.1.5 (/opt/ros/humble/share/rosidl_generator_c/cmake)
[0.323s] -- Found rosidl_adapter: 3.1.5 (/opt/ros/humble/share/rosidl_adapter/cmake)
[0.323s] -- Found rosidl_generator_cpp: 3.1.5 (/opt/ros/humble/share/rosidl_generator_cpp/cmake)
[0.323s] -- Using all available rosidl_typesupport_c: rosidl_typesupport_fastrtps_c;rosidl_typesupport_introspection_c
[0.328s] -- Using all available rosidl_typesupport_cpp: rosidl_typesupport_fastrtps_cpp;rosidl_typesupport_introspection_cpp
[0.428s] -- Found rmw_implementation_cmake: 6.1.2 (/opt/ros/humble/share/rmw_implementation_cmake/cmake)
[0.432s] -- Found rmw_fastrtps_cpp: 6.2.6 (/opt/ros/humble/share/rmw_fastrtps_cpp/cmake)
[0.643s] -- Using RMW implementation 'rmw_fastrtps_cpp' as default
[0.983s] -- Found sensor_msgs: 4.2.4 (/opt/ros/humble/share/sensor_msgs/cmake)
[1.219s] -- Found ament_lint_auto: 0.12.11 (/opt/ros/humble/share/ament_lint_auto/cmake)
[1.313s] -- Added test 'cppcheck' to perform static code analysis on C / C++ code
[1.313s] -- Configured cppcheck include dirs: $<BUILD_INTERFACE:/home/student/ros2_ws/src/laser_scan_nth_pkg/include>
[1.313s] -- Configured cppcheck exclude dirs and/or files: 
[1.314s] -- Added test 'lint_cmake' to check CMake code style
[1.315s] -- Added test 'uncrustify' to check C / C++ code style
[1.315s] -- Configured uncrustify additional arguments: 
[1.316s] -- Added test 'xmllint' to check XML markup files
[1.318s] -- Configuring done
[1.371s] -- Generating done
[1.373s] -- Build files have been written to: /home/student/ros2_ws/build/laser_scan_nth_pkg
[1.394s] Invoked command in '/home/student/ros2_ws/build/laser_scan_nth_pkg' returned '0': CMAKE_PREFIX_PATH=${CMAKE_PREFIX_PATH}:/home/student/ros2_ws/install/turtlebot3_teleop:/home/student/ros2_ws/install/turtlebot3_example:/home/student/ros2_ws/install/rtabmap_python:/opt/ros/humble /usr/bin/cmake /home/student/ros2_ws/src/laser_scan_nth_pkg -DAMENT_CMAKE_SYMLINK_INSTALL=1 -DCMAKE_INSTALL_PREFIX=/home/student/ros2_ws/install/laser_scan_nth_pkg
[1.394s] Invoking command in '/home/student/ros2_ws/build/laser_scan_nth_pkg': CMAKE_PREFIX_PATH=${CMAKE_PREFIX_PATH}:/home/student/ros2_ws/install/turtlebot3_teleop:/home/student/ros2_ws/install/turtlebot3_example:/home/student/ros2_ws/install/rtabmap_python:/opt/ros/humble /usr/bin/cmake --build /home/student/ros2_ws/build/laser_scan_nth_pkg -- -j8 -l8
[1.499s] [35m[1mConsolidate compiler generated dependencies of target laser_scan_nth[0m
[1.629s] [100%] Built target laser_scan_nth
[1.654s] Invoked command in '/home/student/ros2_ws/build/laser_scan_nth_pkg' returned '0': CMAKE_PREFIX_PATH=${CMAKE_PREFIX_PATH}:/home/student/ros2_ws/install/turtlebot3_teleop:/home/student/ros2_ws/install/turtlebot3_example:/home/student/ros2_ws/install/rtabmap_python:/opt/ros/humble /usr/bin/cmake --build /home/student/ros2_ws/build/laser_scan_nth_pkg -- -j8 -l8
[1.725s] Invoking command in '/home/student/ros2_ws/build/laser_scan_nth_pkg': CMAKE_PREFIX_PATH=${CMAKE_PREFIX_PATH}:/home/student/ros2_ws/install/turtlebot3_teleop:/home/student/ros2_ws/install/turtlebot3_example:/home/student/ros2_ws/install/rtabmap_python:/opt/ros/humble /usr/bin/cmake --install /home/student/ros2_ws/build/laser_scan_nth_pkg
[1.818s] -- Install configuration: "Release"
[1.818s] -- Execute custom install script
[1.818s] -- Up-to-date symlink: /home/student/ros2_ws/install/laser_scan_nth_pkg/lib/laser_scan_nth_pkg/laser_scan_nth
[1.818s] -- Up-to-date symlink: /home/student/ros2_ws/install/laser_scan_nth_pkg/share/ament_index/resource_index/package_run_dependencies/laser_scan_nth_pkg
[1.818s] -- Up-to-date symlink: /home/student/ros2_ws/install/laser_scan_nth_pkg/share/ament_index/resource_index/parent_prefix_path/laser_scan_nth_pkg
[1.818s] -- Up-to-date symlink: /home/student/ros2_ws/install/laser_scan_nth_pkg/share/laser_scan_nth_pkg/environment/ament_prefix_path.sh
[1.818s] -- Up-to-date symlink: /home/student/ros2_ws/install/laser_scan_nth_pkg/share/laser_scan_nth_pkg/environment/ament_prefix_path.dsv
[1.818s] -- Up-to-date symlink: /home/student/ros2_ws/install/laser_scan_nth_pkg/share/laser_scan_nth_pkg/environment/path.sh
[1.818s] -- Up-to-date symlink: /home/student/ros2_ws/install/laser_scan_nth_pkg/share/laser_scan_nth_pkg/environment/path.dsv
[1.819s] -- Up-to-date symlink: /home/student/ros2_ws/install/laser_scan_nth_pkg/share/laser_scan_nth_pkg/local_setup.bash
[1.820s] -- Up-to-date symlink: /home/student/ros2_ws/install/laser_scan_nth_pkg/share/laser_scan_nth_pkg/local_setup.sh
[1.821s] -- Up-to-date symlink: /home/student/ros2_ws/install/laser_scan_nth_pkg/share/laser_scan_nth_pkg/local_setup.zsh
[1.821s] -- Up-to-date symlink: /home/student/ros2_ws/install/laser_scan_nth_pkg/share/laser_scan_nth_pkg/local_setup.dsv
[1.822s] -- Symlinking: /home/student/ros2_ws/install/laser_scan_nth_pkg/share/laser_scan_nth_pkg/package.dsv
[1.822s] -- Up-to-date symlink: /home/student/ros2_ws/install/laser_scan_nth_pkg/share/ament_index/resource_index/packages/laser_scan_nth_pkg
[1.822s] -- Up-to-date symlink: /home/student/ros2_ws/install/laser_scan_nth_pkg/share/laser_scan_nth_pkg/cmake/laser_scan_nth_pkgConfig.cmake
[1.823s] -- Up-to-date symlink: /home/student/ros2_ws/install/laser_scan_nth_pkg/share/laser_scan_nth_pkg/cmake/laser_scan_nth_pkgConfig-version.cmake
[1.823s] -- Up-to-date symlink: /home/student/ros2_ws/install/laser_scan_nth_pkg/share/laser_scan_nth_pkg/package.xml
[1.824s] Invoked command in '/home/student/ros2_ws/build/laser_scan_nth_pkg' returned '0': CMAKE_PREFIX_PATH=${CMAKE_PREFIX_PATH}:/home/student/ros2_ws/install/turtlebot3_teleop:/home/student/ros2_ws/install/turtlebot3_example:/home/student/ros2_ws/install/rtabmap_python:/opt/ros/humble /usr/bin/cmake --install /home/student/ros2_ws/build/laser_scan_nth_pkg
