[0.023s] Invoking command in '/home/student/ros2_ws/build/overlay_map': CMAKE_PREFIX_PATH=${CMAKE_PREFIX_PATH}:/home/student/ros2_ws/install/turtlebot3_teleop:/home/student/ros2_ws/install/turtlebot3_example:/home/student/ros2_ws/install/rtabmap_python:/opt/ros/humble /usr/bin/cmake --build /home/student/ros2_ws/build/overlay_map -- -j8 -l8
[0.128s] [35m[1mConsolidate compiler generated dependencies of target overlay_map_node[0m
[0.199s] [ 50%] [32mBuilding CXX object CMakeFiles/overlay_map_node.dir/src/overlay_map_node.cpp.o[0m
[2.711s] [100%] [32m[1mLinking CXX executable overlay_map_node[0m
[3.473s] [100%] Built target overlay_map_node
[3.502s] Invoked command in '/home/student/ros2_ws/build/overlay_map' returned '0': CMAKE_PREFIX_PATH=${CMAKE_PREFIX_PATH}:/home/student/ros2_ws/install/turtlebot3_teleop:/home/student/ros2_ws/install/turtlebot3_example:/home/student/ros2_ws/install/rtabmap_python:/opt/ros/humble /usr/bin/cmake --build /home/student/ros2_ws/build/overlay_map -- -j8 -l8
[3.613s] Invoking command in '/home/student/ros2_ws/build/overlay_map': CMAKE_PREFIX_PATH=${CMAKE_PREFIX_PATH}:/home/student/ros2_ws/install/turtlebot3_teleop:/home/student/ros2_ws/install/turtlebot3_example:/home/student/ros2_ws/install/rtabmap_python:/opt/ros/humble /usr/bin/cmake --install /home/student/ros2_ws/build/overlay_map
[3.633s] -- Install configuration: ""
[3.634s] -- Installing: /home/student/ros2_ws/install/overlay_map/lib/overlay_map/overlay_map_node
[3.635s] -- Set runtime path of "/home/student/ros2_ws/install/overlay_map/lib/overlay_map/overlay_map_node" to ""
[3.636s] -- Up-to-date: /home/student/ros2_ws/install/overlay_map/share/ament_index/resource_index/package_run_dependencies/overlay_map
[3.637s] -- Up-to-date: /home/student/ros2_ws/install/overlay_map/share/ament_index/resource_index/parent_prefix_path/overlay_map
[3.637s] -- Up-to-date: /home/student/ros2_ws/install/overlay_map/share/overlay_map/environment/ament_prefix_path.sh
[3.638s] -- Up-to-date: /home/student/ros2_ws/install/overlay_map/share/overlay_map/environment/ament_prefix_path.dsv
[3.638s] -- Up-to-date: /home/student/ros2_ws/install/overlay_map/share/overlay_map/environment/path.sh
[3.639s] -- Up-to-date: /home/student/ros2_ws/install/overlay_map/share/overlay_map/environment/path.dsv
[3.639s] -- Up-to-date: /home/student/ros2_ws/install/overlay_map/share/overlay_map/local_setup.bash
[3.639s] -- Up-to-date: /home/student/ros2_ws/install/overlay_map/share/overlay_map/local_setup.sh
[3.639s] -- Up-to-date: /home/student/ros2_ws/install/overlay_map/share/overlay_map/local_setup.zsh
[3.639s] -- Up-to-date: /home/student/ros2_ws/install/overlay_map/share/overlay_map/local_setup.dsv
[3.639s] -- Installing: /home/student/ros2_ws/install/overlay_map/share/overlay_map/package.dsv
[3.639s] -- Up-to-date: /home/student/ros2_ws/install/overlay_map/share/ament_index/resource_index/packages/overlay_map
[3.639s] -- Up-to-date: /home/student/ros2_ws/install/overlay_map/share/overlay_map/cmake/overlay_mapConfig.cmake
[3.639s] -- Up-to-date: /home/student/ros2_ws/install/overlay_map/share/overlay_map/cmake/overlay_mapConfig-version.cmake
[3.640s] -- Up-to-date: /home/student/ros2_ws/install/overlay_map/share/overlay_map/package.xml
[3.642s] Invoked command in '/home/student/ros2_ws/build/overlay_map' returned '0': CMAKE_PREFIX_PATH=${CMAKE_PREFIX_PATH}:/home/student/ros2_ws/install/turtlebot3_teleop:/home/student/ros2_ws/install/turtlebot3_example:/home/student/ros2_ws/install/rtabmap_python:/opt/ros/humble /usr/bin/cmake --install /home/student/ros2_ws/build/overlay_map
