[0.016s] Invoking command in '/home/student/ros2_ws/build/cylinder_detector': CMAKE_PREFIX_PATH=${CMAKE_PREFIX_PATH}:/home/student/ros2_ws/install/turtlebot3_teleop:/home/student/ros2_ws/install/turtlebot3_example:/home/student/ros2_ws/install/rtabmap_python:/opt/ros/humble /usr/bin/cmake --build /home/student/ros2_ws/build/cylinder_detector -- -j8 -l8
[0.050s] -- Found ament_cmake: 1.3.9 (/opt/ros/humble/share/ament_cmake/cmake)
[0.199s] -- Found rclcpp: 16.0.9 (/opt/ros/humble/share/rclcpp/cmake)
[0.231s] -- Found rosidl_generator_c: 3.1.5 (/opt/ros/humble/share/rosidl_generator_c/cmake)
[0.233s] -- Found rosidl_adapter: 3.1.5 (/opt/ros/humble/share/rosidl_adapter/cmake)
[0.239s] -- Found rosidl_generator_cpp: 3.1.5 (/opt/ros/humble/share/rosidl_generator_cpp/cmake)
[0.252s] -- Using all available rosidl_typesupport_c: rosidl_typesupport_fastrtps_c;rosidl_typesupport_introspection_c
[0.269s] -- Using all available rosidl_typesupport_cpp: rosidl_typesupport_fastrtps_cpp;rosidl_typesupport_introspection_cpp
[0.332s] -- Found rmw_implementation_cmake: 6.1.2 (/opt/ros/humble/share/rmw_implementation_cmake/cmake)
[0.334s] -- Found rmw_fastrtps_cpp: 6.2.6 (/opt/ros/humble/share/rmw_fastrtps_cpp/cmake)
[0.483s] -- Using RMW implementation 'rmw_fastrtps_cpp' as default
[0.657s] -- Found visualization_msgs: 4.2.4 (/opt/ros/humble/share/visualization_msgs/cmake)
[0.942s] -- Found tf2: 0.25.7 (/opt/ros/humble/share/tf2/cmake)
[0.950s] -- Found tf2_ros: 0.25.7 (/opt/ros/humble/share/tf2_ros/cmake)
[1.306s] -- Found tf2_geometry_msgs: 0.25.7 (/opt/ros/humble/share/tf2_geometry_msgs/cmake)
[1.364s] -- Found eigen3_cmake_module: 0.1.1 (/opt/ros/humble/share/eigen3_cmake_module/cmake)
[1.370s] -- Found Eigen3: TRUE (found version "3.4.0") 
[1.370s] -- Ensuring Eigen3 include directory is part of orocos-kdl CMake target
[1.398s] -- Found ament_lint_auto: 0.12.11 (/opt/ros/humble/share/ament_lint_auto/cmake)
[1.478s] -- Added test 'cppcheck' to perform static code analysis on C / C++ code
[1.478s] -- Configured cppcheck include dirs: $<BUILD_INTERFACE:/home/student/ros2_ws/src/cylinder_detector/include>
[1.478s] -- Configured cppcheck exclude dirs and/or files: 
[1.478s] -- Added test 'lint_cmake' to check CMake code style
[1.479s] -- Added test 'uncrustify' to check C / C++ code style
[1.479s] -- Configured uncrustify additional arguments: 
[1.479s] -- Added test 'xmllint' to check XML markup files
[1.480s] -- Configuring done
[1.507s] -- Generating done
[1.509s] -- Build files have been written to: /home/student/ros2_ws/build/cylinder_detector
[1.554s] [35m[1mConsolidate compiler generated dependencies of target cylinderDetector[0m
[1.580s] [ 50%] [32mBuilding CXX object CMakeFiles/cylinderDetector.dir/src/cylinderDetector.cpp.o[0m
[10.607s] [100%] [32m[1mLinking CXX executable cylinderDetector[0m
[11.112s] /usr/bin/ld: CMakeFiles/cylinderDetector.dir/src/cylinderDetector.cpp.o: in function `cylinderDetector::laserCallback(std::shared_ptr<sensor_msgs::msg::LaserScan_<std::allocator<void> > >)':
[11.112s] cylinderDetector.cpp:(.text._ZN16cylinderDetector13laserCallbackESt10shared_ptrIN11sensor_msgs3msg10LaserScan_ISaIvEEEE[_ZN16cylinderDetector13laserCallbackESt10shared_ptrIN11sensor_msgs3msg10LaserScan_ISaIvEEEE]+0x641): undefined reference to `void tf2::fromMsg<geometry_msgs::msg::Transform_<std::allocator<void> >, tf2::Transform>(geometry_msgs::msg::Transform_<std::allocator<void> > const&, tf2::Transform&)'
[11.164s] collect2: error: ld returned 1 exit status
[11.166s] gmake[2]: *** [CMakeFiles/cylinderDetector.dir/build.make:268: cylinderDetector] Error 1
[11.167s] gmake[1]: *** [CMakeFiles/Makefile2:137: CMakeFiles/cylinderDetector.dir/all] Error 2
[11.167s] gmake: *** [Makefile:146: all] Error 2
[11.169s] Invoked command in '/home/student/ros2_ws/build/cylinder_detector' returned '2': CMAKE_PREFIX_PATH=${CMAKE_PREFIX_PATH}:/home/student/ros2_ws/install/turtlebot3_teleop:/home/student/ros2_ws/install/turtlebot3_example:/home/student/ros2_ws/install/rtabmap_python:/opt/ros/humble /usr/bin/cmake --build /home/student/ros2_ws/build/cylinder_detector -- -j8 -l8
