[35m[1mConsolidate compiler generated dependencies of target dead_reckoning[0m
[ 50%] [32mBuilding CXX object CMakeFiles/dead_reckoning.dir/src/dead_reckoning.cpp.o[0m
[100%] [32m[1mLinking CXX executable dead_reckoning[0m
[100%] Built target dead_reckoning
-- Install configuration: ""
-- Installing: /home/student/ros2_ws/install/turtlebot3_state_estimation/lib/turtlebot3_state_estimation/dead_reckoning
-- Set runtime path of "/home/student/ros2_ws/install/turtlebot3_state_estimation/lib/turtlebot3_state_estimation/dead_reckoning" to ""
-- Installing: /home/student/ros2_ws/install/turtlebot3_state_estimation/share/ament_index/resource_index/package_run_dependencies/turtlebot3_state_estimation
-- Installing: /home/student/ros2_ws/install/turtlebot3_state_estimation/share/ament_index/resource_index/parent_prefix_path/turtlebot3_state_estimation
-- Installing: /home/student/ros2_ws/install/turtlebot3_state_estimation/share/turtlebot3_state_estimation/environment/ament_prefix_path.sh
-- Installing: /home/student/ros2_ws/install/turtlebot3_state_estimation/share/turtlebot3_state_estimation/environment/ament_prefix_path.dsv
-- Installing: /home/student/ros2_ws/install/turtlebot3_state_estimation/share/turtlebot3_state_estimation/environment/path.sh
-- Installing: /home/student/ros2_ws/install/turtlebot3_state_estimation/share/turtlebot3_state_estimation/environment/path.dsv
-- Installing: /home/student/ros2_ws/install/turtlebot3_state_estimation/share/turtlebot3_state_estimation/local_setup.bash
-- Installing: /home/student/ros2_ws/install/turtlebot3_state_estimation/share/turtlebot3_state_estimation/local_setup.sh
-- Installing: /home/student/ros2_ws/install/turtlebot3_state_estimation/share/turtlebot3_state_estimation/local_setup.zsh
-- Installing: /home/student/ros2_ws/install/turtlebot3_state_estimation/share/turtlebot3_state_estimation/local_setup.dsv
-- Installing: /home/student/ros2_ws/install/turtlebot3_state_estimation/share/turtlebot3_state_estimation/package.dsv
-- Installing: /home/student/ros2_ws/install/turtlebot3_state_estimation/share/ament_index/resource_index/packages/turtlebot3_state_estimation
-- Installing: /home/student/ros2_ws/install/turtlebot3_state_estimation/share/turtlebot3_state_estimation/cmake/turtlebot3_state_estimationConfig.cmake
-- Installing: /home/student/ros2_ws/install/turtlebot3_state_estimation/share/turtlebot3_state_estimation/cmake/turtlebot3_state_estimationConfig-version.cmake
-- Installing: /home/student/ros2_ws/install/turtlebot3_state_estimation/share/turtlebot3_state_estimation/package.xml
