[0.043s] Invoking command in '/home/student/ros2_ws/build/scan_to_image_localizer': CMAKE_PREFIX_PATH=${CMAKE_PREFIX_PATH}:/home/student/ros2_ws/install/turtlebot3_teleop:/home/student/ros2_ws/install/turtlebot3_example:/opt/ros/humble /usr/bin/cmake /home/student/ros2_ws/src/scan_to_image_localizer -DCMAKE_BUILD_TYPE=Release -DAMENT_CMAKE_SYMLINK_INSTALL=1 -DCMAKE_INSTALL_PREFIX=/home/student/ros2_ws/install/scan_to_image_localizer
[0.076s] -- Found ament_cmake: 1.3.9 (/opt/ros/humble/share/ament_cmake/cmake)
[0.286s] -- Override CMake install command with custom implementation using symlinks instead of copying resources
[0.299s] -- Found rclcpp: 16.0.9 (/opt/ros/humble/share/rclcpp/cmake)
[0.358s] -- Found rosidl_generator_c: 3.1.5 (/opt/ros/humble/share/rosidl_generator_c/cmake)
[0.365s] -- Found rosidl_adapter: 3.1.5 (/opt/ros/humble/share/rosidl_adapter/cmake)
[0.373s] -- Found rosidl_generator_cpp: 3.1.5 (/opt/ros/humble/share/rosidl_generator_cpp/cmake)
[0.389s] -- Using all available rosidl_typesupport_c: rosidl_typesupport_fastrtps_c;rosidl_typesupport_introspection_c
[0.406s] -- Using all available rosidl_typesupport_cpp: rosidl_typesupport_fastrtps_cpp;rosidl_typesupport_introspection_cpp
[0.509s] -- Found rmw_implementation_cmake: 6.1.2 (/opt/ros/humble/share/rmw_implementation_cmake/cmake)
[0.512s] -- Found rmw_fastrtps_cpp: 6.2.6 (/opt/ros/humble/share/rmw_fastrtps_cpp/cmake)
[0.721s] -- Using RMW implementation 'rmw_fastrtps_cpp' as default
[1.110s] -- Found nav_msgs: 4.2.4 (/opt/ros/humble/share/nav_msgs/cmake)
[1.410s] -- Found sensor_msgs: 4.2.4 (/opt/ros/humble/share/sensor_msgs/cmake)
[1.601s] -- Found ament_lint_auto: 0.12.11 (/opt/ros/humble/share/ament_lint_auto/cmake)
[1.769s] -- Added test 'cppcheck' to perform static code analysis on C / C++ code
[1.770s] -- Configured cppcheck include dirs: $<BUILD_INTERFACE:/home/student/ros2_ws/src/scan_to_image_localizer/include>
[1.770s] -- Configured cppcheck exclude dirs and/or files: 
[1.771s] -- Added test 'lint_cmake' to check CMake code style
[1.772s] -- Added test 'uncrustify' to check C / C++ code style
[1.772s] -- Configured uncrustify additional arguments: 
[1.773s] -- Added test 'xmllint' to check XML markup files
[1.789s] -- Configuring done
[1.869s] -- Generating done
[1.874s] -- Build files have been written to: /home/student/ros2_ws/build/scan_to_image_localizer
[1.915s] Invoked command in '/home/student/ros2_ws/build/scan_to_image_localizer' returned '0': CMAKE_PREFIX_PATH=${CMAKE_PREFIX_PATH}:/home/student/ros2_ws/install/turtlebot3_teleop:/home/student/ros2_ws/install/turtlebot3_example:/opt/ros/humble /usr/bin/cmake /home/student/ros2_ws/src/scan_to_image_localizer -DCMAKE_BUILD_TYPE=Release -DAMENT_CMAKE_SYMLINK_INSTALL=1 -DCMAKE_INSTALL_PREFIX=/home/student/ros2_ws/install/scan_to_image_localizer
[1.916s] Invoking command in '/home/student/ros2_ws/build/scan_to_image_localizer': CMAKE_PREFIX_PATH=${CMAKE_PREFIX_PATH}:/home/student/ros2_ws/install/turtlebot3_teleop:/home/student/ros2_ws/install/turtlebot3_example:/opt/ros/humble /usr/bin/cmake --build /home/student/ros2_ws/build/scan_to_image_localizer
[2.508s] [35m[1mConsolidate compiler generated dependencies of target scan_to_image_node[0m
[2.508s] [100%] Built target scan_to_image_node
[2.514s] Invoked command in '/home/student/ros2_ws/build/scan_to_image_localizer' returned '0': CMAKE_PREFIX_PATH=${CMAKE_PREFIX_PATH}:/home/student/ros2_ws/install/turtlebot3_teleop:/home/student/ros2_ws/install/turtlebot3_example:/opt/ros/humble /usr/bin/cmake --build /home/student/ros2_ws/build/scan_to_image_localizer
[2.589s] Invoking command in '/home/student/ros2_ws/build/scan_to_image_localizer': CMAKE_PREFIX_PATH=${CMAKE_PREFIX_PATH}:/home/student/ros2_ws/install/turtlebot3_teleop:/home/student/ros2_ws/install/turtlebot3_example:/opt/ros/humble /usr/bin/cmake --install /home/student/ros2_ws/build/scan_to_image_localizer
[2.731s] -- Install configuration: "Release"
[2.732s] -- Execute custom install script
[2.732s] -- Up-to-date symlink: /home/student/ros2_ws/install/scan_to_image_localizer/lib/scan_to_image_localizer/scan_to_image_node
[2.733s] -- Up-to-date symlink: /home/student/ros2_ws/install/scan_to_image_localizer/share/ament_index/resource_index/package_run_dependencies/scan_to_image_localizer
[2.734s] -- Up-to-date symlink: /home/student/ros2_ws/install/scan_to_image_localizer/share/ament_index/resource_index/parent_prefix_path/scan_to_image_localizer
[2.734s] -- Up-to-date symlink: /home/student/ros2_ws/install/scan_to_image_localizer/share/scan_to_image_localizer/environment/ament_prefix_path.sh
[2.734s] -- Up-to-date symlink: /home/student/ros2_ws/install/scan_to_image_localizer/share/scan_to_image_localizer/environment/ament_prefix_path.dsv
[2.734s] -- Up-to-date symlink: /home/student/ros2_ws/install/scan_to_image_localizer/share/scan_to_image_localizer/environment/path.sh
[2.734s] -- Up-to-date symlink: /home/student/ros2_ws/install/scan_to_image_localizer/share/scan_to_image_localizer/environment/path.dsv
[2.735s] -- Up-to-date symlink: /home/student/ros2_ws/install/scan_to_image_localizer/share/scan_to_image_localizer/local_setup.bash
[2.735s] -- Up-to-date symlink: /home/student/ros2_ws/install/scan_to_image_localizer/share/scan_to_image_localizer/local_setup.sh
[2.738s] -- Up-to-date symlink: /home/student/ros2_ws/install/scan_to_image_localizer/share/scan_to_image_localizer/local_setup.zsh
[2.739s] -- Up-to-date symlink: /home/student/ros2_ws/install/scan_to_image_localizer/share/scan_to_image_localizer/local_setup.dsv
[2.739s] -- Symlinking: /home/student/ros2_ws/install/scan_to_image_localizer/share/scan_to_image_localizer/package.dsv
[2.740s] -- Up-to-date symlink: /home/student/ros2_ws/install/scan_to_image_localizer/share/ament_index/resource_index/packages/scan_to_image_localizer
[2.742s] -- Up-to-date symlink: /home/student/ros2_ws/install/scan_to_image_localizer/share/scan_to_image_localizer/cmake/scan_to_image_localizerConfig.cmake
[2.743s] -- Up-to-date symlink: /home/student/ros2_ws/install/scan_to_image_localizer/share/scan_to_image_localizer/cmake/scan_to_image_localizerConfig-version.cmake
[2.743s] -- Up-to-date symlink: /home/student/ros2_ws/install/scan_to_image_localizer/share/scan_to_image_localizer/package.xml
[2.747s] Invoked command in '/home/student/ros2_ws/build/scan_to_image_localizer' returned '0': CMAKE_PREFIX_PATH=${CMAKE_PREFIX_PATH}:/home/student/ros2_ws/install/turtlebot3_teleop:/home/student/ros2_ws/install/turtlebot3_example:/opt/ros/humble /usr/bin/cmake --install /home/student/ros2_ws/build/scan_to_image_localizer
