[0.059s] Invoking command in '/home/student/ros2_ws/build/rtabmap': CMAKE_PREFIX_PATH=${CMAKE_PREFIX_PATH}:/home/student/ros2_ws/install/turtlebot3_teleop:/home/student/ros2_ws/install/turtlebot3_example:/home/student/ros2_ws/install/rtabmap_python:/opt/ros/humble /usr/bin/cmake /home/student/ros2_ws/src/rtabmap -DCMAKE_INSTALL_PREFIX=/home/student/ros2_ws/install/rtabmap
[0.573s] -- MOBILE_BUILD=OFF
[0.573s] -- Eigen found (include: /usr/include/eigen3, version: 3.4.0)
[0.573s] -- OpenNI found (version: 1.5.4.0, include: /usr/include/ni, lib: /usr/lib/libOpenNI.so;libusb::libusb)
[0.735s] -- Eigen found (include: /usr/include/eigen3, version: 3.4.0)
[0.776s] -- FLANN found (include: /usr/include, lib: /usr/lib/x86_64-linux-gnu/libflann_cpp.so)
[0.778s] -- Found Qhull version 8.0.2
[1.691s] -- OpenNI found (version: 1.5.4.0, include: /usr/include/ni, lib: /usr/lib/libOpenNI.so;libusb::libusb)
[1.953s] -- PCL definitions don't contain "-march=native", make sure all libraries using Eigen are also compiled without that flag to avoid some segmentation faults (with gdb referring to some Eigen functions).
[1.973s] -- Found SQLite3: /usr/include /usr/lib/x86_64-linux-gnu/libsqlite3.so
[1.976s] -- Found OpenMP: /usr/lib/gcc/x86_64-linux-gnu/11/libgomp.so;/usr/lib/x86_64-linux-gnu/libpthread.a
[1.976s] -- Add PCL_OMP to definitions
[1.976s] -- Found OpenCV: /usr/include/opencv4
[1.976s] -- Found PCL: /usr/include/pcl-1.12;/usr/include/eigen3;/usr/include;/usr/include/ni
[1.976s] -- Found ZLIB: /usr/include
[1.995s] -- Found OpenGL: /usr/lib/x86_64-linux-gnu/libOpenGL.so  found components: OpenGL GLX 
[3.163s] -- Found Eigen3: /usr/include/eigen3 (found version "3.4.0") 
[3.371s] -- VTK>=9 detected, will use VTK_QT_VERSION=5 for Qt version.
[3.371s] -- VTK_RENDERING_BACKEND=
[3.461s] -- Found OpenNI2: /usr/include/openni2
[3.469s] -- Found DC1394: /usr/include/dc1394
[3.477s] -- Found OpenGL: /usr/lib/x86_64-linux-gnu/libOpenGL.so   
[3.481s] -- Found g2o (targets)
[3.482s] -- g2o include dir: /opt/ros/humble/include
[3.484s] -- Latest g2o factory version detected with shared ptr (factory file: /opt/ros/humble/include/g2o/core/factory.h).
[3.533s] -- GTSAM include directory:  /opt/ros/humble/lib/cmake/GTSAM/../../../include
[3.561s] -- FlyCapture2_INCLUDE_DIR=FlyCapture2_INCLUDE_DIR-NOTFOUND
[3.561s] -- FlyCapture2_LIBRARY=FlyCapture2_LIBRARY-NOTFOUND
[3.561s] -- Triclops_INCLUDE_DIR=Triclops_INCLUDE_DIR-NOTFOUND
[3.561s] -- Triclops_LIBRARY=Triclops_LIBRARY-NOTFOUND
[3.561s] -- FlyCaptureBridge_LIBRARY=FlyCaptureBridge_LIBRARY-NOTFOUND
[3.576s] -- Found Boost: /usr/lib/x86_64-linux-gnu/cmake/Boost-1.74.0/BoostConfig.cmake (found version "1.74.0") found components: thread filesystem system program_options date_time 
[3.587s] -- Found Boost: /usr/lib/x86_64-linux-gnu/cmake/Boost-1.74.0/BoostConfig.cmake (found version "1.74.0") found components: thread filesystem system program_options date_time chrono 
[3.591s] -- Found libpointmatcher: /opt/ros/humble/include;/usr/include/eigen3
[3.601s] -- Found Boost: /usr/lib/x86_64-linux-gnu/cmake/Boost-1.74.0/BoostConfig.cmake (found version "1.74.0") found components: thread filesystem system program_options date_time 
[3.610s] -- Found Boost: /usr/lib/x86_64-linux-gnu/cmake/Boost-1.74.0/BoostConfig.cmake (found version "1.74.0") found components: thread filesystem system program_options date_time chrono timer serialization 
[3.666s] -- Found RealSense2: 
[3.684s] -- Found octomap 1.9.7: /usr/include
[3.810s] -- Found grid_map_core 2.0.0: /opt/ros/humble/include;/usr/include/eigen3
[3.828s] -- Architecture: x86_64
[3.865s] -- Found Pthreads
[4.021s] [0mCMake Deprecation Warning at examples/LidarMapping/CMakeLists.txt:1 (cmake_minimum_required):
[4.021s]   Compatibility with CMake < 2.8.12 will be removed from a future version of
[4.021s]   CMake.
[4.022s] 
[4.022s]   Update the VERSION argument <min> value or use a ...<max> suffix to tell
[4.022s]   CMake that the project does not need compatibility with older versions.
[4.022s] 
[4.022s] [0m
[4.079s] -- --------------------------------------------
[4.079s] -- Info :
[4.079s] --   RTAB-Map Version =     0.21.6
[4.079s] --   CMAKE_VERSION =        3.22.1
[4.079s] --   CMAKE_INSTALL_PREFIX = /home/student/ros2_ws/install/rtabmap
[4.079s] --   CMAKE_BUILD_TYPE =     Release
[4.083s] --   CMAKE_INSTALL_LIBDIR = lib
[4.084s] --   BUILD_APP =            ON
[4.084s] --   BUILD_TOOLS =          ON
[4.084s] --   BUILD_EXAMPLES =       ON
[4.084s] --   BUILD_SHARED_LIBS =    ON
[4.084s] --   CMAKE_CXX_FLAGS =  -fmessage-length=0 -fopenmp -std=c++17
[4.084s] --   FLANN_KDTREE_MEM_OPT = OFF
[4.084s] --   PCL_DEFINITIONS = -DDISABLE_OPENNI2;-DDISABLE_PCAP;-DDISABLE_PNG
[4.085s] --   PCL_VERSION = 1.12.1
[4.085s] -- 
[4.085s] -- Optional dependencies ('*' affects some default parameters) :
[4.085s] --  *With OpenCV 4.5.4 xfeatures2d = NO, nonfree = NO (License: Apache 2)
[4.085s] --   With Qt 5.15.3            = YES (License: Open Source or Commercial)
[4.085s] --   With VTK 9.1              = YES (License: BSD)
[4.085s] --   With external SQLite3     = YES (License: Public Domain)
[4.086s] --   With ORB OcTree           = YES (License: GPLv3)
[4.086s] --   With SupertPoint          = NO (WITH_TORCH=OFF)
[4.086s] --   With Python3              = NO (WITH_PYTHON=OFF)
[4.086s] --   With Madgwick             = YES (License: GPL)
[4.086s] --   With FastCV               = NO (FastCV not found)
[4.086s] --   With PDAL                 = NO (PDAL not found)
[4.086s] --   With CudaSift             = NO (WITH_CUDASIFT=OFF)
[4.086s] -- 
[4.087s] --  Solvers:
[4.087s] --   With TORO                 = YES (License: Creative Commons [Attribution-NonCommercial-ShareAlike])
[4.087s] --  *With g2o 1.0.0            = YES (License: BSD)
[4.087s] --  *With GTSAM 4.2.0          = YES (License: BSD)
[4.087s] --  *With Ceres                = NO (WITH_CERES=OFF)
[4.087s] --   With MRPT                 = NO (MRPT not found)
[4.087s] --   With VERTIGO              = YES (License: GPLv3)
[4.087s] --   With cvsba                = NO (WITH_CVSBA=OFF)
[4.090s] --  *With libpointmatcher 1.3.1 = YES (License: BSD)
[4.090s] --   With CCCoreLib            = NO (WITH_CCCORELIB=OFF)
[4.090s] --   With Open3D               = NO (WITH_OPEN3D=OFF)
[4.091s] --   With OpenGV               = NO (OpenGV not found)
[4.091s] -- 
[4.091s] --  Reconstruction Approaches:
[4.091s] --   With OctoMap 1.9.7        = YES (License: BSD)
[4.091s] --   With GridMap 2.0.0        = YES (License: BSD)
[4.091s] --   With CPUTSDF              = NO (WITH_CPUTSDF=OFF)
[4.091s] --   With OpenChisel           = NO (WITH_OPENCHISEL=OFF)
[4.091s] --   With AliceVision          = NO (WITH_ALICE_VISION=OFF)
[4.091s] -- 
[4.092s] --  Camera Drivers:
[4.092s] --   With Freenect             = NO (libfreenect not found)
[4.092s] --   With OpenNI               = YES (License: Apache v2)
[4.092s] --   With OpenNI2              = YES (License: Apache v2)
[4.092s] --   With Freenect2            = NO (libfreenect2 not found)
[4.092s] --   With Kinect for Windows 2 = NO (Kinect for Windows 2 SDK not found)
[4.092s] --   With Kinect for Azure     = NO (Kinect for Azure SDK not found)
[4.092s] --   With dc1394               = YES (License: LGPL)
[4.093s] --   With FlyCapture2/Triclops = NO (Point Grey SDK not found)
[4.093s] --   With ZED                  = NO (ZED sdk and/or cuda not found)
[4.093s] --   With ZEDOC                = NO (ZED Open Capture not found)
[4.093s] --   With RealSense            = NO (librealsense not found)
[4.093s] --   With RealSense2 2.55.1    = YES (License: Apache-2)
[4.093s] --   With MyntEyeS             = NO (mynteye s sdk not found)
[4.093s] --   With DepthAI              = NO (WITH_DEPTHAI=OFF)
[4.098s] --   With XVisio SDK           = NO (WITH_XVSDK=OFF)
[4.098s] -- 
[4.098s] --  Odometry Approaches:
[4.098s] --   With loam_velodyne        = NO (WITH_LOAM=OFF)
[4.098s] --   With floam                = NO (WITH_FLOAM=OFF)
[4.098s] --   With libfovis             = NO (WITH_FOVIS=OFF)
[4.098s] --   With libviso2             = NO (WITH_VISO2=OFF)
[4.098s] --   With dvo_core             = NO (WITH_DVO=OFF)
[4.099s] --   With okvis                = NO (WITH_OKVIS=OFF)
[4.099s] --   With msckf_vio            = NO (WITH_MSCKF_VIO=OFF)
[4.099s] --   With VINS-Fusion          = NO (WITH_VINS=OFF)
[4.099s] --   With OpenVINS             = NO (WITH_OPENVINS=OFF)
[4.099s] --   With ORB_SLAM             = NO (WITH_ORB_SLAM=OFF)
[4.099s] -- Show all options with: cmake -LA | grep WITH_
[4.099s] -- --------------------------------------------
[4.100s] -- Configuring done
[5.244s] -- Generating done
[5.259s] -- Build files have been written to: /home/student/ros2_ws/build/rtabmap
[5.334s] Invoked command in '/home/student/ros2_ws/build/rtabmap' returned '0': CMAKE_PREFIX_PATH=${CMAKE_PREFIX_PATH}:/home/student/ros2_ws/install/turtlebot3_teleop:/home/student/ros2_ws/install/turtlebot3_example:/home/student/ros2_ws/install/rtabmap_python:/opt/ros/humble /usr/bin/cmake /home/student/ros2_ws/src/rtabmap -DCMAKE_INSTALL_PREFIX=/home/student/ros2_ws/install/rtabmap
[5.335s] Invoking command in '/home/student/ros2_ws/build/rtabmap': CMAKE_PREFIX_PATH=${CMAKE_PREFIX_PATH}:/home/student/ros2_ws/install/turtlebot3_teleop:/home/student/ros2_ws/install/turtlebot3_example:/home/student/ros2_ws/install/rtabmap_python:/opt/ros/humble /usr/bin/cmake --build /home/student/ros2_ws/build/rtabmap -- -j8 -l8
[5.440s] [35m[1mConsolidate compiler generated dependencies of target rtabmap_utilite[0m
[5.505s] [  5%] Built target rtabmap_utilite
[5.530s] [35m[1mConsolidate compiler generated dependencies of target res_tool[0m
[5.557s] [  6%] Built target res_tool
[6.140s] [35m[1mConsolidate compiler generated dependencies of target rtabmap_core[0m
[6.863s] [ 57%] Built target rtabmap_core
[6.903s] [35m[1mConsolidate compiler generated dependencies of target consoleApp[0m
[6.903s] [35m[1mConsolidate compiler generated dependencies of target imagesJoiner[0m
[6.913s] [35m[1mConsolidate compiler generated dependencies of target camera[0m
[6.928s] [35m[1mConsolidate compiler generated dependencies of target kitti_dataset[0m
[6.931s] [35m[1mConsolidate compiler generated dependencies of target extractObject[0m
[6.936s] [35m[1mConsolidate compiler generated dependencies of target rgbd_dataset[0m
[6.937s] [35m[1mConsolidate compiler generated dependencies of target stereoEval[0m
[6.945s] [ 57%] [34m[1mAutomatic MOC and UIC for target rtabmap_gui[0m
[6.947s] [ 57%] Built target consoleApp
[6.966s] [ 58%] Built target imagesJoiner
[6.973s] [ 59%] Built target camera
[6.982s] [35m[1mConsolidate compiler generated dependencies of target euroc_dataset[0m
[6.995s] [ 60%] Built target kitti_dataset
[7.009s] [ 61%] Built target stereoEval
[7.023s] [35m[1mConsolidate compiler generated dependencies of target recovery[0m
[7.038s] [35m[1mConsolidate compiler generated dependencies of target reprocess[0m
[7.038s] [ 62%] Built target rgbd_dataset
[7.041s] [ 62%] Built target euroc_dataset
[7.042s] [35m[1mConsolidate compiler generated dependencies of target detectMoreLoopClosures[0m
[7.049s] [ 63%] Built target extractObject
[7.073s] [35m[1mConsolidate compiler generated dependencies of target export[0m
[7.081s] [ 64%] Built target recovery
[7.085s] [35m[1mConsolidate compiler generated dependencies of target globalBundleAdjustment[0m
[7.087s] [35m[1mConsolidate compiler generated dependencies of target info[0m
[7.088s] [ 64%] Built target rtabmap_gui_autogen
[7.108s] [35m[1mConsolidate compiler generated dependencies of target cleanupLocalGrids[0m
[7.124s] [ 65%] Built target detectMoreLoopClosures
[7.142s] [35m[1mConsolidate compiler generated dependencies of target lidar_viewer[0m
[7.142s] [ 65%] Built target info
[7.164s] [ 66%] Built target reprocess
[7.165s] [ 67%] Built target globalBundleAdjustment
[7.166s] [ 68%] Built target cleanupLocalGrids
[7.171s] [ 69%] Built target export
[7.211s] [ 70%] Built target lidar_viewer
[7.345s] [35m[1mConsolidate compiler generated dependencies of target rtabmap_gui[0m
[7.620s] [ 86%] Built target rtabmap_gui
[7.648s] [35m[1mConsolidate compiler generated dependencies of target rtabmap_app[0m
[7.654s] [35m[1mConsolidate compiler generated dependencies of target report[0m
[7.658s] [35m[1mConsolidate compiler generated dependencies of target rgbd_camera[0m
[7.660s] [35m[1mConsolidate compiler generated dependencies of target databaseViewer[0m
[7.677s] [35m[1mConsolidate compiler generated dependencies of target dataRecorder[0m
[7.681s] [35m[1mConsolidate compiler generated dependencies of target odometryViewer[0m
[7.681s] [35m[1mConsolidate compiler generated dependencies of target epipolar_geometry[0m
[7.730s] [ 87%] Built target rtabmap_app
[7.730s] [35m[1mConsolidate compiler generated dependencies of target calibration[0m
[7.730s] [ 87%] Built target report
[7.738s] [ 88%] Built target databaseViewer
[7.746s] [ 89%] Built target epipolar_geometry
[7.746s] [35m[1mConsolidate compiler generated dependencies of target bow_mapping[0m
[7.753s] [ 90%] Built target rgbd_camera
[7.753s] [35m[1mConsolidate compiler generated dependencies of target matcher[0m
[7.764s] [ 91%] Built target dataRecorder
[7.789s] [ 92%] Built target odometryViewer
[7.808s] [ 93%] Built target calibration
[7.809s] [ 93%] Built target bow_mapping
[7.833s] [ 94%] [34m[1mAutomatic MOC and UIC for target lidar_mapping[0m
[7.839s] [ 95%] [34m[1mAutomatic MOC and UIC for target wifi_mapping[0m
[7.840s] [ 95%] [34m[1mAutomatic MOC and UIC for target rgbd_mapping[0m
[7.840s] [ 95%] [34m[1mAutomatic MOC and UIC for target noEventsExample[0m
[7.862s] [ 95%] Built target matcher
[7.876s] [ 95%] Built target lidar_mapping_autogen
[7.889s] [ 95%] Built target noEventsExample_autogen
[7.889s] [ 95%] Built target rgbd_mapping_autogen
[7.901s] [ 95%] Built target wifi_mapping_autogen
[7.937s] [35m[1mConsolidate compiler generated dependencies of target lidar_mapping[0m
[7.940s] [35m[1mConsolidate compiler generated dependencies of target wifi_mapping[0m
[7.958s] [35m[1mConsolidate compiler generated dependencies of target noEventsExample[0m
[7.958s] [35m[1mConsolidate compiler generated dependencies of target rgbd_mapping[0m
[8.022s] [ 96%] Built target wifi_mapping
[8.037s] [ 97%] Built target rgbd_mapping
[8.041s] [ 99%] Built target noEventsExample
[8.042s] [100%] Built target lidar_mapping
[8.072s] Invoked command in '/home/student/ros2_ws/build/rtabmap' returned '0': CMAKE_PREFIX_PATH=${CMAKE_PREFIX_PATH}:/home/student/ros2_ws/install/turtlebot3_teleop:/home/student/ros2_ws/install/turtlebot3_example:/home/student/ros2_ws/install/rtabmap_python:/opt/ros/humble /usr/bin/cmake --build /home/student/ros2_ws/build/rtabmap -- -j8 -l8
[8.228s] Invoking command in '/home/student/ros2_ws/build/rtabmap': CMAKE_PREFIX_PATH=${CMAKE_PREFIX_PATH}:/home/student/ros2_ws/install/turtlebot3_teleop:/home/student/ros2_ws/install/turtlebot3_example:/home/student/ros2_ws/install/rtabmap_python:/opt/ros/humble /usr/bin/cmake --install /home/student/ros2_ws/build/rtabmap
[8.404s] -- Install configuration: "Release"
[8.404s] -- Up-to-date: /home/student/ros2_ws/install/rtabmap/lib/librtabmap_utilite.so.0.21.6
[8.404s] -- Up-to-date: /home/student/ros2_ws/install/rtabmap/lib/librtabmap_utilite.so.0.21
[8.405s] -- Up-to-date: /home/student/ros2_ws/install/rtabmap/lib/librtabmap_utilite.so
[8.405s] -- Up-to-date: /home/student/ros2_ws/install/rtabmap/include/rtabmap-0.21/rtabmap
[8.405s] -- Up-to-date: /home/student/ros2_ws/install/rtabmap/include/rtabmap-0.21/rtabmap/utilite
[8.405s] -- Up-to-date: /home/student/ros2_ws/install/rtabmap/include/rtabmap-0.21/rtabmap/utilite/UObjDeletionThread.h
[8.405s] -- Up-to-date: /home/student/ros2_ws/install/rtabmap/include/rtabmap-0.21/rtabmap/utilite/UFile.h
[8.405s] -- Up-to-date: /home/student/ros2_ws/install/rtabmap/include/rtabmap-0.21/rtabmap/utilite/Win32
[8.405s] -- Up-to-date: /home/student/ros2_ws/install/rtabmap/include/rtabmap-0.21/rtabmap/utilite/Win32/UWin32.h
[8.405s] -- Up-to-date: /home/student/ros2_ws/install/rtabmap/include/rtabmap-0.21/rtabmap/utilite/Win32/UThreadC.h
[8.406s] -- Up-to-date: /home/student/ros2_ws/install/rtabmap/include/rtabmap-0.21/rtabmap/utilite/Posix
[8.406s] -- Up-to-date: /home/student/ros2_ws/install/rtabmap/include/rtabmap-0.21/rtabmap/utilite/Posix/UThreadC.h
[8.406s] -- Up-to-date: /home/student/ros2_ws/install/rtabmap/include/rtabmap-0.21/rtabmap/utilite/USemaphore.h
[8.406s] -- Up-to-date: /home/student/ros2_ws/install/rtabmap/include/rtabmap-0.21/rtabmap/utilite/UConversion.h
[8.406s] -- Up-to-date: /home/student/ros2_ws/install/rtabmap/include/rtabmap-0.21/rtabmap/utilite/UMutex.h
[8.408s] -- Up-to-date: /home/student/ros2_ws/install/rtabmap/include/rtabmap-0.21/rtabmap/utilite/UtiLite.h
[8.408s] -- Up-to-date: /home/student/ros2_ws/install/rtabmap/include/rtabmap-0.21/rtabmap/utilite/UThreadC.h
[8.408s] -- Up-to-date: /home/student/ros2_ws/install/rtabmap/include/rtabmap-0.21/rtabmap/utilite/UEventsHandler.h
[8.408s] -- Up-to-date: /home/student/ros2_ws/install/rtabmap/include/rtabmap-0.21/rtabmap/utilite/UVariant.h
[8.408s] -- Up-to-date: /home/student/ros2_ws/install/rtabmap/include/rtabmap-0.21/rtabmap/utilite/UThread.h
[8.408s] -- Up-to-date: /home/student/ros2_ws/install/rtabmap/include/rtabmap-0.21/rtabmap/utilite/UDestroyer.h
[8.408s] -- Up-to-date: /home/student/ros2_ws/install/rtabmap/include/rtabmap-0.21/rtabmap/utilite/UEventsSender.h
[8.408s] -- Up-to-date: /home/student/ros2_ws/install/rtabmap/include/rtabmap-0.21/rtabmap/utilite/UDirectory.h
[8.408s] -- Up-to-date: /home/student/ros2_ws/install/rtabmap/include/rtabmap-0.21/rtabmap/utilite/UTimer.h
[8.409s] -- Up-to-date: /home/student/ros2_ws/install/rtabmap/include/rtabmap-0.21/rtabmap/utilite/UStl.h
[8.409s] -- Up-to-date: /home/student/ros2_ws/install/rtabmap/include/rtabmap-0.21/rtabmap/utilite/UThreadNode.h
[8.409s] -- Up-to-date: /home/student/ros2_ws/install/rtabmap/include/rtabmap-0.21/rtabmap/utilite/ULogger.h
[8.409s] -- Up-to-date: /home/student/ros2_ws/install/rtabmap/include/rtabmap-0.21/rtabmap/utilite/UEventsManager.h
[8.409s] -- Up-to-date: /home/student/ros2_ws/install/rtabmap/include/rtabmap-0.21/rtabmap/utilite/UException.h
[8.411s] -- Up-to-date: /home/student/ros2_ws/install/rtabmap/include/rtabmap-0.21/rtabmap/utilite/UEvent.h
[8.411s] -- Up-to-date: /home/student/ros2_ws/install/rtabmap/include/rtabmap-0.21/rtabmap/utilite/UMath.h
[8.411s] -- Up-to-date: /home/student/ros2_ws/install/rtabmap/include/rtabmap-0.21/rtabmap/utilite/UProcessInfo.h
[8.412s] -- Up-to-date: /home/student/ros2_ws/install/rtabmap/include/rtabmap-0.21/rtabmap
[8.412s] -- Up-to-date: /home/student/ros2_ws/install/rtabmap/include/rtabmap-0.21/rtabmap/utilite
[8.413s] -- Up-to-date: /home/student/ros2_ws/install/rtabmap/include/rtabmap-0.21/rtabmap/utilite/utilite_export.h
[8.413s] -- Up-to-date: /home/student/ros2_ws/install/rtabmap/lib/rtabmap-0.21/RTABMap_utiliteTargets.cmake
[8.413s] -- Up-to-date: /home/student/ros2_ws/install/rtabmap/lib/rtabmap-0.21/RTABMap_utiliteTargets-release.cmake
[8.413s] -- Up-to-date: /home/student/ros2_ws/install/rtabmap/bin/rtabmap-res_tool-0.3.0
[8.413s] -- Up-to-date: /home/student/ros2_ws/install/rtabmap/bin/rtabmap-res_tool
[8.413s] -- Up-to-date: /home/student/ros2_ws/install/rtabmap/lib/librtabmap_core.so.0.21.6
[8.413s] -- Up-to-date: /home/student/ros2_ws/install/rtabmap/lib/librtabmap_core.so.0.21
[8.414s] -- Up-to-date: /home/student/ros2_ws/install/rtabmap/lib/librtabmap_core.so
[8.414s] -- Up-to-date: /home/student/ros2_ws/install/rtabmap/include/rtabmap-0.21/rtabmap
[8.414s] -- Up-to-date: /home/student/ros2_ws/install/rtabmap/include/rtabmap-0.21/rtabmap/core
[8.414s] -- Up-to-date: /home/student/ros2_ws/install/rtabmap/include/rtabmap-0.21/rtabmap/core/Compression.h
[8.414s] -- Up-to-date: /home/student/ros2_ws/install/rtabmap/include/rtabmap-0.21/rtabmap/core/LocalGridMaker.h
[8.414s] -- Up-to-date: /home/student/ros2_ws/install/rtabmap/include/rtabmap-0.21/rtabmap/core/util3d_surface.h
[8.414s] -- Up-to-date: /home/student/ros2_ws/install/rtabmap/include/rtabmap-0.21/rtabmap/core/LocalGrid.h
[8.414s] -- Up-to-date: /home/student/ros2_ws/install/rtabmap/include/rtabmap-0.21/rtabmap/core/RtabmapThread.h
[8.417s] -- Up-to-date: /home/student/ros2_ws/install/rtabmap/include/rtabmap-0.21/rtabmap/core/MarkerDetector.h
[8.418s] -- Up-to-date: /home/student/ros2_ws/install/rtabmap/include/rtabmap-0.21/rtabmap/core/Lidar.h
[8.418s] -- Up-to-date: /home/student/ros2_ws/install/rtabmap/include/rtabmap-0.21/rtabmap/core/LaserScan.h
[8.418s] -- Up-to-date: /home/student/ros2_ws/install/rtabmap/include/rtabmap-0.21/rtabmap/core/CameraInfo.h
[8.418s] -- Up-to-date: /home/student/ros2_ws/install/rtabmap/include/rtabmap-0.21/rtabmap/core/FlannIndex.h
[8.418s] -- Up-to-date: /home/student/ros2_ws/install/rtabmap/include/rtabmap-0.21/rtabmap/core/Memory.h
[8.418s] -- Up-to-date: /home/student/ros2_ws/install/rtabmap/include/rtabmap-0.21/rtabmap/core/SensorCapture.h
[8.419s] -- Up-to-date: /home/student/ros2_ws/install/rtabmap/include/rtabmap-0.21/rtabmap/core/util3d.h
[8.419s] -- Up-to-date: /home/student/ros2_ws/install/rtabmap/include/rtabmap-0.21/rtabmap/core/CameraThread.h
[8.419s] -- Up-to-date: /home/student/ros2_ws/install/rtabmap/include/rtabmap-0.21/rtabmap/core/StereoDense.h
[8.419s] -- Up-to-date: /home/student/ros2_ws/install/rtabmap/include/rtabmap-0.21/rtabmap/core/util3d_filtering.h
[8.419s] -- Up-to-date: /home/student/ros2_ws/install/rtabmap/include/rtabmap-0.21/rtabmap/core/ProgressState.h
[8.419s] -- Up-to-date: /home/student/ros2_ws/install/rtabmap/include/rtabmap-0.21/rtabmap/core/GlobalDescriptor.h
[8.419s] -- Up-to-date: /home/student/ros2_ws/install/rtabmap/include/rtabmap-0.21/rtabmap/core/SensorCaptureInfo.h
[8.420s] -- Up-to-date: /home/student/ros2_ws/install/rtabmap/include/rtabmap-0.21/rtabmap/core/EnvSensor.h
[8.420s] -- Up-to-date: /home/student/ros2_ws/install/rtabmap/include/rtabmap-0.21/rtabmap/core/PythonInterface.h
[8.420s] -- Up-to-date: /home/student/ros2_ws/install/rtabmap/include/rtabmap-0.21/rtabmap/core/Stereo.h
[8.420s] -- Up-to-date: /home/student/ros2_ws/install/rtabmap/include/rtabmap-0.21/rtabmap/core/CameraRGB.h
[8.420s] -- Up-to-date: /home/student/ros2_ws/install/rtabmap/include/rtabmap-0.21/rtabmap/core/Features2d.h
[8.421s] -- Up-to-date: /home/student/ros2_ws/install/rtabmap/include/rtabmap-0.21/rtabmap/core/ParamEvent.h
[8.421s] -- Up-to-date: /home/student/ros2_ws/install/rtabmap/include/rtabmap-0.21/rtabmap/core/Camera.h
[8.422s] -- Up-to-date: /home/student/ros2_ws/install/rtabmap/include/rtabmap-0.21/rtabmap/core/GPS.h
[8.422s] -- Up-to-date: /home/student/ros2_ws/install/rtabmap/include/rtabmap-0.21/rtabmap/core/PDALWriter.h
[8.423s] -- Up-to-date: /home/student/ros2_ws/install/rtabmap/include/rtabmap-0.21/rtabmap/core/util3d_features.h
[8.423s] -- Up-to-date: /home/student/ros2_ws/install/rtabmap/include/rtabmap-0.21/rtabmap/core/CameraRGBD.h
[8.423s] -- Up-to-date: /home/student/ros2_ws/install/rtabmap/include/rtabmap-0.21/rtabmap/core/Transform.h
[8.423s] -- Up-to-date: /home/student/ros2_ws/install/rtabmap/include/rtabmap-0.21/rtabmap/core/camera
[8.425s] -- Up-to-date: /home/student/ros2_ws/install/rtabmap/include/rtabmap-0.21/rtabmap/core/camera/CameraStereoImages.h
[8.426s] -- Up-to-date: /home/student/ros2_ws/install/rtabmap/include/rtabmap-0.21/rtabmap/core/camera/CameraVideo.h
[8.426s] -- Up-to-date: /home/student/ros2_ws/install/rtabmap/include/rtabmap-0.21/rtabmap/core/camera/CameraK4W2.h
[8.426s] -- Up-to-date: /home/student/ros2_ws/install/rtabmap/include/rtabmap-0.21/rtabmap/core/camera/CameraOpenNICV.h
[8.426s] -- Up-to-date: /home/student/ros2_ws/install/rtabmap/include/rtabmap-0.21/rtabmap/core/camera/CameraImages.h
[8.426s] -- Up-to-date: /home/student/ros2_ws/install/rtabmap/include/rtabmap-0.21/rtabmap/core/camera/CameraSeerSense.h
[8.427s] -- Up-to-date: /home/student/ros2_ws/install/rtabmap/include/rtabmap-0.21/rtabmap/core/camera/CameraRGBDImages.h
[8.427s] -- Up-to-date: /home/student/ros2_ws/install/rtabmap/include/rtabmap-0.21/rtabmap/core/camera/CameraStereoZedOC.h
[8.427s] -- Up-to-date: /home/student/ros2_ws/install/rtabmap/include/rtabmap-0.21/rtabmap/core/camera/CameraRealSense2.h
[8.427s] -- Up-to-date: /home/student/ros2_ws/install/rtabmap/include/rtabmap-0.21/rtabmap/core/camera/CameraFreenect2.h
[8.427s] -- Up-to-date: /home/student/ros2_ws/install/rtabmap/include/rtabmap-0.21/rtabmap/core/camera/CameraDepthAI.h
[8.427s] -- Up-to-date: /home/student/ros2_ws/install/rtabmap/include/rtabmap-0.21/rtabmap/core/camera/CameraStereoDC1394.h
[8.428s] -- Up-to-date: /home/student/ros2_ws/install/rtabmap/include/rtabmap-0.21/rtabmap/core/camera/CameraMyntEye.h
[8.428s] -- Up-to-date: /home/student/ros2_ws/install/rtabmap/include/rtabmap-0.21/rtabmap/core/camera/CameraStereoZed.h
[8.429s] -- Up-to-date: /home/student/ros2_ws/install/rtabmap/include/rtabmap-0.21/rtabmap/core/camera/CameraRealSense.h
[8.429s] -- Up-to-date: /home/student/ros2_ws/install/rtabmap/include/rtabmap-0.21/rtabmap/core/camera/CameraOpenni.h
[8.429s] -- Up-to-date: /home/student/ros2_ws/install/rtabmap/include/rtabmap-0.21/rtabmap/core/camera/CameraK4A.h
[8.429s] -- Up-to-date: /home/student/ros2_ws/install/rtabmap/include/rtabmap-0.21/rtabmap/core/camera/CameraOpenNI2.h
[8.429s] -- Up-to-date: /home/student/ros2_ws/install/rtabmap/include/rtabmap-0.21/rtabmap/core/camera/CameraFreenect.h
[8.429s] -- Up-to-date: /home/student/ros2_ws/install/rtabmap/include/rtabmap-0.21/rtabmap/core/camera/CameraStereoVideo.h
[8.429s] -- Up-to-date: /home/student/ros2_ws/install/rtabmap/include/rtabmap-0.21/rtabmap/core/camera/CameraStereoFlyCapture2.h
[8.429s] -- Up-to-date: /home/student/ros2_ws/install/rtabmap/include/rtabmap-0.21/rtabmap/core/camera/CameraStereoTara.h
[8.430s] -- Up-to-date: /home/student/ros2_ws/install/rtabmap/include/rtabmap-0.21/rtabmap/core/VWDictionary.h
[8.430s] -- Up-to-date: /home/student/ros2_ws/install/rtabmap/include/rtabmap-0.21/rtabmap/core/SensorData.h
[8.430s] -- Up-to-date: /home/student/ros2_ws/install/rtabmap/include/rtabmap-0.21/rtabmap/core/Statistics.h
[8.430s] -- Up-to-date: /home/student/ros2_ws/install/rtabmap/include/rtabmap-0.21/rtabmap/core/Recovery.h
[8.430s] -- Up-to-date: /home/student/ros2_ws/install/rtabmap/include/rtabmap-0.21/rtabmap/core/IMU.h
[8.430s] -- Up-to-date: /home/student/ros2_ws/install/rtabmap/include/rtabmap-0.21/rtabmap/core/IMUThread.h
[8.431s] -- Up-to-date: /home/student/ros2_ws/install/rtabmap/include/rtabmap-0.21/rtabmap/core/OctoMap.h
[8.431s] -- Up-to-date: /home/student/ros2_ws/install/rtabmap/include/rtabmap-0.21/rtabmap/core/StereoCameraModel.h
[8.431s] -- Up-to-date: /home/student/ros2_ws/install/rtabmap/include/rtabmap-0.21/rtabmap/core/util3d_motion_estimation.h
[8.431s] -- Up-to-date: /home/student/ros2_ws/install/rtabmap/include/rtabmap-0.21/rtabmap/core/OdometryInfo.h
[8.431s] -- Up-to-date: /home/student/ros2_ws/install/rtabmap/include/rtabmap-0.21/rtabmap/core/Odometry.h
[8.431s] -- Up-to-date: /home/student/ros2_ws/install/rtabmap/include/rtabmap-0.21/rtabmap/core/RtabmapEvent.h
[8.431s] -- Up-to-date: /home/student/ros2_ws/install/rtabmap/include/rtabmap-0.21/rtabmap/core/optimizer
[8.431s] -- Up-to-date: /home/student/ros2_ws/install/rtabmap/include/rtabmap-0.21/rtabmap/core/optimizer/OptimizerTORO.h
[8.432s] -- Up-to-date: /home/student/ros2_ws/install/rtabmap/include/rtabmap-0.21/rtabmap/core/optimizer/OptimizerG2O.h
[8.432s] -- Up-to-date: /home/student/ros2_ws/install/rtabmap/include/rtabmap-0.21/rtabmap/core/optimizer/OptimizerCVSBA.h
[8.432s] -- Up-to-date: /home/student/ros2_ws/install/rtabmap/include/rtabmap-0.21/rtabmap/core/optimizer/OptimizerCeres.h
[8.432s] -- Up-to-date: /home/student/ros2_ws/install/rtabmap/include/rtabmap-0.21/rtabmap/core/optimizer/OptimizerGTSAM.h
[8.432s] -- Up-to-date: /home/student/ros2_ws/install/rtabmap/include/rtabmap-0.21/rtabmap/core/Parameters.h
[8.433s] -- Up-to-date: /home/student/ros2_ws/install/rtabmap/include/rtabmap-0.21/rtabmap/core/RegistrationVis.h
[8.433s] -- Up-to-date: /home/student/ros2_ws/install/rtabmap/include/rtabmap-0.21/rtabmap/core/DBDriver.h
[8.433s] -- Up-to-date: /home/student/ros2_ws/install/rtabmap/include/rtabmap-0.21/rtabmap/core/OdometryThread.h
[8.433s] -- Up-to-date: /home/student/ros2_ws/install/rtabmap/include/rtabmap-0.21/rtabmap/core/SensorEvent.h
[8.434s] -- Up-to-date: /home/student/ros2_ws/install/rtabmap/include/rtabmap-0.21/rtabmap/core/GeodeticCoords.h
[8.434s] -- Up-to-date: /home/student/ros2_ws/install/rtabmap/include/rtabmap-0.21/rtabmap/core/global_map
[8.438s] -- Up-to-date: /home/student/ros2_ws/install/rtabmap/include/rtabmap-0.21/rtabmap/core/global_map/CloudMap.h
[8.438s] -- Up-to-date: /home/student/ros2_ws/install/rtabmap/include/rtabmap-0.21/rtabmap/core/global_map/GridMap.h
[8.438s] -- Up-to-date: /home/student/ros2_ws/install/rtabmap/include/rtabmap-0.21/rtabmap/core/global_map/OctoMap.h
[8.438s] -- Up-to-date: /home/student/ros2_ws/install/rtabmap/include/rtabmap-0.21/rtabmap/core/global_map/OccupancyGrid.h
[8.439s] -- Up-to-date: /home/student/ros2_ws/install/rtabmap/include/rtabmap-0.21/rtabmap/core/util3d_correspondences.h
[8.439s] -- Up-to-date: /home/student/ros2_ws/install/rtabmap/include/rtabmap-0.21/rtabmap/core/VisualWord.h
[8.439s] -- Up-to-date: /home/student/ros2_ws/install/rtabmap/include/rtabmap-0.21/rtabmap/core/lidar
[8.439s] -- Up-to-date: /home/student/ros2_ws/install/rtabmap/include/rtabmap-0.21/rtabmap/core/lidar/LidarVLP16.h
[8.439s] -- Up-to-date: /home/student/ros2_ws/install/rtabmap/include/rtabmap-0.21/rtabmap/core/UserDataEvent.h
[8.439s] -- Up-to-date: /home/student/ros2_ws/install/rtabmap/include/rtabmap-0.21/rtabmap/core/DBDriverSqlite3.h
[8.439s] -- Up-to-date: /home/student/ros2_ws/install/rtabmap/include/rtabmap-0.21/rtabmap/core/RegistrationInfo.h
[8.439s] -- Up-to-date: /home/student/ros2_ws/install/rtabmap/include/rtabmap-0.21/rtabmap/core/BayesFilter.h
[8.440s] -- Up-to-date: /home/student/ros2_ws/install/rtabmap/include/rtabmap-0.21/rtabmap/core/stereo
[8.440s] -- Up-to-date: /home/student/ros2_ws/install/rtabmap/include/rtabmap-0.21/rtabmap/core/stereo/StereoBM.h
[8.440s] -- Up-to-date: /home/student/ros2_ws/install/rtabmap/include/rtabmap-0.21/rtabmap/core/stereo/StereoSGBM.h
[8.440s] -- Up-to-date: /home/student/ros2_ws/install/rtabmap/include/rtabmap-0.21/rtabmap/core/stereo/stereoRectifyFisheye.h
[8.440s] -- Up-to-date: /home/student/ros2_ws/install/rtabmap/include/rtabmap-0.21/rtabmap/core/SensorCaptureThread.h
[8.440s] -- Up-to-date: /home/student/ros2_ws/install/rtabmap/include/rtabmap-0.21/rtabmap/core/ParticleFilter.h
[8.440s] -- Up-to-date: /home/student/ros2_ws/install/rtabmap/include/rtabmap-0.21/rtabmap/core/Landmark.h
[8.440s] -- Up-to-date: /home/student/ros2_ws/install/rtabmap/include/rtabmap-0.21/rtabmap/core/OccupancyGrid.h
[8.441s] -- Up-to-date: /home/student/ros2_ws/install/rtabmap/include/rtabmap-0.21/rtabmap/core/GlobalDescriptorExtractor.h
[8.441s] -- Up-to-date: /home/student/ros2_ws/install/rtabmap/include/rtabmap-0.21/rtabmap/core/GlobalMap.h
[8.441s] -- Up-to-date: /home/student/ros2_ws/install/rtabmap/include/rtabmap-0.21/rtabmap/core/DBReader.h
[8.441s] -- Up-to-date: /home/student/ros2_ws/install/rtabmap/include/rtabmap-0.21/rtabmap/core/CameraStereo.h
[8.441s] -- Up-to-date: /home/student/ros2_ws/install/rtabmap/include/rtabmap-0.21/rtabmap/core/util3d_registration.h
[8.441s] -- Up-to-date: /home/student/ros2_ws/install/rtabmap/include/rtabmap-0.21/rtabmap/core/Graph.h
[8.441s] -- Up-to-date: /home/student/ros2_ws/install/rtabmap/include/rtabmap-0.21/rtabmap/core/util2d.h
[8.441s] -- Up-to-date: /home/student/ros2_ws/install/rtabmap/include/rtabmap-0.21/rtabmap/core/OdometryEvent.h
[8.442s] -- Up-to-date: /home/student/ros2_ws/install/rtabmap/include/rtabmap-0.21/rtabmap/core/GainCompensator.h
[8.442s] -- Up-to-date: /home/student/ros2_ws/install/rtabmap/include/rtabmap-0.21/rtabmap/core/util3d_mapping.h
[8.442s] -- Up-to-date: /home/student/ros2_ws/install/rtabmap/include/rtabmap-0.21/rtabmap/core/CameraEvent.h
[8.443s] -- Up-to-date: /home/student/ros2_ws/install/rtabmap/include/rtabmap-0.21/rtabmap/core/Registration.h
[8.443s] -- Up-to-date: /home/student/ros2_ws/install/rtabmap/include/rtabmap-0.21/rtabmap/core/Rtabmap.h
[8.443s] -- Up-to-date: /home/student/ros2_ws/install/rtabmap/include/rtabmap-0.21/rtabmap/core/EpipolarGeometry.h
[8.443s] -- Up-to-date: /home/student/ros2_ws/install/rtabmap/include/rtabmap-0.21/rtabmap/core/impl
[8.443s] -- Up-to-date: /home/student/ros2_ws/install/rtabmap/include/rtabmap-0.21/rtabmap/core/impl/LocalMapMaker.hpp
[8.443s] -- Up-to-date: /home/student/ros2_ws/install/rtabmap/include/rtabmap-0.21/rtabmap/core/impl/util3d_mapping.hpp
[8.443s] -- Up-to-date: /home/student/ros2_ws/install/rtabmap/include/rtabmap-0.21/rtabmap/core/impl/util3d_surface.hpp
[8.444s] -- Up-to-date: /home/student/ros2_ws/install/rtabmap/include/rtabmap-0.21/rtabmap/core/impl/util3d.hpp
[8.444s] -- Up-to-date: /home/student/ros2_ws/install/rtabmap/include/rtabmap-0.21/rtabmap/core/Image.h
[8.444s] -- Up-to-date: /home/student/ros2_ws/install/rtabmap/include/rtabmap-0.21/rtabmap/core/util3d_transforms.h
[8.444s] -- Up-to-date: /home/student/ros2_ws/install/rtabmap/include/rtabmap-0.21/rtabmap/core/CameraModel.h
[8.444s] -- Up-to-date: /home/student/ros2_ws/install/rtabmap/include/rtabmap-0.21/rtabmap/core/RegistrationIcp.h
[8.444s] -- Up-to-date: /home/student/ros2_ws/install/rtabmap/include/rtabmap-0.21/rtabmap/core/clams
[8.444s] -- Up-to-date: /home/student/ros2_ws/install/rtabmap/include/rtabmap-0.21/rtabmap/core/clams/frame_projector.h
[8.445s] -- Up-to-date: /home/student/ros2_ws/install/rtabmap/include/rtabmap-0.21/rtabmap/core/clams/slam_calibrator.h
[8.445s] -- Up-to-date: /home/student/ros2_ws/install/rtabmap/include/rtabmap-0.21/rtabmap/core/clams/discrete_depth_distortion_model.h
[8.445s] -- Up-to-date: /home/student/ros2_ws/install/rtabmap/include/rtabmap-0.21/rtabmap/core/IMUFilter.h
[8.445s] -- Up-to-date: /home/student/ros2_ws/install/rtabmap/include/rtabmap-0.21/rtabmap/core/Optimizer.h
[8.445s] -- Up-to-date: /home/student/ros2_ws/install/rtabmap/include/rtabmap-0.21/rtabmap/core/Signature.h
[8.445s] -- Up-to-date: /home/student/ros2_ws/install/rtabmap/include/rtabmap-0.21/rtabmap/core/Link.h
[8.445s] -- Up-to-date: /home/student/ros2_ws/install/rtabmap/include/rtabmap-0.21/rtabmap/core/odometry
[8.445s] -- Up-to-date: /home/student/ros2_ws/install/rtabmap/include/rtabmap-0.21/rtabmap/core/odometry/OdometryOkvis.h
[8.447s] -- Up-to-date: /home/student/ros2_ws/install/rtabmap/include/rtabmap-0.21/rtabmap/core/odometry/OdometryLOAM.h
[8.447s] -- Up-to-date: /home/student/ros2_ws/install/rtabmap/include/rtabmap-0.21/rtabmap/core/odometry/OdometryOpen3D.h
[8.447s] -- Up-to-date: /home/student/ros2_ws/install/rtabmap/include/rtabmap-0.21/rtabmap/core/odometry/OdometryMono.h
[8.447s] -- Up-to-date: /home/student/ros2_ws/install/rtabmap/include/rtabmap-0.21/rtabmap/core/odometry/OdometryOpenVINS.h
[8.447s] -- Up-to-date: /home/student/ros2_ws/install/rtabmap/include/rtabmap-0.21/rtabmap/core/odometry/OdometryMSCKF.h
[8.447s] -- Up-to-date: /home/student/ros2_ws/install/rtabmap/include/rtabmap-0.21/rtabmap/core/odometry/OdometryFovis.h
[8.447s] -- Up-to-date: /home/student/ros2_ws/install/rtabmap/include/rtabmap-0.21/rtabmap/core/odometry/OdometryViso2.h
[8.447s] -- Up-to-date: /home/student/ros2_ws/install/rtabmap/include/rtabmap-0.21/rtabmap/core/odometry/OdometryF2M.h
[8.447s] -- Up-to-date: /home/student/ros2_ws/install/rtabmap/include/rtabmap-0.21/rtabmap/core/odometry/OdometryORBSLAM3.h
[8.447s] -- Up-to-date: /home/student/ros2_ws/install/rtabmap/include/rtabmap-0.21/rtabmap/core/odometry/OdometryFLOAM.h
[8.448s] -- Up-to-date: /home/student/ros2_ws/install/rtabmap/include/rtabmap-0.21/rtabmap/core/odometry/OdometryDVO.h
[8.448s] -- Up-to-date: /home/student/ros2_ws/install/rtabmap/include/rtabmap-0.21/rtabmap/core/odometry/OdometryORBSLAM2.h
[8.448s] -- Up-to-date: /home/student/ros2_ws/install/rtabmap/include/rtabmap-0.21/rtabmap/core/odometry/OdometryF2F.h
[8.448s] -- Up-to-date: /home/student/ros2_ws/install/rtabmap/include/rtabmap-0.21/rtabmap/core/odometry/OdometryVINS.h
[8.448s] -- Up-to-date: /home/student/ros2_ws/install/rtabmap/include/rtabmap-0.21/rtabmap
[8.448s] -- Up-to-date: /home/student/ros2_ws/install/rtabmap/include/rtabmap-0.21/rtabmap/core
[8.448s] -- Up-to-date: /home/student/ros2_ws/install/rtabmap/include/rtabmap-0.21/rtabmap/core/Version.h
[8.448s] -- Up-to-date: /home/student/ros2_ws/install/rtabmap/include/rtabmap-0.21/rtabmap/core/rtabmap_core_export.h
[8.448s] -- Up-to-date: /home/student/ros2_ws/install/rtabmap/lib/rtabmap-0.21/RTABMap_coreTargets.cmake
[8.449s] -- Up-to-date: /home/student/ros2_ws/install/rtabmap/lib/rtabmap-0.21/RTABMap_coreTargets-release.cmake
[8.449s] -- Up-to-date: /home/student/ros2_ws/install/rtabmap/lib/librtabmap_gui.so.0.21.6
[8.449s] -- Up-to-date: /home/student/ros2_ws/install/rtabmap/lib/librtabmap_gui.so.0.21
[8.449s] -- Up-to-date: /home/student/ros2_ws/install/rtabmap/lib/librtabmap_gui.so
[8.449s] -- Up-to-date: /home/student/ros2_ws/install/rtabmap/include/rtabmap-0.21/rtabmap
[8.449s] -- Up-to-date: /home/student/ros2_ws/install/rtabmap/include/rtabmap-0.21/rtabmap/utilite
[8.449s] -- Up-to-date: /home/student/ros2_ws/install/rtabmap/include/rtabmap-0.21/rtabmap/utilite/UCv2Qt.h
[8.449s] -- Up-to-date: /home/student/ros2_ws/install/rtabmap/include/rtabmap-0.21/rtabmap/utilite/UImageView.h
[8.450s] -- Up-to-date: /home/student/ros2_ws/install/rtabmap/include/rtabmap-0.21/rtabmap/utilite/UPlot.h
[8.450s] -- Up-to-date: /home/student/ros2_ws/install/rtabmap/include/rtabmap-0.21/rtabmap/gui
[8.450s] -- Up-to-date: /home/student/ros2_ws/install/rtabmap/include/rtabmap-0.21/rtabmap/gui/ConsoleWidget.h
[8.450s] -- Up-to-date: /home/student/ros2_ws/install/rtabmap/include/rtabmap-0.21/rtabmap/gui/MultiSessionLocWidget.h
[8.450s] -- Up-to-date: /home/student/ros2_ws/install/rtabmap/include/rtabmap-0.21/rtabmap/gui/CameraViewer.h
[8.450s] -- Up-to-date: /home/student/ros2_ws/install/rtabmap/include/rtabmap-0.21/rtabmap/gui/ParametersToolBox.h
[8.451s] -- Up-to-date: /home/student/ros2_ws/install/rtabmap/include/rtabmap-0.21/rtabmap/gui/StatsToolBox.h
[8.451s] -- Up-to-date: /home/student/ros2_ws/install/rtabmap/include/rtabmap-0.21/rtabmap/gui/TexturingState.h
[8.451s] -- Up-to-date: /home/student/ros2_ws/install/rtabmap/include/rtabmap-0.21/rtabmap/gui/MapVisibilityWidget.h
[8.451s] -- Up-to-date: /home/student/ros2_ws/install/rtabmap/include/rtabmap-0.21/rtabmap/gui/MainWindow.h
[8.451s] -- Up-to-date: /home/student/ros2_ws/install/rtabmap/include/rtabmap-0.21/rtabmap/gui/PostProcessingDialog.h
[8.451s] -- Up-to-date: /home/student/ros2_ws/install/rtabmap/include/rtabmap-0.21/rtabmap/gui/ImageView.h
[8.452s] -- Up-to-date: /home/student/ros2_ws/install/rtabmap/include/rtabmap-0.21/rtabmap/gui/ExportCloudsDialog.h
[8.452s] -- Up-to-date: /home/student/ros2_ws/install/rtabmap/include/rtabmap-0.21/rtabmap/gui/CloudViewerInteractorStyle.h
[8.452s] -- Up-to-date: /home/student/ros2_ws/install/rtabmap/include/rtabmap-0.21/rtabmap/gui/CloudViewer.h
[8.452s] -- Up-to-date: /home/student/ros2_ws/install/rtabmap/include/rtabmap-0.21/rtabmap/gui/CloudViewerCellPicker.h
[8.452s] -- Up-to-date: /home/student/ros2_ws/install/rtabmap/include/rtabmap-0.21/rtabmap/gui/LoopClosureViewer.h
[8.452s] -- Up-to-date: /home/student/ros2_ws/install/rtabmap/include/rtabmap-0.21/rtabmap/gui/CreateSimpleCalibrationDialog.h
[8.452s] -- Up-to-date: /home/student/ros2_ws/install/rtabmap/include/rtabmap-0.21/rtabmap/gui/EditMapArea.h
[8.453s] -- Up-to-date: /home/student/ros2_ws/install/rtabmap/include/rtabmap-0.21/rtabmap/gui/AboutDialog.h
[8.453s] -- Up-to-date: /home/student/ros2_ws/install/rtabmap/include/rtabmap-0.21/rtabmap/gui/OdometryViewer.h
[8.453s] -- Up-to-date: /home/student/ros2_ws/install/rtabmap/include/rtabmap-0.21/rtabmap/gui/PreferencesDialog.h
[8.453s] -- Up-to-date: /home/student/ros2_ws/install/rtabmap/include/rtabmap-0.21/rtabmap/gui/DataRecorder.h
[8.453s] -- Up-to-date: /home/student/ros2_ws/install/rtabmap/include/rtabmap-0.21/rtabmap/gui/ExportBundlerDialog.h
[8.454s] -- Up-to-date: /home/student/ros2_ws/install/rtabmap/include/rtabmap-0.21/rtabmap/gui/DepthCalibrationDialog.h
[8.454s] -- Up-to-date: /home/student/ros2_ws/install/rtabmap/include/rtabmap-0.21/rtabmap/gui/EditDepthArea.h
[8.454s] -- Up-to-date: /home/student/ros2_ws/install/rtabmap/include/rtabmap-0.21/rtabmap/gui/CalibrationDialog.h
[8.454s] -- Up-to-date: /home/student/ros2_ws/install/rtabmap/include/rtabmap-0.21/rtabmap/gui/GraphViewer.h
[8.454s] -- Up-to-date: /home/student/ros2_ws/install/rtabmap/include/rtabmap-0.21/rtabmap/gui/KeypointItem.h
[8.455s] -- Up-to-date: /home/student/ros2_ws/install/rtabmap/include/rtabmap-0.21/rtabmap/gui/LinkRefiningDialog.h
[8.455s] -- Up-to-date: /home/student/ros2_ws/install/rtabmap/include/rtabmap-0.21/rtabmap/gui/EditConstraintDialog.h
[8.455s] -- Up-to-date: /home/student/ros2_ws/install/rtabmap/include/rtabmap-0.21/rtabmap/gui/RecoveryState.h
[8.455s] -- Up-to-date: /home/student/ros2_ws/install/rtabmap/include/rtabmap-0.21/rtabmap/gui/DatabaseViewer.h
[8.455s] -- Up-to-date: /home/student/ros2_ws/install/rtabmap/include/rtabmap-0.21/rtabmap/gui/MultiSessionLocSubView.h
[8.455s] -- Up-to-date: /home/student/ros2_ws/install/rtabmap/include/rtabmap-0.21/rtabmap/gui/ProgressDialog.h
[8.455s] -- Up-to-date: /home/student/ros2_ws/install/rtabmap/include/rtabmap-0.21/rtabmap/gui/ExportDialog.h
[8.456s] -- Up-to-date: /home/student/ros2_ws/install/rtabmap/include/rtabmap-0.21/rtabmap/gui/PdfPlot.h
[8.456s] -- Up-to-date: /home/student/ros2_ws/install/rtabmap/include/rtabmap-0.21/rtabmap
[8.456s] -- Up-to-date: /home/student/ros2_ws/install/rtabmap/include/rtabmap-0.21/rtabmap/gui
[8.456s] -- Up-to-date: /home/student/ros2_ws/install/rtabmap/include/rtabmap-0.21/rtabmap/gui/rtabmap_gui_export.h
[8.456s] -- Up-to-date: /home/student/ros2_ws/install/rtabmap/lib/rtabmap-0.21/RTABMap_guiTargets.cmake
[8.456s] -- Up-to-date: /home/student/ros2_ws/install/rtabmap/lib/rtabmap-0.21/RTABMap_guiTargets-release.cmake
[8.457s] -- Up-to-date: /home/student/ros2_ws/install/rtabmap/bin/rtabmap
[8.457s] -- Up-to-date: /home/student/ros2_ws/install/rtabmap/bin/rtabmap-console
[8.457s] -- Up-to-date: /home/student/ros2_ws/install/rtabmap/bin/rtabmap-extractObject
[8.457s] -- Up-to-date: /home/student/ros2_ws/install/rtabmap/bin/rtabmap-camera
[8.457s] -- Up-to-date: /home/student/ros2_ws/install/rtabmap/bin/rtabmap-kitti_dataset
[8.457s] -- Up-to-date: /home/student/ros2_ws/install/rtabmap/bin/rtabmap-rgbd_dataset
[8.458s] -- Up-to-date: /home/student/ros2_ws/install/rtabmap/bin/rtabmap-euroc_dataset
[8.458s] -- Up-to-date: /home/student/ros2_ws/install/rtabmap/bin/rtabmap-recovery
[8.458s] -- Up-to-date: /home/student/ros2_ws/install/rtabmap/bin/rtabmap-reprocess
[8.458s] -- Up-to-date: /home/student/ros2_ws/install/rtabmap/bin/rtabmap-detectMoreLoopClosures
[8.458s] -- Up-to-date: /home/student/ros2_ws/install/rtabmap/bin/rtabmap-export
[8.458s] -- Up-to-date: /home/student/ros2_ws/install/rtabmap/bin/rtabmap-report
[8.458s] -- Up-to-date: /home/student/ros2_ws/install/rtabmap/bin/rtabmap-info
[8.459s] -- Up-to-date: /home/student/ros2_ws/install/rtabmap/bin/rtabmap-cleanupLocalGrids
[8.459s] -- Up-to-date: /home/student/ros2_ws/install/rtabmap/bin/rtabmap-globalBundleAdjustment
[8.459s] -- Up-to-date: /home/student/ros2_ws/install/rtabmap/bin/rtabmap-rgbd_camera
[8.459s] -- Up-to-date: /home/student/ros2_ws/install/rtabmap/bin/rtabmap-lidar_viewer
[8.459s] -- Up-to-date: /home/student/ros2_ws/install/rtabmap/bin/rtabmap-databaseViewer
[8.459s] -- Up-to-date: /home/student/ros2_ws/install/rtabmap/bin/rtabmap-odometryViewer
[8.460s] -- Up-to-date: /home/student/ros2_ws/install/rtabmap/bin/rtabmap-dataRecorder
[8.460s] -- Up-to-date: /home/student/ros2_ws/install/rtabmap/bin/rtabmap-calibration
[8.460s] -- Up-to-date: /home/student/ros2_ws/install/rtabmap/lib/rtabmap-0.21/RTABMapTargets.cmake
[8.460s] -- Up-to-date: /home/student/ros2_ws/install/rtabmap/lib/rtabmap-0.21/RTABMapConfig.cmake
[8.460s] -- Up-to-date: /home/student/ros2_ws/install/rtabmap/lib/rtabmap-0.21/RTABMapConfigVersion.cmake
[8.460s] -- Up-to-date: /home/student/ros2_ws/install/rtabmap/share/rtabmap/package.xml
[8.461s] Invoked command in '/home/student/ros2_ws/build/rtabmap' returned '0': CMAKE_PREFIX_PATH=${CMAKE_PREFIX_PATH}:/home/student/ros2_ws/install/turtlebot3_teleop:/home/student/ros2_ws/install/turtlebot3_example:/home/student/ros2_ws/install/rtabmap_python:/opt/ros/humble /usr/bin/cmake --install /home/student/ros2_ws/build/rtabmap
