[0.045s] Invoking command in '/home/student/ros2_ws/build/turtlebot3_state_estimation': CMAKE_PREFIX_PATH=${CMAKE_PREFIX_PATH}:/home/student/ros2_ws/install/turtlebot3_teleop:/home/student/ros2_ws/install/turtlebot3_example:/opt/ros/humble /usr/bin/cmake --build /home/student/ros2_ws/build/turtlebot3_state_estimation
[0.159s] [100%] Built target dead_reckoning
[0.217s] Invoked command in '/home/student/ros2_ws/build/turtlebot3_state_estimation' returned '0': CMAKE_PREFIX_PATH=${CMAKE_PREFIX_PATH}:/home/student/ros2_ws/install/turtlebot3_teleop:/home/student/ros2_ws/install/turtlebot3_example:/opt/ros/humble /usr/bin/cmake --build /home/student/ros2_ws/build/turtlebot3_state_estimation
[0.290s] Invoking command in '/home/student/ros2_ws/build/turtlebot3_state_estimation': CMAKE_PREFIX_PATH=${CMAKE_PREFIX_PATH}:/home/student/ros2_ws/install/turtlebot3_teleop:/home/student/ros2_ws/install/turtlebot3_example:/opt/ros/humble /usr/bin/cmake --install /home/student/ros2_ws/build/turtlebot3_state_estimation
[0.306s] -- Install configuration: "Release"
[0.307s] -- Execute custom install script
[0.310s] -- Up-to-date symlink: /home/student/ros2_ws/install/turtlebot3_state_estimation/lib/turtlebot3_state_estimation/dead_reckoning
[0.311s] -- Up-to-date symlink: /home/student/ros2_ws/install/turtlebot3_state_estimation/share/ament_index/resource_index/package_run_dependencies/turtlebot3_state_estimation
[0.311s] -- Up-to-date symlink: /home/student/ros2_ws/install/turtlebot3_state_estimation/share/ament_index/resource_index/parent_prefix_path/turtlebot3_state_estimation
[0.316s] -- Up-to-date symlink: /home/student/ros2_ws/install/turtlebot3_state_estimation/share/turtlebot3_state_estimation/environment/ament_prefix_path.sh
[0.316s] -- Up-to-date symlink: /home/student/ros2_ws/install/turtlebot3_state_estimation/share/turtlebot3_state_estimation/environment/ament_prefix_path.dsv
[0.316s] -- Up-to-date symlink: /home/student/ros2_ws/install/turtlebot3_state_estimation/share/turtlebot3_state_estimation/environment/path.sh
[0.317s] -- Up-to-date symlink: /home/student/ros2_ws/install/turtlebot3_state_estimation/share/turtlebot3_state_estimation/environment/path.dsv
[0.317s] -- Up-to-date symlink: /home/student/ros2_ws/install/turtlebot3_state_estimation/share/turtlebot3_state_estimation/local_setup.bash
[0.319s] -- Up-to-date symlink: /home/student/ros2_ws/install/turtlebot3_state_estimation/share/turtlebot3_state_estimation/local_setup.sh
[0.319s] -- Up-to-date symlink: /home/student/ros2_ws/install/turtlebot3_state_estimation/share/turtlebot3_state_estimation/local_setup.zsh
[0.319s] -- Up-to-date symlink: /home/student/ros2_ws/install/turtlebot3_state_estimation/share/turtlebot3_state_estimation/local_setup.dsv
[0.319s] -- Symlinking: /home/student/ros2_ws/install/turtlebot3_state_estimation/share/turtlebot3_state_estimation/package.dsv
[0.329s] -- Up-to-date symlink: /home/student/ros2_ws/install/turtlebot3_state_estimation/share/ament_index/resource_index/packages/turtlebot3_state_estimation
[0.329s] -- Up-to-date symlink: /home/student/ros2_ws/install/turtlebot3_state_estimation/share/turtlebot3_state_estimation/cmake/turtlebot3_state_estimationConfig.cmake
[0.329s] -- Up-to-date symlink: /home/student/ros2_ws/install/turtlebot3_state_estimation/share/turtlebot3_state_estimation/cmake/turtlebot3_state_estimationConfig-version.cmake
[0.332s] -- Up-to-date symlink: /home/student/ros2_ws/install/turtlebot3_state_estimation/share/turtlebot3_state_estimation/package.xml
[0.336s] Invoked command in '/home/student/ros2_ws/build/turtlebot3_state_estimation' returned '0': CMAKE_PREFIX_PATH=${CMAKE_PREFIX_PATH}:/home/student/ros2_ws/install/turtlebot3_teleop:/home/student/ros2_ws/install/turtlebot3_example:/opt/ros/humble /usr/bin/cmake --install /home/student/ros2_ws/build/turtlebot3_state_estimation
