[0.079s] Invoking command in '/home/student/ros2_ws/build/dynamixel_sdk': CMAKE_PREFIX_PATH=${CMAKE_PREFIX_PATH}:/home/student/ros2_ws/install/turtlebot3_teleop:/home/student/ros2_ws/install/turtlebot3_example:/home/student/ros2_ws/install/rtabmap_python:/opt/ros/humble /usr/bin/cmake --build /home/student/ros2_ws/build/dynamixel_sdk -- -j8 -l8
[0.717s] [100%] Built target dynamixel_sdk
[0.793s] Invoked command in '/home/student/ros2_ws/build/dynamixel_sdk' returned '0': CMAKE_PREFIX_PATH=${CMAKE_PREFIX_PATH}:/home/student/ros2_ws/install/turtlebot3_teleop:/home/student/ros2_ws/install/turtlebot3_example:/home/student/ros2_ws/install/rtabmap_python:/opt/ros/humble /usr/bin/cmake --build /home/student/ros2_ws/build/dynamixel_sdk -- -j8 -l8
[0.984s] Invoking command in '/home/student/ros2_ws/build/dynamixel_sdk': CMAKE_PREFIX_PATH=${CMAKE_PREFIX_PATH}:/home/student/ros2_ws/install/turtlebot3_teleop:/home/student/ros2_ws/install/turtlebot3_example:/home/student/ros2_ws/install/rtabmap_python:/opt/ros/humble /usr/bin/cmake --install /home/student/ros2_ws/build/dynamixel_sdk
[1.074s] -- Install configuration: "Release"
[1.074s] -- Execute custom install script
[1.074s] -- Up-to-date symlink: /home/student/ros2_ws/install/dynamixel_sdk/include//dynamixel_sdk/dynamixel_sdk.h
[1.075s] -- Up-to-date symlink: /home/student/ros2_ws/install/dynamixel_sdk/include//dynamixel_sdk/group_bulk_read.h
[1.075s] -- Up-to-date symlink: /home/student/ros2_ws/install/dynamixel_sdk/include//dynamixel_sdk/group_bulk_write.h
[1.075s] -- Up-to-date symlink: /home/student/ros2_ws/install/dynamixel_sdk/include//dynamixel_sdk/group_sync_read.h
[1.075s] -- Up-to-date symlink: /home/student/ros2_ws/install/dynamixel_sdk/include//dynamixel_sdk/group_sync_write.h
[1.075s] -- Up-to-date symlink: /home/student/ros2_ws/install/dynamixel_sdk/include//dynamixel_sdk/packet_handler.h
[1.075s] -- Up-to-date symlink: /home/student/ros2_ws/install/dynamixel_sdk/include//dynamixel_sdk/port_handler.h
[1.075s] -- Up-to-date symlink: /home/student/ros2_ws/install/dynamixel_sdk/include//dynamixel_sdk/port_handler_arduino.h
[1.076s] -- Up-to-date symlink: /home/student/ros2_ws/install/dynamixel_sdk/include//dynamixel_sdk/port_handler_linux.h
[1.077s] -- Up-to-date symlink: /home/student/ros2_ws/install/dynamixel_sdk/include//dynamixel_sdk/port_handler_mac.h
[1.077s] -- Up-to-date symlink: /home/student/ros2_ws/install/dynamixel_sdk/include//dynamixel_sdk/port_handler_windows.h
[1.077s] -- Up-to-date symlink: /home/student/ros2_ws/install/dynamixel_sdk/include//dynamixel_sdk/protocol1_packet_handler.h
[1.077s] -- Up-to-date symlink: /home/student/ros2_ws/install/dynamixel_sdk/include//dynamixel_sdk/protocol2_packet_handler.h
[1.077s] -- Up-to-date symlink: /home/student/ros2_ws/install/dynamixel_sdk/lib/libdynamixel_sdk.so
[1.077s] -- Up-to-date symlink: /home/student/ros2_ws/install/dynamixel_sdk/share/dynamixel_sdk/environment/library_path.sh
[1.078s] -- Up-to-date symlink: /home/student/ros2_ws/install/dynamixel_sdk/share/dynamixel_sdk/environment/library_path.dsv
[1.078s] -- Up-to-date symlink: /home/student/ros2_ws/install/dynamixel_sdk/share/ament_index/resource_index/package_run_dependencies/dynamixel_sdk
[1.082s] -- Up-to-date symlink: /home/student/ros2_ws/install/dynamixel_sdk/share/ament_index/resource_index/parent_prefix_path/dynamixel_sdk
[1.083s] -- Up-to-date symlink: /home/student/ros2_ws/install/dynamixel_sdk/share/dynamixel_sdk/environment/ament_prefix_path.sh
[1.083s] -- Up-to-date symlink: /home/student/ros2_ws/install/dynamixel_sdk/share/dynamixel_sdk/environment/ament_prefix_path.dsv
[1.083s] -- Up-to-date symlink: /home/student/ros2_ws/install/dynamixel_sdk/share/dynamixel_sdk/environment/path.sh
[1.083s] -- Up-to-date symlink: /home/student/ros2_ws/install/dynamixel_sdk/share/dynamixel_sdk/environment/path.dsv
[1.085s] -- Up-to-date symlink: /home/student/ros2_ws/install/dynamixel_sdk/share/dynamixel_sdk/local_setup.bash
[1.087s] -- Up-to-date symlink: /home/student/ros2_ws/install/dynamixel_sdk/share/dynamixel_sdk/local_setup.sh
[1.087s] -- Up-to-date symlink: /home/student/ros2_ws/install/dynamixel_sdk/share/dynamixel_sdk/local_setup.zsh
[1.087s] -- Up-to-date symlink: /home/student/ros2_ws/install/dynamixel_sdk/share/dynamixel_sdk/local_setup.dsv
[1.088s] -- Symlinking: /home/student/ros2_ws/install/dynamixel_sdk/share/dynamixel_sdk/package.dsv
[1.088s] -- Up-to-date symlink: /home/student/ros2_ws/install/dynamixel_sdk/share/ament_index/resource_index/packages/dynamixel_sdk
[1.088s] -- Up-to-date symlink: /home/student/ros2_ws/install/dynamixel_sdk/share/dynamixel_sdk/cmake/ament_cmake_export_include_directories-extras.cmake
[1.088s] -- Up-to-date symlink: /home/student/ros2_ws/install/dynamixel_sdk/share/dynamixel_sdk/cmake/ament_cmake_export_libraries-extras.cmake
[1.088s] -- Up-to-date symlink: /home/student/ros2_ws/install/dynamixel_sdk/share/dynamixel_sdk/cmake/dynamixel_sdkConfig.cmake
[1.090s] -- Up-to-date symlink: /home/student/ros2_ws/install/dynamixel_sdk/share/dynamixel_sdk/cmake/dynamixel_sdkConfig-version.cmake
[1.090s] -- Up-to-date symlink: /home/student/ros2_ws/install/dynamixel_sdk/share/dynamixel_sdk/package.xml
[1.092s] Invoked command in '/home/student/ros2_ws/build/dynamixel_sdk' returned '0': CMAKE_PREFIX_PATH=${CMAKE_PREFIX_PATH}:/home/student/ros2_ws/install/turtlebot3_teleop:/home/student/ros2_ws/install/turtlebot3_example:/home/student/ros2_ws/install/rtabmap_python:/opt/ros/humble /usr/bin/cmake --install /home/student/ros2_ws/build/dynamixel_sdk
