[0.033s] Invoking command in '/home/student/ros2_ws/build/rtabmap_viz': CMAKE_PREFIX_PATH=/home/student/ros2_ws/install/rtabmap_msgs:/home/student/ros2_ws/install/turtlesim:/home/student/ros2_ws/install/turtlebot3:/home/student/ros2_ws/install/turtlebot3_state_estimation:/home/student/ros2_ws/install/turtlebot3_simulations:/home/student/ros2_ws/install/turtlebot3_bringup:/home/student/ros2_ws/install/turtlebot3_node:/home/student/ros2_ws/install/turtlebot3_navigation2:/home/student/ros2_ws/install/turtlebot3_fake_node:/home/student/ros2_ws/install/turtlebot3_msgs:/home/student/ros2_ws/install/turtlebot3_gazebo:/home/student/ros2_ws/install/turtlebot3_description:/home/student/ros2_ws/install/turtlebot3_cartographer:/home/student/ros2_ws/install/scan_to_image_localizer:/home/student/ros2_ws/install/scan_matching_localiser:/home/student/ros2_ws/install/rtabmap_sync:/home/student/ros2_ws/install/rtabmap_conversions:/home/student/ros2_ws/install/rtabmap:/home/student/ros2_ws/install/robot_localization:/home/student/ros2_ws/install/laser_scan_nth_pkg:/home/student/ros2_ws/install/laser_processor_pkg:/home/student/ros2_ws/install/image_modifier_pkg:/home/student/ros2_ws/install/dynamixel_sdk_examples:/home/student/ros2_ws/install/dynamixel_sdk_custom_interfaces:/home/student/ros2_ws/install/dynamixel_sdk:/home/student/ros2_ws/install/cpp_pubsub:/home/student/install/scan_to_image_localizer:/home/student/install/scan_matching_localiser:/home/student/ros2_ws/install/turtlebot3_teleop:/home/student/ros2_ws/install/turtlebot3_example:/home/student/ros2_ws/install/rtabmap_python:/opt/ros/humble LD_LIBRARY_PATH=/home/student/ros2_ws/install/rtabmap_msgs/lib:/home/student/ros2_ws/install/turtlesim/lib:/home/student/ros2_ws/install/turtlebot3_msgs/lib:/home/student/ros2_ws/install/rtabmap_sync/lib:/home/student/ros2_ws/install/rtabmap_conversions/lib:/home/student/ros2_ws/install/rtabmap/lib:/home/student/ros2_ws/install/robot_localization/lib:/home/student/ros2_ws/install/dynamixel_sdk_custom_interfaces/lib:/home/student/ros2_ws/install/dynamixel_sdk/lib:/usr/lib/x86_64-linux-gnu/gazebo-11/plugins:/opt/ros/humble/opt/rviz_ogre_vendor/lib:/opt/ros/humble/lib/x86_64-linux-gnu:/opt/ros/humble/lib:/usr/lib/x86_64-linux-gnu/gazebo-11/plugins:/usr/lib/x86_64-linux-gnu/gazebo-11/plugins:/usr/lib/x86_64-linux-gnu/gazebo-11/plugins /usr/bin/cmake --build /home/student/ros2_ws/build/rtabmap_viz
[0.129s] -- Found ament_cmake: 1.3.9 (/opt/ros/humble/share/ament_cmake/cmake)
[0.335s] -- Override CMake install command with custom implementation using symlinks instead of copying resources
[0.428s] -- Found cv_bridge: 3.2.1 (/opt/ros/humble/share/cv_bridge/cmake)
[0.521s] -- Found rosidl_generator_c: 3.1.5 (/opt/ros/humble/share/rosidl_generator_c/cmake)
[0.528s] -- Found rosidl_adapter: 3.1.5 (/opt/ros/humble/share/rosidl_adapter/cmake)
[0.553s] -- Found rosidl_generator_cpp: 3.1.5 (/opt/ros/humble/share/rosidl_generator_cpp/cmake)
[0.586s] -- Using all available rosidl_typesupport_c: rosidl_typesupport_fastrtps_c;rosidl_typesupport_introspection_c
[0.654s] -- Using all available rosidl_typesupport_cpp: rosidl_typesupport_fastrtps_cpp;rosidl_typesupport_introspection_cpp
[0.981s] -- Found rclcpp: 16.0.9 (/opt/ros/humble/share/rclcpp/cmake)
[1.179s] -- Found rmw_implementation_cmake: 6.1.2 (/opt/ros/humble/share/rmw_implementation_cmake/cmake)
[1.185s] -- Found rmw_fastrtps_cpp: 6.2.6 (/opt/ros/humble/share/rmw_fastrtps_cpp/cmake)
[1.466s] -- Using RMW implementation 'rmw_fastrtps_cpp' as default
[1.844s] -- Found std_srvs: 4.2.4 (/opt/ros/humble/share/std_srvs/cmake)
[1.874s] -- Found nav_msgs: 4.2.4 (/opt/ros/humble/share/nav_msgs/cmake)
[1.975s] -- Found rtabmap_msgs: 0.21.5 (/home/student/ros2_ws/install/rtabmap_msgs/share/rtabmap_msgs/cmake)
[2.161s] -- Found rtabmap_sync: 0.21.5 (/home/student/ros2_ws/install/rtabmap_sync/share/rtabmap_sync/cmake)
[3.465s] -- Found Eigen3: TRUE (found version "3.4.0") 
[3.466s] -- Ensuring Eigen3 include directory is part of orocos-kdl CMake target
[3.503s] -- Checking for module 'eigen3'
[3.522s] --   Found eigen3, version 3.4.0
[3.573s] -- Found Eigen: /usr/include/eigen3 (Required is at least version "3.1") 
[3.573s] -- Eigen found (include: /usr/include/eigen3, version: 3.4.0)
[3.714s] -- Checking for module 'libusb-1.0'
[3.738s] --   Found libusb-1.0, version 1.0.25
[3.781s] -- Found libusb: /usr/lib/x86_64-linux-gnu/libusb-1.0.so  
[3.782s] -- OpenNI found (version: 1.5.4.0, include: /usr/include/ni, lib: /usr/lib/libOpenNI.so;libusb::libusb)
[3.865s] -- OpenNI2 found (version: 2.2.0.33, include: /usr/include/openni2, lib: /usr/lib/x86_64-linux-gnu/libOpenNI2.so;libusb::libusb)
[5.091s] -- Eigen found (include: /usr/include/eigen3, version: 3.4.0)
[5.110s] -- Checking for module 'flann'
[5.135s] --   Found flann, version 1.9.1
[5.186s] -- Found FLANN: /usr/lib/x86_64-linux-gnu/libflann_cpp.so  
[5.186s] -- FLANN found (include: /usr/include, lib: /usr/lib/x86_64-linux-gnu/libflann_cpp.so)
[5.192s] -- Found Qhull version 8.0.2
[5.784s] -- OpenNI found (version: 1.5.4.0, include: /usr/include/ni, lib: /usr/lib/libOpenNI.so;libusb::libusb)
[5.792s] -- OpenNI2 found (version: 2.2.0.33, include: /usr/include/openni2, lib: /usr/lib/x86_64-linux-gnu/libOpenNI2.so;libusb::libusb)
[6.053s] -- Found PCL_COMMON: /usr/lib/x86_64-linux-gnu/libpcl_common.so  
[6.055s] -- Found PCL_OCTREE: /usr/lib/x86_64-linux-gnu/libpcl_octree.so  
[6.056s] -- Found PCL_IO: /usr/lib/x86_64-linux-gnu/libpcl_io.so  
[6.058s] -- Found PCL_KDTREE: /usr/lib/x86_64-linux-gnu/libpcl_kdtree.so  
[6.060s] -- Found PCL_SEARCH: /usr/lib/x86_64-linux-gnu/libpcl_search.so  
[6.062s] -- Found PCL_SURFACE: /usr/lib/x86_64-linux-gnu/libpcl_surface.so  
[6.064s] -- Found PCL_FILTERS: /usr/lib/x86_64-linux-gnu/libpcl_filters.so  
[6.064s] -- Found PCL_2D: /usr/include/pcl-1.12  
[6.069s] -- Found PCL_FEATURES: /usr/lib/x86_64-linux-gnu/libpcl_features.so  
[6.071s] -- Found PCL_REGISTRATION: /usr/lib/x86_64-linux-gnu/libpcl_registration.so  
[6.073s] -- Found PCL_SAMPLE_CONSENSUS: /usr/lib/x86_64-linux-gnu/libpcl_sample_consensus.so  
[6.073s] -- Found PCL_GEOMETRY: /usr/include/pcl-1.12  
[6.075s] -- Found PCL_ML: /usr/lib/x86_64-linux-gnu/libpcl_ml.so  
[6.077s] -- Found PCL_SEGMENTATION: /usr/lib/x86_64-linux-gnu/libpcl_segmentation.so  
[6.079s] -- Found PCL_VISUALIZATION: /usr/lib/x86_64-linux-gnu/libpcl_visualization.so  
[6.500s] -- Found OpenCV: /usr (found version "4.5.4") found components: core calib3d imgproc highgui stitching photo video aruco objdetect missing components: xfeatures2d nonfree gpu cudafeatures2d
[6.500s] [33mCMake Warning (dev) at /usr/share/cmake-3.22/Modules/CMakeFindDependencyMacro.cmake:47 (find_package):
[6.500s]   Policy CMP0074 is not set: find_package uses <PackageName>_ROOT variables.
[6.501s]   Run "cmake --help-policy CMP0074" for policy details.  Use the cmake_policy
[6.501s]   command to set the policy and suppress this warning.
[6.501s] 
[6.501s]   CMake variable PCL_ROOT is set to:
[6.501s] 
[6.501s]     /usr
[6.501s] 
[6.501s]   For compatibility, CMake is ignoring the variable.
[6.502s] Call Stack (most recent call first):
[6.502s]   /home/student/ros2_ws/install/rtabmap/lib/rtabmap-0.21/RTABMapConfig.cmake:7 (find_dependency)
[6.502s]   CMakeLists.txt:19 (find_package)
[6.502s] This warning is for project developers.  Use -Wno-dev to suppress it.
[6.502s] [0m
[6.630s] -- Configuring done
[6.961s] -- Generating done
[6.966s] -- Build files have been written to: /home/student/ros2_ws/build/rtabmap_viz
[7.060s] [ 50%] [32mBuilding CXX object CMakeFiles/rtabmap_viz.dir/src/GuiWrapper.cpp.o[0m
[7.060s] [ 50%] [32mBuilding CXX object CMakeFiles/rtabmap_viz.dir/src/PreferencesDialogROS.cpp.o[0m
[7.060s] [ 75%] [32mBuilding CXX object CMakeFiles/rtabmap_viz.dir/src/GuiNode.cpp.o[0m
[70.847s] [100%] [32m[1mLinking CXX executable rtabmap_viz[0m
[84.707s] [100%] Built target rtabmap_viz
[84.723s] Invoked command in '/home/student/ros2_ws/build/rtabmap_viz' returned '0': CMAKE_PREFIX_PATH=/home/student/ros2_ws/install/rtabmap_msgs:/home/student/ros2_ws/install/turtlesim:/home/student/ros2_ws/install/turtlebot3:/home/student/ros2_ws/install/turtlebot3_state_estimation:/home/student/ros2_ws/install/turtlebot3_simulations:/home/student/ros2_ws/install/turtlebot3_bringup:/home/student/ros2_ws/install/turtlebot3_node:/home/student/ros2_ws/install/turtlebot3_navigation2:/home/student/ros2_ws/install/turtlebot3_fake_node:/home/student/ros2_ws/install/turtlebot3_msgs:/home/student/ros2_ws/install/turtlebot3_gazebo:/home/student/ros2_ws/install/turtlebot3_description:/home/student/ros2_ws/install/turtlebot3_cartographer:/home/student/ros2_ws/install/scan_to_image_localizer:/home/student/ros2_ws/install/scan_matching_localiser:/home/student/ros2_ws/install/rtabmap_sync:/home/student/ros2_ws/install/rtabmap_conversions:/home/student/ros2_ws/install/rtabmap:/home/student/ros2_ws/install/robot_localization:/home/student/ros2_ws/install/laser_scan_nth_pkg:/home/student/ros2_ws/install/laser_processor_pkg:/home/student/ros2_ws/install/image_modifier_pkg:/home/student/ros2_ws/install/dynamixel_sdk_examples:/home/student/ros2_ws/install/dynamixel_sdk_custom_interfaces:/home/student/ros2_ws/install/dynamixel_sdk:/home/student/ros2_ws/install/cpp_pubsub:/home/student/install/scan_to_image_localizer:/home/student/install/scan_matching_localiser:/home/student/ros2_ws/install/turtlebot3_teleop:/home/student/ros2_ws/install/turtlebot3_example:/home/student/ros2_ws/install/rtabmap_python:/opt/ros/humble LD_LIBRARY_PATH=/home/student/ros2_ws/install/rtabmap_msgs/lib:/home/student/ros2_ws/install/turtlesim/lib:/home/student/ros2_ws/install/turtlebot3_msgs/lib:/home/student/ros2_ws/install/rtabmap_sync/lib:/home/student/ros2_ws/install/rtabmap_conversions/lib:/home/student/ros2_ws/install/rtabmap/lib:/home/student/ros2_ws/install/robot_localization/lib:/home/student/ros2_ws/install/dynamixel_sdk_custom_interfaces/lib:/home/student/ros2_ws/install/dynamixel_sdk/lib:/usr/lib/x86_64-linux-gnu/gazebo-11/plugins:/opt/ros/humble/opt/rviz_ogre_vendor/lib:/opt/ros/humble/lib/x86_64-linux-gnu:/opt/ros/humble/lib:/usr/lib/x86_64-linux-gnu/gazebo-11/plugins:/usr/lib/x86_64-linux-gnu/gazebo-11/plugins:/usr/lib/x86_64-linux-gnu/gazebo-11/plugins /usr/bin/cmake --build /home/student/ros2_ws/build/rtabmap_viz
[84.777s] Invoking command in '/home/student/ros2_ws/build/rtabmap_viz': CMAKE_PREFIX_PATH=/home/student/ros2_ws/install/rtabmap_msgs:/home/student/ros2_ws/install/turtlesim:/home/student/ros2_ws/install/turtlebot3:/home/student/ros2_ws/install/turtlebot3_state_estimation:/home/student/ros2_ws/install/turtlebot3_simulations:/home/student/ros2_ws/install/turtlebot3_bringup:/home/student/ros2_ws/install/turtlebot3_node:/home/student/ros2_ws/install/turtlebot3_navigation2:/home/student/ros2_ws/install/turtlebot3_fake_node:/home/student/ros2_ws/install/turtlebot3_msgs:/home/student/ros2_ws/install/turtlebot3_gazebo:/home/student/ros2_ws/install/turtlebot3_description:/home/student/ros2_ws/install/turtlebot3_cartographer:/home/student/ros2_ws/install/scan_to_image_localizer:/home/student/ros2_ws/install/scan_matching_localiser:/home/student/ros2_ws/install/rtabmap_sync:/home/student/ros2_ws/install/rtabmap_conversions:/home/student/ros2_ws/install/rtabmap:/home/student/ros2_ws/install/robot_localization:/home/student/ros2_ws/install/laser_scan_nth_pkg:/home/student/ros2_ws/install/laser_processor_pkg:/home/student/ros2_ws/install/image_modifier_pkg:/home/student/ros2_ws/install/dynamixel_sdk_examples:/home/student/ros2_ws/install/dynamixel_sdk_custom_interfaces:/home/student/ros2_ws/install/dynamixel_sdk:/home/student/ros2_ws/install/cpp_pubsub:/home/student/install/scan_to_image_localizer:/home/student/install/scan_matching_localiser:/home/student/ros2_ws/install/turtlebot3_teleop:/home/student/ros2_ws/install/turtlebot3_example:/home/student/ros2_ws/install/rtabmap_python:/opt/ros/humble LD_LIBRARY_PATH=/home/student/ros2_ws/install/rtabmap_msgs/lib:/home/student/ros2_ws/install/turtlesim/lib:/home/student/ros2_ws/install/turtlebot3_msgs/lib:/home/student/ros2_ws/install/rtabmap_sync/lib:/home/student/ros2_ws/install/rtabmap_conversions/lib:/home/student/ros2_ws/install/rtabmap/lib:/home/student/ros2_ws/install/robot_localization/lib:/home/student/ros2_ws/install/dynamixel_sdk_custom_interfaces/lib:/home/student/ros2_ws/install/dynamixel_sdk/lib:/usr/lib/x86_64-linux-gnu/gazebo-11/plugins:/opt/ros/humble/opt/rviz_ogre_vendor/lib:/opt/ros/humble/lib/x86_64-linux-gnu:/opt/ros/humble/lib:/usr/lib/x86_64-linux-gnu/gazebo-11/plugins:/usr/lib/x86_64-linux-gnu/gazebo-11/plugins:/usr/lib/x86_64-linux-gnu/gazebo-11/plugins /usr/bin/cmake --install /home/student/ros2_ws/build/rtabmap_viz
[84.786s] -- Install configuration: "Release"
[84.787s] -- Execute custom install script
[84.787s] -- Symlinking: /home/student/ros2_ws/install/rtabmap_viz/lib/rtabmap_viz/rtabmap_viz
[84.798s] -- Symlinking: /home/student/ros2_ws/install/rtabmap_viz/share/ament_index/resource_index/package_run_dependencies/rtabmap_viz
[84.809s] -- Symlinking: /home/student/ros2_ws/install/rtabmap_viz/share/ament_index/resource_index/parent_prefix_path/rtabmap_viz
[84.820s] -- Symlinking: /home/student/ros2_ws/install/rtabmap_viz/share/rtabmap_viz/environment/ament_prefix_path.sh
[84.831s] -- Symlinking: /home/student/ros2_ws/install/rtabmap_viz/share/rtabmap_viz/environment/ament_prefix_path.dsv
[84.841s] -- Symlinking: /home/student/ros2_ws/install/rtabmap_viz/share/rtabmap_viz/environment/path.sh
[84.852s] -- Symlinking: /home/student/ros2_ws/install/rtabmap_viz/share/rtabmap_viz/environment/path.dsv
[84.862s] -- Symlinking: /home/student/ros2_ws/install/rtabmap_viz/share/rtabmap_viz/local_setup.bash
[84.872s] -- Symlinking: /home/student/ros2_ws/install/rtabmap_viz/share/rtabmap_viz/local_setup.sh
[84.882s] -- Symlinking: /home/student/ros2_ws/install/rtabmap_viz/share/rtabmap_viz/local_setup.zsh
[84.893s] -- Symlinking: /home/student/ros2_ws/install/rtabmap_viz/share/rtabmap_viz/local_setup.dsv
[84.903s] -- Symlinking: /home/student/ros2_ws/install/rtabmap_viz/share/rtabmap_viz/package.dsv
[84.914s] -- Symlinking: /home/student/ros2_ws/install/rtabmap_viz/share/ament_index/resource_index/packages/rtabmap_viz
[84.926s] -- Symlinking: /home/student/ros2_ws/install/rtabmap_viz/share/rtabmap_viz/cmake/rtabmap_vizConfig.cmake
[84.936s] -- Symlinking: /home/student/ros2_ws/install/rtabmap_viz/share/rtabmap_viz/cmake/rtabmap_vizConfig-version.cmake
[84.947s] -- Symlinking: /home/student/ros2_ws/install/rtabmap_viz/share/rtabmap_viz/package.xml
[84.961s] Invoked command in '/home/student/ros2_ws/build/rtabmap_viz' returned '0': CMAKE_PREFIX_PATH=/home/student/ros2_ws/install/rtabmap_msgs:/home/student/ros2_ws/install/turtlesim:/home/student/ros2_ws/install/turtlebot3:/home/student/ros2_ws/install/turtlebot3_state_estimation:/home/student/ros2_ws/install/turtlebot3_simulations:/home/student/ros2_ws/install/turtlebot3_bringup:/home/student/ros2_ws/install/turtlebot3_node:/home/student/ros2_ws/install/turtlebot3_navigation2:/home/student/ros2_ws/install/turtlebot3_fake_node:/home/student/ros2_ws/install/turtlebot3_msgs:/home/student/ros2_ws/install/turtlebot3_gazebo:/home/student/ros2_ws/install/turtlebot3_description:/home/student/ros2_ws/install/turtlebot3_cartographer:/home/student/ros2_ws/install/scan_to_image_localizer:/home/student/ros2_ws/install/scan_matching_localiser:/home/student/ros2_ws/install/rtabmap_sync:/home/student/ros2_ws/install/rtabmap_conversions:/home/student/ros2_ws/install/rtabmap:/home/student/ros2_ws/install/robot_localization:/home/student/ros2_ws/install/laser_scan_nth_pkg:/home/student/ros2_ws/install/laser_processor_pkg:/home/student/ros2_ws/install/image_modifier_pkg:/home/student/ros2_ws/install/dynamixel_sdk_examples:/home/student/ros2_ws/install/dynamixel_sdk_custom_interfaces:/home/student/ros2_ws/install/dynamixel_sdk:/home/student/ros2_ws/install/cpp_pubsub:/home/student/install/scan_to_image_localizer:/home/student/install/scan_matching_localiser:/home/student/ros2_ws/install/turtlebot3_teleop:/home/student/ros2_ws/install/turtlebot3_example:/home/student/ros2_ws/install/rtabmap_python:/opt/ros/humble LD_LIBRARY_PATH=/home/student/ros2_ws/install/rtabmap_msgs/lib:/home/student/ros2_ws/install/turtlesim/lib:/home/student/ros2_ws/install/turtlebot3_msgs/lib:/home/student/ros2_ws/install/rtabmap_sync/lib:/home/student/ros2_ws/install/rtabmap_conversions/lib:/home/student/ros2_ws/install/rtabmap/lib:/home/student/ros2_ws/install/robot_localization/lib:/home/student/ros2_ws/install/dynamixel_sdk_custom_interfaces/lib:/home/student/ros2_ws/install/dynamixel_sdk/lib:/usr/lib/x86_64-linux-gnu/gazebo-11/plugins:/opt/ros/humble/opt/rviz_ogre_vendor/lib:/opt/ros/humble/lib/x86_64-linux-gnu:/opt/ros/humble/lib:/usr/lib/x86_64-linux-gnu/gazebo-11/plugins:/usr/lib/x86_64-linux-gnu/gazebo-11/plugins:/usr/lib/x86_64-linux-gnu/gazebo-11/plugins /usr/bin/cmake --install /home/student/ros2_ws/build/rtabmap_viz
