[2.115s] Invoking command in '/home/student/ros2_ws/build/rtabmap_python': PYTHONPATH=/home/student/ros2_ws/build/rtabmap_python/prefix_override:/usr/lib/python3/dist-packages/colcon_core/task/python/colcon_distutils_commands:/home/student/ros2_ws/install/rtabmap_python/lib/python3.10/site-packages:${PYTHONPATH} /usr/bin/python3 -W ignore:setup.py install is deprecated setup.py develop --editable --build-directory /home/student/ros2_ws/build/rtabmap_python/build --no-deps symlink_data
[2.599s] running develop
[2.605s] /usr/lib/python3/dist-packages/setuptools/command/easy_install.py:158: EasyInstallDeprecationWarning: easy_install command is deprecated. Use build and pip and other standards-based tools.
[2.605s]   warnings.warn(
[2.886s] running egg_info
[2.886s] creating rtabmap_python.egg-info
[2.886s] writing rtabmap_python.egg-info/PKG-INFO
[2.886s] writing dependency_links to rtabmap_python.egg-info/dependency_links.txt
[2.886s] writing entry points to rtabmap_python.egg-info/entry_points.txt
[2.887s] writing requirements to rtabmap_python.egg-info/requires.txt
[2.887s] writing top-level names to rtabmap_python.egg-info/top_level.txt
[2.887s] writing manifest file 'rtabmap_python.egg-info/SOURCES.txt'
[2.890s] reading manifest file 'rtabmap_python.egg-info/SOURCES.txt'
[2.890s] writing manifest file 'rtabmap_python.egg-info/SOURCES.txt'
[2.892s] running build_ext
[2.892s] Creating /home/student/ros2_ws/install/rtabmap_python/lib/python3.10/site-packages/rtabmap-python.egg-link (link to .)
[2.894s] 
[2.894s] Installed /home/student/ros2_ws/build/rtabmap_python
[2.894s] running symlink_data
[2.895s] creating /home/student/ros2_ws/install/rtabmap_python/share/ament_index
[2.895s] creating /home/student/ros2_ws/install/rtabmap_python/share/ament_index/resource_index
[2.895s] creating /home/student/ros2_ws/install/rtabmap_python/share/ament_index/resource_index/packages
[2.895s] symbolically linking /home/student/ros2_ws/build/rtabmap_python/resource/rtabmap_python -> /home/student/ros2_ws/install/rtabmap_python/share/ament_index/resource_index/packages
[2.895s] symbolically linking /home/student/ros2_ws/build/rtabmap_python/package.xml -> /home/student/ros2_ws/install/rtabmap_python/share/rtabmap_python
[2.945s] Invoked command in '/home/student/ros2_ws/build/rtabmap_python' returned '0': PYTHONPATH=/home/student/ros2_ws/build/rtabmap_python/prefix_override:/usr/lib/python3/dist-packages/colcon_core/task/python/colcon_distutils_commands:/home/student/ros2_ws/install/rtabmap_python/lib/python3.10/site-packages:${PYTHONPATH} /usr/bin/python3 -W ignore:setup.py install is deprecated setup.py develop --editable --build-directory /home/student/ros2_ws/build/rtabmap_python/build --no-deps symlink_data
