[0.040s] Invoking command in '/home/student/ros2_ws/build/rtabmap_sync': AMENT_PREFIX_PATH=/home/student/ros2_ws/install/rtabmap_conversions:/home/student/ros2_ws/install/rtabmap_msgs:${AMENT_PREFIX_PATH} CMAKE_PREFIX_PATH=/home/student/ros2_ws/install/rtabmap_conversions:/home/student/ros2_ws/install/rtabmap_msgs:/home/student/ros2_ws/install/rtabmap:/home/student/ros2_ws/install/turtlesim:/home/student/ros2_ws/install/turtlebot3:/home/student/ros2_ws/install/turtlebot3_state_estimation:/home/student/ros2_ws/install/turtlebot3_simulations:/home/student/ros2_ws/install/turtlebot3_bringup:/home/student/ros2_ws/install/turtlebot3_node:/home/student/ros2_ws/install/turtlebot3_navigation2:/home/student/ros2_ws/install/turtlebot3_fake_node:/home/student/ros2_ws/install/turtlebot3_msgs:/home/student/ros2_ws/install/turtlebot3_gazebo:/home/student/ros2_ws/install/turtlebot3_description:/home/student/ros2_ws/install/turtlebot3_cartographer:/home/student/ros2_ws/install/scan_to_image_localizer:/home/student/ros2_ws/install/scan_matching_localiser:/home/student/ros2_ws/install/robot_localization:/home/student/ros2_ws/install/laser_scan_nth_pkg:/home/student/ros2_ws/install/laser_processor_pkg:/home/student/ros2_ws/install/image_modifier_pkg:/home/student/ros2_ws/install/dynamixel_sdk_examples:/home/student/ros2_ws/install/dynamixel_sdk_custom_interfaces:/home/student/ros2_ws/install/dynamixel_sdk:/home/student/ros2_ws/install/cpp_pubsub:/home/student/install/scan_to_image_localizer:/home/student/install/scan_matching_localiser:/home/student/ros2_ws/install/turtlebot3_teleop:/home/student/ros2_ws/install/turtlebot3_example:/opt/ros/humble LD_LIBRARY_PATH=/home/student/ros2_ws/install/rtabmap_conversions/lib:/home/student/ros2_ws/install/rtabmap_msgs/lib:/home/student/ros2_ws/install/rtabmap/lib:/home/student/ros2_ws/install/turtlesim/lib:/home/student/ros2_ws/install/turtlebot3_msgs/lib:/home/student/ros2_ws/install/robot_localization/lib:/home/student/ros2_ws/install/dynamixel_sdk_custom_interfaces/lib:/home/student/ros2_ws/install/dynamixel_sdk/lib:/usr/lib/x86_64-linux-gnu/gazebo-11/plugins:/opt/ros/humble/opt/rviz_ogre_vendor/lib:/opt/ros/humble/lib/x86_64-linux-gnu:/opt/ros/humble/lib:/usr/lib/x86_64-linux-gnu/gazebo-11/plugins:/usr/lib/x86_64-linux-gnu/gazebo-11/plugins:/usr/lib/x86_64-linux-gnu/gazebo-11/plugins PATH=/home/student/ros2_ws/install/rtabmap/bin:${PATH} PKG_CONFIG_PATH=/home/student/ros2_ws/install/rtabmap/lib/x86_64-linux-gnu/pkgconfig:/home/student/ros2_ws/install/rtabmap/lib/pkgconfig PYTHONPATH=/home/student/ros2_ws/install/rtabmap_msgs/local/lib/python3.10/dist-packages:${PYTHONPATH} /usr/bin/cmake /home/student/ros2_ws/src/rtabmap_ros/rtabmap_sync -DCMAKE_BUILD_TYPE=Release -DAMENT_CMAKE_SYMLINK_INSTALL=1 -DCMAKE_INSTALL_PREFIX=/home/student/ros2_ws/install/rtabmap_sync
[0.159s] -- The C compiler identification is GNU 11.4.0
[0.271s] -- The CXX compiler identification is GNU 11.4.0
[0.282s] -- Detecting C compiler ABI info
[0.433s] -- Detecting C compiler ABI info - done
[0.450s] -- Check for working C compiler: /usr/bin/cc - skipped
[0.451s] -- Detecting C compile features
[0.451s] -- Detecting C compile features - done
[0.453s] -- Detecting CXX compiler ABI info
[0.608s] -- Detecting CXX compiler ABI info - done
[0.625s] -- Check for working CXX compiler: /usr/bin/c++ - skipped
[0.625s] -- Detecting CXX compile features
[0.627s] -- Detecting CXX compile features - done
[0.635s] -- Found cv_bridge: 3.2.1 (/opt/ros/humble/share/cv_bridge/cmake)
[0.970s] -- Found Python3: /usr/bin/python3 (found version "3.10.12") found components: Interpreter 
[1.079s] -- Override CMake install command with custom implementation using symlinks instead of copying resources
[1.302s] -- Found rosidl_generator_c: 3.1.5 (/opt/ros/humble/share/rosidl_generator_c/cmake)
[1.321s] -- Found rosidl_adapter: 3.1.5 (/opt/ros/humble/share/rosidl_adapter/cmake)
[1.346s] -- Found rosidl_generator_cpp: 3.1.5 (/opt/ros/humble/share/rosidl_generator_cpp/cmake)
[1.398s] -- Using all available rosidl_typesupport_c: rosidl_typesupport_fastrtps_c;rosidl_typesupport_introspection_c
[1.449s] -- Using all available rosidl_typesupport_cpp: rosidl_typesupport_fastrtps_cpp;rosidl_typesupport_introspection_cpp
[1.890s] -- Found image_transport: 3.1.9 (/opt/ros/humble/share/image_transport/cmake)
[2.061s] -- Found rmw_implementation_cmake: 6.1.2 (/opt/ros/humble/share/rmw_implementation_cmake/cmake)
[2.068s] -- Found rmw_fastrtps_cpp: 6.2.6 (/opt/ros/humble/share/rmw_fastrtps_cpp/cmake)
[2.285s] -- Found OpenSSL: /usr/lib/x86_64-linux-gnu/libcrypto.so (found version "3.0.2")  
[2.355s] -- Found FastRTPS: /opt/ros/humble/include  
[2.449s] -- Using RMW implementation 'rmw_fastrtps_cpp' as default
[2.492s] -- Looking for pthread.h
[2.635s] -- Looking for pthread.h - found
[2.635s] -- Performing Test CMAKE_HAVE_LIBC_PTHREAD
[2.787s] -- Performing Test CMAKE_HAVE_LIBC_PTHREAD - Success
[2.787s] -- Found Threads: TRUE  
[3.178s] -- Found nav_msgs: 4.2.4 (/opt/ros/humble/share/nav_msgs/cmake)
[3.365s] -- Found rclcpp_components: 16.0.9 (/opt/ros/humble/share/rclcpp_components/cmake)
[3.479s] -- Found rtabmap_conversions: 0.21.5 (/home/student/ros2_ws/install/rtabmap_conversions/share/rtabmap_conversions/cmake)
[4.817s] -- Found Eigen3: TRUE (found version "3.4.0") 
[4.818s] -- Ensuring Eigen3 include directory is part of orocos-kdl CMake target
[4.890s] -- Checking for module 'eigen3'
[4.915s] --   Found eigen3, version 3.4.0
[5.009s] -- Found Eigen: /usr/include/eigen3 (Required is at least version "3.1") 
[5.009s] -- Eigen found (include: /usr/include/eigen3, version: 3.4.0)
[5.210s] -- Checking for module 'libusb-1.0'
[5.269s] --   Found libusb-1.0, version 1.0.25
[5.333s] -- Found libusb: /usr/lib/x86_64-linux-gnu/libusb-1.0.so  
[5.334s] -- OpenNI found (version: 1.5.4.0, include: /usr/include/ni, lib: /usr/lib/libOpenNI.so;libusb::libusb)
[5.452s] -- OpenNI2 found (version: 2.2.0.33, include: /usr/include/openni2, lib: /usr/lib/x86_64-linux-gnu/libOpenNI2.so;libusb::libusb)
[7.289s] -- Eigen found (include: /usr/include/eigen3, version: 3.4.0)
[7.321s] -- Checking for module 'flann'
[7.366s] --   Found flann, version 1.9.1
[7.446s] -- Found FLANN: /usr/lib/x86_64-linux-gnu/libflann_cpp.so  
[7.447s] -- FLANN found (include: /usr/include, lib: /usr/lib/x86_64-linux-gnu/libflann_cpp.so)
[7.460s] -- Found Qhull version 8.0.2
[8.392s] -- OpenNI found (version: 1.5.4.0, include: /usr/include/ni, lib: /usr/lib/libOpenNI.so;libusb::libusb)
[8.405s] -- OpenNI2 found (version: 2.2.0.33, include: /usr/include/openni2, lib: /usr/lib/x86_64-linux-gnu/libOpenNI2.so;libusb::libusb)
[8.741s] -- Found PCL_COMMON: /usr/lib/x86_64-linux-gnu/libpcl_common.so  
[8.742s] -- Found PCL_OCTREE: /usr/lib/x86_64-linux-gnu/libpcl_octree.so  
[8.746s] -- Found PCL_IO: /usr/lib/x86_64-linux-gnu/libpcl_io.so  
[8.746s] -- Found PCL_KDTREE: /usr/lib/x86_64-linux-gnu/libpcl_kdtree.so  
[8.751s] -- Found PCL_SEARCH: /usr/lib/x86_64-linux-gnu/libpcl_search.so  
[8.751s] -- Found PCL_SURFACE: /usr/lib/x86_64-linux-gnu/libpcl_surface.so  
[8.752s] -- Found PCL_FILTERS: /usr/lib/x86_64-linux-gnu/libpcl_filters.so  
[8.753s] -- Found PCL_2D: /usr/include/pcl-1.12  
[8.755s] -- Found PCL_FEATURES: /usr/lib/x86_64-linux-gnu/libpcl_features.so  
[8.758s] -- Found PCL_REGISTRATION: /usr/lib/x86_64-linux-gnu/libpcl_registration.so  
[8.760s] -- Found PCL_SAMPLE_CONSENSUS: /usr/lib/x86_64-linux-gnu/libpcl_sample_consensus.so  
[8.761s] -- Found PCL_GEOMETRY: /usr/include/pcl-1.12  
[8.763s] -- Found PCL_ML: /usr/lib/x86_64-linux-gnu/libpcl_ml.so  
[8.765s] -- Found PCL_SEGMENTATION: /usr/lib/x86_64-linux-gnu/libpcl_segmentation.so  
[8.768s] -- Found PCL_VISUALIZATION: /usr/lib/x86_64-linux-gnu/libpcl_visualization.so  
[8.831s] -- Found diagnostic_updater: 4.0.0 (/opt/ros/humble/share/diagnostic_updater/cmake)
[8.960s] -- RTABMAP_SYNC_MULTI_RGBD = OFF
[8.960s] -- RTABMAP_SYNC_USER_DATA  = OFF
[9.184s] -- Configuring done
[9.483s] -- Generating done
[9.490s] -- Build files have been written to: /home/student/ros2_ws/build/rtabmap_sync
[9.543s] Invoked command in '/home/student/ros2_ws/build/rtabmap_sync' returned '0': AMENT_PREFIX_PATH=/home/student/ros2_ws/install/rtabmap_conversions:/home/student/ros2_ws/install/rtabmap_msgs:${AMENT_PREFIX_PATH} CMAKE_PREFIX_PATH=/home/student/ros2_ws/install/rtabmap_conversions:/home/student/ros2_ws/install/rtabmap_msgs:/home/student/ros2_ws/install/rtabmap:/home/student/ros2_ws/install/turtlesim:/home/student/ros2_ws/install/turtlebot3:/home/student/ros2_ws/install/turtlebot3_state_estimation:/home/student/ros2_ws/install/turtlebot3_simulations:/home/student/ros2_ws/install/turtlebot3_bringup:/home/student/ros2_ws/install/turtlebot3_node:/home/student/ros2_ws/install/turtlebot3_navigation2:/home/student/ros2_ws/install/turtlebot3_fake_node:/home/student/ros2_ws/install/turtlebot3_msgs:/home/student/ros2_ws/install/turtlebot3_gazebo:/home/student/ros2_ws/install/turtlebot3_description:/home/student/ros2_ws/install/turtlebot3_cartographer:/home/student/ros2_ws/install/scan_to_image_localizer:/home/student/ros2_ws/install/scan_matching_localiser:/home/student/ros2_ws/install/robot_localization:/home/student/ros2_ws/install/laser_scan_nth_pkg:/home/student/ros2_ws/install/laser_processor_pkg:/home/student/ros2_ws/install/image_modifier_pkg:/home/student/ros2_ws/install/dynamixel_sdk_examples:/home/student/ros2_ws/install/dynamixel_sdk_custom_interfaces:/home/student/ros2_ws/install/dynamixel_sdk:/home/student/ros2_ws/install/cpp_pubsub:/home/student/install/scan_to_image_localizer:/home/student/install/scan_matching_localiser:/home/student/ros2_ws/install/turtlebot3_teleop:/home/student/ros2_ws/install/turtlebot3_example:/opt/ros/humble LD_LIBRARY_PATH=/home/student/ros2_ws/install/rtabmap_conversions/lib:/home/student/ros2_ws/install/rtabmap_msgs/lib:/home/student/ros2_ws/install/rtabmap/lib:/home/student/ros2_ws/install/turtlesim/lib:/home/student/ros2_ws/install/turtlebot3_msgs/lib:/home/student/ros2_ws/install/robot_localization/lib:/home/student/ros2_ws/install/dynamixel_sdk_custom_interfaces/lib:/home/student/ros2_ws/install/dynamixel_sdk/lib:/usr/lib/x86_64-linux-gnu/gazebo-11/plugins:/opt/ros/humble/opt/rviz_ogre_vendor/lib:/opt/ros/humble/lib/x86_64-linux-gnu:/opt/ros/humble/lib:/usr/lib/x86_64-linux-gnu/gazebo-11/plugins:/usr/lib/x86_64-linux-gnu/gazebo-11/plugins:/usr/lib/x86_64-linux-gnu/gazebo-11/plugins PATH=/home/student/ros2_ws/install/rtabmap/bin:${PATH} PKG_CONFIG_PATH=/home/student/ros2_ws/install/rtabmap/lib/x86_64-linux-gnu/pkgconfig:/home/student/ros2_ws/install/rtabmap/lib/pkgconfig PYTHONPATH=/home/student/ros2_ws/install/rtabmap_msgs/local/lib/python3.10/dist-packages:${PYTHONPATH} /usr/bin/cmake /home/student/ros2_ws/src/rtabmap_ros/rtabmap_sync -DCMAKE_BUILD_TYPE=Release -DAMENT_CMAKE_SYMLINK_INSTALL=1 -DCMAKE_INSTALL_PREFIX=/home/student/ros2_ws/install/rtabmap_sync
[9.546s] Invoking command in '/home/student/ros2_ws/build/rtabmap_sync': AMENT_PREFIX_PATH=/home/student/ros2_ws/install/rtabmap_conversions:/home/student/ros2_ws/install/rtabmap_msgs:${AMENT_PREFIX_PATH} CMAKE_PREFIX_PATH=/home/student/ros2_ws/install/rtabmap_conversions:/home/student/ros2_ws/install/rtabmap_msgs:/home/student/ros2_ws/install/rtabmap:/home/student/ros2_ws/install/turtlesim:/home/student/ros2_ws/install/turtlebot3:/home/student/ros2_ws/install/turtlebot3_state_estimation:/home/student/ros2_ws/install/turtlebot3_simulations:/home/student/ros2_ws/install/turtlebot3_bringup:/home/student/ros2_ws/install/turtlebot3_node:/home/student/ros2_ws/install/turtlebot3_navigation2:/home/student/ros2_ws/install/turtlebot3_fake_node:/home/student/ros2_ws/install/turtlebot3_msgs:/home/student/ros2_ws/install/turtlebot3_gazebo:/home/student/ros2_ws/install/turtlebot3_description:/home/student/ros2_ws/install/turtlebot3_cartographer:/home/student/ros2_ws/install/scan_to_image_localizer:/home/student/ros2_ws/install/scan_matching_localiser:/home/student/ros2_ws/install/robot_localization:/home/student/ros2_ws/install/laser_scan_nth_pkg:/home/student/ros2_ws/install/laser_processor_pkg:/home/student/ros2_ws/install/image_modifier_pkg:/home/student/ros2_ws/install/dynamixel_sdk_examples:/home/student/ros2_ws/install/dynamixel_sdk_custom_interfaces:/home/student/ros2_ws/install/dynamixel_sdk:/home/student/ros2_ws/install/cpp_pubsub:/home/student/install/scan_to_image_localizer:/home/student/install/scan_matching_localiser:/home/student/ros2_ws/install/turtlebot3_teleop:/home/student/ros2_ws/install/turtlebot3_example:/opt/ros/humble LD_LIBRARY_PATH=/home/student/ros2_ws/install/rtabmap_conversions/lib:/home/student/ros2_ws/install/rtabmap_msgs/lib:/home/student/ros2_ws/install/rtabmap/lib:/home/student/ros2_ws/install/turtlesim/lib:/home/student/ros2_ws/install/turtlebot3_msgs/lib:/home/student/ros2_ws/install/robot_localization/lib:/home/student/ros2_ws/install/dynamixel_sdk_custom_interfaces/lib:/home/student/ros2_ws/install/dynamixel_sdk/lib:/usr/lib/x86_64-linux-gnu/gazebo-11/plugins:/opt/ros/humble/opt/rviz_ogre_vendor/lib:/opt/ros/humble/lib/x86_64-linux-gnu:/opt/ros/humble/lib:/usr/lib/x86_64-linux-gnu/gazebo-11/plugins:/usr/lib/x86_64-linux-gnu/gazebo-11/plugins:/usr/lib/x86_64-linux-gnu/gazebo-11/plugins PATH=/home/student/ros2_ws/install/rtabmap/bin:${PATH} PKG_CONFIG_PATH=/home/student/ros2_ws/install/rtabmap/lib/x86_64-linux-gnu/pkgconfig:/home/student/ros2_ws/install/rtabmap/lib/pkgconfig PYTHONPATH=/home/student/ros2_ws/install/rtabmap_msgs/local/lib/python3.10/dist-packages:${PYTHONPATH} /usr/bin/cmake --build /home/student/ros2_ws/build/rtabmap_sync
[9.677s] [  8%] [32mBuilding CXX object CMakeFiles/rtabmap_sync.dir/src/impl/CommonDataSubscriberDepth.cpp.o[0m
[9.677s] [ 13%] [32mBuilding CXX object CMakeFiles/rtabmap_sync_plugins.dir/src/nodelets/stereo_sync.cpp.o[0m
[9.677s] [ 13%] [32mBuilding CXX object CMakeFiles/rtabmap_sync.dir/src/impl/CommonDataSubscriberStereo.cpp.o[0m
[9.681s] [ 17%] [32mBuilding CXX object CMakeFiles/rtabmap_sync.dir/src/CommonDataSubscriber.cpp.o[0m
[9.684s] [ 21%] [32mBuilding CXX object CMakeFiles/rtabmap_sync_plugins.dir/src/nodelets/rgbd_sync.cpp.o[0m
[9.685s] [ 26%] [32mBuilding CXX object CMakeFiles/rtabmap_sync_plugins.dir/src/nodelets/rgbdx_sync.cpp.o[0m
