[0.082s] Invoking command in '/home/student/ros2_ws/build/rtabmap': CMAKE_PREFIX_PATH=${CMAKE_PREFIX_PATH}:/home/student/ros2_ws/install/turtlebot3_teleop:/home/student/ros2_ws/install/turtlebot3_example:/home/student/ros2_ws/install/rtabmap_python:/opt/ros/humble /usr/bin/cmake --build /home/student/ros2_ws/build/rtabmap -- -j8 -l8
[0.762s] [  5%] Built target rtabmap_utilite
[0.881s] [  6%] Built target res_tool
[1.926s] [35m[1mConsolidate compiler generated dependencies of target rtabmap_core[0m
[2.993s] [ 57%] Built target rtabmap_core
[3.029s] [35m[1mConsolidate compiler generated dependencies of target imagesJoiner[0m
[3.033s] [35m[1mConsolidate compiler generated dependencies of target extractObject[0m
[3.075s] [ 58%] Built target imagesJoiner
[3.076s] [35m[1mConsolidate compiler generated dependencies of target kitti_dataset[0m
[3.076s] [35m[1mConsolidate compiler generated dependencies of target consoleApp[0m
[3.078s] [35m[1mConsolidate compiler generated dependencies of target camera[0m
[3.080s] [35m[1mConsolidate compiler generated dependencies of target rgbd_dataset[0m
[3.080s] [35m[1mConsolidate compiler generated dependencies of target stereoEval[0m
[3.100s] [ 59%] Built target extractObject
[3.102s] [ 59%] [34m[1mAutomatic MOC and UIC for target rtabmap_gui[0m
[3.124s] [ 60%] Built target kitti_dataset
[3.124s] [ 61%] Built target camera
[3.125s] [ 60%] Built target consoleApp
[3.131s] [35m[1mConsolidate compiler generated dependencies of target euroc_dataset[0m
[3.131s] [ 62%] Built target stereoEval
[3.141s] [ 63%] Built target rgbd_dataset
[3.154s] [35m[1mConsolidate compiler generated dependencies of target recovery[0m
[3.173s] [35m[1mConsolidate compiler generated dependencies of target detectMoreLoopClosures[0m
[3.175s] [35m[1mConsolidate compiler generated dependencies of target export[0m
[3.181s] [35m[1mConsolidate compiler generated dependencies of target reprocess[0m
[3.185s] [35m[1mConsolidate compiler generated dependencies of target info[0m
[3.198s] [ 64%] Built target recovery
[3.199s] [ 64%] Built target euroc_dataset
[3.228s] [35m[1mConsolidate compiler generated dependencies of target cleanupLocalGrids[0m
[3.245s] [35m[1mConsolidate compiler generated dependencies of target globalBundleAdjustment[0m
[3.270s] [35m[1mConsolidate compiler generated dependencies of target lidar_viewer[0m
[3.270s] [ 65%] Built target detectMoreLoopClosures
[3.271s] [ 65%] Built target info
[3.283s] [ 66%] Built target reprocess
[3.301s] [ 67%] Built target export
[3.309s] [ 68%] Built target cleanupLocalGrids
[3.335s] [ 69%] Built target globalBundleAdjustment
[3.373s] [ 69%] Built target rtabmap_gui_autogen
[3.373s] [ 70%] Built target lidar_viewer
[3.637s] [35m[1mConsolidate compiler generated dependencies of target rtabmap_gui[0m
[3.965s] [ 86%] Built target rtabmap_gui
[3.967s] [35m[1mConsolidate compiler generated dependencies of target databaseViewer[0m
[3.967s] [35m[1mConsolidate compiler generated dependencies of target rgbd_camera[0m
[3.967s] [35m[1mConsolidate compiler generated dependencies of target epipolar_geometry[0m
[3.967s] [35m[1mConsolidate compiler generated dependencies of target report[0m
[3.968s] [35m[1mConsolidate compiler generated dependencies of target rtabmap_app[0m
[3.968s] [35m[1mConsolidate compiler generated dependencies of target calibration[0m
[3.968s] [35m[1mConsolidate compiler generated dependencies of target odometryViewer[0m
[3.968s] [35m[1mConsolidate compiler generated dependencies of target dataRecorder[0m
[4.002s] [ 86%] Built target report
[4.017s] [ 87%] Built target databaseViewer
[4.017s] [ 88%] Built target epipolar_geometry
[4.026s] [ 89%] Built target odometryViewer
[4.026s] [ 90%] Built target rgbd_camera
[4.028s] [ 91%] Built target rtabmap_app
[4.057s] [35m[1mConsolidate compiler generated dependencies of target bow_mapping[0m
[4.057s] [ 92%] Built target dataRecorder
[4.059s] [35m[1mConsolidate compiler generated dependencies of target matcher[0m
[4.059s] [ 93%] Built target calibration
[4.104s] [ 94%] [34m[1mAutomatic MOC and UIC for target lidar_mapping[0m
[4.128s] [ 94%] [34m[1mAutomatic MOC and UIC for target noEventsExample[0m
[4.128s] [ 94%] [34m[1mAutomatic MOC and UIC for target rgbd_mapping[0m
[4.129s] [ 95%] [34m[1mAutomatic MOC and UIC for target wifi_mapping[0m
[4.134s] [ 95%] Built target matcher
[4.136s] [ 95%] Built target bow_mapping
[4.167s] [ 95%] Built target rgbd_mapping_autogen
[4.170s] [ 95%] Built target lidar_mapping_autogen
[4.172s] [ 95%] Built target noEventsExample_autogen
[4.179s] [ 95%] Built target wifi_mapping_autogen
[4.231s] [35m[1mConsolidate compiler generated dependencies of target rgbd_mapping[0m
[4.233s] [35m[1mConsolidate compiler generated dependencies of target noEventsExample[0m
[4.243s] [35m[1mConsolidate compiler generated dependencies of target wifi_mapping[0m
[4.243s] [35m[1mConsolidate compiler generated dependencies of target lidar_mapping[0m
[4.328s] [ 96%] Built target rgbd_mapping
[4.344s] [ 97%] Built target wifi_mapping
[4.344s] [ 99%] Built target noEventsExample
[4.381s] [100%] Built target lidar_mapping
[4.427s] Invoked command in '/home/student/ros2_ws/build/rtabmap' returned '0': CMAKE_PREFIX_PATH=${CMAKE_PREFIX_PATH}:/home/student/ros2_ws/install/turtlebot3_teleop:/home/student/ros2_ws/install/turtlebot3_example:/home/student/ros2_ws/install/rtabmap_python:/opt/ros/humble /usr/bin/cmake --build /home/student/ros2_ws/build/rtabmap -- -j8 -l8
[4.639s] Invoking command in '/home/student/ros2_ws/build/rtabmap': CMAKE_PREFIX_PATH=${CMAKE_PREFIX_PATH}:/home/student/ros2_ws/install/turtlebot3_teleop:/home/student/ros2_ws/install/turtlebot3_example:/home/student/ros2_ws/install/rtabmap_python:/opt/ros/humble /usr/bin/cmake --install /home/student/ros2_ws/build/rtabmap
[4.660s] -- Install configuration: "Release"
[4.664s] -- Up-to-date: /home/student/ros2_ws/install/rtabmap/lib/librtabmap_utilite.so.0.21.6
[4.664s] -- Up-to-date: /home/student/ros2_ws/install/rtabmap/lib/librtabmap_utilite.so.0.21
[4.664s] -- Up-to-date: /home/student/ros2_ws/install/rtabmap/lib/librtabmap_utilite.so
[4.664s] -- Up-to-date: /home/student/ros2_ws/install/rtabmap/include/rtabmap-0.21/rtabmap
[4.664s] -- Up-to-date: /home/student/ros2_ws/install/rtabmap/include/rtabmap-0.21/rtabmap/utilite
[4.664s] -- Up-to-date: /home/student/ros2_ws/install/rtabmap/include/rtabmap-0.21/rtabmap/utilite/UObjDeletionThread.h
[4.664s] -- Up-to-date: /home/student/ros2_ws/install/rtabmap/include/rtabmap-0.21/rtabmap/utilite/UFile.h
[4.664s] -- Up-to-date: /home/student/ros2_ws/install/rtabmap/include/rtabmap-0.21/rtabmap/utilite/Win32
[4.665s] -- Up-to-date: /home/student/ros2_ws/install/rtabmap/include/rtabmap-0.21/rtabmap/utilite/Win32/UWin32.h
[4.665s] -- Up-to-date: /home/student/ros2_ws/install/rtabmap/include/rtabmap-0.21/rtabmap/utilite/Win32/UThreadC.h
[4.665s] -- Up-to-date: /home/student/ros2_ws/install/rtabmap/include/rtabmap-0.21/rtabmap/utilite/Posix
[4.665s] -- Up-to-date: /home/student/ros2_ws/install/rtabmap/include/rtabmap-0.21/rtabmap/utilite/Posix/UThreadC.h
[4.665s] -- Up-to-date: /home/student/ros2_ws/install/rtabmap/include/rtabmap-0.21/rtabmap/utilite/USemaphore.h
[4.665s] -- Up-to-date: /home/student/ros2_ws/install/rtabmap/include/rtabmap-0.21/rtabmap/utilite/UConversion.h
[4.665s] -- Up-to-date: /home/student/ros2_ws/install/rtabmap/include/rtabmap-0.21/rtabmap/utilite/UMutex.h
[4.665s] -- Up-to-date: /home/student/ros2_ws/install/rtabmap/include/rtabmap-0.21/rtabmap/utilite/UtiLite.h
[4.665s] -- Up-to-date: /home/student/ros2_ws/install/rtabmap/include/rtabmap-0.21/rtabmap/utilite/UThreadC.h
[4.665s] -- Up-to-date: /home/student/ros2_ws/install/rtabmap/include/rtabmap-0.21/rtabmap/utilite/UEventsHandler.h
[4.666s] -- Up-to-date: /home/student/ros2_ws/install/rtabmap/include/rtabmap-0.21/rtabmap/utilite/UVariant.h
[4.666s] -- Up-to-date: /home/student/ros2_ws/install/rtabmap/include/rtabmap-0.21/rtabmap/utilite/UThread.h
[4.666s] -- Up-to-date: /home/student/ros2_ws/install/rtabmap/include/rtabmap-0.21/rtabmap/utilite/UDestroyer.h
[4.666s] -- Up-to-date: /home/student/ros2_ws/install/rtabmap/include/rtabmap-0.21/rtabmap/utilite/UEventsSender.h
[4.666s] -- Up-to-date: /home/student/ros2_ws/install/rtabmap/include/rtabmap-0.21/rtabmap/utilite/UDirectory.h
[4.666s] -- Up-to-date: /home/student/ros2_ws/install/rtabmap/include/rtabmap-0.21/rtabmap/utilite/UTimer.h
[4.666s] -- Up-to-date: /home/student/ros2_ws/install/rtabmap/include/rtabmap-0.21/rtabmap/utilite/UStl.h
[4.666s] -- Up-to-date: /home/student/ros2_ws/install/rtabmap/include/rtabmap-0.21/rtabmap/utilite/UThreadNode.h
[4.666s] -- Up-to-date: /home/student/ros2_ws/install/rtabmap/include/rtabmap-0.21/rtabmap/utilite/ULogger.h
[4.666s] -- Up-to-date: /home/student/ros2_ws/install/rtabmap/include/rtabmap-0.21/rtabmap/utilite/UEventsManager.h
[4.667s] -- Up-to-date: /home/student/ros2_ws/install/rtabmap/include/rtabmap-0.21/rtabmap/utilite/UException.h
[4.667s] -- Up-to-date: /home/student/ros2_ws/install/rtabmap/include/rtabmap-0.21/rtabmap/utilite/UEvent.h
[4.667s] -- Up-to-date: /home/student/ros2_ws/install/rtabmap/include/rtabmap-0.21/rtabmap/utilite/UMath.h
[4.667s] -- Up-to-date: /home/student/ros2_ws/install/rtabmap/include/rtabmap-0.21/rtabmap/utilite/UProcessInfo.h
[4.667s] -- Up-to-date: /home/student/ros2_ws/install/rtabmap/include/rtabmap-0.21/rtabmap
[4.671s] -- Up-to-date: /home/student/ros2_ws/install/rtabmap/include/rtabmap-0.21/rtabmap/utilite
[4.675s] -- Up-to-date: /home/student/ros2_ws/install/rtabmap/include/rtabmap-0.21/rtabmap/utilite/utilite_export.h
[4.675s] -- Up-to-date: /home/student/ros2_ws/install/rtabmap/lib/rtabmap-0.21/RTABMap_utiliteTargets.cmake
[4.675s] -- Up-to-date: /home/student/ros2_ws/install/rtabmap/lib/rtabmap-0.21/RTABMap_utiliteTargets-release.cmake
[4.681s] -- Up-to-date: /home/student/ros2_ws/install/rtabmap/bin/rtabmap-res_tool-0.3.0
[4.681s] -- Up-to-date: /home/student/ros2_ws/install/rtabmap/bin/rtabmap-res_tool
[4.701s] -- Up-to-date: /home/student/ros2_ws/install/rtabmap/lib/librtabmap_core.so.0.21.6
[4.704s] -- Up-to-date: /home/student/ros2_ws/install/rtabmap/lib/librtabmap_core.so.0.21
[4.704s] -- Up-to-date: /home/student/ros2_ws/install/rtabmap/lib/librtabmap_core.so
[4.704s] -- Up-to-date: /home/student/ros2_ws/install/rtabmap/include/rtabmap-0.21/rtabmap
[4.705s] -- Up-to-date: /home/student/ros2_ws/install/rtabmap/include/rtabmap-0.21/rtabmap/core
[4.705s] -- Up-to-date: /home/student/ros2_ws/install/rtabmap/include/rtabmap-0.21/rtabmap/core/Compression.h
[4.705s] -- Up-to-date: /home/student/ros2_ws/install/rtabmap/include/rtabmap-0.21/rtabmap/core/LocalGridMaker.h
[4.705s] -- Up-to-date: /home/student/ros2_ws/install/rtabmap/include/rtabmap-0.21/rtabmap/core/util3d_surface.h
[4.705s] -- Up-to-date: /home/student/ros2_ws/install/rtabmap/include/rtabmap-0.21/rtabmap/core/LocalGrid.h
[4.705s] -- Up-to-date: /home/student/ros2_ws/install/rtabmap/include/rtabmap-0.21/rtabmap/core/RtabmapThread.h
[4.705s] -- Up-to-date: /home/student/ros2_ws/install/rtabmap/include/rtabmap-0.21/rtabmap/core/MarkerDetector.h
[4.705s] -- Up-to-date: /home/student/ros2_ws/install/rtabmap/include/rtabmap-0.21/rtabmap/core/Lidar.h
[4.705s] -- Up-to-date: /home/student/ros2_ws/install/rtabmap/include/rtabmap-0.21/rtabmap/core/LaserScan.h
[4.705s] -- Up-to-date: /home/student/ros2_ws/install/rtabmap/include/rtabmap-0.21/rtabmap/core/CameraInfo.h
[4.705s] -- Up-to-date: /home/student/ros2_ws/install/rtabmap/include/rtabmap-0.21/rtabmap/core/FlannIndex.h
[4.705s] -- Up-to-date: /home/student/ros2_ws/install/rtabmap/include/rtabmap-0.21/rtabmap/core/Memory.h
[4.706s] -- Up-to-date: /home/student/ros2_ws/install/rtabmap/include/rtabmap-0.21/rtabmap/core/SensorCapture.h
[4.706s] -- Up-to-date: /home/student/ros2_ws/install/rtabmap/include/rtabmap-0.21/rtabmap/core/util3d.h
[4.706s] -- Up-to-date: /home/student/ros2_ws/install/rtabmap/include/rtabmap-0.21/rtabmap/core/CameraThread.h
[4.706s] -- Up-to-date: /home/student/ros2_ws/install/rtabmap/include/rtabmap-0.21/rtabmap/core/StereoDense.h
[4.706s] -- Up-to-date: /home/student/ros2_ws/install/rtabmap/include/rtabmap-0.21/rtabmap/core/util3d_filtering.h
[4.706s] -- Up-to-date: /home/student/ros2_ws/install/rtabmap/include/rtabmap-0.21/rtabmap/core/ProgressState.h
[4.706s] -- Up-to-date: /home/student/ros2_ws/install/rtabmap/include/rtabmap-0.21/rtabmap/core/GlobalDescriptor.h
[4.706s] -- Up-to-date: /home/student/ros2_ws/install/rtabmap/include/rtabmap-0.21/rtabmap/core/SensorCaptureInfo.h
[4.706s] -- Up-to-date: /home/student/ros2_ws/install/rtabmap/include/rtabmap-0.21/rtabmap/core/EnvSensor.h
[4.706s] -- Up-to-date: /home/student/ros2_ws/install/rtabmap/include/rtabmap-0.21/rtabmap/core/PythonInterface.h
[4.707s] -- Up-to-date: /home/student/ros2_ws/install/rtabmap/include/rtabmap-0.21/rtabmap/core/Stereo.h
[4.707s] -- Up-to-date: /home/student/ros2_ws/install/rtabmap/include/rtabmap-0.21/rtabmap/core/CameraRGB.h
[4.707s] -- Up-to-date: /home/student/ros2_ws/install/rtabmap/include/rtabmap-0.21/rtabmap/core/Features2d.h
[4.707s] -- Up-to-date: /home/student/ros2_ws/install/rtabmap/include/rtabmap-0.21/rtabmap/core/ParamEvent.h
[4.707s] -- Up-to-date: /home/student/ros2_ws/install/rtabmap/include/rtabmap-0.21/rtabmap/core/Camera.h
[4.713s] -- Up-to-date: /home/student/ros2_ws/install/rtabmap/include/rtabmap-0.21/rtabmap/core/GPS.h
[4.713s] -- Up-to-date: /home/student/ros2_ws/install/rtabmap/include/rtabmap-0.21/rtabmap/core/PDALWriter.h
[4.713s] -- Up-to-date: /home/student/ros2_ws/install/rtabmap/include/rtabmap-0.21/rtabmap/core/util3d_features.h
[4.713s] -- Up-to-date: /home/student/ros2_ws/install/rtabmap/include/rtabmap-0.21/rtabmap/core/CameraRGBD.h
[4.713s] -- Up-to-date: /home/student/ros2_ws/install/rtabmap/include/rtabmap-0.21/rtabmap/core/Transform.h
[4.713s] -- Up-to-date: /home/student/ros2_ws/install/rtabmap/include/rtabmap-0.21/rtabmap/core/camera
[4.713s] -- Up-to-date: /home/student/ros2_ws/install/rtabmap/include/rtabmap-0.21/rtabmap/core/camera/CameraStereoImages.h
[4.713s] -- Up-to-date: /home/student/ros2_ws/install/rtabmap/include/rtabmap-0.21/rtabmap/core/camera/CameraVideo.h
[4.713s] -- Up-to-date: /home/student/ros2_ws/install/rtabmap/include/rtabmap-0.21/rtabmap/core/camera/CameraK4W2.h
[4.714s] -- Up-to-date: /home/student/ros2_ws/install/rtabmap/include/rtabmap-0.21/rtabmap/core/camera/CameraOpenNICV.h
[4.714s] -- Up-to-date: /home/student/ros2_ws/install/rtabmap/include/rtabmap-0.21/rtabmap/core/camera/CameraImages.h
[4.714s] -- Up-to-date: /home/student/ros2_ws/install/rtabmap/include/rtabmap-0.21/rtabmap/core/camera/CameraSeerSense.h
[4.714s] -- Up-to-date: /home/student/ros2_ws/install/rtabmap/include/rtabmap-0.21/rtabmap/core/camera/CameraRGBDImages.h
[4.714s] -- Up-to-date: /home/student/ros2_ws/install/rtabmap/include/rtabmap-0.21/rtabmap/core/camera/CameraStereoZedOC.h
[4.714s] -- Up-to-date: /home/student/ros2_ws/install/rtabmap/include/rtabmap-0.21/rtabmap/core/camera/CameraRealSense2.h
[4.716s] -- Up-to-date: /home/student/ros2_ws/install/rtabmap/include/rtabmap-0.21/rtabmap/core/camera/CameraFreenect2.h
[4.716s] -- Up-to-date: /home/student/ros2_ws/install/rtabmap/include/rtabmap-0.21/rtabmap/core/camera/CameraDepthAI.h
[4.716s] -- Up-to-date: /home/student/ros2_ws/install/rtabmap/include/rtabmap-0.21/rtabmap/core/camera/CameraStereoDC1394.h
[4.716s] -- Up-to-date: /home/student/ros2_ws/install/rtabmap/include/rtabmap-0.21/rtabmap/core/camera/CameraMyntEye.h
[4.716s] -- Up-to-date: /home/student/ros2_ws/install/rtabmap/include/rtabmap-0.21/rtabmap/core/camera/CameraStereoZed.h
[4.716s] -- Up-to-date: /home/student/ros2_ws/install/rtabmap/include/rtabmap-0.21/rtabmap/core/camera/CameraRealSense.h
[4.716s] -- Up-to-date: /home/student/ros2_ws/install/rtabmap/include/rtabmap-0.21/rtabmap/core/camera/CameraOpenni.h
[4.716s] -- Up-to-date: /home/student/ros2_ws/install/rtabmap/include/rtabmap-0.21/rtabmap/core/camera/CameraK4A.h
[4.716s] -- Up-to-date: /home/student/ros2_ws/install/rtabmap/include/rtabmap-0.21/rtabmap/core/camera/CameraOpenNI2.h
[4.716s] -- Up-to-date: /home/student/ros2_ws/install/rtabmap/include/rtabmap-0.21/rtabmap/core/camera/CameraFreenect.h
[4.716s] -- Up-to-date: /home/student/ros2_ws/install/rtabmap/include/rtabmap-0.21/rtabmap/core/camera/CameraStereoVideo.h
[4.716s] -- Up-to-date: /home/student/ros2_ws/install/rtabmap/include/rtabmap-0.21/rtabmap/core/camera/CameraStereoFlyCapture2.h
[4.716s] -- Up-to-date: /home/student/ros2_ws/install/rtabmap/include/rtabmap-0.21/rtabmap/core/camera/CameraStereoTara.h
[4.717s] -- Up-to-date: /home/student/ros2_ws/install/rtabmap/include/rtabmap-0.21/rtabmap/core/VWDictionary.h
[4.717s] -- Up-to-date: /home/student/ros2_ws/install/rtabmap/include/rtabmap-0.21/rtabmap/core/SensorData.h
[4.717s] -- Up-to-date: /home/student/ros2_ws/install/rtabmap/include/rtabmap-0.21/rtabmap/core/Statistics.h
[4.717s] -- Up-to-date: /home/student/ros2_ws/install/rtabmap/include/rtabmap-0.21/rtabmap/core/Recovery.h
[4.717s] -- Up-to-date: /home/student/ros2_ws/install/rtabmap/include/rtabmap-0.21/rtabmap/core/IMU.h
[4.717s] -- Up-to-date: /home/student/ros2_ws/install/rtabmap/include/rtabmap-0.21/rtabmap/core/IMUThread.h
[4.717s] -- Up-to-date: /home/student/ros2_ws/install/rtabmap/include/rtabmap-0.21/rtabmap/core/OctoMap.h
[4.717s] -- Up-to-date: /home/student/ros2_ws/install/rtabmap/include/rtabmap-0.21/rtabmap/core/StereoCameraModel.h
[4.717s] -- Up-to-date: /home/student/ros2_ws/install/rtabmap/include/rtabmap-0.21/rtabmap/core/util3d_motion_estimation.h
[4.717s] -- Up-to-date: /home/student/ros2_ws/install/rtabmap/include/rtabmap-0.21/rtabmap/core/OdometryInfo.h
[4.718s] -- Up-to-date: /home/student/ros2_ws/install/rtabmap/include/rtabmap-0.21/rtabmap/core/Odometry.h
[4.718s] -- Up-to-date: /home/student/ros2_ws/install/rtabmap/include/rtabmap-0.21/rtabmap/core/RtabmapEvent.h
[4.718s] -- Up-to-date: /home/student/ros2_ws/install/rtabmap/include/rtabmap-0.21/rtabmap/core/optimizer
[4.718s] -- Up-to-date: /home/student/ros2_ws/install/rtabmap/include/rtabmap-0.21/rtabmap/core/optimizer/OptimizerTORO.h
[4.718s] -- Up-to-date: /home/student/ros2_ws/install/rtabmap/include/rtabmap-0.21/rtabmap/core/optimizer/OptimizerG2O.h
[4.718s] -- Up-to-date: /home/student/ros2_ws/install/rtabmap/include/rtabmap-0.21/rtabmap/core/optimizer/OptimizerCVSBA.h
[4.718s] -- Up-to-date: /home/student/ros2_ws/install/rtabmap/include/rtabmap-0.21/rtabmap/core/optimizer/OptimizerCeres.h
[4.718s] -- Up-to-date: /home/student/ros2_ws/install/rtabmap/include/rtabmap-0.21/rtabmap/core/optimizer/OptimizerGTSAM.h
[4.718s] -- Up-to-date: /home/student/ros2_ws/install/rtabmap/include/rtabmap-0.21/rtabmap/core/Parameters.h
[4.718s] -- Up-to-date: /home/student/ros2_ws/install/rtabmap/include/rtabmap-0.21/rtabmap/core/RegistrationVis.h
[4.718s] -- Up-to-date: /home/student/ros2_ws/install/rtabmap/include/rtabmap-0.21/rtabmap/core/DBDriver.h
[4.719s] -- Up-to-date: /home/student/ros2_ws/install/rtabmap/include/rtabmap-0.21/rtabmap/core/OdometryThread.h
[4.719s] -- Up-to-date: /home/student/ros2_ws/install/rtabmap/include/rtabmap-0.21/rtabmap/core/SensorEvent.h
[4.719s] -- Up-to-date: /home/student/ros2_ws/install/rtabmap/include/rtabmap-0.21/rtabmap/core/GeodeticCoords.h
[4.720s] -- Up-to-date: /home/student/ros2_ws/install/rtabmap/include/rtabmap-0.21/rtabmap/core/global_map
[4.720s] -- Up-to-date: /home/student/ros2_ws/install/rtabmap/include/rtabmap-0.21/rtabmap/core/global_map/CloudMap.h
[4.720s] -- Up-to-date: /home/student/ros2_ws/install/rtabmap/include/rtabmap-0.21/rtabmap/core/global_map/GridMap.h
[4.721s] -- Up-to-date: /home/student/ros2_ws/install/rtabmap/include/rtabmap-0.21/rtabmap/core/global_map/OctoMap.h
[4.721s] -- Up-to-date: /home/student/ros2_ws/install/rtabmap/include/rtabmap-0.21/rtabmap/core/global_map/OccupancyGrid.h
[4.721s] -- Up-to-date: /home/student/ros2_ws/install/rtabmap/include/rtabmap-0.21/rtabmap/core/util3d_correspondences.h
[4.721s] -- Up-to-date: /home/student/ros2_ws/install/rtabmap/include/rtabmap-0.21/rtabmap/core/VisualWord.h
[4.721s] -- Up-to-date: /home/student/ros2_ws/install/rtabmap/include/rtabmap-0.21/rtabmap/core/lidar
[4.721s] -- Up-to-date: /home/student/ros2_ws/install/rtabmap/include/rtabmap-0.21/rtabmap/core/lidar/LidarVLP16.h
[4.721s] -- Up-to-date: /home/student/ros2_ws/install/rtabmap/include/rtabmap-0.21/rtabmap/core/UserDataEvent.h
[4.722s] -- Up-to-date: /home/student/ros2_ws/install/rtabmap/include/rtabmap-0.21/rtabmap/core/DBDriverSqlite3.h
[4.722s] -- Up-to-date: /home/student/ros2_ws/install/rtabmap/include/rtabmap-0.21/rtabmap/core/RegistrationInfo.h
[4.722s] -- Up-to-date: /home/student/ros2_ws/install/rtabmap/include/rtabmap-0.21/rtabmap/core/BayesFilter.h
[4.722s] -- Up-to-date: /home/student/ros2_ws/install/rtabmap/include/rtabmap-0.21/rtabmap/core/stereo
[4.722s] -- Up-to-date: /home/student/ros2_ws/install/rtabmap/include/rtabmap-0.21/rtabmap/core/stereo/StereoBM.h
[4.722s] -- Up-to-date: /home/student/ros2_ws/install/rtabmap/include/rtabmap-0.21/rtabmap/core/stereo/StereoSGBM.h
[4.722s] -- Up-to-date: /home/student/ros2_ws/install/rtabmap/include/rtabmap-0.21/rtabmap/core/stereo/stereoRectifyFisheye.h
[4.722s] -- Up-to-date: /home/student/ros2_ws/install/rtabmap/include/rtabmap-0.21/rtabmap/core/SensorCaptureThread.h
[4.722s] -- Up-to-date: /home/student/ros2_ws/install/rtabmap/include/rtabmap-0.21/rtabmap/core/ParticleFilter.h
[4.723s] -- Up-to-date: /home/student/ros2_ws/install/rtabmap/include/rtabmap-0.21/rtabmap/core/Landmark.h
[4.723s] -- Up-to-date: /home/student/ros2_ws/install/rtabmap/include/rtabmap-0.21/rtabmap/core/OccupancyGrid.h
[4.723s] -- Up-to-date: /home/student/ros2_ws/install/rtabmap/include/rtabmap-0.21/rtabmap/core/GlobalDescriptorExtractor.h
[4.723s] -- Up-to-date: /home/student/ros2_ws/install/rtabmap/include/rtabmap-0.21/rtabmap/core/GlobalMap.h
[4.723s] -- Up-to-date: /home/student/ros2_ws/install/rtabmap/include/rtabmap-0.21/rtabmap/core/DBReader.h
[4.723s] -- Up-to-date: /home/student/ros2_ws/install/rtabmap/include/rtabmap-0.21/rtabmap/core/CameraStereo.h
[4.723s] -- Up-to-date: /home/student/ros2_ws/install/rtabmap/include/rtabmap-0.21/rtabmap/core/util3d_registration.h
[4.723s] -- Up-to-date: /home/student/ros2_ws/install/rtabmap/include/rtabmap-0.21/rtabmap/core/Graph.h
[4.723s] -- Up-to-date: /home/student/ros2_ws/install/rtabmap/include/rtabmap-0.21/rtabmap/core/util2d.h
[4.723s] -- Up-to-date: /home/student/ros2_ws/install/rtabmap/include/rtabmap-0.21/rtabmap/core/OdometryEvent.h
[4.723s] -- Up-to-date: /home/student/ros2_ws/install/rtabmap/include/rtabmap-0.21/rtabmap/core/GainCompensator.h
[4.724s] -- Up-to-date: /home/student/ros2_ws/install/rtabmap/include/rtabmap-0.21/rtabmap/core/util3d_mapping.h
[4.724s] -- Up-to-date: /home/student/ros2_ws/install/rtabmap/include/rtabmap-0.21/rtabmap/core/CameraEvent.h
[4.724s] -- Up-to-date: /home/student/ros2_ws/install/rtabmap/include/rtabmap-0.21/rtabmap/core/Registration.h
[4.724s] -- Up-to-date: /home/student/ros2_ws/install/rtabmap/include/rtabmap-0.21/rtabmap/core/Rtabmap.h
[4.724s] -- Up-to-date: /home/student/ros2_ws/install/rtabmap/include/rtabmap-0.21/rtabmap/core/EpipolarGeometry.h
[4.724s] -- Up-to-date: /home/student/ros2_ws/install/rtabmap/include/rtabmap-0.21/rtabmap/core/impl
[4.724s] -- Up-to-date: /home/student/ros2_ws/install/rtabmap/include/rtabmap-0.21/rtabmap/core/impl/LocalMapMaker.hpp
[4.724s] -- Up-to-date: /home/student/ros2_ws/install/rtabmap/include/rtabmap-0.21/rtabmap/core/impl/util3d_mapping.hpp
[4.724s] -- Up-to-date: /home/student/ros2_ws/install/rtabmap/include/rtabmap-0.21/rtabmap/core/impl/util3d_surface.hpp
[4.724s] -- Up-to-date: /home/student/ros2_ws/install/rtabmap/include/rtabmap-0.21/rtabmap/core/impl/util3d.hpp
[4.725s] -- Up-to-date: /home/student/ros2_ws/install/rtabmap/include/rtabmap-0.21/rtabmap/core/Image.h
[4.725s] -- Up-to-date: /home/student/ros2_ws/install/rtabmap/include/rtabmap-0.21/rtabmap/core/util3d_transforms.h
[4.725s] -- Up-to-date: /home/student/ros2_ws/install/rtabmap/include/rtabmap-0.21/rtabmap/core/CameraModel.h
[4.725s] -- Up-to-date: /home/student/ros2_ws/install/rtabmap/include/rtabmap-0.21/rtabmap/core/RegistrationIcp.h
[4.725s] -- Up-to-date: /home/student/ros2_ws/install/rtabmap/include/rtabmap-0.21/rtabmap/core/clams
[4.725s] -- Up-to-date: /home/student/ros2_ws/install/rtabmap/include/rtabmap-0.21/rtabmap/core/clams/frame_projector.h
[4.725s] -- Up-to-date: /home/student/ros2_ws/install/rtabmap/include/rtabmap-0.21/rtabmap/core/clams/slam_calibrator.h
[4.725s] -- Up-to-date: /home/student/ros2_ws/install/rtabmap/include/rtabmap-0.21/rtabmap/core/clams/discrete_depth_distortion_model.h
[4.725s] -- Up-to-date: /home/student/ros2_ws/install/rtabmap/include/rtabmap-0.21/rtabmap/core/IMUFilter.h
[4.725s] -- Up-to-date: /home/student/ros2_ws/install/rtabmap/include/rtabmap-0.21/rtabmap/core/Optimizer.h
[4.725s] -- Up-to-date: /home/student/ros2_ws/install/rtabmap/include/rtabmap-0.21/rtabmap/core/Signature.h
[4.726s] -- Up-to-date: /home/student/ros2_ws/install/rtabmap/include/rtabmap-0.21/rtabmap/core/Link.h
[4.726s] -- Up-to-date: /home/student/ros2_ws/install/rtabmap/include/rtabmap-0.21/rtabmap/core/odometry
[4.726s] -- Up-to-date: /home/student/ros2_ws/install/rtabmap/include/rtabmap-0.21/rtabmap/core/odometry/OdometryOkvis.h
[4.726s] -- Up-to-date: /home/student/ros2_ws/install/rtabmap/include/rtabmap-0.21/rtabmap/core/odometry/OdometryLOAM.h
[4.726s] -- Up-to-date: /home/student/ros2_ws/install/rtabmap/include/rtabmap-0.21/rtabmap/core/odometry/OdometryOpen3D.h
[4.726s] -- Up-to-date: /home/student/ros2_ws/install/rtabmap/include/rtabmap-0.21/rtabmap/core/odometry/OdometryMono.h
[4.726s] -- Up-to-date: /home/student/ros2_ws/install/rtabmap/include/rtabmap-0.21/rtabmap/core/odometry/OdometryOpenVINS.h
[4.726s] -- Up-to-date: /home/student/ros2_ws/install/rtabmap/include/rtabmap-0.21/rtabmap/core/odometry/OdometryMSCKF.h
[4.726s] -- Up-to-date: /home/student/ros2_ws/install/rtabmap/include/rtabmap-0.21/rtabmap/core/odometry/OdometryFovis.h
[4.727s] -- Up-to-date: /home/student/ros2_ws/install/rtabmap/include/rtabmap-0.21/rtabmap/core/odometry/OdometryViso2.h
[4.727s] -- Up-to-date: /home/student/ros2_ws/install/rtabmap/include/rtabmap-0.21/rtabmap/core/odometry/OdometryF2M.h
[4.727s] -- Up-to-date: /home/student/ros2_ws/install/rtabmap/include/rtabmap-0.21/rtabmap/core/odometry/OdometryORBSLAM3.h
[4.727s] -- Up-to-date: /home/student/ros2_ws/install/rtabmap/include/rtabmap-0.21/rtabmap/core/odometry/OdometryFLOAM.h
[4.727s] -- Up-to-date: /home/student/ros2_ws/install/rtabmap/include/rtabmap-0.21/rtabmap/core/odometry/OdometryDVO.h
[4.727s] -- Up-to-date: /home/student/ros2_ws/install/rtabmap/include/rtabmap-0.21/rtabmap/core/odometry/OdometryORBSLAM2.h
[4.727s] -- Up-to-date: /home/student/ros2_ws/install/rtabmap/include/rtabmap-0.21/rtabmap/core/odometry/OdometryF2F.h
[4.727s] -- Up-to-date: /home/student/ros2_ws/install/rtabmap/include/rtabmap-0.21/rtabmap/core/odometry/OdometryVINS.h
[4.727s] -- Up-to-date: /home/student/ros2_ws/install/rtabmap/include/rtabmap-0.21/rtabmap
[4.727s] -- Up-to-date: /home/student/ros2_ws/install/rtabmap/include/rtabmap-0.21/rtabmap/core
[4.728s] -- Up-to-date: /home/student/ros2_ws/install/rtabmap/include/rtabmap-0.21/rtabmap/core/Version.h
[4.728s] -- Up-to-date: /home/student/ros2_ws/install/rtabmap/include/rtabmap-0.21/rtabmap/core/rtabmap_core_export.h
[4.728s] -- Up-to-date: /home/student/ros2_ws/install/rtabmap/lib/rtabmap-0.21/RTABMap_coreTargets.cmake
[4.728s] -- Up-to-date: /home/student/ros2_ws/install/rtabmap/lib/rtabmap-0.21/RTABMap_coreTargets-release.cmake
[4.728s] -- Up-to-date: /home/student/ros2_ws/install/rtabmap/lib/librtabmap_gui.so.0.21.6
[4.728s] -- Up-to-date: /home/student/ros2_ws/install/rtabmap/lib/librtabmap_gui.so.0.21
[4.728s] -- Up-to-date: /home/student/ros2_ws/install/rtabmap/lib/librtabmap_gui.so
[4.728s] -- Up-to-date: /home/student/ros2_ws/install/rtabmap/include/rtabmap-0.21/rtabmap
[4.729s] -- Up-to-date: /home/student/ros2_ws/install/rtabmap/include/rtabmap-0.21/rtabmap/utilite
[4.729s] -- Up-to-date: /home/student/ros2_ws/install/rtabmap/include/rtabmap-0.21/rtabmap/utilite/UCv2Qt.h
[4.729s] -- Up-to-date: /home/student/ros2_ws/install/rtabmap/include/rtabmap-0.21/rtabmap/utilite/UImageView.h
[4.729s] -- Up-to-date: /home/student/ros2_ws/install/rtabmap/include/rtabmap-0.21/rtabmap/utilite/UPlot.h
[4.729s] -- Up-to-date: /home/student/ros2_ws/install/rtabmap/include/rtabmap-0.21/rtabmap/gui
[4.729s] -- Up-to-date: /home/student/ros2_ws/install/rtabmap/include/rtabmap-0.21/rtabmap/gui/ConsoleWidget.h
[4.730s] -- Up-to-date: /home/student/ros2_ws/install/rtabmap/include/rtabmap-0.21/rtabmap/gui/MultiSessionLocWidget.h
[4.730s] -- Up-to-date: /home/student/ros2_ws/install/rtabmap/include/rtabmap-0.21/rtabmap/gui/CameraViewer.h
[4.730s] -- Up-to-date: /home/student/ros2_ws/install/rtabmap/include/rtabmap-0.21/rtabmap/gui/ParametersToolBox.h
[4.730s] -- Up-to-date: /home/student/ros2_ws/install/rtabmap/include/rtabmap-0.21/rtabmap/gui/StatsToolBox.h
[4.730s] -- Up-to-date: /home/student/ros2_ws/install/rtabmap/include/rtabmap-0.21/rtabmap/gui/TexturingState.h
[4.730s] -- Up-to-date: /home/student/ros2_ws/install/rtabmap/include/rtabmap-0.21/rtabmap/gui/MapVisibilityWidget.h
[4.730s] -- Up-to-date: /home/student/ros2_ws/install/rtabmap/include/rtabmap-0.21/rtabmap/gui/MainWindow.h
[4.730s] -- Up-to-date: /home/student/ros2_ws/install/rtabmap/include/rtabmap-0.21/rtabmap/gui/PostProcessingDialog.h
[4.730s] -- Up-to-date: /home/student/ros2_ws/install/rtabmap/include/rtabmap-0.21/rtabmap/gui/ImageView.h
[4.730s] -- Up-to-date: /home/student/ros2_ws/install/rtabmap/include/rtabmap-0.21/rtabmap/gui/ExportCloudsDialog.h
[4.731s] -- Up-to-date: /home/student/ros2_ws/install/rtabmap/include/rtabmap-0.21/rtabmap/gui/CloudViewerInteractorStyle.h
[4.731s] -- Up-to-date: /home/student/ros2_ws/install/rtabmap/include/rtabmap-0.21/rtabmap/gui/CloudViewer.h
[4.731s] -- Up-to-date: /home/student/ros2_ws/install/rtabmap/include/rtabmap-0.21/rtabmap/gui/CloudViewerCellPicker.h
[4.731s] -- Up-to-date: /home/student/ros2_ws/install/rtabmap/include/rtabmap-0.21/rtabmap/gui/LoopClosureViewer.h
[4.731s] -- Up-to-date: /home/student/ros2_ws/install/rtabmap/include/rtabmap-0.21/rtabmap/gui/CreateSimpleCalibrationDialog.h
[4.731s] -- Up-to-date: /home/student/ros2_ws/install/rtabmap/include/rtabmap-0.21/rtabmap/gui/EditMapArea.h
[4.731s] -- Up-to-date: /home/student/ros2_ws/install/rtabmap/include/rtabmap-0.21/rtabmap/gui/AboutDialog.h
[4.731s] -- Up-to-date: /home/student/ros2_ws/install/rtabmap/include/rtabmap-0.21/rtabmap/gui/OdometryViewer.h
[4.731s] -- Up-to-date: /home/student/ros2_ws/install/rtabmap/include/rtabmap-0.21/rtabmap/gui/PreferencesDialog.h
[4.731s] -- Up-to-date: /home/student/ros2_ws/install/rtabmap/include/rtabmap-0.21/rtabmap/gui/DataRecorder.h
[4.732s] -- Up-to-date: /home/student/ros2_ws/install/rtabmap/include/rtabmap-0.21/rtabmap/gui/ExportBundlerDialog.h
[4.732s] -- Up-to-date: /home/student/ros2_ws/install/rtabmap/include/rtabmap-0.21/rtabmap/gui/DepthCalibrationDialog.h
[4.732s] -- Up-to-date: /home/student/ros2_ws/install/rtabmap/include/rtabmap-0.21/rtabmap/gui/EditDepthArea.h
[4.732s] -- Up-to-date: /home/student/ros2_ws/install/rtabmap/include/rtabmap-0.21/rtabmap/gui/CalibrationDialog.h
[4.732s] -- Up-to-date: /home/student/ros2_ws/install/rtabmap/include/rtabmap-0.21/rtabmap/gui/GraphViewer.h
[4.732s] -- Up-to-date: /home/student/ros2_ws/install/rtabmap/include/rtabmap-0.21/rtabmap/gui/KeypointItem.h
[4.732s] -- Up-to-date: /home/student/ros2_ws/install/rtabmap/include/rtabmap-0.21/rtabmap/gui/LinkRefiningDialog.h
[4.732s] -- Up-to-date: /home/student/ros2_ws/install/rtabmap/include/rtabmap-0.21/rtabmap/gui/EditConstraintDialog.h
[4.732s] -- Up-to-date: /home/student/ros2_ws/install/rtabmap/include/rtabmap-0.21/rtabmap/gui/RecoveryState.h
[4.732s] -- Up-to-date: /home/student/ros2_ws/install/rtabmap/include/rtabmap-0.21/rtabmap/gui/DatabaseViewer.h
[4.733s] -- Up-to-date: /home/student/ros2_ws/install/rtabmap/include/rtabmap-0.21/rtabmap/gui/MultiSessionLocSubView.h
[4.733s] -- Up-to-date: /home/student/ros2_ws/install/rtabmap/include/rtabmap-0.21/rtabmap/gui/ProgressDialog.h
[4.733s] -- Up-to-date: /home/student/ros2_ws/install/rtabmap/include/rtabmap-0.21/rtabmap/gui/ExportDialog.h
[4.733s] -- Up-to-date: /home/student/ros2_ws/install/rtabmap/include/rtabmap-0.21/rtabmap/gui/PdfPlot.h
[4.733s] -- Up-to-date: /home/student/ros2_ws/install/rtabmap/include/rtabmap-0.21/rtabmap
[4.733s] -- Up-to-date: /home/student/ros2_ws/install/rtabmap/include/rtabmap-0.21/rtabmap/gui
[4.733s] -- Up-to-date: /home/student/ros2_ws/install/rtabmap/include/rtabmap-0.21/rtabmap/gui/rtabmap_gui_export.h
[4.733s] -- Up-to-date: /home/student/ros2_ws/install/rtabmap/lib/rtabmap-0.21/RTABMap_guiTargets.cmake
[4.734s] -- Up-to-date: /home/student/ros2_ws/install/rtabmap/lib/rtabmap-0.21/RTABMap_guiTargets-release.cmake
[4.734s] -- Up-to-date: /home/student/ros2_ws/install/rtabmap/bin/rtabmap
[4.740s] -- Up-to-date: /home/student/ros2_ws/install/rtabmap/bin/rtabmap-console
[4.751s] -- Up-to-date: /home/student/ros2_ws/install/rtabmap/bin/rtabmap-extractObject
[4.756s] -- Up-to-date: /home/student/ros2_ws/install/rtabmap/bin/rtabmap-camera
[4.764s] -- Up-to-date: /home/student/ros2_ws/install/rtabmap/bin/rtabmap-kitti_dataset
[4.768s] -- Up-to-date: /home/student/ros2_ws/install/rtabmap/bin/rtabmap-rgbd_dataset
[4.778s] -- Up-to-date: /home/student/ros2_ws/install/rtabmap/bin/rtabmap-euroc_dataset
[4.783s] -- Up-to-date: /home/student/ros2_ws/install/rtabmap/bin/rtabmap-recovery
[4.796s] -- Up-to-date: /home/student/ros2_ws/install/rtabmap/bin/rtabmap-reprocess
[4.797s] -- Up-to-date: /home/student/ros2_ws/install/rtabmap/bin/rtabmap-detectMoreLoopClosures
[4.809s] -- Up-to-date: /home/student/ros2_ws/install/rtabmap/bin/rtabmap-export
[4.818s] -- Up-to-date: /home/student/ros2_ws/install/rtabmap/bin/rtabmap-report
[4.825s] -- Up-to-date: /home/student/ros2_ws/install/rtabmap/bin/rtabmap-info
[4.829s] -- Up-to-date: /home/student/ros2_ws/install/rtabmap/bin/rtabmap-cleanupLocalGrids
[4.832s] -- Up-to-date: /home/student/ros2_ws/install/rtabmap/bin/rtabmap-globalBundleAdjustment
[4.837s] -- Up-to-date: /home/student/ros2_ws/install/rtabmap/bin/rtabmap-rgbd_camera
[4.845s] -- Up-to-date: /home/student/ros2_ws/install/rtabmap/bin/rtabmap-lidar_viewer
[4.846s] -- Up-to-date: /home/student/ros2_ws/install/rtabmap/bin/rtabmap-databaseViewer
[4.852s] -- Up-to-date: /home/student/ros2_ws/install/rtabmap/bin/rtabmap-odometryViewer
[4.859s] -- Up-to-date: /home/student/ros2_ws/install/rtabmap/bin/rtabmap-dataRecorder
[4.863s] -- Up-to-date: /home/student/ros2_ws/install/rtabmap/bin/rtabmap-calibration
[4.869s] -- Up-to-date: /home/student/ros2_ws/install/rtabmap/lib/rtabmap-0.21/RTABMapTargets.cmake
[4.869s] -- Up-to-date: /home/student/ros2_ws/install/rtabmap/lib/rtabmap-0.21/RTABMapConfig.cmake
[4.869s] -- Up-to-date: /home/student/ros2_ws/install/rtabmap/lib/rtabmap-0.21/RTABMapConfigVersion.cmake
[4.869s] -- Up-to-date: /home/student/ros2_ws/install/rtabmap/share/rtabmap/package.xml
[4.872s] Invoked command in '/home/student/ros2_ws/build/rtabmap' returned '0': CMAKE_PREFIX_PATH=${CMAKE_PREFIX_PATH}:/home/student/ros2_ws/install/turtlebot3_teleop:/home/student/ros2_ws/install/turtlebot3_example:/home/student/ros2_ws/install/rtabmap_python:/opt/ros/humble /usr/bin/cmake --install /home/student/ros2_ws/build/rtabmap
