[0.032s] Invoking command in '/home/student/ros2_ws/build/image_modifier_pkg': CMAKE_PREFIX_PATH=${CMAKE_PREFIX_PATH}:/home/student/ros2_ws/install/turtlebot3_teleop:/home/student/ros2_ws/install/turtlebot3_example:/opt/ros/humble /usr/bin/cmake /home/student/ros2_ws/src/image_modifier_pkg -DCMAKE_INSTALL_PREFIX=/home/student/ros2_ws/install/image_modifier_pkg
[0.070s] -- Found ament_cmake: 1.3.9 (/opt/ros/humble/share/ament_cmake/cmake)
[0.306s] -- Found rclcpp: 16.0.9 (/opt/ros/humble/share/rclcpp/cmake)
[0.389s] -- Found rosidl_generator_c: 3.1.5 (/opt/ros/humble/share/rosidl_generator_c/cmake)
[0.392s] -- Found rosidl_adapter: 3.1.5 (/opt/ros/humble/share/rosidl_adapter/cmake)
[0.398s] -- Found rosidl_generator_cpp: 3.1.5 (/opt/ros/humble/share/rosidl_generator_cpp/cmake)
[0.417s] -- Using all available rosidl_typesupport_c: rosidl_typesupport_fastrtps_c;rosidl_typesupport_introspection_c
[0.441s] -- Using all available rosidl_typesupport_cpp: rosidl_typesupport_fastrtps_cpp;rosidl_typesupport_introspection_cpp
[0.533s] -- Found rmw_implementation_cmake: 6.1.2 (/opt/ros/humble/share/rmw_implementation_cmake/cmake)
[0.535s] -- Found rmw_fastrtps_cpp: 6.2.6 (/opt/ros/humble/share/rmw_fastrtps_cpp/cmake)
[0.757s] -- Using RMW implementation 'rmw_fastrtps_cpp' as default
[1.042s] -- Found sensor_msgs: 4.2.4 (/opt/ros/humble/share/sensor_msgs/cmake)
[1.253s] -- Found cv_bridge: 3.2.1 (/opt/ros/humble/share/cv_bridge/cmake)
[1.275s] -- Found image_transport: 3.1.9 (/opt/ros/humble/share/image_transport/cmake)
[1.348s] [31mCMake Error at CMakeLists.txt:31 (add_executable):
[1.349s]   add_executable cannot create target "image_modifier" because another target
[1.349s]   with the same name already exists.  The existing target is an executable
[1.349s]   created in source directory "/home/student/ros2_ws/src/image_modifier_pkg".
[1.349s]   See documentation for policy CMP0002 for more details.
[1.349s] 
[1.349s] [0m
[1.363s] -- Found ament_lint_auto: 0.12.11 (/opt/ros/humble/share/ament_lint_auto/cmake)
[1.509s] -- Added test 'cppcheck' to perform static code analysis on C / C++ code
[1.509s] -- Configured cppcheck include dirs: $<BUILD_INTERFACE:/home/student/ros2_ws/src/image_modifier_pkg/include>
[1.509s] -- Configured cppcheck exclude dirs and/or files: 
[1.510s] -- Added test 'lint_cmake' to check CMake code style
[1.511s] -- Added test 'uncrustify' to check C / C++ code style
[1.512s] -- Configured uncrustify additional arguments: 
[1.513s] -- Added test 'xmllint' to check XML markup files
[1.516s] -- Configuring incomplete, errors occurred!
[1.516s] See also "/home/student/ros2_ws/build/image_modifier_pkg/CMakeFiles/CMakeOutput.log".
[1.535s] Invoked command in '/home/student/ros2_ws/build/image_modifier_pkg' returned '1': CMAKE_PREFIX_PATH=${CMAKE_PREFIX_PATH}:/home/student/ros2_ws/install/turtlebot3_teleop:/home/student/ros2_ws/install/turtlebot3_example:/opt/ros/humble /usr/bin/cmake /home/student/ros2_ws/src/image_modifier_pkg -DCMAKE_INSTALL_PREFIX=/home/student/ros2_ws/install/image_modifier_pkg
