[ 36%] Built target rtabmap_util_plugins
[ 42%] Built target rtabmap_rgbd_relay
[ 47%] Built target rtabmap_lidar_deskewing
[ 52%] Built target rtabmap_imu_to_tf
[ 57%] Built target rtabmap_rgbd_split
[ 63%] Built target rtabmap_point_cloud_xyzrgb
[ 68%] Built target rtabmap_map_assembler
[ 73%] Built target rtabmap_point_cloud_xyz
[ 78%] Built target rtabmap_disparity_to_depth
[ 84%] Built target rtabmap_point_cloud_aggregator
[ 89%] Built target rtabmap_pointcloud_to_depthimage
[ 94%] Built target rtabmap_point_cloud_assembler
[100%] Built target rtabmap_obstacles_detection
-- Install configuration: "Release"
-- Execute custom install script
-- Up-to-date symlink: /home/student/ros2_ws/install/rtabmap_util/share/rtabmap_util/environment/library_path.sh
-- Up-to-date symlink: /home/student/ros2_ws/install/rtabmap_util/share/rtabmap_util/environment/library_path.dsv
-- Up-to-date symlink: /home/student/ros2_ws/install/rtabmap_util/lib/rtabmap_util/transform_to_tf.py
-- Up-to-date symlink: /home/student/ros2_ws/install/rtabmap_util/lib/rtabmap_util/yaml_to_camera_info.py
-- Up-to-date symlink: /home/student/ros2_ws/install/rtabmap_util/lib/rtabmap_util/republish_tf_static.py
-- Up-to-date symlink: /home/student/ros2_ws/install/rtabmap_util/lib/rtabmap_util/imu_to_tf
-- Up-to-date symlink: /home/student/ros2_ws/install/rtabmap_util/lib/rtabmap_util/disparity_to_depth
-- Up-to-date symlink: /home/student/ros2_ws/install/rtabmap_util/lib/rtabmap_util/rgbd_relay
-- Up-to-date symlink: /home/student/ros2_ws/install/rtabmap_util/lib/rtabmap_util/rgbd_split
-- Up-to-date symlink: /home/student/ros2_ws/install/rtabmap_util/lib/rtabmap_util/lidar_deskewing
-- Up-to-date symlink: /home/student/ros2_ws/install/rtabmap_util/lib/rtabmap_util/point_cloud_xyz
-- Up-to-date symlink: /home/student/ros2_ws/install/rtabmap_util/lib/rtabmap_util/point_cloud_xyzrgb
-- Up-to-date symlink: /home/student/ros2_ws/install/rtabmap_util/lib/rtabmap_util/pointcloud_to_depthimage
-- Up-to-date symlink: /home/student/ros2_ws/install/rtabmap_util/lib/rtabmap_util/obstacles_detection
-- Up-to-date symlink: /home/student/ros2_ws/install/rtabmap_util/lib/rtabmap_util/point_cloud_aggregator
-- Up-to-date symlink: /home/student/ros2_ws/install/rtabmap_util/lib/rtabmap_util/point_cloud_assembler
-- Up-to-date symlink: /home/student/ros2_ws/install/rtabmap_util/lib/rtabmap_util/map_assembler
-- Up-to-date symlink: /home/student/ros2_ws/install/rtabmap_util/share/ament_index/resource_index/package_run_dependencies/rtabmap_util
-- Up-to-date symlink: /home/student/ros2_ws/install/rtabmap_util/share/ament_index/resource_index/parent_prefix_path/rtabmap_util
-- Up-to-date symlink: /home/student/ros2_ws/install/rtabmap_util/share/rtabmap_util/environment/ament_prefix_path.sh
-- Up-to-date symlink: /home/student/ros2_ws/install/rtabmap_util/share/rtabmap_util/environment/ament_prefix_path.dsv
-- Up-to-date symlink: /home/student/ros2_ws/install/rtabmap_util/share/rtabmap_util/environment/path.sh
-- Up-to-date symlink: /home/student/ros2_ws/install/rtabmap_util/share/rtabmap_util/environment/path.dsv
-- Up-to-date symlink: /home/student/ros2_ws/install/rtabmap_util/share/rtabmap_util/local_setup.bash
-- Up-to-date symlink: /home/student/ros2_ws/install/rtabmap_util/share/rtabmap_util/local_setup.sh
-- Up-to-date symlink: /home/student/ros2_ws/install/rtabmap_util/share/rtabmap_util/local_setup.zsh
-- Up-to-date symlink: /home/student/ros2_ws/install/rtabmap_util/share/rtabmap_util/local_setup.dsv
-- Symlinking: /home/student/ros2_ws/install/rtabmap_util/share/rtabmap_util/package.dsv
-- Up-to-date symlink: /home/student/ros2_ws/install/rtabmap_util/share/ament_index/resource_index/packages/rtabmap_util
-- Up-to-date symlink: /home/student/ros2_ws/install/rtabmap_util/share/ament_index/resource_index/rclcpp_components/rtabmap_util
-- Up-to-date symlink: /home/student/ros2_ws/install/rtabmap_util/share/rtabmap_util/cmake/ament_cmake_export_dependencies-extras.cmake
-- Up-to-date symlink: /home/student/ros2_ws/install/rtabmap_util/share/rtabmap_util/cmake/ament_cmake_export_include_directories-extras.cmake
-- Up-to-date symlink: /home/student/ros2_ws/install/rtabmap_util/share/rtabmap_util/cmake/ament_cmake_export_targets-extras.cmake
-- Up-to-date symlink: /home/student/ros2_ws/install/rtabmap_util/share/rtabmap_util/cmake/ament_cmake_export_libraries-extras.cmake
-- Up-to-date symlink: /home/student/ros2_ws/install/rtabmap_util/share/rtabmap_util/cmake/rtabmap_utilConfig.cmake
-- Up-to-date symlink: /home/student/ros2_ws/install/rtabmap_util/share/rtabmap_util/cmake/rtabmap_utilConfig-version.cmake
-- Up-to-date symlink: /home/student/ros2_ws/install/rtabmap_util/share/rtabmap_util/package.xml
-- Up-to-date: /home/student/ros2_ws/install/rtabmap_util/lib/librtabmap_util_plugins.so
-- Up-to-date: /home/student/ros2_ws/install/rtabmap_util/include
-- Up-to-date: /home/student/ros2_ws/install/rtabmap_util/include/rtabmap_util
-- Up-to-date: /home/student/ros2_ws/install/rtabmap_util/include/rtabmap_util/ULogToRosout.h
-- Up-to-date: /home/student/ros2_ws/install/rtabmap_util/include/rtabmap_util/visibility.h
-- Up-to-date: /home/student/ros2_ws/install/rtabmap_util/include/rtabmap_util/MapsManager.h
-- Up-to-date: /home/student/ros2_ws/install/rtabmap_util/share/rtabmap_util/cmake/rtabmap_utilExport.cmake
-- Up-to-date: /home/student/ros2_ws/install/rtabmap_util/share/rtabmap_util/cmake/rtabmap_utilExport-release.cmake
