[0.046s] Invoking command in '/home/student/ros2_ws/build/rtabmap_util': CMAKE_PREFIX_PATH=/home/student/ros2_ws/install/rtabmap_conversions:/home/student/ros2_ws/install/rtabmap_msgs:/home/student/ros2_ws/install/rtabmap:/home/student/ros2_ws/install/turtlesim:/home/student/ros2_ws/install/turtlebot3:/home/student/ros2_ws/install/turtlebot3_state_estimation:/home/student/ros2_ws/install/turtlebot3_simulations:/home/student/ros2_ws/install/turtlebot3_bringup:/home/student/ros2_ws/install/turtlebot3_node:/home/student/ros2_ws/install/turtlebot3_navigation2:/home/student/ros2_ws/install/turtlebot3_fake_node:/home/student/ros2_ws/install/turtlebot3_msgs:/home/student/ros2_ws/install/turtlebot3_gazebo:/home/student/ros2_ws/install/turtlebot3_description:/home/student/ros2_ws/install/turtlebot3_cartographer:/home/student/ros2_ws/install/scan_to_image_localizer:/home/student/ros2_ws/install/scan_matching_localiser:/home/student/ros2_ws/install/rtabmap_ros:/home/student/ros2_ws/install/rtabmap_launch:/home/student/ros2_ws/install/rtabmap_examples:/home/student/ros2_ws/install/rtabmap_demos:/home/student/ros2_ws/install/rtabmap_viz:/home/student/ros2_ws/install/rtabmap_slam:/home/student/ros2_ws/install/rtabmap_odom:/home/student/ros2_ws/install/rtabmap_util:/home/student/ros2_ws/install/rtabmap_sync:/home/student/ros2_ws/install/rtabmap_rviz_plugins:/home/student/ros2_ws/install/robot_localization:/home/student/ros2_ws/install/laser_scan_nth_pkg:/home/student/ros2_ws/install/laser_processor_pkg:/home/student/ros2_ws/install/image_modifier_pkg:/home/student/ros2_ws/install/dynamixel_sdk_examples:/home/student/ros2_ws/install/dynamixel_sdk_custom_interfaces:/home/student/ros2_ws/install/dynamixel_sdk:/home/student/ros2_ws/install/cpp_pubsub:/home/student/install/scan_to_image_localizer:/home/student/install/scan_matching_localiser:/home/student/ros2_ws/install/turtlebot3_teleop:/home/student/ros2_ws/install/turtlebot3_example:/home/student/ros2_ws/install/rtabmap_python:/opt/ros/humble LD_LIBRARY_PATH=/home/student/ros2_ws/install/rtabmap_conversions/lib:/home/student/ros2_ws/install/rtabmap_msgs/lib:/home/student/ros2_ws/install/rtabmap/lib:/home/student/ros2_ws/install/turtlesim/lib:/home/student/ros2_ws/install/turtlebot3_msgs/lib:/home/student/ros2_ws/install/rtabmap_slam/lib:/home/student/ros2_ws/install/rtabmap_odom/lib:/home/student/ros2_ws/install/rtabmap_util/lib:/home/student/ros2_ws/install/rtabmap_sync/lib:/home/student/ros2_ws/install/rtabmap_rviz_plugins/lib:/home/student/ros2_ws/install/robot_localization/lib:/home/student/ros2_ws/install/dynamixel_sdk_custom_interfaces/lib:/home/student/ros2_ws/install/dynamixel_sdk/lib:/usr/lib/x86_64-linux-gnu/gazebo-11/plugins:/opt/ros/humble/opt/rviz_ogre_vendor/lib:/opt/ros/humble/lib/x86_64-linux-gnu:/opt/ros/humble/lib:/usr/lib/x86_64-linux-gnu/gazebo-11/plugins:/usr/lib/x86_64-linux-gnu/gazebo-11/plugins:/usr/lib/x86_64-linux-gnu/gazebo-11/plugins /usr/bin/cmake --build /home/student/ros2_ws/build/rtabmap_util -- -j8 -l8
[0.306s] [ 36%] Built target rtabmap_util_plugins
[0.391s] [ 42%] Built target rtabmap_rgbd_relay
[0.399s] [ 47%] Built target rtabmap_lidar_deskewing
[0.402s] [ 52%] Built target rtabmap_imu_to_tf
[0.402s] [ 57%] Built target rtabmap_rgbd_split
[0.404s] [ 63%] Built target rtabmap_point_cloud_xyzrgb
[0.411s] [ 68%] Built target rtabmap_map_assembler
[0.413s] [ 73%] Built target rtabmap_point_cloud_xyz
[0.414s] [ 78%] Built target rtabmap_disparity_to_depth
[0.463s] [ 84%] Built target rtabmap_point_cloud_aggregator
[0.464s] [ 89%] Built target rtabmap_pointcloud_to_depthimage
[0.479s] [ 94%] Built target rtabmap_point_cloud_assembler
[0.481s] [100%] Built target rtabmap_obstacles_detection
[0.495s] Invoked command in '/home/student/ros2_ws/build/rtabmap_util' returned '0': CMAKE_PREFIX_PATH=/home/student/ros2_ws/install/rtabmap_conversions:/home/student/ros2_ws/install/rtabmap_msgs:/home/student/ros2_ws/install/rtabmap:/home/student/ros2_ws/install/turtlesim:/home/student/ros2_ws/install/turtlebot3:/home/student/ros2_ws/install/turtlebot3_state_estimation:/home/student/ros2_ws/install/turtlebot3_simulations:/home/student/ros2_ws/install/turtlebot3_bringup:/home/student/ros2_ws/install/turtlebot3_node:/home/student/ros2_ws/install/turtlebot3_navigation2:/home/student/ros2_ws/install/turtlebot3_fake_node:/home/student/ros2_ws/install/turtlebot3_msgs:/home/student/ros2_ws/install/turtlebot3_gazebo:/home/student/ros2_ws/install/turtlebot3_description:/home/student/ros2_ws/install/turtlebot3_cartographer:/home/student/ros2_ws/install/scan_to_image_localizer:/home/student/ros2_ws/install/scan_matching_localiser:/home/student/ros2_ws/install/rtabmap_ros:/home/student/ros2_ws/install/rtabmap_launch:/home/student/ros2_ws/install/rtabmap_examples:/home/student/ros2_ws/install/rtabmap_demos:/home/student/ros2_ws/install/rtabmap_viz:/home/student/ros2_ws/install/rtabmap_slam:/home/student/ros2_ws/install/rtabmap_odom:/home/student/ros2_ws/install/rtabmap_util:/home/student/ros2_ws/install/rtabmap_sync:/home/student/ros2_ws/install/rtabmap_rviz_plugins:/home/student/ros2_ws/install/robot_localization:/home/student/ros2_ws/install/laser_scan_nth_pkg:/home/student/ros2_ws/install/laser_processor_pkg:/home/student/ros2_ws/install/image_modifier_pkg:/home/student/ros2_ws/install/dynamixel_sdk_examples:/home/student/ros2_ws/install/dynamixel_sdk_custom_interfaces:/home/student/ros2_ws/install/dynamixel_sdk:/home/student/ros2_ws/install/cpp_pubsub:/home/student/install/scan_to_image_localizer:/home/student/install/scan_matching_localiser:/home/student/ros2_ws/install/turtlebot3_teleop:/home/student/ros2_ws/install/turtlebot3_example:/home/student/ros2_ws/install/rtabmap_python:/opt/ros/humble LD_LIBRARY_PATH=/home/student/ros2_ws/install/rtabmap_conversions/lib:/home/student/ros2_ws/install/rtabmap_msgs/lib:/home/student/ros2_ws/install/rtabmap/lib:/home/student/ros2_ws/install/turtlesim/lib:/home/student/ros2_ws/install/turtlebot3_msgs/lib:/home/student/ros2_ws/install/rtabmap_slam/lib:/home/student/ros2_ws/install/rtabmap_odom/lib:/home/student/ros2_ws/install/rtabmap_util/lib:/home/student/ros2_ws/install/rtabmap_sync/lib:/home/student/ros2_ws/install/rtabmap_rviz_plugins/lib:/home/student/ros2_ws/install/robot_localization/lib:/home/student/ros2_ws/install/dynamixel_sdk_custom_interfaces/lib:/home/student/ros2_ws/install/dynamixel_sdk/lib:/usr/lib/x86_64-linux-gnu/gazebo-11/plugins:/opt/ros/humble/opt/rviz_ogre_vendor/lib:/opt/ros/humble/lib/x86_64-linux-gnu:/opt/ros/humble/lib:/usr/lib/x86_64-linux-gnu/gazebo-11/plugins:/usr/lib/x86_64-linux-gnu/gazebo-11/plugins:/usr/lib/x86_64-linux-gnu/gazebo-11/plugins /usr/bin/cmake --build /home/student/ros2_ws/build/rtabmap_util -- -j8 -l8
[0.688s] Invoking command in '/home/student/ros2_ws/build/rtabmap_util': CMAKE_PREFIX_PATH=/home/student/ros2_ws/install/rtabmap_conversions:/home/student/ros2_ws/install/rtabmap_msgs:/home/student/ros2_ws/install/rtabmap:/home/student/ros2_ws/install/turtlesim:/home/student/ros2_ws/install/turtlebot3:/home/student/ros2_ws/install/turtlebot3_state_estimation:/home/student/ros2_ws/install/turtlebot3_simulations:/home/student/ros2_ws/install/turtlebot3_bringup:/home/student/ros2_ws/install/turtlebot3_node:/home/student/ros2_ws/install/turtlebot3_navigation2:/home/student/ros2_ws/install/turtlebot3_fake_node:/home/student/ros2_ws/install/turtlebot3_msgs:/home/student/ros2_ws/install/turtlebot3_gazebo:/home/student/ros2_ws/install/turtlebot3_description:/home/student/ros2_ws/install/turtlebot3_cartographer:/home/student/ros2_ws/install/scan_to_image_localizer:/home/student/ros2_ws/install/scan_matching_localiser:/home/student/ros2_ws/install/rtabmap_ros:/home/student/ros2_ws/install/rtabmap_launch:/home/student/ros2_ws/install/rtabmap_examples:/home/student/ros2_ws/install/rtabmap_demos:/home/student/ros2_ws/install/rtabmap_viz:/home/student/ros2_ws/install/rtabmap_slam:/home/student/ros2_ws/install/rtabmap_odom:/home/student/ros2_ws/install/rtabmap_util:/home/student/ros2_ws/install/rtabmap_sync:/home/student/ros2_ws/install/rtabmap_rviz_plugins:/home/student/ros2_ws/install/robot_localization:/home/student/ros2_ws/install/laser_scan_nth_pkg:/home/student/ros2_ws/install/laser_processor_pkg:/home/student/ros2_ws/install/image_modifier_pkg:/home/student/ros2_ws/install/dynamixel_sdk_examples:/home/student/ros2_ws/install/dynamixel_sdk_custom_interfaces:/home/student/ros2_ws/install/dynamixel_sdk:/home/student/ros2_ws/install/cpp_pubsub:/home/student/install/scan_to_image_localizer:/home/student/install/scan_matching_localiser:/home/student/ros2_ws/install/turtlebot3_teleop:/home/student/ros2_ws/install/turtlebot3_example:/home/student/ros2_ws/install/rtabmap_python:/opt/ros/humble LD_LIBRARY_PATH=/home/student/ros2_ws/install/rtabmap_conversions/lib:/home/student/ros2_ws/install/rtabmap_msgs/lib:/home/student/ros2_ws/install/rtabmap/lib:/home/student/ros2_ws/install/turtlesim/lib:/home/student/ros2_ws/install/turtlebot3_msgs/lib:/home/student/ros2_ws/install/rtabmap_slam/lib:/home/student/ros2_ws/install/rtabmap_odom/lib:/home/student/ros2_ws/install/rtabmap_util/lib:/home/student/ros2_ws/install/rtabmap_sync/lib:/home/student/ros2_ws/install/rtabmap_rviz_plugins/lib:/home/student/ros2_ws/install/robot_localization/lib:/home/student/ros2_ws/install/dynamixel_sdk_custom_interfaces/lib:/home/student/ros2_ws/install/dynamixel_sdk/lib:/usr/lib/x86_64-linux-gnu/gazebo-11/plugins:/opt/ros/humble/opt/rviz_ogre_vendor/lib:/opt/ros/humble/lib/x86_64-linux-gnu:/opt/ros/humble/lib:/usr/lib/x86_64-linux-gnu/gazebo-11/plugins:/usr/lib/x86_64-linux-gnu/gazebo-11/plugins:/usr/lib/x86_64-linux-gnu/gazebo-11/plugins /usr/bin/cmake --install /home/student/ros2_ws/build/rtabmap_util
[0.700s] -- Install configuration: "Release"
[0.701s] -- Execute custom install script
[0.701s] -- Up-to-date symlink: /home/student/ros2_ws/install/rtabmap_util/share/rtabmap_util/environment/library_path.sh
[0.701s] -- Up-to-date symlink: /home/student/ros2_ws/install/rtabmap_util/share/rtabmap_util/environment/library_path.dsv
[0.702s] -- Up-to-date symlink: /home/student/ros2_ws/install/rtabmap_util/lib/rtabmap_util/transform_to_tf.py
[0.702s] -- Up-to-date symlink: /home/student/ros2_ws/install/rtabmap_util/lib/rtabmap_util/yaml_to_camera_info.py
[0.702s] -- Up-to-date symlink: /home/student/ros2_ws/install/rtabmap_util/lib/rtabmap_util/republish_tf_static.py
[0.705s] -- Up-to-date symlink: /home/student/ros2_ws/install/rtabmap_util/lib/rtabmap_util/imu_to_tf
[0.705s] -- Up-to-date symlink: /home/student/ros2_ws/install/rtabmap_util/lib/rtabmap_util/disparity_to_depth
[0.706s] -- Up-to-date symlink: /home/student/ros2_ws/install/rtabmap_util/lib/rtabmap_util/rgbd_relay
[0.706s] -- Up-to-date symlink: /home/student/ros2_ws/install/rtabmap_util/lib/rtabmap_util/rgbd_split
[0.706s] -- Up-to-date symlink: /home/student/ros2_ws/install/rtabmap_util/lib/rtabmap_util/lidar_deskewing
[0.706s] -- Up-to-date symlink: /home/student/ros2_ws/install/rtabmap_util/lib/rtabmap_util/point_cloud_xyz
[0.706s] -- Up-to-date symlink: /home/student/ros2_ws/install/rtabmap_util/lib/rtabmap_util/point_cloud_xyzrgb
[0.707s] -- Up-to-date symlink: /home/student/ros2_ws/install/rtabmap_util/lib/rtabmap_util/pointcloud_to_depthimage
[0.707s] -- Up-to-date symlink: /home/student/ros2_ws/install/rtabmap_util/lib/rtabmap_util/obstacles_detection
[0.707s] -- Up-to-date symlink: /home/student/ros2_ws/install/rtabmap_util/lib/rtabmap_util/point_cloud_aggregator
[0.707s] -- Up-to-date symlink: /home/student/ros2_ws/install/rtabmap_util/lib/rtabmap_util/point_cloud_assembler
[0.708s] -- Up-to-date symlink: /home/student/ros2_ws/install/rtabmap_util/lib/rtabmap_util/map_assembler
[0.708s] -- Up-to-date symlink: /home/student/ros2_ws/install/rtabmap_util/share/ament_index/resource_index/package_run_dependencies/rtabmap_util
[0.708s] -- Up-to-date symlink: /home/student/ros2_ws/install/rtabmap_util/share/ament_index/resource_index/parent_prefix_path/rtabmap_util
[0.708s] -- Up-to-date symlink: /home/student/ros2_ws/install/rtabmap_util/share/rtabmap_util/environment/ament_prefix_path.sh
[0.709s] -- Up-to-date symlink: /home/student/ros2_ws/install/rtabmap_util/share/rtabmap_util/environment/ament_prefix_path.dsv
[0.709s] -- Up-to-date symlink: /home/student/ros2_ws/install/rtabmap_util/share/rtabmap_util/environment/path.sh
[0.709s] -- Up-to-date symlink: /home/student/ros2_ws/install/rtabmap_util/share/rtabmap_util/environment/path.dsv
[0.709s] -- Up-to-date symlink: /home/student/ros2_ws/install/rtabmap_util/share/rtabmap_util/local_setup.bash
[0.709s] -- Up-to-date symlink: /home/student/ros2_ws/install/rtabmap_util/share/rtabmap_util/local_setup.sh
[0.710s] -- Up-to-date symlink: /home/student/ros2_ws/install/rtabmap_util/share/rtabmap_util/local_setup.zsh
[0.710s] -- Up-to-date symlink: /home/student/ros2_ws/install/rtabmap_util/share/rtabmap_util/local_setup.dsv
[0.710s] -- Symlinking: /home/student/ros2_ws/install/rtabmap_util/share/rtabmap_util/package.dsv
[0.721s] -- Up-to-date symlink: /home/student/ros2_ws/install/rtabmap_util/share/ament_index/resource_index/packages/rtabmap_util
[0.722s] -- Up-to-date symlink: /home/student/ros2_ws/install/rtabmap_util/share/ament_index/resource_index/rclcpp_components/rtabmap_util
[0.722s] -- Up-to-date symlink: /home/student/ros2_ws/install/rtabmap_util/share/rtabmap_util/cmake/ament_cmake_export_dependencies-extras.cmake
[0.722s] -- Up-to-date symlink: /home/student/ros2_ws/install/rtabmap_util/share/rtabmap_util/cmake/ament_cmake_export_include_directories-extras.cmake
[0.722s] -- Up-to-date symlink: /home/student/ros2_ws/install/rtabmap_util/share/rtabmap_util/cmake/ament_cmake_export_targets-extras.cmake
[0.722s] -- Up-to-date symlink: /home/student/ros2_ws/install/rtabmap_util/share/rtabmap_util/cmake/ament_cmake_export_libraries-extras.cmake
[0.723s] -- Up-to-date symlink: /home/student/ros2_ws/install/rtabmap_util/share/rtabmap_util/cmake/rtabmap_utilConfig.cmake
[0.723s] -- Up-to-date symlink: /home/student/ros2_ws/install/rtabmap_util/share/rtabmap_util/cmake/rtabmap_utilConfig-version.cmake
[0.723s] -- Up-to-date symlink: /home/student/ros2_ws/install/rtabmap_util/share/rtabmap_util/package.xml
[0.732s] -- Up-to-date: /home/student/ros2_ws/install/rtabmap_util/lib/librtabmap_util_plugins.so
[0.732s] -- Up-to-date: /home/student/ros2_ws/install/rtabmap_util/include
[0.732s] -- Up-to-date: /home/student/ros2_ws/install/rtabmap_util/include/rtabmap_util
[0.732s] -- Up-to-date: /home/student/ros2_ws/install/rtabmap_util/include/rtabmap_util/ULogToRosout.h
[0.732s] -- Up-to-date: /home/student/ros2_ws/install/rtabmap_util/include/rtabmap_util/visibility.h
[0.732s] -- Up-to-date: /home/student/ros2_ws/install/rtabmap_util/include/rtabmap_util/MapsManager.h
[0.735s] -- Up-to-date: /home/student/ros2_ws/install/rtabmap_util/share/rtabmap_util/cmake/rtabmap_utilExport.cmake
[0.735s] -- Up-to-date: /home/student/ros2_ws/install/rtabmap_util/share/rtabmap_util/cmake/rtabmap_utilExport-release.cmake
[0.738s] Invoked command in '/home/student/ros2_ws/build/rtabmap_util' returned '0': CMAKE_PREFIX_PATH=/home/student/ros2_ws/install/rtabmap_conversions:/home/student/ros2_ws/install/rtabmap_msgs:/home/student/ros2_ws/install/rtabmap:/home/student/ros2_ws/install/turtlesim:/home/student/ros2_ws/install/turtlebot3:/home/student/ros2_ws/install/turtlebot3_state_estimation:/home/student/ros2_ws/install/turtlebot3_simulations:/home/student/ros2_ws/install/turtlebot3_bringup:/home/student/ros2_ws/install/turtlebot3_node:/home/student/ros2_ws/install/turtlebot3_navigation2:/home/student/ros2_ws/install/turtlebot3_fake_node:/home/student/ros2_ws/install/turtlebot3_msgs:/home/student/ros2_ws/install/turtlebot3_gazebo:/home/student/ros2_ws/install/turtlebot3_description:/home/student/ros2_ws/install/turtlebot3_cartographer:/home/student/ros2_ws/install/scan_to_image_localizer:/home/student/ros2_ws/install/scan_matching_localiser:/home/student/ros2_ws/install/rtabmap_ros:/home/student/ros2_ws/install/rtabmap_launch:/home/student/ros2_ws/install/rtabmap_examples:/home/student/ros2_ws/install/rtabmap_demos:/home/student/ros2_ws/install/rtabmap_viz:/home/student/ros2_ws/install/rtabmap_slam:/home/student/ros2_ws/install/rtabmap_odom:/home/student/ros2_ws/install/rtabmap_util:/home/student/ros2_ws/install/rtabmap_sync:/home/student/ros2_ws/install/rtabmap_rviz_plugins:/home/student/ros2_ws/install/robot_localization:/home/student/ros2_ws/install/laser_scan_nth_pkg:/home/student/ros2_ws/install/laser_processor_pkg:/home/student/ros2_ws/install/image_modifier_pkg:/home/student/ros2_ws/install/dynamixel_sdk_examples:/home/student/ros2_ws/install/dynamixel_sdk_custom_interfaces:/home/student/ros2_ws/install/dynamixel_sdk:/home/student/ros2_ws/install/cpp_pubsub:/home/student/install/scan_to_image_localizer:/home/student/install/scan_matching_localiser:/home/student/ros2_ws/install/turtlebot3_teleop:/home/student/ros2_ws/install/turtlebot3_example:/home/student/ros2_ws/install/rtabmap_python:/opt/ros/humble LD_LIBRARY_PATH=/home/student/ros2_ws/install/rtabmap_conversions/lib:/home/student/ros2_ws/install/rtabmap_msgs/lib:/home/student/ros2_ws/install/rtabmap/lib:/home/student/ros2_ws/install/turtlesim/lib:/home/student/ros2_ws/install/turtlebot3_msgs/lib:/home/student/ros2_ws/install/rtabmap_slam/lib:/home/student/ros2_ws/install/rtabmap_odom/lib:/home/student/ros2_ws/install/rtabmap_util/lib:/home/student/ros2_ws/install/rtabmap_sync/lib:/home/student/ros2_ws/install/rtabmap_rviz_plugins/lib:/home/student/ros2_ws/install/robot_localization/lib:/home/student/ros2_ws/install/dynamixel_sdk_custom_interfaces/lib:/home/student/ros2_ws/install/dynamixel_sdk/lib:/usr/lib/x86_64-linux-gnu/gazebo-11/plugins:/opt/ros/humble/opt/rviz_ogre_vendor/lib:/opt/ros/humble/lib/x86_64-linux-gnu:/opt/ros/humble/lib:/usr/lib/x86_64-linux-gnu/gazebo-11/plugins:/usr/lib/x86_64-linux-gnu/gazebo-11/plugins:/usr/lib/x86_64-linux-gnu/gazebo-11/plugins /usr/bin/cmake --install /home/student/ros2_ws/build/rtabmap_util
