[0.071s] Invoking command in '/home/student/ros2_ws/build/rtabmap_sync': CMAKE_PREFIX_PATH=/home/student/ros2_ws/install/rtabmap_msgs:/home/student/ros2_ws/install/rtabmap:/home/student/ros2_ws/install/turtlesim:/home/student/ros2_ws/install/turtlebot3:/home/student/ros2_ws/install/turtlebot3_state_estimation:/home/student/ros2_ws/install/turtlebot3_simulations:/home/student/ros2_ws/install/turtlebot3_bringup:/home/student/ros2_ws/install/turtlebot3_node:/home/student/ros2_ws/install/turtlebot3_navigation2:/home/student/ros2_ws/install/turtlebot3_fake_node:/home/student/ros2_ws/install/turtlebot3_msgs:/home/student/ros2_ws/install/turtlebot3_gazebo:/home/student/ros2_ws/install/turtlebot3_description:/home/student/ros2_ws/install/turtlebot3_cartographer:/home/student/ros2_ws/install/scan_to_image_localizer:/home/student/ros2_ws/install/scan_matching_localiser:/home/student/ros2_ws/install/robot_localization:/home/student/ros2_ws/install/laser_scan_nth_pkg:/home/student/ros2_ws/install/laser_processor_pkg:/home/student/ros2_ws/install/image_modifier_pkg:/home/student/ros2_ws/install/dynamixel_sdk_examples:/home/student/ros2_ws/install/dynamixel_sdk_custom_interfaces:/home/student/ros2_ws/install/dynamixel_sdk:/home/student/ros2_ws/install/cpp_pubsub:/home/student/install/scan_to_image_localizer:/home/student/install/scan_matching_localiser:/home/student/ros2_ws/install/turtlebot3_teleop:/home/student/ros2_ws/install/turtlebot3_example:/home/student/ros2_ws/install/rtabmap_python:/opt/ros/humble LD_LIBRARY_PATH=/home/student/ros2_ws/install/rtabmap_msgs/lib:/home/student/ros2_ws/install/rtabmap/lib:/home/student/ros2_ws/install/turtlesim/lib:/home/student/ros2_ws/install/turtlebot3_msgs/lib:/home/student/ros2_ws/install/robot_localization/lib:/home/student/ros2_ws/install/dynamixel_sdk_custom_interfaces/lib:/home/student/ros2_ws/install/dynamixel_sdk/lib:/usr/lib/x86_64-linux-gnu/gazebo-11/plugins:/opt/ros/humble/opt/rviz_ogre_vendor/lib:/opt/ros/humble/lib/x86_64-linux-gnu:/opt/ros/humble/lib:/usr/lib/x86_64-linux-gnu/gazebo-11/plugins:/usr/lib/x86_64-linux-gnu/gazebo-11/plugins:/usr/lib/x86_64-linux-gnu/gazebo-11/plugins /usr/bin/cmake /home/student/ros2_ws/src/rtabmap_ros/rtabmap_sync -DCMAKE_INSTALL_PREFIX=/home/student/ros2_ws/install/rtabmap_sync
[0.827s] -- The C compiler identification is GNU 11.4.0
[1.335s] -- The CXX compiler identification is GNU 11.4.0
[1.362s] -- Detecting C compiler ABI info
[1.502s] -- Detecting C compiler ABI info - done
[1.509s] -- Check for working C compiler: /usr/bin/cc - skipped
[1.510s] -- Detecting C compile features
[1.513s] -- Detecting C compile features - done
[1.517s] -- Detecting CXX compiler ABI info
[1.637s] -- Detecting CXX compiler ABI info - done
[1.645s] -- Check for working CXX compiler: /usr/bin/c++ - skipped
[1.645s] -- Detecting CXX compile features
[1.645s] -- Detecting CXX compile features - done
[1.654s] -- Found cv_bridge: 3.2.1 (/opt/ros/humble/share/cv_bridge/cmake)
[1.920s] -- Found Python3: /usr/bin/python3 (found version "3.10.12") found components: Interpreter 
[2.498s] -- Found rosidl_generator_c: 3.1.5 (/opt/ros/humble/share/rosidl_generator_c/cmake)
[2.516s] -- Found rosidl_adapter: 3.1.5 (/opt/ros/humble/share/rosidl_adapter/cmake)
[2.555s] -- Found rosidl_generator_cpp: 3.1.5 (/opt/ros/humble/share/rosidl_generator_cpp/cmake)
[2.617s] -- Using all available rosidl_typesupport_c: rosidl_typesupport_fastrtps_c;rosidl_typesupport_introspection_c
[2.683s] -- Using all available rosidl_typesupport_cpp: rosidl_typesupport_fastrtps_cpp;rosidl_typesupport_introspection_cpp
[2.990s] -- Found image_transport: 3.1.9 (/opt/ros/humble/share/image_transport/cmake)
[3.234s] -- Found rmw_implementation_cmake: 6.1.2 (/opt/ros/humble/share/rmw_implementation_cmake/cmake)
[3.245s] -- Found rmw_fastrtps_cpp: 6.2.6 (/opt/ros/humble/share/rmw_fastrtps_cpp/cmake)
[3.464s] -- Found OpenSSL: /usr/lib/x86_64-linux-gnu/libcrypto.so (found version "3.0.2")  
[3.501s] -- Found FastRTPS: /opt/ros/humble/include  
[3.561s] -- Using RMW implementation 'rmw_fastrtps_cpp' as default
[3.607s] -- Looking for pthread.h
[3.720s] -- Looking for pthread.h - found
[3.721s] -- Performing Test CMAKE_HAVE_LIBC_PTHREAD
[3.814s] -- Performing Test CMAKE_HAVE_LIBC_PTHREAD - Success
[3.816s] -- Found Threads: TRUE  
[4.200s] -- Found nav_msgs: 4.2.4 (/opt/ros/humble/share/nav_msgs/cmake)
[4.345s] -- Found rclcpp_components: 16.0.9 (/opt/ros/humble/share/rclcpp_components/cmake)
[4.499s] -- Found rtabmap_conversions: 0.21.5 (/opt/ros/humble/share/rtabmap_conversions/cmake)
[5.467s] -- Found Eigen3: TRUE (found version "3.4.0") 
[5.467s] -- Ensuring Eigen3 include directory is part of orocos-kdl CMake target
[5.520s] -- Checking for module 'eigen3'
[5.539s] --   Found eigen3, version 3.4.0
[5.593s] -- Found Eigen: /usr/include/eigen3 (Required is at least version "3.1") 
[5.593s] -- Eigen found (include: /usr/include/eigen3, version: 3.4.0)
[5.836s] -- Checking for module 'libusb-1.0'
[5.856s] --   Found libusb-1.0, version 1.0.25
[5.897s] -- Found libusb: /usr/lib/x86_64-linux-gnu/libusb-1.0.so  
[5.901s] -- OpenNI found (version: 1.5.4.0, include: /usr/include/ni, lib: /usr/lib/libOpenNI.so;libusb::libusb)
[5.980s] -- OpenNI2 found (version: 2.2.0.33, include: /usr/include/openni2, lib: /usr/lib/x86_64-linux-gnu/libOpenNI2.so;libusb::libusb)
[7.710s] -- Eigen found (include: /usr/include/eigen3, version: 3.4.0)
[7.729s] -- Checking for module 'flann'
[7.754s] --   Found flann, version 1.9.1
[7.804s] -- Found FLANN: /usr/lib/x86_64-linux-gnu/libflann_cpp.so  
[7.804s] -- FLANN found (include: /usr/include, lib: /usr/lib/x86_64-linux-gnu/libflann_cpp.so)
[7.814s] -- Found Qhull version 8.0.2
[8.327s] -- OpenNI found (version: 1.5.4.0, include: /usr/include/ni, lib: /usr/lib/libOpenNI.so;libusb::libusb)
[8.334s] -- OpenNI2 found (version: 2.2.0.33, include: /usr/include/openni2, lib: /usr/lib/x86_64-linux-gnu/libOpenNI2.so;libusb::libusb)
[8.506s] -- Found PCL_COMMON: /usr/lib/x86_64-linux-gnu/libpcl_common.so  
[8.510s] -- Found PCL_OCTREE: /usr/lib/x86_64-linux-gnu/libpcl_octree.so  
[8.511s] -- Found PCL_IO: /usr/lib/x86_64-linux-gnu/libpcl_io.so  
[8.512s] -- Found PCL_KDTREE: /usr/lib/x86_64-linux-gnu/libpcl_kdtree.so  
[8.513s] -- Found PCL_SEARCH: /usr/lib/x86_64-linux-gnu/libpcl_search.so  
[8.514s] -- Found PCL_SURFACE: /usr/lib/x86_64-linux-gnu/libpcl_surface.so  
[8.515s] -- Found PCL_FILTERS: /usr/lib/x86_64-linux-gnu/libpcl_filters.so  
[8.516s] -- Found PCL_2D: /usr/include/pcl-1.12  
[8.517s] -- Found PCL_FEATURES: /usr/lib/x86_64-linux-gnu/libpcl_features.so  
[8.518s] -- Found PCL_REGISTRATION: /usr/lib/x86_64-linux-gnu/libpcl_registration.so  
[8.519s] -- Found PCL_SAMPLE_CONSENSUS: /usr/lib/x86_64-linux-gnu/libpcl_sample_consensus.so  
[8.519s] -- Found PCL_GEOMETRY: /usr/include/pcl-1.12  
[8.520s] -- Found PCL_ML: /usr/lib/x86_64-linux-gnu/libpcl_ml.so  
[8.521s] -- Found PCL_SEGMENTATION: /usr/lib/x86_64-linux-gnu/libpcl_segmentation.so  
[8.522s] -- Found PCL_VISUALIZATION: /usr/lib/x86_64-linux-gnu/libpcl_visualization.so  
[8.584s] -- Found diagnostic_updater: 4.0.0 (/opt/ros/humble/share/diagnostic_updater/cmake)
[8.700s] -- RTABMAP_SYNC_MULTI_RGBD = OFF
[8.700s] -- RTABMAP_SYNC_USER_DATA  = OFF
[8.881s] -- Configuring done
[9.464s] -- Generating done
[9.467s] -- Build files have been written to: /home/student/ros2_ws/build/rtabmap_sync
[9.495s] Invoked command in '/home/student/ros2_ws/build/rtabmap_sync' returned '0': CMAKE_PREFIX_PATH=/home/student/ros2_ws/install/rtabmap_msgs:/home/student/ros2_ws/install/rtabmap:/home/student/ros2_ws/install/turtlesim:/home/student/ros2_ws/install/turtlebot3:/home/student/ros2_ws/install/turtlebot3_state_estimation:/home/student/ros2_ws/install/turtlebot3_simulations:/home/student/ros2_ws/install/turtlebot3_bringup:/home/student/ros2_ws/install/turtlebot3_node:/home/student/ros2_ws/install/turtlebot3_navigation2:/home/student/ros2_ws/install/turtlebot3_fake_node:/home/student/ros2_ws/install/turtlebot3_msgs:/home/student/ros2_ws/install/turtlebot3_gazebo:/home/student/ros2_ws/install/turtlebot3_description:/home/student/ros2_ws/install/turtlebot3_cartographer:/home/student/ros2_ws/install/scan_to_image_localizer:/home/student/ros2_ws/install/scan_matching_localiser:/home/student/ros2_ws/install/robot_localization:/home/student/ros2_ws/install/laser_scan_nth_pkg:/home/student/ros2_ws/install/laser_processor_pkg:/home/student/ros2_ws/install/image_modifier_pkg:/home/student/ros2_ws/install/dynamixel_sdk_examples:/home/student/ros2_ws/install/dynamixel_sdk_custom_interfaces:/home/student/ros2_ws/install/dynamixel_sdk:/home/student/ros2_ws/install/cpp_pubsub:/home/student/install/scan_to_image_localizer:/home/student/install/scan_matching_localiser:/home/student/ros2_ws/install/turtlebot3_teleop:/home/student/ros2_ws/install/turtlebot3_example:/home/student/ros2_ws/install/rtabmap_python:/opt/ros/humble LD_LIBRARY_PATH=/home/student/ros2_ws/install/rtabmap_msgs/lib:/home/student/ros2_ws/install/rtabmap/lib:/home/student/ros2_ws/install/turtlesim/lib:/home/student/ros2_ws/install/turtlebot3_msgs/lib:/home/student/ros2_ws/install/robot_localization/lib:/home/student/ros2_ws/install/dynamixel_sdk_custom_interfaces/lib:/home/student/ros2_ws/install/dynamixel_sdk/lib:/usr/lib/x86_64-linux-gnu/gazebo-11/plugins:/opt/ros/humble/opt/rviz_ogre_vendor/lib:/opt/ros/humble/lib/x86_64-linux-gnu:/opt/ros/humble/lib:/usr/lib/x86_64-linux-gnu/gazebo-11/plugins:/usr/lib/x86_64-linux-gnu/gazebo-11/plugins:/usr/lib/x86_64-linux-gnu/gazebo-11/plugins /usr/bin/cmake /home/student/ros2_ws/src/rtabmap_ros/rtabmap_sync -DCMAKE_INSTALL_PREFIX=/home/student/ros2_ws/install/rtabmap_sync
[9.498s] Invoking command in '/home/student/ros2_ws/build/rtabmap_sync': CMAKE_PREFIX_PATH=/home/student/ros2_ws/install/rtabmap_msgs:/home/student/ros2_ws/install/rtabmap:/home/student/ros2_ws/install/turtlesim:/home/student/ros2_ws/install/turtlebot3:/home/student/ros2_ws/install/turtlebot3_state_estimation:/home/student/ros2_ws/install/turtlebot3_simulations:/home/student/ros2_ws/install/turtlebot3_bringup:/home/student/ros2_ws/install/turtlebot3_node:/home/student/ros2_ws/install/turtlebot3_navigation2:/home/student/ros2_ws/install/turtlebot3_fake_node:/home/student/ros2_ws/install/turtlebot3_msgs:/home/student/ros2_ws/install/turtlebot3_gazebo:/home/student/ros2_ws/install/turtlebot3_description:/home/student/ros2_ws/install/turtlebot3_cartographer:/home/student/ros2_ws/install/scan_to_image_localizer:/home/student/ros2_ws/install/scan_matching_localiser:/home/student/ros2_ws/install/robot_localization:/home/student/ros2_ws/install/laser_scan_nth_pkg:/home/student/ros2_ws/install/laser_processor_pkg:/home/student/ros2_ws/install/image_modifier_pkg:/home/student/ros2_ws/install/dynamixel_sdk_examples:/home/student/ros2_ws/install/dynamixel_sdk_custom_interfaces:/home/student/ros2_ws/install/dynamixel_sdk:/home/student/ros2_ws/install/cpp_pubsub:/home/student/install/scan_to_image_localizer:/home/student/install/scan_matching_localiser:/home/student/ros2_ws/install/turtlebot3_teleop:/home/student/ros2_ws/install/turtlebot3_example:/home/student/ros2_ws/install/rtabmap_python:/opt/ros/humble LD_LIBRARY_PATH=/home/student/ros2_ws/install/rtabmap_msgs/lib:/home/student/ros2_ws/install/rtabmap/lib:/home/student/ros2_ws/install/turtlesim/lib:/home/student/ros2_ws/install/turtlebot3_msgs/lib:/home/student/ros2_ws/install/robot_localization/lib:/home/student/ros2_ws/install/dynamixel_sdk_custom_interfaces/lib:/home/student/ros2_ws/install/dynamixel_sdk/lib:/usr/lib/x86_64-linux-gnu/gazebo-11/plugins:/opt/ros/humble/opt/rviz_ogre_vendor/lib:/opt/ros/humble/lib/x86_64-linux-gnu:/opt/ros/humble/lib:/usr/lib/x86_64-linux-gnu/gazebo-11/plugins:/usr/lib/x86_64-linux-gnu/gazebo-11/plugins:/usr/lib/x86_64-linux-gnu/gazebo-11/plugins /usr/bin/cmake --build /home/student/ros2_ws/build/rtabmap_sync -- -j8 -l8
[9.571s] [ 13%] [32mBuilding CXX object CMakeFiles/rtabmap_sync.dir/src/impl/CommonDataSubscriberStereo.cpp.o[0m
[9.571s] [ 13%] [32mBuilding CXX object CMakeFiles/rtabmap_sync_plugins.dir/src/nodelets/rgbdx_sync.cpp.o[0m
[9.571s] [ 13%] [32mBuilding CXX object CMakeFiles/rtabmap_sync.dir/src/impl/CommonDataSubscriberDepth.cpp.o[0m
[9.572s] [ 17%] [32mBuilding CXX object CMakeFiles/rtabmap_sync.dir/src/impl/CommonDataSubscriberRGB.cpp.o[0m
[9.572s] [ 21%] [32mBuilding CXX object CMakeFiles/rtabmap_sync_plugins.dir/src/nodelets/rgbd_sync.cpp.o[0m
[9.573s] [ 26%] [32mBuilding CXX object CMakeFiles/rtabmap_sync.dir/src/CommonDataSubscriber.cpp.o[0m
[9.574s] [ 30%] [32mBuilding CXX object CMakeFiles/rtabmap_sync_plugins.dir/src/nodelets/stereo_sync.cpp.o[0m
[9.577s] [ 34%] [32mBuilding CXX object CMakeFiles/rtabmap_sync.dir/src/impl/CommonDataSubscriberRGBD.cpp.o[0m
[38.511s] [ 39%] [32mBuilding CXX object CMakeFiles/rtabmap_sync_plugins.dir/src/nodelets/rgb_sync.cpp.o[0m
[42.403s] [ 43%] [32mBuilding CXX object CMakeFiles/rtabmap_sync.dir/src/impl/CommonDataSubscriberRGBDX.cpp.o[0m
[43.126s] [ 47%] [32mBuilding CXX object CMakeFiles/rtabmap_sync.dir/src/impl/CommonDataSubscriberScan.cpp.o[0m
[50.156s] [ 52%] [32mBuilding CXX object CMakeFiles/rtabmap_sync.dir/src/impl/CommonDataSubscriberOdom.cpp.o[0m
[61.872s] [ 56%] [32mBuilding CXX object CMakeFiles/rtabmap_sync.dir/src/impl/CommonDataSubscriberSensorData.cpp.o[0m
[71.166s] [ 60%] [32m[1mLinking CXX shared library librtabmap_sync_plugins.so[0m
[79.629s] [ 60%] Built target rtabmap_sync_plugins
[79.669s] [ 69%] [32mBuilding CXX object CMakeFiles/rtabmap_rgbdx_sync.dir/src/RGBDXSyncNode.cpp.o[0m
[79.669s] [ 69%] [32mBuilding CXX object CMakeFiles/rtabmap_rgb_sync.dir/src/RGBSyncNode.cpp.o[0m
[79.669s] [ 73%] [32mBuilding CXX object CMakeFiles/rtabmap_stereo_sync.dir/src/StereoSyncNode.cpp.o[0m
[79.670s] [ 78%] [32mBuilding CXX object CMakeFiles/rtabmap_rgbd_sync.dir/src/RGBDSyncNode.cpp.o[0m
[90.086s] [ 82%] [32m[1mLinking CXX executable rgb_sync[0m
[91.459s] [ 86%] [32m[1mLinking CXX executable rgbd_sync[0m
[91.527s] [ 91%] [32m[1mLinking CXX executable stereo_sync[0m
[93.567s] [ 95%] [32m[1mLinking CXX executable rgbdx_sync[0m
[93.615s] [100%] [32m[1mLinking CXX shared library librtabmap_sync.so[0m
[94.293s] [100%] Built target rtabmap_rgb_sync
[94.490s] [100%] Built target rtabmap_stereo_sync
[94.790s] [100%] Built target rtabmap_rgbd_sync
[95.794s] [100%] Built target rtabmap_rgbdx_sync
[109.815s] [100%] Built target rtabmap_sync
[109.829s] Invoked command in '/home/student/ros2_ws/build/rtabmap_sync' returned '0': CMAKE_PREFIX_PATH=/home/student/ros2_ws/install/rtabmap_msgs:/home/student/ros2_ws/install/rtabmap:/home/student/ros2_ws/install/turtlesim:/home/student/ros2_ws/install/turtlebot3:/home/student/ros2_ws/install/turtlebot3_state_estimation:/home/student/ros2_ws/install/turtlebot3_simulations:/home/student/ros2_ws/install/turtlebot3_bringup:/home/student/ros2_ws/install/turtlebot3_node:/home/student/ros2_ws/install/turtlebot3_navigation2:/home/student/ros2_ws/install/turtlebot3_fake_node:/home/student/ros2_ws/install/turtlebot3_msgs:/home/student/ros2_ws/install/turtlebot3_gazebo:/home/student/ros2_ws/install/turtlebot3_description:/home/student/ros2_ws/install/turtlebot3_cartographer:/home/student/ros2_ws/install/scan_to_image_localizer:/home/student/ros2_ws/install/scan_matching_localiser:/home/student/ros2_ws/install/robot_localization:/home/student/ros2_ws/install/laser_scan_nth_pkg:/home/student/ros2_ws/install/laser_processor_pkg:/home/student/ros2_ws/install/image_modifier_pkg:/home/student/ros2_ws/install/dynamixel_sdk_examples:/home/student/ros2_ws/install/dynamixel_sdk_custom_interfaces:/home/student/ros2_ws/install/dynamixel_sdk:/home/student/ros2_ws/install/cpp_pubsub:/home/student/install/scan_to_image_localizer:/home/student/install/scan_matching_localiser:/home/student/ros2_ws/install/turtlebot3_teleop:/home/student/ros2_ws/install/turtlebot3_example:/home/student/ros2_ws/install/rtabmap_python:/opt/ros/humble LD_LIBRARY_PATH=/home/student/ros2_ws/install/rtabmap_msgs/lib:/home/student/ros2_ws/install/rtabmap/lib:/home/student/ros2_ws/install/turtlesim/lib:/home/student/ros2_ws/install/turtlebot3_msgs/lib:/home/student/ros2_ws/install/robot_localization/lib:/home/student/ros2_ws/install/dynamixel_sdk_custom_interfaces/lib:/home/student/ros2_ws/install/dynamixel_sdk/lib:/usr/lib/x86_64-linux-gnu/gazebo-11/plugins:/opt/ros/humble/opt/rviz_ogre_vendor/lib:/opt/ros/humble/lib/x86_64-linux-gnu:/opt/ros/humble/lib:/usr/lib/x86_64-linux-gnu/gazebo-11/plugins:/usr/lib/x86_64-linux-gnu/gazebo-11/plugins:/usr/lib/x86_64-linux-gnu/gazebo-11/plugins /usr/bin/cmake --build /home/student/ros2_ws/build/rtabmap_sync -- -j8 -l8
[109.944s] Invoking command in '/home/student/ros2_ws/build/rtabmap_sync': CMAKE_PREFIX_PATH=/home/student/ros2_ws/install/rtabmap_msgs:/home/student/ros2_ws/install/rtabmap:/home/student/ros2_ws/install/turtlesim:/home/student/ros2_ws/install/turtlebot3:/home/student/ros2_ws/install/turtlebot3_state_estimation:/home/student/ros2_ws/install/turtlebot3_simulations:/home/student/ros2_ws/install/turtlebot3_bringup:/home/student/ros2_ws/install/turtlebot3_node:/home/student/ros2_ws/install/turtlebot3_navigation2:/home/student/ros2_ws/install/turtlebot3_fake_node:/home/student/ros2_ws/install/turtlebot3_msgs:/home/student/ros2_ws/install/turtlebot3_gazebo:/home/student/ros2_ws/install/turtlebot3_description:/home/student/ros2_ws/install/turtlebot3_cartographer:/home/student/ros2_ws/install/scan_to_image_localizer:/home/student/ros2_ws/install/scan_matching_localiser:/home/student/ros2_ws/install/robot_localization:/home/student/ros2_ws/install/laser_scan_nth_pkg:/home/student/ros2_ws/install/laser_processor_pkg:/home/student/ros2_ws/install/image_modifier_pkg:/home/student/ros2_ws/install/dynamixel_sdk_examples:/home/student/ros2_ws/install/dynamixel_sdk_custom_interfaces:/home/student/ros2_ws/install/dynamixel_sdk:/home/student/ros2_ws/install/cpp_pubsub:/home/student/install/scan_to_image_localizer:/home/student/install/scan_matching_localiser:/home/student/ros2_ws/install/turtlebot3_teleop:/home/student/ros2_ws/install/turtlebot3_example:/home/student/ros2_ws/install/rtabmap_python:/opt/ros/humble LD_LIBRARY_PATH=/home/student/ros2_ws/install/rtabmap_msgs/lib:/home/student/ros2_ws/install/rtabmap/lib:/home/student/ros2_ws/install/turtlesim/lib:/home/student/ros2_ws/install/turtlebot3_msgs/lib:/home/student/ros2_ws/install/robot_localization/lib:/home/student/ros2_ws/install/dynamixel_sdk_custom_interfaces/lib:/home/student/ros2_ws/install/dynamixel_sdk/lib:/usr/lib/x86_64-linux-gnu/gazebo-11/plugins:/opt/ros/humble/opt/rviz_ogre_vendor/lib:/opt/ros/humble/lib/x86_64-linux-gnu:/opt/ros/humble/lib:/usr/lib/x86_64-linux-gnu/gazebo-11/plugins:/usr/lib/x86_64-linux-gnu/gazebo-11/plugins:/usr/lib/x86_64-linux-gnu/gazebo-11/plugins /usr/bin/cmake --install /home/student/ros2_ws/build/rtabmap_sync
[109.954s] -- Install configuration: ""
[109.955s] -- Installing: /home/student/ros2_ws/install/rtabmap_sync/share/rtabmap_sync/environment/library_path.sh
[109.955s] -- Installing: /home/student/ros2_ws/install/rtabmap_sync/share/rtabmap_sync/environment/library_path.dsv
[109.955s] -- Installing: /home/student/ros2_ws/install/rtabmap_sync/lib/librtabmap_sync.so
[110.117s] -- Set runtime path of "/home/student/ros2_ws/install/rtabmap_sync/lib/librtabmap_sync.so" to ""
[110.117s] -- Installing: /home/student/ros2_ws/install/rtabmap_sync/lib/librtabmap_sync_plugins.so
[110.148s] -- Set runtime path of "/home/student/ros2_ws/install/rtabmap_sync/lib/librtabmap_sync_plugins.so" to ""
[110.148s] -- Installing: /home/student/ros2_ws/install/rtabmap_sync/lib/rtabmap_sync/rgbd_sync
[110.149s] -- Set runtime path of "/home/student/ros2_ws/install/rtabmap_sync/lib/rtabmap_sync/rgbd_sync" to ""
[110.149s] -- Installing: /home/student/ros2_ws/install/rtabmap_sync/lib/rtabmap_sync/rgbdx_sync
[110.149s] -- Set runtime path of "/home/student/ros2_ws/install/rtabmap_sync/lib/rtabmap_sync/rgbdx_sync" to ""
[110.149s] -- Installing: /home/student/ros2_ws/install/rtabmap_sync/lib/rtabmap_sync/stereo_sync
[110.150s] -- Set runtime path of "/home/student/ros2_ws/install/rtabmap_sync/lib/rtabmap_sync/stereo_sync" to ""
[110.150s] -- Installing: /home/student/ros2_ws/install/rtabmap_sync/lib/rtabmap_sync/rgb_sync
[110.150s] -- Set runtime path of "/home/student/ros2_ws/install/rtabmap_sync/lib/rtabmap_sync/rgb_sync" to ""
[110.150s] -- Installing: /home/student/ros2_ws/install/rtabmap_sync/include
[110.151s] -- Installing: /home/student/ros2_ws/install/rtabmap_sync/include/rtabmap_sync
[110.151s] -- Installing: /home/student/ros2_ws/install/rtabmap_sync/include/rtabmap_sync/GetTopicName.h
[110.151s] -- Installing: /home/student/ros2_ws/install/rtabmap_sync/include/rtabmap_sync/CommonDataSubscriber.h
[110.151s] -- Installing: /home/student/ros2_ws/install/rtabmap_sync/include/rtabmap_sync/visibility.h
[110.151s] -- Installing: /home/student/ros2_ws/install/rtabmap_sync/include/rtabmap_sync/SyncDiagnostic.h
[110.151s] -- Installing: /home/student/ros2_ws/install/rtabmap_sync/include/rtabmap_sync/CommonDataSubscriberDefines.h
[110.153s] -- Installing: /home/student/ros2_ws/install/rtabmap_sync/share/ament_index/resource_index/package_run_dependencies/rtabmap_sync
[110.154s] -- Installing: /home/student/ros2_ws/install/rtabmap_sync/share/ament_index/resource_index/parent_prefix_path/rtabmap_sync
[110.154s] -- Installing: /home/student/ros2_ws/install/rtabmap_sync/share/rtabmap_sync/environment/ament_prefix_path.sh
[110.154s] -- Installing: /home/student/ros2_ws/install/rtabmap_sync/share/rtabmap_sync/environment/ament_prefix_path.dsv
[110.155s] -- Installing: /home/student/ros2_ws/install/rtabmap_sync/share/rtabmap_sync/environment/path.sh
[110.155s] -- Installing: /home/student/ros2_ws/install/rtabmap_sync/share/rtabmap_sync/environment/path.dsv
[110.155s] -- Installing: /home/student/ros2_ws/install/rtabmap_sync/share/rtabmap_sync/local_setup.bash
[110.155s] -- Installing: /home/student/ros2_ws/install/rtabmap_sync/share/rtabmap_sync/local_setup.sh
[110.155s] -- Installing: /home/student/ros2_ws/install/rtabmap_sync/share/rtabmap_sync/local_setup.zsh
[110.156s] -- Installing: /home/student/ros2_ws/install/rtabmap_sync/share/rtabmap_sync/local_setup.dsv
[110.156s] -- Installing: /home/student/ros2_ws/install/rtabmap_sync/share/rtabmap_sync/package.dsv
[110.156s] -- Installing: /home/student/ros2_ws/install/rtabmap_sync/share/ament_index/resource_index/packages/rtabmap_sync
[110.156s] -- Installing: /home/student/ros2_ws/install/rtabmap_sync/share/ament_index/resource_index/rclcpp_components/rtabmap_sync
[110.157s] -- Installing: /home/student/ros2_ws/install/rtabmap_sync/share/rtabmap_sync/cmake/rtabmap_syncExport.cmake
[110.157s] -- Installing: /home/student/ros2_ws/install/rtabmap_sync/share/rtabmap_sync/cmake/rtabmap_syncExport-noconfig.cmake
[110.158s] -- Installing: /home/student/ros2_ws/install/rtabmap_sync/share/rtabmap_sync/cmake/extra_configs.cmake
[110.158s] -- Installing: /home/student/ros2_ws/install/rtabmap_sync/share/rtabmap_sync/cmake/ament_cmake_export_dependencies-extras.cmake
[110.158s] -- Installing: /home/student/ros2_ws/install/rtabmap_sync/share/rtabmap_sync/cmake/ament_cmake_export_include_directories-extras.cmake
[110.158s] -- Installing: /home/student/ros2_ws/install/rtabmap_sync/share/rtabmap_sync/cmake/ament_cmake_export_targets-extras.cmake
[110.159s] -- Installing: /home/student/ros2_ws/install/rtabmap_sync/share/rtabmap_sync/cmake/ament_cmake_export_libraries-extras.cmake
[110.159s] -- Installing: /home/student/ros2_ws/install/rtabmap_sync/share/rtabmap_sync/cmake/rtabmap_syncConfig.cmake
[110.159s] -- Installing: /home/student/ros2_ws/install/rtabmap_sync/share/rtabmap_sync/cmake/rtabmap_syncConfig-version.cmake
[110.159s] -- Installing: /home/student/ros2_ws/install/rtabmap_sync/share/rtabmap_sync/package.xml
[110.162s] Invoked command in '/home/student/ros2_ws/build/rtabmap_sync' returned '0': CMAKE_PREFIX_PATH=/home/student/ros2_ws/install/rtabmap_msgs:/home/student/ros2_ws/install/rtabmap:/home/student/ros2_ws/install/turtlesim:/home/student/ros2_ws/install/turtlebot3:/home/student/ros2_ws/install/turtlebot3_state_estimation:/home/student/ros2_ws/install/turtlebot3_simulations:/home/student/ros2_ws/install/turtlebot3_bringup:/home/student/ros2_ws/install/turtlebot3_node:/home/student/ros2_ws/install/turtlebot3_navigation2:/home/student/ros2_ws/install/turtlebot3_fake_node:/home/student/ros2_ws/install/turtlebot3_msgs:/home/student/ros2_ws/install/turtlebot3_gazebo:/home/student/ros2_ws/install/turtlebot3_description:/home/student/ros2_ws/install/turtlebot3_cartographer:/home/student/ros2_ws/install/scan_to_image_localizer:/home/student/ros2_ws/install/scan_matching_localiser:/home/student/ros2_ws/install/robot_localization:/home/student/ros2_ws/install/laser_scan_nth_pkg:/home/student/ros2_ws/install/laser_processor_pkg:/home/student/ros2_ws/install/image_modifier_pkg:/home/student/ros2_ws/install/dynamixel_sdk_examples:/home/student/ros2_ws/install/dynamixel_sdk_custom_interfaces:/home/student/ros2_ws/install/dynamixel_sdk:/home/student/ros2_ws/install/cpp_pubsub:/home/student/install/scan_to_image_localizer:/home/student/install/scan_matching_localiser:/home/student/ros2_ws/install/turtlebot3_teleop:/home/student/ros2_ws/install/turtlebot3_example:/home/student/ros2_ws/install/rtabmap_python:/opt/ros/humble LD_LIBRARY_PATH=/home/student/ros2_ws/install/rtabmap_msgs/lib:/home/student/ros2_ws/install/rtabmap/lib:/home/student/ros2_ws/install/turtlesim/lib:/home/student/ros2_ws/install/turtlebot3_msgs/lib:/home/student/ros2_ws/install/robot_localization/lib:/home/student/ros2_ws/install/dynamixel_sdk_custom_interfaces/lib:/home/student/ros2_ws/install/dynamixel_sdk/lib:/usr/lib/x86_64-linux-gnu/gazebo-11/plugins:/opt/ros/humble/opt/rviz_ogre_vendor/lib:/opt/ros/humble/lib/x86_64-linux-gnu:/opt/ros/humble/lib:/usr/lib/x86_64-linux-gnu/gazebo-11/plugins:/usr/lib/x86_64-linux-gnu/gazebo-11/plugins:/usr/lib/x86_64-linux-gnu/gazebo-11/plugins /usr/bin/cmake --install /home/student/ros2_ws/build/rtabmap_sync
