[0.025s] Invoking command in '/home/student/ros2_ws/build/image_modifier_pkg': CMAKE_PREFIX_PATH=${CMAKE_PREFIX_PATH}:/home/student/ros2_ws/install/turtlebot3_teleop:/home/student/ros2_ws/install/turtlebot3_example:/opt/ros/humble /usr/bin/cmake /home/student/ros2_ws/src/image_modifier_pkg -DCMAKE_INSTALL_PREFIX=/home/student/ros2_ws/install/image_modifier_pkg
[0.132s] -- The C compiler identification is GNU 11.4.0
[0.261s] -- The CXX compiler identification is GNU 11.4.0
[0.270s] -- Detecting C compiler ABI info
[0.400s] -- Detecting C compiler ABI info - done
[0.410s] -- Check for working C compiler: /usr/bin/cc - skipped
[0.410s] -- Detecting C compile features
[0.410s] -- Detecting C compile features - done
[0.426s] -- Detecting CXX compiler ABI info
[0.627s] -- Detecting CXX compiler ABI info - done
[0.646s] -- Check for working CXX compiler: /usr/bin/c++ - skipped
[0.646s] -- Detecting CXX compile features
[0.647s] -- Detecting CXX compile features - done
[0.654s] -- Found ament_cmake: 1.3.9 (/opt/ros/humble/share/ament_cmake/cmake)
[0.922s] -- Found Python3: /usr/bin/python3 (found version "3.10.12") found components: Interpreter 
[1.103s] -- Found rclcpp: 16.0.9 (/opt/ros/humble/share/rclcpp/cmake)
[1.194s] -- Found rosidl_generator_c: 3.1.5 (/opt/ros/humble/share/rosidl_generator_c/cmake)
[1.207s] -- Found rosidl_adapter: 3.1.5 (/opt/ros/humble/share/rosidl_adapter/cmake)
[1.225s] -- Found rosidl_generator_cpp: 3.1.5 (/opt/ros/humble/share/rosidl_generator_cpp/cmake)
[1.251s] -- Using all available rosidl_typesupport_c: rosidl_typesupport_fastrtps_c;rosidl_typesupport_introspection_c
[1.296s] -- Using all available rosidl_typesupport_cpp: rosidl_typesupport_fastrtps_cpp;rosidl_typesupport_introspection_cpp
[1.447s] -- Found rmw_implementation_cmake: 6.1.2 (/opt/ros/humble/share/rmw_implementation_cmake/cmake)
[1.455s] -- Found rmw_fastrtps_cpp: 6.2.6 (/opt/ros/humble/share/rmw_fastrtps_cpp/cmake)
[1.686s] -- Found OpenSSL: /usr/lib/x86_64-linux-gnu/libcrypto.so (found version "3.0.2")  
[1.737s] -- Found FastRTPS: /opt/ros/humble/include  
[1.821s] -- Using RMW implementation 'rmw_fastrtps_cpp' as default
[1.842s] -- Looking for pthread.h
[2.037s] -- Looking for pthread.h - found
[2.038s] -- Performing Test CMAKE_HAVE_LIBC_PTHREAD
[2.171s] -- Performing Test CMAKE_HAVE_LIBC_PTHREAD - Success
[2.172s] -- Found Threads: TRUE  
[2.499s] -- Found sensor_msgs: 4.2.4 (/opt/ros/humble/share/sensor_msgs/cmake)
[2.723s] -- Found cv_bridge: 3.2.1 (/opt/ros/humble/share/cv_bridge/cmake)
[2.767s] -- Found image_transport: 3.1.9 (/opt/ros/humble/share/image_transport/cmake)
[2.883s] [31mCMake Error at CMakeLists.txt:14 (find_package):
[2.884s]   By not providing "Findopencv.cmake" in CMAKE_MODULE_PATH this project has
[2.884s]   asked CMake to find a package configuration file provided by "opencv", but
[2.884s]   CMake did not find one.
[2.884s] 
[2.884s]   Could not find a package configuration file provided by "opencv" with any
[2.884s]   of the following names:
[2.884s] 
[2.884s]     opencvConfig.cmake
[2.885s]     opencv-config.cmake
[2.885s] 
[2.885s]   Add the installation prefix of "opencv" to CMAKE_PREFIX_PATH or set
[2.885s]   "opencv_DIR" to a directory containing one of the above files.  If "opencv"
[2.885s]   provides a separate development package or SDK, be sure it has been
[2.885s]   installed.
[2.885s] 
[2.885s] [0m
[2.885s] -- Configuring incomplete, errors occurred!
[2.886s] See also "/home/student/ros2_ws/build/image_modifier_pkg/CMakeFiles/CMakeOutput.log".
[2.903s] Invoked command in '/home/student/ros2_ws/build/image_modifier_pkg' returned '1': CMAKE_PREFIX_PATH=${CMAKE_PREFIX_PATH}:/home/student/ros2_ws/install/turtlebot3_teleop:/home/student/ros2_ws/install/turtlebot3_example:/opt/ros/humble /usr/bin/cmake /home/student/ros2_ws/src/image_modifier_pkg -DCMAKE_INSTALL_PREFIX=/home/student/ros2_ws/install/image_modifier_pkg
