[0.014s] Invoking command in '/home/student/ros2_ws/build/scan_matching_localiser': CMAKE_PREFIX_PATH=${CMAKE_PREFIX_PATH}:/home/student/ros2_ws/install/turtlebot3_teleop:/home/student/ros2_ws/install/turtlebot3_example:/opt/ros/humble /usr/bin/cmake --build /home/student/ros2_ws/build/scan_matching_localiser -- -j8 -l8
[0.069s] [35m[1mConsolidate compiler generated dependencies of target map_processor_node[0m
[0.096s] [ 50%] [32mBuilding CXX object CMakeFiles/map_processor_node.dir/src/map_processor_node.cpp.o[0m
[3.427s] [01m[K/home/student/ros2_ws/src/scan_matching_localiser/src/map_processor_node.cpp:[m[K In member function ‘[01m[Kvoid MapProcessorNode::scanCallback(sensor_msgs::msg::LaserScan_<std::allocator<void> >::SharedPtr)[m[K’:
[3.428s] [01m[K/home/student/ros2_ws/src/scan_matching_localiser/src/map_processor_node.cpp:24:68:[m[K [01;35m[Kwarning: [m[Kunused parameter ‘[01m[Kmsg[m[K’ [[01;35m[K]8;;https://gcc.gnu.org/onlinedocs/gcc/Warning-Options.html#index-Wunused-parameter-Wunused-parameter]8;;[m[K]
[3.428s]    24 | [01;35m[K_msgs::msg::LaserScan::SharedPtr msg[m[K) {
[3.428s]       | [01;35m[K~~~~~~~~~~~~~~~~~~~~~~~~~~~~~~~~~^~~[m[K
[3.428s] 
[13.321s] [100%] [32m[1mLinking CXX executable map_processor_node[0m
[14.329s] [100%] Built target map_processor_node
[14.345s] Invoked command in '/home/student/ros2_ws/build/scan_matching_localiser' returned '0': CMAKE_PREFIX_PATH=${CMAKE_PREFIX_PATH}:/home/student/ros2_ws/install/turtlebot3_teleop:/home/student/ros2_ws/install/turtlebot3_example:/opt/ros/humble /usr/bin/cmake --build /home/student/ros2_ws/build/scan_matching_localiser -- -j8 -l8
[14.391s] Invoking command in '/home/student/ros2_ws/build/scan_matching_localiser': CMAKE_PREFIX_PATH=${CMAKE_PREFIX_PATH}:/home/student/ros2_ws/install/turtlebot3_teleop:/home/student/ros2_ws/install/turtlebot3_example:/opt/ros/humble /usr/bin/cmake --install /home/student/ros2_ws/build/scan_matching_localiser
[14.400s] -- Install configuration: ""
[14.400s] -- Installing: /home/student/ros2_ws/install/scan_matching_localiser/lib/scan_matching_localiser/map_processor_node
[14.409s] -- Set runtime path of "/home/student/ros2_ws/install/scan_matching_localiser/lib/scan_matching_localiser/map_processor_node" to ""
[14.409s] -- Up-to-date: /home/student/ros2_ws/install/scan_matching_localiser/share/ament_index/resource_index/package_run_dependencies/scan_matching_localiser
[14.410s] -- Up-to-date: /home/student/ros2_ws/install/scan_matching_localiser/share/ament_index/resource_index/parent_prefix_path/scan_matching_localiser
[14.410s] -- Up-to-date: /home/student/ros2_ws/install/scan_matching_localiser/share/scan_matching_localiser/environment/ament_prefix_path.sh
[14.410s] -- Up-to-date: /home/student/ros2_ws/install/scan_matching_localiser/share/scan_matching_localiser/environment/ament_prefix_path.dsv
[14.410s] -- Up-to-date: /home/student/ros2_ws/install/scan_matching_localiser/share/scan_matching_localiser/environment/path.sh
[14.410s] -- Up-to-date: /home/student/ros2_ws/install/scan_matching_localiser/share/scan_matching_localiser/environment/path.dsv
[14.410s] -- Up-to-date: /home/student/ros2_ws/install/scan_matching_localiser/share/scan_matching_localiser/local_setup.bash
[14.410s] -- Up-to-date: /home/student/ros2_ws/install/scan_matching_localiser/share/scan_matching_localiser/local_setup.sh
[14.410s] -- Up-to-date: /home/student/ros2_ws/install/scan_matching_localiser/share/scan_matching_localiser/local_setup.zsh
[14.410s] -- Up-to-date: /home/student/ros2_ws/install/scan_matching_localiser/share/scan_matching_localiser/local_setup.dsv
[14.411s] -- Installing: /home/student/ros2_ws/install/scan_matching_localiser/share/scan_matching_localiser/package.dsv
[14.411s] -- Up-to-date: /home/student/ros2_ws/install/scan_matching_localiser/share/ament_index/resource_index/packages/scan_matching_localiser
[14.411s] -- Up-to-date: /home/student/ros2_ws/install/scan_matching_localiser/share/scan_matching_localiser/cmake/scan_matching_localiserConfig.cmake
[14.411s] -- Up-to-date: /home/student/ros2_ws/install/scan_matching_localiser/share/scan_matching_localiser/cmake/scan_matching_localiserConfig-version.cmake
[14.411s] -- Up-to-date: /home/student/ros2_ws/install/scan_matching_localiser/share/scan_matching_localiser/package.xml
[14.412s] Invoked command in '/home/student/ros2_ws/build/scan_matching_localiser' returned '0': CMAKE_PREFIX_PATH=${CMAKE_PREFIX_PATH}:/home/student/ros2_ws/install/turtlebot3_teleop:/home/student/ros2_ws/install/turtlebot3_example:/opt/ros/humble /usr/bin/cmake --install /home/student/ros2_ws/build/scan_matching_localiser
