[0.016s] Invoking command in '/home/student/ros2_ws/build/laser_processor_pkg': CMAKE_PREFIX_PATH=${CMAKE_PREFIX_PATH}:/home/student/ros2_ws/install/turtlebot3_teleop:/home/student/ros2_ws/install/turtlebot3_example:/opt/ros/humble /usr/bin/cmake --build /home/student/ros2_ws/build/laser_processor_pkg -- -j8 -l8
[0.125s] -- Found ament_cmake: 1.3.9 (/opt/ros/humble/share/ament_cmake/cmake)
[0.355s] -- Found rclcpp: 16.0.9 (/opt/ros/humble/share/rclcpp/cmake)
[0.404s] -- Found rosidl_generator_c: 3.1.5 (/opt/ros/humble/share/rosidl_generator_c/cmake)
[0.409s] -- Found rosidl_adapter: 3.1.5 (/opt/ros/humble/share/rosidl_adapter/cmake)
[0.425s] -- Found rosidl_generator_cpp: 3.1.5 (/opt/ros/humble/share/rosidl_generator_cpp/cmake)
[0.446s] -- Using all available rosidl_typesupport_c: rosidl_typesupport_fastrtps_c;rosidl_typesupport_introspection_c
[0.471s] -- Using all available rosidl_typesupport_cpp: rosidl_typesupport_fastrtps_cpp;rosidl_typesupport_introspection_cpp
[0.572s] -- Found rmw_implementation_cmake: 6.1.2 (/opt/ros/humble/share/rmw_implementation_cmake/cmake)
[0.576s] -- Found rmw_fastrtps_cpp: 6.2.6 (/opt/ros/humble/share/rmw_fastrtps_cpp/cmake)
[0.826s] -- Using RMW implementation 'rmw_fastrtps_cpp' as default
[1.124s] -- Found sensor_msgs: 4.2.4 (/opt/ros/humble/share/sensor_msgs/cmake)
[1.391s] -- Found ament_lint_auto: 0.12.11 (/opt/ros/humble/share/ament_lint_auto/cmake)
[1.532s] -- Added test 'cppcheck' to perform static code analysis on C / C++ code
[1.536s] -- Configured cppcheck include dirs: $<BUILD_INTERFACE:/home/student/ros2_ws/src/laser_processor_pkg/include>
[1.536s] -- Configured cppcheck exclude dirs and/or files: 
[1.537s] -- Added test 'lint_cmake' to check CMake code style
[1.539s] -- Added test 'uncrustify' to check C / C++ code style
[1.539s] -- Configured uncrustify additional arguments: 
[1.542s] -- Added test 'xmllint' to check XML markup files
[1.544s] -- Configuring done
[1.579s] -- Generating done
[1.584s] -- Build files have been written to: /home/student/ros2_ws/build/laser_processor_pkg
[1.648s] [35m[1mConsolidate compiler generated dependencies of target laser_processor[0m
[1.700s] [ 50%] [32mBuilding CXX object CMakeFiles/laser_processor.dir/src/laser_processor.cpp.o[0m
[17.114s] [100%] [32m[1mLinking CXX executable laser_processor[0m
[17.913s] [100%] Built target laser_processor
[17.980s] Invoked command in '/home/student/ros2_ws/build/laser_processor_pkg' returned '0': CMAKE_PREFIX_PATH=${CMAKE_PREFIX_PATH}:/home/student/ros2_ws/install/turtlebot3_teleop:/home/student/ros2_ws/install/turtlebot3_example:/opt/ros/humble /usr/bin/cmake --build /home/student/ros2_ws/build/laser_processor_pkg -- -j8 -l8
[18.064s] Invoking command in '/home/student/ros2_ws/build/laser_processor_pkg': CMAKE_PREFIX_PATH=${CMAKE_PREFIX_PATH}:/home/student/ros2_ws/install/turtlebot3_teleop:/home/student/ros2_ws/install/turtlebot3_example:/opt/ros/humble /usr/bin/cmake --install /home/student/ros2_ws/build/laser_processor_pkg
[18.086s] -- Install configuration: ""
[18.089s] -- Installing: /home/student/ros2_ws/install/laser_processor_pkg/lib/laser_processor_pkg/laser_processor
[18.097s] -- Set runtime path of "/home/student/ros2_ws/install/laser_processor_pkg/lib/laser_processor_pkg/laser_processor" to ""
[18.097s] -- Up-to-date: /home/student/ros2_ws/install/laser_processor_pkg/share/ament_index/resource_index/package_run_dependencies/laser_processor_pkg
[18.098s] -- Installing: /home/student/ros2_ws/install/laser_processor_pkg/share/ament_index/resource_index/parent_prefix_path/laser_processor_pkg
[18.098s] -- Up-to-date: /home/student/ros2_ws/install/laser_processor_pkg/share/laser_processor_pkg/environment/ament_prefix_path.sh
[18.098s] -- Installing: /home/student/ros2_ws/install/laser_processor_pkg/share/laser_processor_pkg/environment/ament_prefix_path.dsv
[18.099s] -- Up-to-date: /home/student/ros2_ws/install/laser_processor_pkg/share/laser_processor_pkg/environment/path.sh
[18.099s] -- Installing: /home/student/ros2_ws/install/laser_processor_pkg/share/laser_processor_pkg/environment/path.dsv
[18.099s] -- Up-to-date: /home/student/ros2_ws/install/laser_processor_pkg/share/laser_processor_pkg/local_setup.bash
[18.099s] -- Up-to-date: /home/student/ros2_ws/install/laser_processor_pkg/share/laser_processor_pkg/local_setup.sh
[18.099s] -- Up-to-date: /home/student/ros2_ws/install/laser_processor_pkg/share/laser_processor_pkg/local_setup.zsh
[18.099s] -- Installing: /home/student/ros2_ws/install/laser_processor_pkg/share/laser_processor_pkg/local_setup.dsv
[18.100s] -- Installing: /home/student/ros2_ws/install/laser_processor_pkg/share/laser_processor_pkg/package.dsv
[18.100s] -- Up-to-date: /home/student/ros2_ws/install/laser_processor_pkg/share/ament_index/resource_index/packages/laser_processor_pkg
[18.100s] -- Up-to-date: /home/student/ros2_ws/install/laser_processor_pkg/share/laser_processor_pkg/cmake/laser_processor_pkgConfig.cmake
[18.100s] -- Up-to-date: /home/student/ros2_ws/install/laser_processor_pkg/share/laser_processor_pkg/cmake/laser_processor_pkgConfig-version.cmake
[18.100s] -- Up-to-date: /home/student/ros2_ws/install/laser_processor_pkg/share/laser_processor_pkg/package.xml
[18.107s] Invoked command in '/home/student/ros2_ws/build/laser_processor_pkg' returned '0': CMAKE_PREFIX_PATH=${CMAKE_PREFIX_PATH}:/home/student/ros2_ws/install/turtlebot3_teleop:/home/student/ros2_ws/install/turtlebot3_example:/opt/ros/humble /usr/bin/cmake --install /home/student/ros2_ws/build/laser_processor_pkg
