[0.028s] Invoking command in '/home/student/ros2_ws/build/laser_scan_nth_pkg': CMAKE_PREFIX_PATH=${CMAKE_PREFIX_PATH}:/home/student/ros2_ws/install/turtlebot3_teleop:/home/student/ros2_ws/install/turtlebot3_example:/home/student/ros2_ws/install/rtabmap_python:/opt/ros/humble /usr/bin/cmake /home/student/ros2_ws/src/laser_scan_nth_pkg -DAMENT_CMAKE_SYMLINK_INSTALL=1 -DCMAKE_INSTALL_PREFIX=/home/student/ros2_ws/install/laser_scan_nth_pkg
[0.079s] -- Found ament_cmake: 1.3.9 (/opt/ros/humble/share/ament_cmake/cmake)
[0.308s] -- Override CMake install command with custom implementation using symlinks instead of copying resources
[0.326s] -- Found rclcpp: 16.0.9 (/opt/ros/humble/share/rclcpp/cmake)
[0.395s] -- Found rosidl_generator_c: 3.1.5 (/opt/ros/humble/share/rosidl_generator_c/cmake)
[0.404s] -- Found rosidl_adapter: 3.1.5 (/opt/ros/humble/share/rosidl_adapter/cmake)
[0.411s] -- Found rosidl_generator_cpp: 3.1.5 (/opt/ros/humble/share/rosidl_generator_cpp/cmake)
[0.448s] -- Using all available rosidl_typesupport_c: rosidl_typesupport_fastrtps_c;rosidl_typesupport_introspection_c
[0.477s] -- Using all available rosidl_typesupport_cpp: rosidl_typesupport_fastrtps_cpp;rosidl_typesupport_introspection_cpp
[0.632s] -- Found rmw_implementation_cmake: 6.1.2 (/opt/ros/humble/share/rmw_implementation_cmake/cmake)
[0.636s] -- Found rmw_fastrtps_cpp: 6.2.6 (/opt/ros/humble/share/rmw_fastrtps_cpp/cmake)
[0.875s] -- Using RMW implementation 'rmw_fastrtps_cpp' as default
[1.208s] -- Found sensor_msgs: 4.2.4 (/opt/ros/humble/share/sensor_msgs/cmake)
[1.459s] -- Found ament_lint_auto: 0.12.11 (/opt/ros/humble/share/ament_lint_auto/cmake)
[1.613s] -- Added test 'cppcheck' to perform static code analysis on C / C++ code
[1.613s] -- Configured cppcheck include dirs: $<BUILD_INTERFACE:/home/student/ros2_ws/src/laser_scan_nth_pkg/include>
[1.613s] -- Configured cppcheck exclude dirs and/or files: 
[1.616s] -- Added test 'lint_cmake' to check CMake code style
[1.617s] -- Added test 'uncrustify' to check C / C++ code style
[1.617s] -- Configured uncrustify additional arguments: 
[1.617s] -- Added test 'xmllint' to check XML markup files
[1.716s] -- Configuring done
[1.752s] -- Generating done
[1.756s] -- Build files have been written to: /home/student/ros2_ws/build/laser_scan_nth_pkg
[1.789s] Invoked command in '/home/student/ros2_ws/build/laser_scan_nth_pkg' returned '0': CMAKE_PREFIX_PATH=${CMAKE_PREFIX_PATH}:/home/student/ros2_ws/install/turtlebot3_teleop:/home/student/ros2_ws/install/turtlebot3_example:/home/student/ros2_ws/install/rtabmap_python:/opt/ros/humble /usr/bin/cmake /home/student/ros2_ws/src/laser_scan_nth_pkg -DAMENT_CMAKE_SYMLINK_INSTALL=1 -DCMAKE_INSTALL_PREFIX=/home/student/ros2_ws/install/laser_scan_nth_pkg
[1.790s] Invoking command in '/home/student/ros2_ws/build/laser_scan_nth_pkg': CMAKE_PREFIX_PATH=${CMAKE_PREFIX_PATH}:/home/student/ros2_ws/install/turtlebot3_teleop:/home/student/ros2_ws/install/turtlebot3_example:/home/student/ros2_ws/install/rtabmap_python:/opt/ros/humble /usr/bin/cmake --build /home/student/ros2_ws/build/laser_scan_nth_pkg -- -j8 -l8
[1.879s] [35m[1mConsolidate compiler generated dependencies of target laser_scan_nth[0m
[1.914s] [100%] Built target laser_scan_nth
[2.329s] Invoked command in '/home/student/ros2_ws/build/laser_scan_nth_pkg' returned '0': CMAKE_PREFIX_PATH=${CMAKE_PREFIX_PATH}:/home/student/ros2_ws/install/turtlebot3_teleop:/home/student/ros2_ws/install/turtlebot3_example:/home/student/ros2_ws/install/rtabmap_python:/opt/ros/humble /usr/bin/cmake --build /home/student/ros2_ws/build/laser_scan_nth_pkg -- -j8 -l8
[2.390s] Invoking command in '/home/student/ros2_ws/build/laser_scan_nth_pkg': CMAKE_PREFIX_PATH=${CMAKE_PREFIX_PATH}:/home/student/ros2_ws/install/turtlebot3_teleop:/home/student/ros2_ws/install/turtlebot3_example:/home/student/ros2_ws/install/rtabmap_python:/opt/ros/humble /usr/bin/cmake --install /home/student/ros2_ws/build/laser_scan_nth_pkg
[2.405s] -- Install configuration: "Release"
[2.406s] -- Execute custom install script
[2.406s] -- Up-to-date symlink: /home/student/ros2_ws/install/laser_scan_nth_pkg/lib/laser_scan_nth_pkg/laser_scan_nth
[2.406s] -- Up-to-date symlink: /home/student/ros2_ws/install/laser_scan_nth_pkg/share/ament_index/resource_index/package_run_dependencies/laser_scan_nth_pkg
[2.407s] -- Up-to-date symlink: /home/student/ros2_ws/install/laser_scan_nth_pkg/share/ament_index/resource_index/parent_prefix_path/laser_scan_nth_pkg
[2.408s] -- Up-to-date symlink: /home/student/ros2_ws/install/laser_scan_nth_pkg/share/laser_scan_nth_pkg/environment/ament_prefix_path.sh
[2.408s] -- Up-to-date symlink: /home/student/ros2_ws/install/laser_scan_nth_pkg/share/laser_scan_nth_pkg/environment/ament_prefix_path.dsv
[2.408s] -- Up-to-date symlink: /home/student/ros2_ws/install/laser_scan_nth_pkg/share/laser_scan_nth_pkg/environment/path.sh
[2.408s] -- Up-to-date symlink: /home/student/ros2_ws/install/laser_scan_nth_pkg/share/laser_scan_nth_pkg/environment/path.dsv
[2.408s] -- Up-to-date symlink: /home/student/ros2_ws/install/laser_scan_nth_pkg/share/laser_scan_nth_pkg/local_setup.bash
[2.409s] -- Up-to-date symlink: /home/student/ros2_ws/install/laser_scan_nth_pkg/share/laser_scan_nth_pkg/local_setup.sh
[2.409s] -- Up-to-date symlink: /home/student/ros2_ws/install/laser_scan_nth_pkg/share/laser_scan_nth_pkg/local_setup.zsh
[2.410s] -- Up-to-date symlink: /home/student/ros2_ws/install/laser_scan_nth_pkg/share/laser_scan_nth_pkg/local_setup.dsv
[2.410s] -- Symlinking: /home/student/ros2_ws/install/laser_scan_nth_pkg/share/laser_scan_nth_pkg/package.dsv
[2.432s] -- Up-to-date symlink: /home/student/ros2_ws/install/laser_scan_nth_pkg/share/ament_index/resource_index/packages/laser_scan_nth_pkg
[2.432s] -- Up-to-date symlink: /home/student/ros2_ws/install/laser_scan_nth_pkg/share/laser_scan_nth_pkg/cmake/laser_scan_nth_pkgConfig.cmake
[2.432s] -- Up-to-date symlink: /home/student/ros2_ws/install/laser_scan_nth_pkg/share/laser_scan_nth_pkg/cmake/laser_scan_nth_pkgConfig-version.cmake
[2.432s] -- Up-to-date symlink: /home/student/ros2_ws/install/laser_scan_nth_pkg/share/laser_scan_nth_pkg/package.xml
[2.435s] Invoked command in '/home/student/ros2_ws/build/laser_scan_nth_pkg' returned '0': CMAKE_PREFIX_PATH=${CMAKE_PREFIX_PATH}:/home/student/ros2_ws/install/turtlebot3_teleop:/home/student/ros2_ws/install/turtlebot3_example:/home/student/ros2_ws/install/rtabmap_python:/opt/ros/humble /usr/bin/cmake --install /home/student/ros2_ws/build/laser_scan_nth_pkg
