running develop
running egg_info
creating rtabmap_python.egg-info
writing rtabmap_python.egg-info/PKG-INFO
writing dependency_links to rtabmap_python.egg-info/dependency_links.txt
writing entry points to rtabmap_python.egg-info/entry_points.txt
writing requirements to rtabmap_python.egg-info/requires.txt
writing top-level names to rtabmap_python.egg-info/top_level.txt
writing manifest file 'rtabmap_python.egg-info/SOURCES.txt'
reading manifest file 'rtabmap_python.egg-info/SOURCES.txt'
writing manifest file 'rtabmap_python.egg-info/SOURCES.txt'
running build_ext
Creating /home/student/ros2_ws/install/rtabmap_python/lib/python3.10/site-packages/rtabmap-python.egg-link (link to .)

Installed /home/student/ros2_ws/build/rtabmap_python
running symlink_data
creating /home/student/ros2_ws/install/rtabmap_python/share/ament_index
creating /home/student/ros2_ws/install/rtabmap_python/share/ament_index/resource_index
creating /home/student/ros2_ws/install/rtabmap_python/share/ament_index/resource_index/packages
symbolically linking /home/student/ros2_ws/build/rtabmap_python/resource/rtabmap_python -> /home/student/ros2_ws/install/rtabmap_python/share/ament_index/resource_index/packages
symbolically linking /home/student/ros2_ws/build/rtabmap_python/package.xml -> /home/student/ros2_ws/install/rtabmap_python/share/rtabmap_python
/usr/lib/python3/dist-packages/setuptools/command/easy_install.py:158: EasyInstallDeprecationWarning: easy_install command is deprecated. Use build and pip and other standards-based tools.
  warnings.warn(
