[0.092s] Invoking command in '/home/student/ros2_ws/build/rtabmap': CMAKE_PREFIX_PATH=${CMAKE_PREFIX_PATH}:/home/student/ros2_ws/install/turtlebot3_teleop:/home/student/ros2_ws/install/turtlebot3_example:/home/student/ros2_ws/install/rtabmap_python:/opt/ros/humble /usr/bin/cmake --build /home/student/ros2_ws/build/rtabmap
[0.565s] [  5%] Built target rtabmap_utilite
[0.666s] [  6%] Built target res_tool
[1.708s] [ 57%] Built target rtabmap_core
[1.754s] [ 57%] [34m[1mAutomatic MOC and UIC for target rtabmap_gui[0m
[1.779s] [ 58%] Built target imagesJoiner
[1.786s] [ 58%] Built target consoleApp
[1.845s] [ 59%] Built target camera
[1.866s] [ 60%] Built target extractObject
[1.911s] [ 60%] Built target rtabmap_gui_autogen
[1.914s] [ 61%] Built target stereoEval
[1.932s] [ 62%] Built target kitti_dataset
[1.987s] [ 63%] Built target recovery
[1.987s] [ 64%] Built target rgbd_dataset
[2.004s] [ 64%] Built target euroc_dataset
[2.085s] [ 65%] Built target reprocess
[2.092s] [ 66%] Built target detectMoreLoopClosures
[2.107s] [ 67%] Built target export
[2.160s] [ 68%] Built target cleanupLocalGrids
[2.163s] [ 68%] Built target info
[2.185s] [ 69%] Built target globalBundleAdjustment
[2.367s] [ 70%] Built target lidar_viewer
[2.510s] [ 86%] Built target rtabmap_gui
[2.592s] [ 87%] Built target rtabmap_app
[2.602s] [ 87%] Built target report
[2.619s] [ 88%] Built target rgbd_camera
[2.664s] [ 89%] Built target epipolar_geometry
[2.666s] [ 90%] Built target databaseViewer
[2.767s] [ 91%] Built target odometryViewer
[2.775s] [ 92%] Built target dataRecorder
[2.785s] [ 93%] Built target calibration
[2.856s] [ 93%] [34m[1mAutomatic MOC and UIC for target rgbd_mapping[0m
[2.860s] [ 93%] Built target matcher
[2.885s] [ 93%] Built target bow_mapping
[2.922s] [ 93%] Built target rgbd_mapping_autogen
[2.932s] [ 94%] [34m[1mAutomatic MOC and UIC for target wifi_mapping[0m
[2.955s] [ 94%] [34m[1mAutomatic MOC and UIC for target noEventsExample[0m
[3.003s] [ 94%] Built target noEventsExample_autogen
[3.004s] [ 95%] [34m[1mAutomatic MOC and UIC for target lidar_mapping[0m
[3.010s] [ 95%] Built target wifi_mapping_autogen
[3.066s] [ 95%] Built target lidar_mapping_autogen
[3.103s] [ 97%] Built target noEventsExample
[3.121s] [ 98%] Built target rgbd_mapping
[3.152s] [ 99%] Built target wifi_mapping
[3.205s] [100%] Built target lidar_mapping
[3.445s] Invoked command in '/home/student/ros2_ws/build/rtabmap' returned '0': CMAKE_PREFIX_PATH=${CMAKE_PREFIX_PATH}:/home/student/ros2_ws/install/turtlebot3_teleop:/home/student/ros2_ws/install/turtlebot3_example:/home/student/ros2_ws/install/rtabmap_python:/opt/ros/humble /usr/bin/cmake --build /home/student/ros2_ws/build/rtabmap
[3.594s] Invoking command in '/home/student/ros2_ws/build/rtabmap': CMAKE_PREFIX_PATH=${CMAKE_PREFIX_PATH}:/home/student/ros2_ws/install/turtlebot3_teleop:/home/student/ros2_ws/install/turtlebot3_example:/home/student/ros2_ws/install/rtabmap_python:/opt/ros/humble /usr/bin/cmake --install /home/student/ros2_ws/build/rtabmap
[3.610s] -- Install configuration: "Release"
[3.616s] -- Up-to-date: /home/student/ros2_ws/install/rtabmap/lib/librtabmap_utilite.so.0.21.6
[3.616s] -- Up-to-date: /home/student/ros2_ws/install/rtabmap/lib/librtabmap_utilite.so.0.21
[3.616s] -- Up-to-date: /home/student/ros2_ws/install/rtabmap/lib/librtabmap_utilite.so
[3.616s] -- Up-to-date: /home/student/ros2_ws/install/rtabmap/include/rtabmap-0.21/rtabmap
[3.617s] -- Up-to-date: /home/student/ros2_ws/install/rtabmap/include/rtabmap-0.21/rtabmap/utilite
[3.617s] -- Up-to-date: /home/student/ros2_ws/install/rtabmap/include/rtabmap-0.21/rtabmap/utilite/UObjDeletionThread.h
[3.617s] -- Up-to-date: /home/student/ros2_ws/install/rtabmap/include/rtabmap-0.21/rtabmap/utilite/UFile.h
[3.617s] -- Up-to-date: /home/student/ros2_ws/install/rtabmap/include/rtabmap-0.21/rtabmap/utilite/Win32
[3.618s] -- Up-to-date: /home/student/ros2_ws/install/rtabmap/include/rtabmap-0.21/rtabmap/utilite/Win32/UWin32.h
[3.618s] -- Up-to-date: /home/student/ros2_ws/install/rtabmap/include/rtabmap-0.21/rtabmap/utilite/Win32/UThreadC.h
[3.618s] -- Up-to-date: /home/student/ros2_ws/install/rtabmap/include/rtabmap-0.21/rtabmap/utilite/Posix
[3.618s] -- Up-to-date: /home/student/ros2_ws/install/rtabmap/include/rtabmap-0.21/rtabmap/utilite/Posix/UThreadC.h
[3.618s] -- Up-to-date: /home/student/ros2_ws/install/rtabmap/include/rtabmap-0.21/rtabmap/utilite/USemaphore.h
[3.618s] -- Up-to-date: /home/student/ros2_ws/install/rtabmap/include/rtabmap-0.21/rtabmap/utilite/UConversion.h
[3.619s] -- Up-to-date: /home/student/ros2_ws/install/rtabmap/include/rtabmap-0.21/rtabmap/utilite/UMutex.h
[3.619s] -- Up-to-date: /home/student/ros2_ws/install/rtabmap/include/rtabmap-0.21/rtabmap/utilite/UtiLite.h
[3.619s] -- Up-to-date: /home/student/ros2_ws/install/rtabmap/include/rtabmap-0.21/rtabmap/utilite/UThreadC.h
[3.619s] -- Up-to-date: /home/student/ros2_ws/install/rtabmap/include/rtabmap-0.21/rtabmap/utilite/UEventsHandler.h
[3.619s] -- Up-to-date: /home/student/ros2_ws/install/rtabmap/include/rtabmap-0.21/rtabmap/utilite/UVariant.h
[3.619s] -- Up-to-date: /home/student/ros2_ws/install/rtabmap/include/rtabmap-0.21/rtabmap/utilite/UThread.h
[3.619s] -- Up-to-date: /home/student/ros2_ws/install/rtabmap/include/rtabmap-0.21/rtabmap/utilite/UDestroyer.h
[3.620s] -- Up-to-date: /home/student/ros2_ws/install/rtabmap/include/rtabmap-0.21/rtabmap/utilite/UEventsSender.h
[3.620s] -- Up-to-date: /home/student/ros2_ws/install/rtabmap/include/rtabmap-0.21/rtabmap/utilite/UDirectory.h
[3.620s] -- Up-to-date: /home/student/ros2_ws/install/rtabmap/include/rtabmap-0.21/rtabmap/utilite/UTimer.h
[3.620s] -- Up-to-date: /home/student/ros2_ws/install/rtabmap/include/rtabmap-0.21/rtabmap/utilite/UStl.h
[3.620s] -- Up-to-date: /home/student/ros2_ws/install/rtabmap/include/rtabmap-0.21/rtabmap/utilite/UThreadNode.h
[3.620s] -- Up-to-date: /home/student/ros2_ws/install/rtabmap/include/rtabmap-0.21/rtabmap/utilite/ULogger.h
[3.620s] -- Up-to-date: /home/student/ros2_ws/install/rtabmap/include/rtabmap-0.21/rtabmap/utilite/UEventsManager.h
[3.620s] -- Up-to-date: /home/student/ros2_ws/install/rtabmap/include/rtabmap-0.21/rtabmap/utilite/UException.h
[3.620s] -- Up-to-date: /home/student/ros2_ws/install/rtabmap/include/rtabmap-0.21/rtabmap/utilite/UEvent.h
[3.620s] -- Up-to-date: /home/student/ros2_ws/install/rtabmap/include/rtabmap-0.21/rtabmap/utilite/UMath.h
[3.620s] -- Up-to-date: /home/student/ros2_ws/install/rtabmap/include/rtabmap-0.21/rtabmap/utilite/UProcessInfo.h
[3.621s] -- Up-to-date: /home/student/ros2_ws/install/rtabmap/include/rtabmap-0.21/rtabmap
[3.621s] -- Up-to-date: /home/student/ros2_ws/install/rtabmap/include/rtabmap-0.21/rtabmap/utilite
[3.621s] -- Up-to-date: /home/student/ros2_ws/install/rtabmap/include/rtabmap-0.21/rtabmap/utilite/utilite_export.h
[3.624s] -- Up-to-date: /home/student/ros2_ws/install/rtabmap/lib/rtabmap-0.21/RTABMap_utiliteTargets.cmake
[3.624s] -- Up-to-date: /home/student/ros2_ws/install/rtabmap/lib/rtabmap-0.21/RTABMap_utiliteTargets-release.cmake
[3.632s] -- Up-to-date: /home/student/ros2_ws/install/rtabmap/bin/rtabmap-res_tool-0.3.0
[3.632s] -- Up-to-date: /home/student/ros2_ws/install/rtabmap/bin/rtabmap-res_tool
[3.640s] -- Up-to-date: /home/student/ros2_ws/install/rtabmap/lib/librtabmap_core.so.0.21.6
[3.640s] -- Up-to-date: /home/student/ros2_ws/install/rtabmap/lib/librtabmap_core.so.0.21
[3.640s] -- Up-to-date: /home/student/ros2_ws/install/rtabmap/lib/librtabmap_core.so
[3.641s] -- Up-to-date: /home/student/ros2_ws/install/rtabmap/include/rtabmap-0.21/rtabmap
[3.641s] -- Up-to-date: /home/student/ros2_ws/install/rtabmap/include/rtabmap-0.21/rtabmap/core
[3.641s] -- Up-to-date: /home/student/ros2_ws/install/rtabmap/include/rtabmap-0.21/rtabmap/core/Compression.h
[3.641s] -- Up-to-date: /home/student/ros2_ws/install/rtabmap/include/rtabmap-0.21/rtabmap/core/LocalGridMaker.h
[3.641s] -- Up-to-date: /home/student/ros2_ws/install/rtabmap/include/rtabmap-0.21/rtabmap/core/util3d_surface.h
[3.641s] -- Up-to-date: /home/student/ros2_ws/install/rtabmap/include/rtabmap-0.21/rtabmap/core/LocalGrid.h
[3.641s] -- Up-to-date: /home/student/ros2_ws/install/rtabmap/include/rtabmap-0.21/rtabmap/core/RtabmapThread.h
[3.642s] -- Up-to-date: /home/student/ros2_ws/install/rtabmap/include/rtabmap-0.21/rtabmap/core/MarkerDetector.h
[3.642s] -- Up-to-date: /home/student/ros2_ws/install/rtabmap/include/rtabmap-0.21/rtabmap/core/Lidar.h
[3.642s] -- Up-to-date: /home/student/ros2_ws/install/rtabmap/include/rtabmap-0.21/rtabmap/core/LaserScan.h
[3.642s] -- Up-to-date: /home/student/ros2_ws/install/rtabmap/include/rtabmap-0.21/rtabmap/core/CameraInfo.h
[3.643s] -- Up-to-date: /home/student/ros2_ws/install/rtabmap/include/rtabmap-0.21/rtabmap/core/FlannIndex.h
[3.643s] -- Up-to-date: /home/student/ros2_ws/install/rtabmap/include/rtabmap-0.21/rtabmap/core/Memory.h
[3.643s] -- Up-to-date: /home/student/ros2_ws/install/rtabmap/include/rtabmap-0.21/rtabmap/core/SensorCapture.h
[3.643s] -- Up-to-date: /home/student/ros2_ws/install/rtabmap/include/rtabmap-0.21/rtabmap/core/util3d.h
[3.643s] -- Up-to-date: /home/student/ros2_ws/install/rtabmap/include/rtabmap-0.21/rtabmap/core/CameraThread.h
[3.643s] -- Up-to-date: /home/student/ros2_ws/install/rtabmap/include/rtabmap-0.21/rtabmap/core/StereoDense.h
[3.643s] -- Up-to-date: /home/student/ros2_ws/install/rtabmap/include/rtabmap-0.21/rtabmap/core/util3d_filtering.h
[3.643s] -- Up-to-date: /home/student/ros2_ws/install/rtabmap/include/rtabmap-0.21/rtabmap/core/ProgressState.h
[3.644s] -- Up-to-date: /home/student/ros2_ws/install/rtabmap/include/rtabmap-0.21/rtabmap/core/GlobalDescriptor.h
[3.644s] -- Up-to-date: /home/student/ros2_ws/install/rtabmap/include/rtabmap-0.21/rtabmap/core/SensorCaptureInfo.h
[3.644s] -- Up-to-date: /home/student/ros2_ws/install/rtabmap/include/rtabmap-0.21/rtabmap/core/EnvSensor.h
[3.644s] -- Up-to-date: /home/student/ros2_ws/install/rtabmap/include/rtabmap-0.21/rtabmap/core/PythonInterface.h
[3.644s] -- Up-to-date: /home/student/ros2_ws/install/rtabmap/include/rtabmap-0.21/rtabmap/core/Stereo.h
[3.646s] -- Up-to-date: /home/student/ros2_ws/install/rtabmap/include/rtabmap-0.21/rtabmap/core/CameraRGB.h
[3.648s] -- Up-to-date: /home/student/ros2_ws/install/rtabmap/include/rtabmap-0.21/rtabmap/core/Features2d.h
[3.648s] -- Up-to-date: /home/student/ros2_ws/install/rtabmap/include/rtabmap-0.21/rtabmap/core/ParamEvent.h
[3.648s] -- Up-to-date: /home/student/ros2_ws/install/rtabmap/include/rtabmap-0.21/rtabmap/core/Camera.h
[3.648s] -- Up-to-date: /home/student/ros2_ws/install/rtabmap/include/rtabmap-0.21/rtabmap/core/GPS.h
[3.648s] -- Up-to-date: /home/student/ros2_ws/install/rtabmap/include/rtabmap-0.21/rtabmap/core/PDALWriter.h
[3.648s] -- Up-to-date: /home/student/ros2_ws/install/rtabmap/include/rtabmap-0.21/rtabmap/core/util3d_features.h
[3.648s] -- Up-to-date: /home/student/ros2_ws/install/rtabmap/include/rtabmap-0.21/rtabmap/core/CameraRGBD.h
[3.649s] -- Up-to-date: /home/student/ros2_ws/install/rtabmap/include/rtabmap-0.21/rtabmap/core/Transform.h
[3.649s] -- Up-to-date: /home/student/ros2_ws/install/rtabmap/include/rtabmap-0.21/rtabmap/core/camera
[3.650s] -- Up-to-date: /home/student/ros2_ws/install/rtabmap/include/rtabmap-0.21/rtabmap/core/camera/CameraStereoImages.h
[3.650s] -- Up-to-date: /home/student/ros2_ws/install/rtabmap/include/rtabmap-0.21/rtabmap/core/camera/CameraVideo.h
[3.651s] -- Up-to-date: /home/student/ros2_ws/install/rtabmap/include/rtabmap-0.21/rtabmap/core/camera/CameraK4W2.h
[3.651s] -- Up-to-date: /home/student/ros2_ws/install/rtabmap/include/rtabmap-0.21/rtabmap/core/camera/CameraOpenNICV.h
[3.651s] -- Up-to-date: /home/student/ros2_ws/install/rtabmap/include/rtabmap-0.21/rtabmap/core/camera/CameraImages.h
[3.651s] -- Up-to-date: /home/student/ros2_ws/install/rtabmap/include/rtabmap-0.21/rtabmap/core/camera/CameraSeerSense.h
[3.651s] -- Up-to-date: /home/student/ros2_ws/install/rtabmap/include/rtabmap-0.21/rtabmap/core/camera/CameraRGBDImages.h
[3.651s] -- Up-to-date: /home/student/ros2_ws/install/rtabmap/include/rtabmap-0.21/rtabmap/core/camera/CameraStereoZedOC.h
[3.651s] -- Up-to-date: /home/student/ros2_ws/install/rtabmap/include/rtabmap-0.21/rtabmap/core/camera/CameraRealSense2.h
[3.652s] -- Up-to-date: /home/student/ros2_ws/install/rtabmap/include/rtabmap-0.21/rtabmap/core/camera/CameraFreenect2.h
[3.652s] -- Up-to-date: /home/student/ros2_ws/install/rtabmap/include/rtabmap-0.21/rtabmap/core/camera/CameraDepthAI.h
[3.652s] -- Up-to-date: /home/student/ros2_ws/install/rtabmap/include/rtabmap-0.21/rtabmap/core/camera/CameraStereoDC1394.h
[3.652s] -- Up-to-date: /home/student/ros2_ws/install/rtabmap/include/rtabmap-0.21/rtabmap/core/camera/CameraMyntEye.h
[3.652s] -- Up-to-date: /home/student/ros2_ws/install/rtabmap/include/rtabmap-0.21/rtabmap/core/camera/CameraStereoZed.h
[3.652s] -- Up-to-date: /home/student/ros2_ws/install/rtabmap/include/rtabmap-0.21/rtabmap/core/camera/CameraRealSense.h
[3.652s] -- Up-to-date: /home/student/ros2_ws/install/rtabmap/include/rtabmap-0.21/rtabmap/core/camera/CameraOpenni.h
[3.652s] -- Up-to-date: /home/student/ros2_ws/install/rtabmap/include/rtabmap-0.21/rtabmap/core/camera/CameraK4A.h
[3.652s] -- Up-to-date: /home/student/ros2_ws/install/rtabmap/include/rtabmap-0.21/rtabmap/core/camera/CameraOpenNI2.h
[3.653s] -- Up-to-date: /home/student/ros2_ws/install/rtabmap/include/rtabmap-0.21/rtabmap/core/camera/CameraFreenect.h
[3.653s] -- Up-to-date: /home/student/ros2_ws/install/rtabmap/include/rtabmap-0.21/rtabmap/core/camera/CameraStereoVideo.h
[3.653s] -- Up-to-date: /home/student/ros2_ws/install/rtabmap/include/rtabmap-0.21/rtabmap/core/camera/CameraStereoFlyCapture2.h
[3.653s] -- Up-to-date: /home/student/ros2_ws/install/rtabmap/include/rtabmap-0.21/rtabmap/core/camera/CameraStereoTara.h
[3.653s] -- Up-to-date: /home/student/ros2_ws/install/rtabmap/include/rtabmap-0.21/rtabmap/core/VWDictionary.h
[3.653s] -- Up-to-date: /home/student/ros2_ws/install/rtabmap/include/rtabmap-0.21/rtabmap/core/SensorData.h
[3.653s] -- Up-to-date: /home/student/ros2_ws/install/rtabmap/include/rtabmap-0.21/rtabmap/core/Statistics.h
[3.654s] -- Up-to-date: /home/student/ros2_ws/install/rtabmap/include/rtabmap-0.21/rtabmap/core/Recovery.h
[3.654s] -- Up-to-date: /home/student/ros2_ws/install/rtabmap/include/rtabmap-0.21/rtabmap/core/IMU.h
[3.654s] -- Up-to-date: /home/student/ros2_ws/install/rtabmap/include/rtabmap-0.21/rtabmap/core/IMUThread.h
[3.654s] -- Up-to-date: /home/student/ros2_ws/install/rtabmap/include/rtabmap-0.21/rtabmap/core/OctoMap.h
[3.654s] -- Up-to-date: /home/student/ros2_ws/install/rtabmap/include/rtabmap-0.21/rtabmap/core/StereoCameraModel.h
[3.654s] -- Up-to-date: /home/student/ros2_ws/install/rtabmap/include/rtabmap-0.21/rtabmap/core/util3d_motion_estimation.h
[3.654s] -- Up-to-date: /home/student/ros2_ws/install/rtabmap/include/rtabmap-0.21/rtabmap/core/OdometryInfo.h
[3.654s] -- Up-to-date: /home/student/ros2_ws/install/rtabmap/include/rtabmap-0.21/rtabmap/core/Odometry.h
[3.654s] -- Up-to-date: /home/student/ros2_ws/install/rtabmap/include/rtabmap-0.21/rtabmap/core/RtabmapEvent.h
[3.654s] -- Up-to-date: /home/student/ros2_ws/install/rtabmap/include/rtabmap-0.21/rtabmap/core/optimizer
[3.655s] -- Up-to-date: /home/student/ros2_ws/install/rtabmap/include/rtabmap-0.21/rtabmap/core/optimizer/OptimizerTORO.h
[3.655s] -- Up-to-date: /home/student/ros2_ws/install/rtabmap/include/rtabmap-0.21/rtabmap/core/optimizer/OptimizerG2O.h
[3.655s] -- Up-to-date: /home/student/ros2_ws/install/rtabmap/include/rtabmap-0.21/rtabmap/core/optimizer/OptimizerCVSBA.h
[3.655s] -- Up-to-date: /home/student/ros2_ws/install/rtabmap/include/rtabmap-0.21/rtabmap/core/optimizer/OptimizerCeres.h
[3.655s] -- Up-to-date: /home/student/ros2_ws/install/rtabmap/include/rtabmap-0.21/rtabmap/core/optimizer/OptimizerGTSAM.h
[3.655s] -- Up-to-date: /home/student/ros2_ws/install/rtabmap/include/rtabmap-0.21/rtabmap/core/Parameters.h
[3.655s] -- Up-to-date: /home/student/ros2_ws/install/rtabmap/include/rtabmap-0.21/rtabmap/core/RegistrationVis.h
[3.656s] -- Up-to-date: /home/student/ros2_ws/install/rtabmap/include/rtabmap-0.21/rtabmap/core/DBDriver.h
[3.657s] -- Up-to-date: /home/student/ros2_ws/install/rtabmap/include/rtabmap-0.21/rtabmap/core/OdometryThread.h
[3.657s] -- Up-to-date: /home/student/ros2_ws/install/rtabmap/include/rtabmap-0.21/rtabmap/core/SensorEvent.h
[3.657s] -- Up-to-date: /home/student/ros2_ws/install/rtabmap/include/rtabmap-0.21/rtabmap/core/GeodeticCoords.h
[3.657s] -- Up-to-date: /home/student/ros2_ws/install/rtabmap/include/rtabmap-0.21/rtabmap/core/global_map
[3.657s] -- Up-to-date: /home/student/ros2_ws/install/rtabmap/include/rtabmap-0.21/rtabmap/core/global_map/CloudMap.h
[3.658s] -- Up-to-date: /home/student/ros2_ws/install/rtabmap/include/rtabmap-0.21/rtabmap/core/global_map/GridMap.h
[3.658s] -- Up-to-date: /home/student/ros2_ws/install/rtabmap/include/rtabmap-0.21/rtabmap/core/global_map/OctoMap.h
[3.658s] -- Up-to-date: /home/student/ros2_ws/install/rtabmap/include/rtabmap-0.21/rtabmap/core/global_map/OccupancyGrid.h
[3.658s] -- Up-to-date: /home/student/ros2_ws/install/rtabmap/include/rtabmap-0.21/rtabmap/core/util3d_correspondences.h
[3.658s] -- Up-to-date: /home/student/ros2_ws/install/rtabmap/include/rtabmap-0.21/rtabmap/core/VisualWord.h
[3.658s] -- Up-to-date: /home/student/ros2_ws/install/rtabmap/include/rtabmap-0.21/rtabmap/core/lidar
[3.659s] -- Up-to-date: /home/student/ros2_ws/install/rtabmap/include/rtabmap-0.21/rtabmap/core/lidar/LidarVLP16.h
[3.659s] -- Up-to-date: /home/student/ros2_ws/install/rtabmap/include/rtabmap-0.21/rtabmap/core/UserDataEvent.h
[3.659s] -- Up-to-date: /home/student/ros2_ws/install/rtabmap/include/rtabmap-0.21/rtabmap/core/DBDriverSqlite3.h
[3.659s] -- Up-to-date: /home/student/ros2_ws/install/rtabmap/include/rtabmap-0.21/rtabmap/core/RegistrationInfo.h
[3.659s] -- Up-to-date: /home/student/ros2_ws/install/rtabmap/include/rtabmap-0.21/rtabmap/core/BayesFilter.h
[3.660s] -- Up-to-date: /home/student/ros2_ws/install/rtabmap/include/rtabmap-0.21/rtabmap/core/stereo
[3.660s] -- Up-to-date: /home/student/ros2_ws/install/rtabmap/include/rtabmap-0.21/rtabmap/core/stereo/StereoBM.h
[3.660s] -- Up-to-date: /home/student/ros2_ws/install/rtabmap/include/rtabmap-0.21/rtabmap/core/stereo/StereoSGBM.h
[3.661s] -- Up-to-date: /home/student/ros2_ws/install/rtabmap/include/rtabmap-0.21/rtabmap/core/stereo/stereoRectifyFisheye.h
[3.661s] -- Up-to-date: /home/student/ros2_ws/install/rtabmap/include/rtabmap-0.21/rtabmap/core/SensorCaptureThread.h
[3.661s] -- Up-to-date: /home/student/ros2_ws/install/rtabmap/include/rtabmap-0.21/rtabmap/core/ParticleFilter.h
[3.661s] -- Up-to-date: /home/student/ros2_ws/install/rtabmap/include/rtabmap-0.21/rtabmap/core/Landmark.h
[3.661s] -- Up-to-date: /home/student/ros2_ws/install/rtabmap/include/rtabmap-0.21/rtabmap/core/OccupancyGrid.h
[3.661s] -- Up-to-date: /home/student/ros2_ws/install/rtabmap/include/rtabmap-0.21/rtabmap/core/GlobalDescriptorExtractor.h
[3.662s] -- Up-to-date: /home/student/ros2_ws/install/rtabmap/include/rtabmap-0.21/rtabmap/core/GlobalMap.h
[3.662s] -- Up-to-date: /home/student/ros2_ws/install/rtabmap/include/rtabmap-0.21/rtabmap/core/DBReader.h
[3.662s] -- Up-to-date: /home/student/ros2_ws/install/rtabmap/include/rtabmap-0.21/rtabmap/core/CameraStereo.h
[3.662s] -- Up-to-date: /home/student/ros2_ws/install/rtabmap/include/rtabmap-0.21/rtabmap/core/util3d_registration.h
[3.662s] -- Up-to-date: /home/student/ros2_ws/install/rtabmap/include/rtabmap-0.21/rtabmap/core/Graph.h
[3.662s] -- Up-to-date: /home/student/ros2_ws/install/rtabmap/include/rtabmap-0.21/rtabmap/core/util2d.h
[3.662s] -- Up-to-date: /home/student/ros2_ws/install/rtabmap/include/rtabmap-0.21/rtabmap/core/OdometryEvent.h
[3.662s] -- Up-to-date: /home/student/ros2_ws/install/rtabmap/include/rtabmap-0.21/rtabmap/core/GainCompensator.h
[3.662s] -- Up-to-date: /home/student/ros2_ws/install/rtabmap/include/rtabmap-0.21/rtabmap/core/util3d_mapping.h
[3.663s] -- Up-to-date: /home/student/ros2_ws/install/rtabmap/include/rtabmap-0.21/rtabmap/core/CameraEvent.h
[3.663s] -- Up-to-date: /home/student/ros2_ws/install/rtabmap/include/rtabmap-0.21/rtabmap/core/Registration.h
[3.665s] -- Up-to-date: /home/student/ros2_ws/install/rtabmap/include/rtabmap-0.21/rtabmap/core/Rtabmap.h
[3.665s] -- Up-to-date: /home/student/ros2_ws/install/rtabmap/include/rtabmap-0.21/rtabmap/core/EpipolarGeometry.h
[3.665s] -- Up-to-date: /home/student/ros2_ws/install/rtabmap/include/rtabmap-0.21/rtabmap/core/impl
[3.666s] -- Up-to-date: /home/student/ros2_ws/install/rtabmap/include/rtabmap-0.21/rtabmap/core/impl/LocalMapMaker.hpp
[3.667s] -- Up-to-date: /home/student/ros2_ws/install/rtabmap/include/rtabmap-0.21/rtabmap/core/impl/util3d_mapping.hpp
[3.668s] -- Up-to-date: /home/student/ros2_ws/install/rtabmap/include/rtabmap-0.21/rtabmap/core/impl/util3d_surface.hpp
[3.668s] -- Up-to-date: /home/student/ros2_ws/install/rtabmap/include/rtabmap-0.21/rtabmap/core/impl/util3d.hpp
[3.668s] -- Up-to-date: /home/student/ros2_ws/install/rtabmap/include/rtabmap-0.21/rtabmap/core/Image.h
[3.670s] -- Up-to-date: /home/student/ros2_ws/install/rtabmap/include/rtabmap-0.21/rtabmap/core/util3d_transforms.h
[3.670s] -- Up-to-date: /home/student/ros2_ws/install/rtabmap/include/rtabmap-0.21/rtabmap/core/CameraModel.h
[3.670s] -- Up-to-date: /home/student/ros2_ws/install/rtabmap/include/rtabmap-0.21/rtabmap/core/RegistrationIcp.h
[3.670s] -- Up-to-date: /home/student/ros2_ws/install/rtabmap/include/rtabmap-0.21/rtabmap/core/clams
[3.670s] -- Up-to-date: /home/student/ros2_ws/install/rtabmap/include/rtabmap-0.21/rtabmap/core/clams/frame_projector.h
[3.671s] -- Up-to-date: /home/student/ros2_ws/install/rtabmap/include/rtabmap-0.21/rtabmap/core/clams/slam_calibrator.h
[3.671s] -- Up-to-date: /home/student/ros2_ws/install/rtabmap/include/rtabmap-0.21/rtabmap/core/clams/discrete_depth_distortion_model.h
[3.671s] -- Up-to-date: /home/student/ros2_ws/install/rtabmap/include/rtabmap-0.21/rtabmap/core/IMUFilter.h
[3.671s] -- Up-to-date: /home/student/ros2_ws/install/rtabmap/include/rtabmap-0.21/rtabmap/core/Optimizer.h
[3.671s] -- Up-to-date: /home/student/ros2_ws/install/rtabmap/include/rtabmap-0.21/rtabmap/core/Signature.h
[3.671s] -- Up-to-date: /home/student/ros2_ws/install/rtabmap/include/rtabmap-0.21/rtabmap/core/Link.h
[3.671s] -- Up-to-date: /home/student/ros2_ws/install/rtabmap/include/rtabmap-0.21/rtabmap/core/odometry
[3.671s] -- Up-to-date: /home/student/ros2_ws/install/rtabmap/include/rtabmap-0.21/rtabmap/core/odometry/OdometryOkvis.h
[3.671s] -- Up-to-date: /home/student/ros2_ws/install/rtabmap/include/rtabmap-0.21/rtabmap/core/odometry/OdometryLOAM.h
[3.672s] -- Up-to-date: /home/student/ros2_ws/install/rtabmap/include/rtabmap-0.21/rtabmap/core/odometry/OdometryOpen3D.h
[3.672s] -- Up-to-date: /home/student/ros2_ws/install/rtabmap/include/rtabmap-0.21/rtabmap/core/odometry/OdometryMono.h
[3.672s] -- Up-to-date: /home/student/ros2_ws/install/rtabmap/include/rtabmap-0.21/rtabmap/core/odometry/OdometryOpenVINS.h
[3.672s] -- Up-to-date: /home/student/ros2_ws/install/rtabmap/include/rtabmap-0.21/rtabmap/core/odometry/OdometryMSCKF.h
[3.673s] -- Up-to-date: /home/student/ros2_ws/install/rtabmap/include/rtabmap-0.21/rtabmap/core/odometry/OdometryFovis.h
[3.673s] -- Up-to-date: /home/student/ros2_ws/install/rtabmap/include/rtabmap-0.21/rtabmap/core/odometry/OdometryViso2.h
[3.674s] -- Up-to-date: /home/student/ros2_ws/install/rtabmap/include/rtabmap-0.21/rtabmap/core/odometry/OdometryF2M.h
[3.674s] -- Up-to-date: /home/student/ros2_ws/install/rtabmap/include/rtabmap-0.21/rtabmap/core/odometry/OdometryORBSLAM3.h
[3.674s] -- Up-to-date: /home/student/ros2_ws/install/rtabmap/include/rtabmap-0.21/rtabmap/core/odometry/OdometryFLOAM.h
[3.674s] -- Up-to-date: /home/student/ros2_ws/install/rtabmap/include/rtabmap-0.21/rtabmap/core/odometry/OdometryDVO.h
[3.674s] -- Up-to-date: /home/student/ros2_ws/install/rtabmap/include/rtabmap-0.21/rtabmap/core/odometry/OdometryORBSLAM2.h
[3.674s] -- Up-to-date: /home/student/ros2_ws/install/rtabmap/include/rtabmap-0.21/rtabmap/core/odometry/OdometryF2F.h
[3.674s] -- Up-to-date: /home/student/ros2_ws/install/rtabmap/include/rtabmap-0.21/rtabmap/core/odometry/OdometryVINS.h
[3.674s] -- Up-to-date: /home/student/ros2_ws/install/rtabmap/include/rtabmap-0.21/rtabmap
[3.674s] -- Up-to-date: /home/student/ros2_ws/install/rtabmap/include/rtabmap-0.21/rtabmap/core
[3.675s] -- Up-to-date: /home/student/ros2_ws/install/rtabmap/include/rtabmap-0.21/rtabmap/core/Version.h
[3.675s] -- Up-to-date: /home/student/ros2_ws/install/rtabmap/include/rtabmap-0.21/rtabmap/core/rtabmap_core_export.h
[3.678s] -- Up-to-date: /home/student/ros2_ws/install/rtabmap/lib/rtabmap-0.21/RTABMap_coreTargets.cmake
[3.679s] -- Up-to-date: /home/student/ros2_ws/install/rtabmap/lib/rtabmap-0.21/RTABMap_coreTargets-release.cmake
[3.679s] -- Up-to-date: /home/student/ros2_ws/install/rtabmap/lib/librtabmap_gui.so.0.21.6
[3.679s] -- Up-to-date: /home/student/ros2_ws/install/rtabmap/lib/librtabmap_gui.so.0.21
[3.679s] -- Up-to-date: /home/student/ros2_ws/install/rtabmap/lib/librtabmap_gui.so
[3.680s] -- Up-to-date: /home/student/ros2_ws/install/rtabmap/include/rtabmap-0.21/rtabmap
[3.680s] -- Up-to-date: /home/student/ros2_ws/install/rtabmap/include/rtabmap-0.21/rtabmap/utilite
[3.681s] -- Up-to-date: /home/student/ros2_ws/install/rtabmap/include/rtabmap-0.21/rtabmap/utilite/UCv2Qt.h
[3.681s] -- Up-to-date: /home/student/ros2_ws/install/rtabmap/include/rtabmap-0.21/rtabmap/utilite/UImageView.h
[3.681s] -- Up-to-date: /home/student/ros2_ws/install/rtabmap/include/rtabmap-0.21/rtabmap/utilite/UPlot.h
[3.682s] -- Up-to-date: /home/student/ros2_ws/install/rtabmap/include/rtabmap-0.21/rtabmap/gui
[3.683s] -- Up-to-date: /home/student/ros2_ws/install/rtabmap/include/rtabmap-0.21/rtabmap/gui/ConsoleWidget.h
[3.685s] -- Up-to-date: /home/student/ros2_ws/install/rtabmap/include/rtabmap-0.21/rtabmap/gui/MultiSessionLocWidget.h
[3.685s] -- Up-to-date: /home/student/ros2_ws/install/rtabmap/include/rtabmap-0.21/rtabmap/gui/CameraViewer.h
[3.685s] -- Up-to-date: /home/student/ros2_ws/install/rtabmap/include/rtabmap-0.21/rtabmap/gui/ParametersToolBox.h
[3.686s] -- Up-to-date: /home/student/ros2_ws/install/rtabmap/include/rtabmap-0.21/rtabmap/gui/StatsToolBox.h
[3.687s] -- Up-to-date: /home/student/ros2_ws/install/rtabmap/include/rtabmap-0.21/rtabmap/gui/TexturingState.h
[3.688s] -- Up-to-date: /home/student/ros2_ws/install/rtabmap/include/rtabmap-0.21/rtabmap/gui/MapVisibilityWidget.h
[3.691s] -- Up-to-date: /home/student/ros2_ws/install/rtabmap/include/rtabmap-0.21/rtabmap/gui/MainWindow.h
[3.692s] -- Up-to-date: /home/student/ros2_ws/install/rtabmap/include/rtabmap-0.21/rtabmap/gui/PostProcessingDialog.h
[3.692s] -- Up-to-date: /home/student/ros2_ws/install/rtabmap/include/rtabmap-0.21/rtabmap/gui/ImageView.h
[3.692s] -- Up-to-date: /home/student/ros2_ws/install/rtabmap/include/rtabmap-0.21/rtabmap/gui/ExportCloudsDialog.h
[3.692s] -- Up-to-date: /home/student/ros2_ws/install/rtabmap/include/rtabmap-0.21/rtabmap/gui/CloudViewerInteractorStyle.h
[3.692s] -- Up-to-date: /home/student/ros2_ws/install/rtabmap/include/rtabmap-0.21/rtabmap/gui/CloudViewer.h
[3.693s] -- Up-to-date: /home/student/ros2_ws/install/rtabmap/include/rtabmap-0.21/rtabmap/gui/CloudViewerCellPicker.h
[3.693s] -- Up-to-date: /home/student/ros2_ws/install/rtabmap/include/rtabmap-0.21/rtabmap/gui/LoopClosureViewer.h
[3.693s] -- Up-to-date: /home/student/ros2_ws/install/rtabmap/include/rtabmap-0.21/rtabmap/gui/CreateSimpleCalibrationDialog.h
[3.693s] -- Up-to-date: /home/student/ros2_ws/install/rtabmap/include/rtabmap-0.21/rtabmap/gui/EditMapArea.h
[3.693s] -- Up-to-date: /home/student/ros2_ws/install/rtabmap/include/rtabmap-0.21/rtabmap/gui/AboutDialog.h
[3.693s] -- Up-to-date: /home/student/ros2_ws/install/rtabmap/include/rtabmap-0.21/rtabmap/gui/OdometryViewer.h
[3.693s] -- Up-to-date: /home/student/ros2_ws/install/rtabmap/include/rtabmap-0.21/rtabmap/gui/PreferencesDialog.h
[3.693s] -- Up-to-date: /home/student/ros2_ws/install/rtabmap/include/rtabmap-0.21/rtabmap/gui/DataRecorder.h
[3.693s] -- Up-to-date: /home/student/ros2_ws/install/rtabmap/include/rtabmap-0.21/rtabmap/gui/ExportBundlerDialog.h
[3.693s] -- Up-to-date: /home/student/ros2_ws/install/rtabmap/include/rtabmap-0.21/rtabmap/gui/DepthCalibrationDialog.h
[3.693s] -- Up-to-date: /home/student/ros2_ws/install/rtabmap/include/rtabmap-0.21/rtabmap/gui/EditDepthArea.h
[3.694s] -- Up-to-date: /home/student/ros2_ws/install/rtabmap/include/rtabmap-0.21/rtabmap/gui/CalibrationDialog.h
[3.696s] -- Up-to-date: /home/student/ros2_ws/install/rtabmap/include/rtabmap-0.21/rtabmap/gui/GraphViewer.h
[3.696s] -- Up-to-date: /home/student/ros2_ws/install/rtabmap/include/rtabmap-0.21/rtabmap/gui/KeypointItem.h
[3.696s] -- Up-to-date: /home/student/ros2_ws/install/rtabmap/include/rtabmap-0.21/rtabmap/gui/LinkRefiningDialog.h
[3.696s] -- Up-to-date: /home/student/ros2_ws/install/rtabmap/include/rtabmap-0.21/rtabmap/gui/EditConstraintDialog.h
[3.696s] -- Up-to-date: /home/student/ros2_ws/install/rtabmap/include/rtabmap-0.21/rtabmap/gui/RecoveryState.h
[3.696s] -- Up-to-date: /home/student/ros2_ws/install/rtabmap/include/rtabmap-0.21/rtabmap/gui/DatabaseViewer.h
[3.696s] -- Up-to-date: /home/student/ros2_ws/install/rtabmap/include/rtabmap-0.21/rtabmap/gui/MultiSessionLocSubView.h
[3.697s] -- Up-to-date: /home/student/ros2_ws/install/rtabmap/include/rtabmap-0.21/rtabmap/gui/ProgressDialog.h
[3.697s] -- Up-to-date: /home/student/ros2_ws/install/rtabmap/include/rtabmap-0.21/rtabmap/gui/ExportDialog.h
[3.697s] -- Up-to-date: /home/student/ros2_ws/install/rtabmap/include/rtabmap-0.21/rtabmap/gui/PdfPlot.h
[3.697s] -- Up-to-date: /home/student/ros2_ws/install/rtabmap/include/rtabmap-0.21/rtabmap
[3.697s] -- Up-to-date: /home/student/ros2_ws/install/rtabmap/include/rtabmap-0.21/rtabmap/gui
[3.697s] -- Up-to-date: /home/student/ros2_ws/install/rtabmap/include/rtabmap-0.21/rtabmap/gui/rtabmap_gui_export.h
[3.698s] -- Up-to-date: /home/student/ros2_ws/install/rtabmap/lib/rtabmap-0.21/RTABMap_guiTargets.cmake
[3.698s] -- Up-to-date: /home/student/ros2_ws/install/rtabmap/lib/rtabmap-0.21/RTABMap_guiTargets-release.cmake
[3.698s] -- Up-to-date: /home/student/ros2_ws/install/rtabmap/bin/rtabmap
[3.698s] -- Up-to-date: /home/student/ros2_ws/install/rtabmap/bin/rtabmap-console
[3.698s] -- Up-to-date: /home/student/ros2_ws/install/rtabmap/bin/rtabmap-extractObject
[3.703s] -- Up-to-date: /home/student/ros2_ws/install/rtabmap/bin/rtabmap-camera
[3.703s] -- Up-to-date: /home/student/ros2_ws/install/rtabmap/bin/rtabmap-kitti_dataset
[3.712s] -- Up-to-date: /home/student/ros2_ws/install/rtabmap/bin/rtabmap-rgbd_dataset
[3.717s] -- Up-to-date: /home/student/ros2_ws/install/rtabmap/bin/rtabmap-euroc_dataset
[3.723s] -- Up-to-date: /home/student/ros2_ws/install/rtabmap/bin/rtabmap-recovery
[3.730s] -- Up-to-date: /home/student/ros2_ws/install/rtabmap/bin/rtabmap-reprocess
[3.731s] -- Up-to-date: /home/student/ros2_ws/install/rtabmap/bin/rtabmap-detectMoreLoopClosures
[3.739s] -- Up-to-date: /home/student/ros2_ws/install/rtabmap/bin/rtabmap-export
[3.749s] -- Up-to-date: /home/student/ros2_ws/install/rtabmap/bin/rtabmap-report
[3.762s] -- Up-to-date: /home/student/ros2_ws/install/rtabmap/bin/rtabmap-info
[3.780s] -- Up-to-date: /home/student/ros2_ws/install/rtabmap/bin/rtabmap-cleanupLocalGrids
[3.782s] -- Up-to-date: /home/student/ros2_ws/install/rtabmap/bin/rtabmap-globalBundleAdjustment
[3.790s] -- Up-to-date: /home/student/ros2_ws/install/rtabmap/bin/rtabmap-rgbd_camera
[3.803s] -- Up-to-date: /home/student/ros2_ws/install/rtabmap/bin/rtabmap-lidar_viewer
[3.813s] -- Up-to-date: /home/student/ros2_ws/install/rtabmap/bin/rtabmap-databaseViewer
[3.821s] -- Up-to-date: /home/student/ros2_ws/install/rtabmap/bin/rtabmap-odometryViewer
[3.822s] -- Up-to-date: /home/student/ros2_ws/install/rtabmap/bin/rtabmap-dataRecorder
[3.825s] -- Up-to-date: /home/student/ros2_ws/install/rtabmap/bin/rtabmap-calibration
[3.831s] -- Up-to-date: /home/student/ros2_ws/install/rtabmap/lib/rtabmap-0.21/RTABMapTargets.cmake
[3.832s] -- Up-to-date: /home/student/ros2_ws/install/rtabmap/lib/rtabmap-0.21/RTABMapConfig.cmake
[3.832s] -- Up-to-date: /home/student/ros2_ws/install/rtabmap/lib/rtabmap-0.21/RTABMapConfigVersion.cmake
[3.832s] -- Up-to-date: /home/student/ros2_ws/install/rtabmap/share/rtabmap/package.xml
[3.891s] Invoked command in '/home/student/ros2_ws/build/rtabmap' returned '0': CMAKE_PREFIX_PATH=${CMAKE_PREFIX_PATH}:/home/student/ros2_ws/install/turtlebot3_teleop:/home/student/ros2_ws/install/turtlebot3_example:/home/student/ros2_ws/install/rtabmap_python:/opt/ros/humble /usr/bin/cmake --install /home/student/ros2_ws/build/rtabmap
