[0.074s] Invoking command in '/home/student/ros2_ws/build/cpp_pubsub': CMAKE_PREFIX_PATH=${CMAKE_PREFIX_PATH}:/home/student/ros2_ws/install/turtlebot3_teleop:/home/student/ros2_ws/install/turtlebot3_example:/home/student/ros2_ws/install/rtabmap_python:/opt/ros/humble /usr/bin/cmake --build /home/student/ros2_ws/build/cpp_pubsub -- -j8 -l8
[0.154s] Invoked command in '/home/student/ros2_ws/build/cpp_pubsub' returned '0': CMAKE_PREFIX_PATH=${CMAKE_PREFIX_PATH}:/home/student/ros2_ws/install/turtlebot3_teleop:/home/student/ros2_ws/install/turtlebot3_example:/home/student/ros2_ws/install/rtabmap_python:/opt/ros/humble /usr/bin/cmake --build /home/student/ros2_ws/build/cpp_pubsub -- -j8 -l8
[0.217s] Invoking command in '/home/student/ros2_ws/build/cpp_pubsub': CMAKE_PREFIX_PATH=${CMAKE_PREFIX_PATH}:/home/student/ros2_ws/install/turtlebot3_teleop:/home/student/ros2_ws/install/turtlebot3_example:/home/student/ros2_ws/install/rtabmap_python:/opt/ros/humble /usr/bin/cmake --install /home/student/ros2_ws/build/cpp_pubsub
[0.232s] -- Install configuration: "Release"
[0.233s] -- Execute custom install script
[0.233s] -- Up-to-date symlink: /home/student/ros2_ws/install/cpp_pubsub/share/ament_index/resource_index/package_run_dependencies/cpp_pubsub
[0.233s] -- Up-to-date symlink: /home/student/ros2_ws/install/cpp_pubsub/share/ament_index/resource_index/parent_prefix_path/cpp_pubsub
[0.236s] -- Up-to-date symlink: /home/student/ros2_ws/install/cpp_pubsub/share/cpp_pubsub/environment/ament_prefix_path.sh
[0.236s] -- Up-to-date symlink: /home/student/ros2_ws/install/cpp_pubsub/share/cpp_pubsub/environment/ament_prefix_path.dsv
[0.236s] -- Up-to-date symlink: /home/student/ros2_ws/install/cpp_pubsub/share/cpp_pubsub/environment/path.sh
[0.236s] -- Up-to-date symlink: /home/student/ros2_ws/install/cpp_pubsub/share/cpp_pubsub/environment/path.dsv
[0.236s] -- Up-to-date symlink: /home/student/ros2_ws/install/cpp_pubsub/share/cpp_pubsub/local_setup.bash
[0.236s] -- Up-to-date symlink: /home/student/ros2_ws/install/cpp_pubsub/share/cpp_pubsub/local_setup.sh
[0.237s] -- Up-to-date symlink: /home/student/ros2_ws/install/cpp_pubsub/share/cpp_pubsub/local_setup.zsh
[0.237s] -- Up-to-date symlink: /home/student/ros2_ws/install/cpp_pubsub/share/cpp_pubsub/local_setup.dsv
[0.237s] -- Symlinking: /home/student/ros2_ws/install/cpp_pubsub/share/cpp_pubsub/package.dsv
[0.253s] -- Up-to-date symlink: /home/student/ros2_ws/install/cpp_pubsub/share/ament_index/resource_index/packages/cpp_pubsub
[0.253s] -- Up-to-date symlink: /home/student/ros2_ws/install/cpp_pubsub/share/cpp_pubsub/cmake/cpp_pubsubConfig.cmake
[0.259s] -- Up-to-date symlink: /home/student/ros2_ws/install/cpp_pubsub/share/cpp_pubsub/cmake/cpp_pubsubConfig-version.cmake
[0.259s] -- Up-to-date symlink: /home/student/ros2_ws/install/cpp_pubsub/share/cpp_pubsub/package.xml
[0.259s] Invoked command in '/home/student/ros2_ws/build/cpp_pubsub' returned '0': CMAKE_PREFIX_PATH=${CMAKE_PREFIX_PATH}:/home/student/ros2_ws/install/turtlebot3_teleop:/home/student/ros2_ws/install/turtlebot3_example:/home/student/ros2_ws/install/rtabmap_python:/opt/ros/humble /usr/bin/cmake --install /home/student/ros2_ws/build/cpp_pubsub
