[0.049s] Invoking command in '/home/student/ros2_ws/build/turtlebot3_state_estimation': CMAKE_PREFIX_PATH=${CMAKE_PREFIX_PATH}:/home/student/ros2_ws/install/turtlebot3_teleop:/home/student/ros2_ws/install/turtlebot3_example:/home/student/ros2_ws/install/rtabmap_python:/opt/ros/humble /usr/bin/cmake /home/student/ros2_ws/src/turtlebot3_state_estimation -DAMENT_CMAKE_SYMLINK_INSTALL=1 -DCMAKE_INSTALL_PREFIX=/home/student/ros2_ws/install/turtlebot3_state_estimation
[0.087s] -- Found ament_cmake: 1.3.9 (/opt/ros/humble/share/ament_cmake/cmake)
[0.374s] -- Override CMake install command with custom implementation using symlinks instead of copying resources
[0.392s] -- Found rclcpp: 16.0.9 (/opt/ros/humble/share/rclcpp/cmake)
[0.454s] -- Found rosidl_generator_c: 3.1.5 (/opt/ros/humble/share/rosidl_generator_c/cmake)
[0.459s] -- Found rosidl_adapter: 3.1.5 (/opt/ros/humble/share/rosidl_adapter/cmake)
[0.474s] -- Found rosidl_generator_cpp: 3.1.5 (/opt/ros/humble/share/rosidl_generator_cpp/cmake)
[0.492s] -- Using all available rosidl_typesupport_c: rosidl_typesupport_fastrtps_c;rosidl_typesupport_introspection_c
[0.524s] -- Using all available rosidl_typesupport_cpp: rosidl_typesupport_fastrtps_cpp;rosidl_typesupport_introspection_cpp
[0.637s] -- Found rmw_implementation_cmake: 6.1.2 (/opt/ros/humble/share/rmw_implementation_cmake/cmake)
[0.640s] -- Found rmw_fastrtps_cpp: 6.2.6 (/opt/ros/humble/share/rmw_fastrtps_cpp/cmake)
[0.856s] -- Using RMW implementation 'rmw_fastrtps_cpp' as default
[1.155s] -- Found geometry_msgs: 4.2.4 (/opt/ros/humble/share/geometry_msgs/cmake)
[1.238s] -- Found nav_msgs: 4.2.4 (/opt/ros/humble/share/nav_msgs/cmake)
[1.404s] -- Found tf2: 0.25.7 (/opt/ros/humble/share/tf2/cmake)
[1.419s] -- Found tf2_geometry_msgs: 0.25.7 (/opt/ros/humble/share/tf2_geometry_msgs/cmake)
[1.426s] -- Found eigen3_cmake_module: 0.1.1 (/opt/ros/humble/share/eigen3_cmake_module/cmake)
[1.428s] -- Ensuring Eigen3 include directory is part of orocos-kdl CMake target
[1.933s] -- Found ament_lint_auto: 0.12.11 (/opt/ros/humble/share/ament_lint_auto/cmake)
[2.032s] -- Added test 'cppcheck' to perform static code analysis on C / C++ code
[2.032s] -- Configured cppcheck include dirs: $<BUILD_INTERFACE:/home/student/ros2_ws/src/turtlebot3_state_estimation/include>
[2.033s] -- Configured cppcheck exclude dirs and/or files: 
[2.034s] -- Added test 'lint_cmake' to check CMake code style
[2.034s] -- Added test 'uncrustify' to check C / C++ code style
[2.034s] -- Configured uncrustify additional arguments: 
[2.035s] -- Added test 'xmllint' to check XML markup files
[2.038s] -- Configuring done
[2.095s] -- Generating done
[2.099s] -- Build files have been written to: /home/student/ros2_ws/build/turtlebot3_state_estimation
[2.119s] Invoked command in '/home/student/ros2_ws/build/turtlebot3_state_estimation' returned '0': CMAKE_PREFIX_PATH=${CMAKE_PREFIX_PATH}:/home/student/ros2_ws/install/turtlebot3_teleop:/home/student/ros2_ws/install/turtlebot3_example:/home/student/ros2_ws/install/rtabmap_python:/opt/ros/humble /usr/bin/cmake /home/student/ros2_ws/src/turtlebot3_state_estimation -DAMENT_CMAKE_SYMLINK_INSTALL=1 -DCMAKE_INSTALL_PREFIX=/home/student/ros2_ws/install/turtlebot3_state_estimation
[2.121s] Invoking command in '/home/student/ros2_ws/build/turtlebot3_state_estimation': CMAKE_PREFIX_PATH=${CMAKE_PREFIX_PATH}:/home/student/ros2_ws/install/turtlebot3_teleop:/home/student/ros2_ws/install/turtlebot3_example:/home/student/ros2_ws/install/rtabmap_python:/opt/ros/humble /usr/bin/cmake --build /home/student/ros2_ws/build/turtlebot3_state_estimation -- -j8 -l8
[2.209s] [35m[1mConsolidate compiler generated dependencies of target dead_reckoning[0m
[2.242s] [100%] Built target dead_reckoning
[2.264s] Invoked command in '/home/student/ros2_ws/build/turtlebot3_state_estimation' returned '0': CMAKE_PREFIX_PATH=${CMAKE_PREFIX_PATH}:/home/student/ros2_ws/install/turtlebot3_teleop:/home/student/ros2_ws/install/turtlebot3_example:/home/student/ros2_ws/install/rtabmap_python:/opt/ros/humble /usr/bin/cmake --build /home/student/ros2_ws/build/turtlebot3_state_estimation -- -j8 -l8
[2.324s] Invoking command in '/home/student/ros2_ws/build/turtlebot3_state_estimation': CMAKE_PREFIX_PATH=${CMAKE_PREFIX_PATH}:/home/student/ros2_ws/install/turtlebot3_teleop:/home/student/ros2_ws/install/turtlebot3_example:/home/student/ros2_ws/install/rtabmap_python:/opt/ros/humble /usr/bin/cmake --install /home/student/ros2_ws/build/turtlebot3_state_estimation
[2.334s] -- Install configuration: "Release"
[2.335s] -- Execute custom install script
[2.335s] -- Up-to-date symlink: /home/student/ros2_ws/install/turtlebot3_state_estimation/lib/turtlebot3_state_estimation/dead_reckoning
[2.335s] -- Up-to-date symlink: /home/student/ros2_ws/install/turtlebot3_state_estimation/share/ament_index/resource_index/package_run_dependencies/turtlebot3_state_estimation
[2.336s] -- Up-to-date symlink: /home/student/ros2_ws/install/turtlebot3_state_estimation/share/ament_index/resource_index/parent_prefix_path/turtlebot3_state_estimation
[2.336s] -- Up-to-date symlink: /home/student/ros2_ws/install/turtlebot3_state_estimation/share/turtlebot3_state_estimation/environment/ament_prefix_path.sh
[2.336s] -- Up-to-date symlink: /home/student/ros2_ws/install/turtlebot3_state_estimation/share/turtlebot3_state_estimation/environment/ament_prefix_path.dsv
[2.337s] -- Up-to-date symlink: /home/student/ros2_ws/install/turtlebot3_state_estimation/share/turtlebot3_state_estimation/environment/path.sh
[2.337s] -- Up-to-date symlink: /home/student/ros2_ws/install/turtlebot3_state_estimation/share/turtlebot3_state_estimation/environment/path.dsv
[2.337s] -- Up-to-date symlink: /home/student/ros2_ws/install/turtlebot3_state_estimation/share/turtlebot3_state_estimation/local_setup.bash
[2.337s] -- Up-to-date symlink: /home/student/ros2_ws/install/turtlebot3_state_estimation/share/turtlebot3_state_estimation/local_setup.sh
[2.337s] -- Up-to-date symlink: /home/student/ros2_ws/install/turtlebot3_state_estimation/share/turtlebot3_state_estimation/local_setup.zsh
[2.338s] -- Up-to-date symlink: /home/student/ros2_ws/install/turtlebot3_state_estimation/share/turtlebot3_state_estimation/local_setup.dsv
[2.338s] -- Symlinking: /home/student/ros2_ws/install/turtlebot3_state_estimation/share/turtlebot3_state_estimation/package.dsv
[2.353s] -- Up-to-date symlink: /home/student/ros2_ws/install/turtlebot3_state_estimation/share/ament_index/resource_index/packages/turtlebot3_state_estimation
[2.353s] -- Up-to-date symlink: /home/student/ros2_ws/install/turtlebot3_state_estimation/share/turtlebot3_state_estimation/cmake/turtlebot3_state_estimationConfig.cmake
[2.354s] -- Up-to-date symlink: /home/student/ros2_ws/install/turtlebot3_state_estimation/share/turtlebot3_state_estimation/cmake/turtlebot3_state_estimationConfig-version.cmake
[2.354s] -- Up-to-date symlink: /home/student/ros2_ws/install/turtlebot3_state_estimation/share/turtlebot3_state_estimation/package.xml
[2.386s] Invoked command in '/home/student/ros2_ws/build/turtlebot3_state_estimation' returned '0': CMAKE_PREFIX_PATH=${CMAKE_PREFIX_PATH}:/home/student/ros2_ws/install/turtlebot3_teleop:/home/student/ros2_ws/install/turtlebot3_example:/home/student/ros2_ws/install/rtabmap_python:/opt/ros/humble /usr/bin/cmake --install /home/student/ros2_ws/build/turtlebot3_state_estimation
