[0.017s] Invoking command in '/home/student/ros2_ws/build/scan_to_image_localizer': CMAKE_PREFIX_PATH=${CMAKE_PREFIX_PATH}:/home/student/ros2_ws/install/turtlebot3_teleop:/home/student/ros2_ws/install/turtlebot3_example:/opt/ros/humble /usr/bin/cmake --build /home/student/ros2_ws/build/scan_to_image_localizer
[0.064s] [100%] Built target scan_to_image_node
[0.132s] Invoked command in '/home/student/ros2_ws/build/scan_to_image_localizer' returned '0': CMAKE_PREFIX_PATH=${CMAKE_PREFIX_PATH}:/home/student/ros2_ws/install/turtlebot3_teleop:/home/student/ros2_ws/install/turtlebot3_example:/opt/ros/humble /usr/bin/cmake --build /home/student/ros2_ws/build/scan_to_image_localizer
[0.215s] Invoking command in '/home/student/ros2_ws/build/scan_to_image_localizer': CMAKE_PREFIX_PATH=${CMAKE_PREFIX_PATH}:/home/student/ros2_ws/install/turtlebot3_teleop:/home/student/ros2_ws/install/turtlebot3_example:/opt/ros/humble /usr/bin/cmake --install /home/student/ros2_ws/build/scan_to_image_localizer
[0.229s] -- Install configuration: "Release"
[0.229s] -- Execute custom install script
[0.237s] -- Up-to-date symlink: /home/student/ros2_ws/install/scan_to_image_localizer/lib/scan_to_image_localizer/scan_to_image_node
[0.237s] -- Up-to-date symlink: /home/student/ros2_ws/install/scan_to_image_localizer/share/ament_index/resource_index/package_run_dependencies/scan_to_image_localizer
[0.237s] -- Up-to-date symlink: /home/student/ros2_ws/install/scan_to_image_localizer/share/ament_index/resource_index/parent_prefix_path/scan_to_image_localizer
[0.237s] -- Up-to-date symlink: /home/student/ros2_ws/install/scan_to_image_localizer/share/scan_to_image_localizer/environment/ament_prefix_path.sh
[0.237s] -- Up-to-date symlink: /home/student/ros2_ws/install/scan_to_image_localizer/share/scan_to_image_localizer/environment/ament_prefix_path.dsv
[0.237s] -- Up-to-date symlink: /home/student/ros2_ws/install/scan_to_image_localizer/share/scan_to_image_localizer/environment/path.sh
[0.237s] -- Up-to-date symlink: /home/student/ros2_ws/install/scan_to_image_localizer/share/scan_to_image_localizer/environment/path.dsv
[0.238s] -- Up-to-date symlink: /home/student/ros2_ws/install/scan_to_image_localizer/share/scan_to_image_localizer/local_setup.bash
[0.238s] -- Up-to-date symlink: /home/student/ros2_ws/install/scan_to_image_localizer/share/scan_to_image_localizer/local_setup.sh
[0.238s] -- Up-to-date symlink: /home/student/ros2_ws/install/scan_to_image_localizer/share/scan_to_image_localizer/local_setup.zsh
[0.238s] -- Up-to-date symlink: /home/student/ros2_ws/install/scan_to_image_localizer/share/scan_to_image_localizer/local_setup.dsv
[0.238s] -- Symlinking: /home/student/ros2_ws/install/scan_to_image_localizer/share/scan_to_image_localizer/package.dsv
[0.264s] -- Up-to-date symlink: /home/student/ros2_ws/install/scan_to_image_localizer/share/ament_index/resource_index/packages/scan_to_image_localizer
[0.264s] -- Up-to-date symlink: /home/student/ros2_ws/install/scan_to_image_localizer/share/scan_to_image_localizer/cmake/scan_to_image_localizerConfig.cmake
[0.264s] -- Up-to-date symlink: /home/student/ros2_ws/install/scan_to_image_localizer/share/scan_to_image_localizer/cmake/scan_to_image_localizerConfig-version.cmake
[0.264s] -- Up-to-date symlink: /home/student/ros2_ws/install/scan_to_image_localizer/share/scan_to_image_localizer/package.xml
[0.286s] Invoked command in '/home/student/ros2_ws/build/scan_to_image_localizer' returned '0': CMAKE_PREFIX_PATH=${CMAKE_PREFIX_PATH}:/home/student/ros2_ws/install/turtlebot3_teleop:/home/student/ros2_ws/install/turtlebot3_example:/opt/ros/humble /usr/bin/cmake --install /home/student/ros2_ws/build/scan_to_image_localizer
