[0.026s] Invoking command in '/home/student/ros2_ws/build/laser_scan_nth_pkg': CMAKE_PREFIX_PATH=${CMAKE_PREFIX_PATH}:/home/student/ros2_ws/install/turtlebot3_teleop:/home/student/ros2_ws/install/turtlebot3_example:/opt/ros/humble /usr/bin/cmake --build /home/student/ros2_ws/build/laser_scan_nth_pkg -- -j8 -l8
[0.121s] [35m[1mConsolidate compiler generated dependencies of target laser_scan_nth[0m
[0.172s] [ 50%] [32mBuilding CXX object CMakeFiles/laser_scan_nth.dir/src/laser_scan_nth.cpp.o[0m
[14.595s] [100%] [32m[1mLinking CXX executable laser_scan_nth[0m
[15.316s] [100%] Built target laser_scan_nth
[15.341s] Invoked command in '/home/student/ros2_ws/build/laser_scan_nth_pkg' returned '0': CMAKE_PREFIX_PATH=${CMAKE_PREFIX_PATH}:/home/student/ros2_ws/install/turtlebot3_teleop:/home/student/ros2_ws/install/turtlebot3_example:/opt/ros/humble /usr/bin/cmake --build /home/student/ros2_ws/build/laser_scan_nth_pkg -- -j8 -l8
[15.430s] Invoking command in '/home/student/ros2_ws/build/laser_scan_nth_pkg': CMAKE_PREFIX_PATH=${CMAKE_PREFIX_PATH}:/home/student/ros2_ws/install/turtlebot3_teleop:/home/student/ros2_ws/install/turtlebot3_example:/opt/ros/humble /usr/bin/cmake --install /home/student/ros2_ws/build/laser_scan_nth_pkg
[15.447s] -- Install configuration: ""
[15.447s] -- Installing: /home/student/ros2_ws/install/laser_scan_nth_pkg/lib/laser_scan_nth_pkg/laser_scan_nth
[15.467s] -- Set runtime path of "/home/student/ros2_ws/install/laser_scan_nth_pkg/lib/laser_scan_nth_pkg/laser_scan_nth" to ""
[15.467s] -- Up-to-date: /home/student/ros2_ws/install/laser_scan_nth_pkg/share/ament_index/resource_index/package_run_dependencies/laser_scan_nth_pkg
[15.467s] -- Up-to-date: /home/student/ros2_ws/install/laser_scan_nth_pkg/share/ament_index/resource_index/parent_prefix_path/laser_scan_nth_pkg
[15.468s] -- Up-to-date: /home/student/ros2_ws/install/laser_scan_nth_pkg/share/laser_scan_nth_pkg/environment/ament_prefix_path.sh
[15.468s] -- Up-to-date: /home/student/ros2_ws/install/laser_scan_nth_pkg/share/laser_scan_nth_pkg/environment/ament_prefix_path.dsv
[15.468s] -- Up-to-date: /home/student/ros2_ws/install/laser_scan_nth_pkg/share/laser_scan_nth_pkg/environment/path.sh
[15.469s] -- Up-to-date: /home/student/ros2_ws/install/laser_scan_nth_pkg/share/laser_scan_nth_pkg/environment/path.dsv
[15.471s] -- Up-to-date: /home/student/ros2_ws/install/laser_scan_nth_pkg/share/laser_scan_nth_pkg/local_setup.bash
[15.472s] -- Up-to-date: /home/student/ros2_ws/install/laser_scan_nth_pkg/share/laser_scan_nth_pkg/local_setup.sh
[15.472s] -- Up-to-date: /home/student/ros2_ws/install/laser_scan_nth_pkg/share/laser_scan_nth_pkg/local_setup.zsh
[15.472s] -- Up-to-date: /home/student/ros2_ws/install/laser_scan_nth_pkg/share/laser_scan_nth_pkg/local_setup.dsv
[15.473s] -- Installing: /home/student/ros2_ws/install/laser_scan_nth_pkg/share/laser_scan_nth_pkg/package.dsv
[15.473s] -- Up-to-date: /home/student/ros2_ws/install/laser_scan_nth_pkg/share/ament_index/resource_index/packages/laser_scan_nth_pkg
[15.473s] -- Up-to-date: /home/student/ros2_ws/install/laser_scan_nth_pkg/share/laser_scan_nth_pkg/cmake/laser_scan_nth_pkgConfig.cmake
[15.473s] -- Up-to-date: /home/student/ros2_ws/install/laser_scan_nth_pkg/share/laser_scan_nth_pkg/cmake/laser_scan_nth_pkgConfig-version.cmake
[15.473s] -- Up-to-date: /home/student/ros2_ws/install/laser_scan_nth_pkg/share/laser_scan_nth_pkg/package.xml
[15.478s] Invoked command in '/home/student/ros2_ws/build/laser_scan_nth_pkg' returned '0': CMAKE_PREFIX_PATH=${CMAKE_PREFIX_PATH}:/home/student/ros2_ws/install/turtlebot3_teleop:/home/student/ros2_ws/install/turtlebot3_example:/opt/ros/humble /usr/bin/cmake --install /home/student/ros2_ws/build/laser_scan_nth_pkg
