[0.027s] Invoking command in '/home/student/ros2_ws/build/image_modifier_pkg': CMAKE_PREFIX_PATH=${CMAKE_PREFIX_PATH}:/home/student/ros2_ws/install/turtlebot3_teleop:/home/student/ros2_ws/install/turtlebot3_example:/opt/ros/humble /usr/bin/cmake /home/student/ros2_ws/src/image_modifier_pkg -DCMAKE_INSTALL_PREFIX=/home/student/ros2_ws/install/image_modifier_pkg
[0.053s] -- Found ament_cmake: 1.3.9 (/opt/ros/humble/share/ament_cmake/cmake)
[0.285s] -- Found rclcpp: 16.0.9 (/opt/ros/humble/share/rclcpp/cmake)
[0.367s] -- Found rosidl_generator_c: 3.1.5 (/opt/ros/humble/share/rosidl_generator_c/cmake)
[0.370s] -- Found rosidl_adapter: 3.1.5 (/opt/ros/humble/share/rosidl_adapter/cmake)
[0.378s] -- Found rosidl_generator_cpp: 3.1.5 (/opt/ros/humble/share/rosidl_generator_cpp/cmake)
[0.396s] -- Using all available rosidl_typesupport_c: rosidl_typesupport_fastrtps_c;rosidl_typesupport_introspection_c
[0.423s] -- Using all available rosidl_typesupport_cpp: rosidl_typesupport_fastrtps_cpp;rosidl_typesupport_introspection_cpp
[0.522s] -- Found rmw_implementation_cmake: 6.1.2 (/opt/ros/humble/share/rmw_implementation_cmake/cmake)
[0.525s] -- Found rmw_fastrtps_cpp: 6.2.6 (/opt/ros/humble/share/rmw_fastrtps_cpp/cmake)
[0.752s] -- Using RMW implementation 'rmw_fastrtps_cpp' as default
[1.018s] -- Found sensor_msgs: 4.2.4 (/opt/ros/humble/share/sensor_msgs/cmake)
[1.236s] -- Found cv_bridge: 3.2.1 (/opt/ros/humble/share/cv_bridge/cmake)
[1.257s] -- Found image_transport: 3.1.9 (/opt/ros/humble/share/image_transport/cmake)
[1.335s] -- Configuring incomplete, errors occurred!
[1.336s] See also "/home/student/ros2_ws/build/image_modifier_pkg/CMakeFiles/CMakeOutput.log".
[1.336s] [31mCMake Error at CMakeLists.txt:14 (find_package):
[1.336s]   By not providing "Findopencv.cmake" in CMAKE_MODULE_PATH this project has
[1.336s]   asked CMake to find a package configuration file provided by "opencv", but
[1.336s]   CMake did not find one.
[1.337s] 
[1.337s]   Could not find a package configuration file provided by "opencv" with any
[1.337s]   of the following names:
[1.337s] 
[1.337s]     opencvConfig.cmake
[1.337s]     opencv-config.cmake
[1.337s] 
[1.337s]   Add the installation prefix of "opencv" to CMAKE_PREFIX_PATH or set
[1.337s]   "opencv_DIR" to a directory containing one of the above files.  If "opencv"
[1.337s]   provides a separate development package or SDK, be sure it has been
[1.337s]   installed.
[1.338s] 
[1.338s] [0m
[1.348s] Invoked command in '/home/student/ros2_ws/build/image_modifier_pkg' returned '1': CMAKE_PREFIX_PATH=${CMAKE_PREFIX_PATH}:/home/student/ros2_ws/install/turtlebot3_teleop:/home/student/ros2_ws/install/turtlebot3_example:/opt/ros/humble /usr/bin/cmake /home/student/ros2_ws/src/image_modifier_pkg -DCMAKE_INSTALL_PREFIX=/home/student/ros2_ws/install/image_modifier_pkg
