[0.016s] Invoking command in '/home/student/ros2_ws/build/gazebo_map_creator': AMENT_PREFIX_PATH=/home/student/ros2_ws/install/gazebo_map_creator_interface:${AMENT_PREFIX_PATH} CMAKE_PREFIX_PATH=/home/student/ros2_ws/install/gazebo_map_creator_interface:/home/student/ros2_ws/install/turtlesim:/home/student/ros2_ws/install/turtlebot3:/home/student/ros2_ws/install/turtlebot3_state_estimation:/home/student/ros2_ws/install/turtlebot3_simulations:/home/student/ros2_ws/install/turtlebot3_bringup:/home/student/ros2_ws/install/turtlebot3_node:/home/student/ros2_ws/install/turtlebot3_navigation2:/home/student/ros2_ws/install/turtlebot3_fake_node:/home/student/ros2_ws/install/turtlebot3_msgs:/home/student/ros2_ws/install/turtlebot3_gazebo:/home/student/ros2_ws/install/turtlebot3_description:/home/student/ros2_ws/install/turtlebot3_cartographer:/home/student/ros2_ws/install/scan_to_image_localizer:/home/student/ros2_ws/install/scan_matching_localiser:/home/student/ros2_ws/install/rtabmap_ros:/home/student/ros2_ws/install/rtabmap_launch:/home/student/ros2_ws/install/rtabmap_examples:/home/student/ros2_ws/install/rtabmap_demos:/home/student/ros2_ws/install/rtabmap_viz:/home/student/ros2_ws/install/rtabmap_slam:/home/student/ros2_ws/install/rtabmap_odom:/home/student/ros2_ws/install/rtabmap_util:/home/student/ros2_ws/install/rtabmap_sync:/home/student/ros2_ws/install/rtabmap_rviz_plugins:/home/student/ros2_ws/install/rtabmap_conversions:/home/student/ros2_ws/install/rtabmap_msgs:/home/student/ros2_ws/install/rtabmap:/home/student/ros2_ws/install/robot_localization:/home/student/ros2_ws/install/laser_scan_nth_pkg:/home/student/ros2_ws/install/laser_processor_pkg:/home/student/ros2_ws/install/image_modifier_pkg:/home/student/ros2_ws/install/dynamixel_sdk_examples:/home/student/ros2_ws/install/dynamixel_sdk_custom_interfaces:/home/student/ros2_ws/install/dynamixel_sdk:/home/student/ros2_ws/install/cpp_pubsub:/home/student/install/scan_to_image_localizer:/home/student/install/scan_matching_localiser:/home/student/ros2_ws/install/turtlebot3_teleop:/home/student/ros2_ws/install/turtlebot3_example:/home/student/ros2_ws/install/rtabmap_python:/opt/ros/humble LD_LIBRARY_PATH=/home/student/ros2_ws/install/gazebo_map_creator_interface/lib:/home/student/ros2_ws/install/turtlesim/lib:/home/student/ros2_ws/install/turtlebot3_msgs/lib:/home/student/ros2_ws/install/rtabmap_slam/lib:/home/student/ros2_ws/install/rtabmap_odom/lib:/home/student/ros2_ws/install/rtabmap_util/lib:/home/student/ros2_ws/install/rtabmap_sync/lib:/home/student/ros2_ws/install/rtabmap_rviz_plugins/lib:/home/student/ros2_ws/install/rtabmap_conversions/lib:/home/student/ros2_ws/install/rtabmap_msgs/lib:/home/student/ros2_ws/install/rtabmap/lib:/home/student/ros2_ws/install/robot_localization/lib:/home/student/ros2_ws/install/dynamixel_sdk_custom_interfaces/lib:/home/student/ros2_ws/install/dynamixel_sdk/lib:/usr/lib/x86_64-linux-gnu/gazebo-11/plugins:/opt/ros/humble/opt/rviz_ogre_vendor/lib:/opt/ros/humble/lib/x86_64-linux-gnu:/opt/ros/humble/lib:/usr/lib/x86_64-linux-gnu/gazebo-11/plugins:/usr/lib/x86_64-linux-gnu/gazebo-11/plugins:/usr/lib/x86_64-linux-gnu/gazebo-11/plugins PYTHONPATH=/home/student/ros2_ws/install/gazebo_map_creator_interface/local/lib/python3.10/dist-packages:${PYTHONPATH} /usr/bin/cmake /home/student/ros2_ws/src/gazebo_map_creator/gazebo_map_creator -DAMENT_CMAKE_SYMLINK_INSTALL=1 -DCMAKE_INSTALL_PREFIX=/home/student/ros2_ws/install/gazebo_map_creator
[0.085s] -- The C compiler identification is GNU 11.4.0
[0.155s] -- The CXX compiler identification is GNU 11.4.0
[0.165s] -- Detecting C compiler ABI info
[0.256s] -- Detecting C compiler ABI info - done
[0.265s] -- Check for working C compiler: /usr/bin/cc - skipped
[0.265s] -- Detecting C compile features
[0.266s] -- Detecting C compile features - done
[0.269s] -- Detecting CXX compiler ABI info
[0.374s] -- Detecting CXX compiler ABI info - done
[0.384s] -- Check for working CXX compiler: /usr/bin/c++ - skipped
[0.384s] -- Detecting CXX compile features
[0.385s] -- Detecting CXX compile features - done
[0.392s] -- Found ament_cmake: 1.3.9 (/opt/ros/humble/share/ament_cmake/cmake)
[0.593s] -- Found Python3: /usr/bin/python3 (found version "3.10.12") found components: Interpreter 
[0.673s] -- Override CMake install command with custom implementation using symlinks instead of copying resources
[0.755s] -- Found builtin_interfaces: 1.2.1 (/opt/ros/humble/share/builtin_interfaces/cmake)
[0.824s] -- Found rosidl_generator_c: 3.1.5 (/opt/ros/humble/share/rosidl_generator_c/cmake)
[0.838s] -- Found rosidl_adapter: 3.1.5 (/opt/ros/humble/share/rosidl_adapter/cmake)
[0.854s] -- Found rosidl_generator_cpp: 3.1.5 (/opt/ros/humble/share/rosidl_generator_cpp/cmake)
[0.878s] -- Using all available rosidl_typesupport_c: rosidl_typesupport_fastrtps_c;rosidl_typesupport_introspection_c
[0.910s] -- Using all available rosidl_typesupport_cpp: rosidl_typesupport_fastrtps_cpp;rosidl_typesupport_introspection_cpp
[0.943s] -- Found gazebo_dev: 3.7.0 (/opt/ros/humble/share/gazebo_dev/cmake)
[0.993s] -- Found PkgConfig: /usr/bin/pkg-config (found version "0.29.2") 
[0.994s] -- Checking for module 'bullet>=2.82'
[1.017s] --   Found bullet, version 3.05
[1.197s] -- Found fcl: /usr/include (found suitable version "0.7.0", minimum required is "0.5.0") 
[1.268s] -- Found assimp: /usr/include (found version "5.2.0") 
[1.349s] -- Found DART: /usr/include (Required is at least version "6.6") found components: dart 
[1.626s] -- Found Boost: /usr/lib/x86_64-linux-gnu/cmake/Boost-1.74.0/BoostConfig.cmake (found suitable version "1.74.0", minimum required is "1.40.0") found components: thread system filesystem program_options regex iostreams date_time 
[1.706s] -- Found Protobuf: /usr/lib/x86_64-linux-gnu/libprotobuf.so (found version "3.12.4") 
[1.727s] -- Looking for ignition-math6 -- found version 6.15.1
[1.765s] -- Searching for dependencies of ignition-math6
[1.770s] -- Looking for OGRE...
[1.770s] -- OGRE_PREFIX_WATCH changed.
[1.777s] -- Checking for module 'OGRE'
[1.795s] --   Found OGRE, version 1.9.0
[1.845s] -- Found Ogre Ghadamon (1.9.0)
[1.867s] -- Found OGRE: optimized;/usr/lib/x86_64-linux-gnu/libOgreMain.so;debug;/usr/lib/x86_64-linux-gnu/libOgreMain.so
[1.877s] -- Looking for OGRE_Paging...
[1.887s] -- Found OGRE_Paging: optimized;/usr/lib/x86_64-linux-gnu/libOgrePaging.so;debug;/usr/lib/x86_64-linux-gnu/libOgrePaging.so
[1.888s] -- Looking for OGRE_Terrain...
[1.898s] -- Found OGRE_Terrain: optimized;/usr/lib/x86_64-linux-gnu/libOgreTerrain.so;debug;/usr/lib/x86_64-linux-gnu/libOgreTerrain.so
[1.898s] -- Looking for OGRE_Property...
[1.908s] -- Found OGRE_Property: optimized;/usr/lib/x86_64-linux-gnu/libOgreProperty.so;debug;/usr/lib/x86_64-linux-gnu/libOgreProperty.so
[1.908s] -- Looking for OGRE_RTShaderSystem...
[1.918s] -- Found OGRE_RTShaderSystem: optimized;/usr/lib/x86_64-linux-gnu/libOgreRTShaderSystem.so;debug;/usr/lib/x86_64-linux-gnu/libOgreRTShaderSystem.so
[1.918s] -- Looking for OGRE_Volume...
[1.928s] -- Found OGRE_Volume: optimized;/usr/lib/x86_64-linux-gnu/libOgreVolume.so;debug;/usr/lib/x86_64-linux-gnu/libOgreVolume.so
[1.928s] -- Looking for OGRE_Overlay...
[1.938s] -- Found OGRE_Overlay: optimized;/usr/lib/x86_64-linux-gnu/libOgreOverlay.so;debug;/usr/lib/x86_64-linux-gnu/libOgreOverlay.so
[2.178s] -- Looking for ignition-math6 -- found version 6.15.1
[2.189s] -- Looking for ignition-transport8 -- found version 8.2.1
[2.190s] -- Searching for dependencies of ignition-transport8
[2.216s] -- Found Protobuf: /usr/lib/x86_64-linux-gnu/libprotobuf.so (found suitable version "3.12.4", minimum required is "3") 
[2.231s] -- Config-file not installed for ZeroMQ -- checking for pkg-config
[2.237s] -- Checking for module 'libzmq >= 4'
[2.283s] --   Found libzmq , version 4.3.4
[2.331s] -- Found ZeroMQ: TRUE (Required is at least version "4") 
[2.341s] -- Checking for module 'uuid'
[2.362s] --   Found uuid, version 2.37.2
[2.407s] -- Found UUID: TRUE  
[2.418s] -- Looking for ignition-msgs5 -- found version 5.8.1
[2.419s] -- Searching for dependencies of ignition-msgs5
[2.443s] -- Looking for ignition-math6 -- found version 6.15.1
[2.449s] -- Checking for module 'tinyxml2'
[2.468s] --   Found tinyxml2, version 9.0.0
[2.519s] -- Looking for ignition-msgs5 -- found version 5.8.1
[2.530s] -- Looking for ignition-common3 -- found version 3.14.0
[2.530s] -- Searching for dependencies of ignition-common3
[2.534s] -- Looking for dlfcn.h - found
[2.535s] -- Looking for libdl - found
[2.537s] -- Found DL: TRUE  
[2.563s] -- Found tinyobjloader: /usr/lib/x86_64-linux-gnu/cmake/tinyobjloader/tinyobjloader-config.cmake (found version "2.0.0") 
[2.568s] -- Searching for <ignition-common3> component [graphics]
[2.579s] -- Looking for ignition-common3-graphics -- found version 3.14.0
[2.580s] -- Searching for dependencies of ignition-common3-graphics
[2.580s] -- Looking for ignition-math6 -- found version 6.15.1
[2.596s] -- Looking for ignition-fuel_tools4 -- found version 4.4.0
[2.596s] -- Searching for dependencies of ignition-fuel_tools4
[2.713s] -- Found CURL: /usr/lib/x86_64-linux-gnu/libcurl.so (found version "7.81.0")  
[2.729s] -- Checking for module 'jsoncpp'
[2.748s] --   Found jsoncpp, version 1.9.5
[2.793s] -- Found JSONCPP: TRUE  
[2.804s] -- Checking for module 'libzip'
[2.825s] --   Found libzip, version 1.7.3
[2.869s] -- Found ZIP: TRUE  
[2.870s] -- Looking for ignition-common3 -- found version 3.14.0
[2.870s] -- Looking for ignition-math6 -- found version 6.15.1
[2.871s] -- Looking for ignition-msgs5 -- found version 5.8.1
[2.882s] -- Gazebo version: 11.10
[2.882s] -- Checking for module 'tbb'
[2.903s] --   Found tbb, version 2021.5.0
[2.953s] -- Found gazebo_ros: 3.7.0 (/opt/ros/humble/share/gazebo_ros/cmake)
[3.154s] -- Found rmw_implementation_cmake: 6.1.2 (/opt/ros/humble/share/rmw_implementation_cmake/cmake)
[3.165s] -- Found rmw_fastrtps_cpp: 6.2.6 (/opt/ros/humble/share/rmw_fastrtps_cpp/cmake)
[3.351s] -- Found OpenSSL: /usr/lib/x86_64-linux-gnu/libcrypto.so (found version "3.0.2")  
[3.389s] -- Found FastRTPS: /opt/ros/humble/include  
[3.452s] -- Using RMW implementation 'rmw_fastrtps_cpp' as default
[3.482s] -- Found Threads: TRUE  
[3.756s] -- Found geometry_msgs: 4.2.4 (/opt/ros/humble/share/geometry_msgs/cmake)
[3.805s] -- Found gazebo_map_creator_interface: 3.5.3 (/home/student/ros2_ws/install/gazebo_map_creator_interface/share/gazebo_map_creator_interface/cmake)
[3.886s] -- Found rclpy: 3.3.13 (/opt/ros/humble/share/rclpy/cmake)
[3.914s] -- Checking for module 'eigen3'
[3.933s] --   Found eigen3, version 3.4.0
[3.984s] -- Found Eigen: /usr/include/eigen3 (Required is at least version "3.1") 
[3.984s] -- Eigen found (include: /usr/include/eigen3, version: 3.4.0)
[3.999s] -- Found Boost: /usr/lib/x86_64-linux-gnu/cmake/Boost-1.74.0/BoostConfig.cmake (found suitable version "1.74.0", minimum required is "1.65.0") found components: system filesystem date_time iostreams serialization 
[4.022s] -- Checking for module 'flann'
[4.048s] --   Found flann, version 1.9.1
[4.103s] -- Found FLANN: /usr/lib/x86_64-linux-gnu/libflann_cpp.so  
[4.104s] -- FLANN found (include: /usr/include, lib: /usr/lib/x86_64-linux-gnu/libflann_cpp.so)
[4.170s] -- Found GLEW: /usr/lib/x86_64-linux-gnu/libGLEW.so  
[4.187s] -- Found OpenGL: /usr/lib/x86_64-linux-gnu/libOpenGL.so  found components: OpenGL GLX 
[4.465s] -- Found MPI_C: /usr/lib/x86_64-linux-gnu/libmpi.so (found version "3.1") 
[4.465s] -- Found MPI: TRUE (found version "3.1") found components: C 
[4.469s] -- Found JsonCpp: /usr/lib/x86_64-linux-gnu/libjsoncpp.so (found suitable version "1.9.5", minimum required is "0.7.0") 
[4.490s] -- Found ZLIB: /usr/lib/x86_64-linux-gnu/libz.so (found version "1.2.11") 
[4.517s] -- Found PNG: /usr/lib/x86_64-linux-gnu/libpng.so (found version "1.6.37") 
[4.582s] -- Found Eigen3: /usr/include/eigen3 (found version "3.4.0") 
[4.765s] -- Found X11: /usr/include   
[4.765s] -- Looking for XOpenDisplay in /usr/lib/x86_64-linux-gnu/libX11.so;/usr/lib/x86_64-linux-gnu/libXext.so
[4.857s] -- Looking for XOpenDisplay in /usr/lib/x86_64-linux-gnu/libX11.so;/usr/lib/x86_64-linux-gnu/libXext.so - found
[4.857s] -- Looking for gethostbyname
[4.950s] -- Looking for gethostbyname - found
[4.950s] -- Looking for connect
[5.036s] -- Looking for connect - found
[5.036s] -- Looking for remove
[5.123s] -- Looking for remove - found
[5.124s] -- Looking for shmat
[5.210s] -- Looking for shmat - found
[5.210s] -- Looking for IceConnectionNumber in ICE
[5.298s] -- Looking for IceConnectionNumber in ICE - found
[5.418s] -- Found EXPAT: /usr/lib/x86_64-linux-gnu/libexpat.so (found version "2.4.7") 
[5.427s] -- Found double-conversion: /usr/lib/x86_64-linux-gnu/libdouble-conversion.so  
[5.433s] -- Found LZ4: /usr/lib/x86_64-linux-gnu/liblz4.so (found version "1.9.3") 
[5.438s] -- Found LZMA: /usr/lib/x86_64-linux-gnu/liblzma.so (found version "5.2.5") 
[5.594s] -- Found JPEG: /usr/lib/x86_64-linux-gnu/libjpeg.so (found version "80") 
[5.608s] -- Found TIFF: /usr/lib/x86_64-linux-gnu/libtiff.so (found version "4.3.0")  
[5.613s] -- Found Freetype: /usr/lib/x86_64-linux-gnu/libfreetype.so (found version "2.11.1") 
[5.625s] -- Found utf8cpp: /usr/include/utf8cpp  
[5.763s] -- Checking for module 'libusb-1.0'
[5.787s] --   Found libusb-1.0, version 1.0.25
[5.835s] -- Found libusb: /usr/lib/x86_64-linux-gnu/libusb-1.0.so  
[5.839s] -- Found OpenNI: /usr/lib/libOpenNI.so;libusb::libusb (found version "1.5.4.0") 
[5.839s] -- OpenNI found (version: 1.5.4.0, include: /usr/include/ni, lib: /usr/lib/libOpenNI.so;libusb::libusb)
[5.925s] -- Found OpenNI2: /usr/lib/x86_64-linux-gnu/libOpenNI2.so;libusb::libusb (found version "2.2.0.33") 
[5.925s] -- OpenNI2 found (version: 2.2.0.33, include: /usr/include/openni2, lib: /usr/lib/x86_64-linux-gnu/libOpenNI2.so;libusb::libusb)
[5.925s] [0m** WARNING ** io features related to pcap will be disabled[0m
[6.123s] -- Eigen found (include: /usr/include/eigen3, version: 3.4.0)
[6.132s] -- OpenNI found (version: 1.5.4.0, include: /usr/include/ni, lib: /usr/lib/libOpenNI.so;libusb::libusb)
[6.139s] -- OpenNI2 found (version: 2.2.0.33, include: /usr/include/openni2, lib: /usr/lib/x86_64-linux-gnu/libOpenNI2.so;libusb::libusb)
[6.331s] -- Found Qhull version 8.0.2
[6.521s] -- OpenNI found (version: 1.5.4.0, include: /usr/include/ni, lib: /usr/lib/libOpenNI.so;libusb::libusb)
[6.706s] -- looking for PCL_COMMON
[6.707s] -- Found PCL_COMMON: /usr/lib/x86_64-linux-gnu/libpcl_common.so  
[6.707s] -- looking for PCL_KDTREE
[6.708s] -- Found PCL_KDTREE: /usr/lib/x86_64-linux-gnu/libpcl_kdtree.so  
[6.708s] -- looking for PCL_OCTREE
[6.709s] -- Found PCL_OCTREE: /usr/lib/x86_64-linux-gnu/libpcl_octree.so  
[6.709s] -- looking for PCL_SEARCH
[6.710s] -- Found PCL_SEARCH: /usr/lib/x86_64-linux-gnu/libpcl_search.so  
[6.711s] -- looking for PCL_SAMPLE_CONSENSUS
[6.711s] -- Found PCL_SAMPLE_CONSENSUS: /usr/lib/x86_64-linux-gnu/libpcl_sample_consensus.so  
[6.711s] -- looking for PCL_FILTERS
[6.712s] -- Found PCL_FILTERS: /usr/lib/x86_64-linux-gnu/libpcl_filters.so  
[6.712s] -- looking for PCL_2D
[6.713s] -- Found PCL_2D: /usr/include/pcl-1.12  
[6.713s] -- looking for PCL_GEOMETRY
[6.713s] -- Found PCL_GEOMETRY: /usr/include/pcl-1.12  
[6.713s] -- looking for PCL_IO
[6.714s] -- Found PCL_IO: /usr/lib/x86_64-linux-gnu/libpcl_io.so  
[6.715s] -- looking for PCL_FEATURES
[6.715s] -- Found PCL_FEATURES: /usr/lib/x86_64-linux-gnu/libpcl_features.so  
[6.716s] -- looking for PCL_ML
[6.717s] -- Found PCL_ML: /usr/lib/x86_64-linux-gnu/libpcl_ml.so  
[6.717s] -- looking for PCL_SEGMENTATION
[6.718s] -- Found PCL_SEGMENTATION: /usr/lib/x86_64-linux-gnu/libpcl_segmentation.so  
[6.718s] -- looking for PCL_VISUALIZATION
[6.719s] -- Found PCL_VISUALIZATION: /usr/lib/x86_64-linux-gnu/libpcl_visualization.so  
[6.719s] -- looking for PCL_SURFACE
[6.720s] -- Found PCL_SURFACE: /usr/lib/x86_64-linux-gnu/libpcl_surface.so  
[6.720s] -- looking for PCL_REGISTRATION
[6.721s] -- Found PCL_REGISTRATION: /usr/lib/x86_64-linux-gnu/libpcl_registration.so  
[6.721s] -- looking for PCL_KEYPOINTS
[6.722s] -- Found PCL_KEYPOINTS: /usr/lib/x86_64-linux-gnu/libpcl_keypoints.so  
[6.723s] -- looking for PCL_TRACKING
[6.724s] -- Found PCL_TRACKING: /usr/lib/x86_64-linux-gnu/libpcl_tracking.so  
[6.724s] -- looking for PCL_RECOGNITION
[6.725s] -- Found PCL_RECOGNITION: /usr/lib/x86_64-linux-gnu/libpcl_recognition.so  
[6.725s] -- looking for PCL_STEREO
[6.726s] -- Found PCL_STEREO: /usr/lib/x86_64-linux-gnu/libpcl_stereo.so  
[6.726s] -- looking for PCL_APPS
[6.727s] -- Found PCL_APPS: /usr/lib/x86_64-linux-gnu/libpcl_apps.so  
[6.728s] -- looking for PCL_IN_HAND_SCANNER
[6.728s] -- Found PCL_IN_HAND_SCANNER: /usr/include/pcl-1.12  
[6.728s] -- looking for PCL_MODELER
[6.729s] -- Found PCL_MODELER: /usr/include/pcl-1.12  
[6.729s] -- looking for PCL_POINT_CLOUD_EDITOR
[6.729s] -- Found PCL_POINT_CLOUD_EDITOR: /usr/include/pcl-1.12  
[6.729s] -- looking for PCL_OUTOFCORE
[6.730s] -- Found PCL_OUTOFCORE: /usr/lib/x86_64-linux-gnu/libpcl_outofcore.so  
[6.731s] -- looking for PCL_PEOPLE
[6.732s] -- Found PCL_PEOPLE: /usr/lib/x86_64-linux-gnu/libpcl_people.so  
[6.733s] -- Found PCL: pcl_common;pcl_kdtree;pcl_octree;pcl_search;pcl_sample_consensus;pcl_filters;pcl_io;pcl_features;pcl_ml;pcl_segmentation;pcl_visualization;pcl_surface;pcl_registration;pcl_keypoints;pcl_tracking;pcl_recognition;pcl_stereo;pcl_apps;pcl_outofcore;pcl_people;Boost::system;Boost::filesystem;Boost::date_time;Boost::iostreams;Boost::serialization;/usr/lib/libOpenNI.so;libusb::libusb;/usr/lib/x86_64-linux-gnu/libOpenNI2.so;libusb::libusb;VTK::ChartsCore;VTK::CommonColor;VTK::CommonComputationalGeometry;VTK::CommonCore;VTK::CommonDataModel;VTK::CommonExecutionModel;VTK::CommonMath;VTK::CommonMisc;VTK::CommonTransforms;VTK::FiltersCore;VTK::FiltersExtraction;VTK::FiltersGeneral;VTK::FiltersGeometry;VTK::FiltersModeling;VTK::FiltersSources;VTK::ImagingCore;VTK::ImagingSources;VTK::InteractionImage;VTK::InteractionStyle;VTK::InteractionWidgets;VTK::IOCore;VTK::IOGeometry;VTK::IOImage;VTK::IOLegacy;VTK::IOPLY;VTK::RenderingAnnotation;VTK::RenderingCore;VTK::RenderingContext2D;VTK::RenderingLOD;VTK::RenderingFreeType;VTK::ViewsCore;VTK::ViewsContext2D;VTK::RenderingOpenGL2;VTK::GUISupportQt;FLANN::FLANN;QHULL::QHULL (Required is at least version "1.2") 
[6.861s] -- Configuring done
[7.461s] -- Generating done
[7.464s] -- Build files have been written to: /home/student/ros2_ws/build/gazebo_map_creator
[7.494s] Invoked command in '/home/student/ros2_ws/build/gazebo_map_creator' returned '0': AMENT_PREFIX_PATH=/home/student/ros2_ws/install/gazebo_map_creator_interface:${AMENT_PREFIX_PATH} CMAKE_PREFIX_PATH=/home/student/ros2_ws/install/gazebo_map_creator_interface:/home/student/ros2_ws/install/turtlesim:/home/student/ros2_ws/install/turtlebot3:/home/student/ros2_ws/install/turtlebot3_state_estimation:/home/student/ros2_ws/install/turtlebot3_simulations:/home/student/ros2_ws/install/turtlebot3_bringup:/home/student/ros2_ws/install/turtlebot3_node:/home/student/ros2_ws/install/turtlebot3_navigation2:/home/student/ros2_ws/install/turtlebot3_fake_node:/home/student/ros2_ws/install/turtlebot3_msgs:/home/student/ros2_ws/install/turtlebot3_gazebo:/home/student/ros2_ws/install/turtlebot3_description:/home/student/ros2_ws/install/turtlebot3_cartographer:/home/student/ros2_ws/install/scan_to_image_localizer:/home/student/ros2_ws/install/scan_matching_localiser:/home/student/ros2_ws/install/rtabmap_ros:/home/student/ros2_ws/install/rtabmap_launch:/home/student/ros2_ws/install/rtabmap_examples:/home/student/ros2_ws/install/rtabmap_demos:/home/student/ros2_ws/install/rtabmap_viz:/home/student/ros2_ws/install/rtabmap_slam:/home/student/ros2_ws/install/rtabmap_odom:/home/student/ros2_ws/install/rtabmap_util:/home/student/ros2_ws/install/rtabmap_sync:/home/student/ros2_ws/install/rtabmap_rviz_plugins:/home/student/ros2_ws/install/rtabmap_conversions:/home/student/ros2_ws/install/rtabmap_msgs:/home/student/ros2_ws/install/rtabmap:/home/student/ros2_ws/install/robot_localization:/home/student/ros2_ws/install/laser_scan_nth_pkg:/home/student/ros2_ws/install/laser_processor_pkg:/home/student/ros2_ws/install/image_modifier_pkg:/home/student/ros2_ws/install/dynamixel_sdk_examples:/home/student/ros2_ws/install/dynamixel_sdk_custom_interfaces:/home/student/ros2_ws/install/dynamixel_sdk:/home/student/ros2_ws/install/cpp_pubsub:/home/student/install/scan_to_image_localizer:/home/student/install/scan_matching_localiser:/home/student/ros2_ws/install/turtlebot3_teleop:/home/student/ros2_ws/install/turtlebot3_example:/home/student/ros2_ws/install/rtabmap_python:/opt/ros/humble LD_LIBRARY_PATH=/home/student/ros2_ws/install/gazebo_map_creator_interface/lib:/home/student/ros2_ws/install/turtlesim/lib:/home/student/ros2_ws/install/turtlebot3_msgs/lib:/home/student/ros2_ws/install/rtabmap_slam/lib:/home/student/ros2_ws/install/rtabmap_odom/lib:/home/student/ros2_ws/install/rtabmap_util/lib:/home/student/ros2_ws/install/rtabmap_sync/lib:/home/student/ros2_ws/install/rtabmap_rviz_plugins/lib:/home/student/ros2_ws/install/rtabmap_conversions/lib:/home/student/ros2_ws/install/rtabmap_msgs/lib:/home/student/ros2_ws/install/rtabmap/lib:/home/student/ros2_ws/install/robot_localization/lib:/home/student/ros2_ws/install/dynamixel_sdk_custom_interfaces/lib:/home/student/ros2_ws/install/dynamixel_sdk/lib:/usr/lib/x86_64-linux-gnu/gazebo-11/plugins:/opt/ros/humble/opt/rviz_ogre_vendor/lib:/opt/ros/humble/lib/x86_64-linux-gnu:/opt/ros/humble/lib:/usr/lib/x86_64-linux-gnu/gazebo-11/plugins:/usr/lib/x86_64-linux-gnu/gazebo-11/plugins:/usr/lib/x86_64-linux-gnu/gazebo-11/plugins PYTHONPATH=/home/student/ros2_ws/install/gazebo_map_creator_interface/local/lib/python3.10/dist-packages:${PYTHONPATH} /usr/bin/cmake /home/student/ros2_ws/src/gazebo_map_creator/gazebo_map_creator -DAMENT_CMAKE_SYMLINK_INSTALL=1 -DCMAKE_INSTALL_PREFIX=/home/student/ros2_ws/install/gazebo_map_creator
[7.497s] Invoking command in '/home/student/ros2_ws/build/gazebo_map_creator': AMENT_PREFIX_PATH=/home/student/ros2_ws/install/gazebo_map_creator_interface:${AMENT_PREFIX_PATH} CMAKE_PREFIX_PATH=/home/student/ros2_ws/install/gazebo_map_creator_interface:/home/student/ros2_ws/install/turtlesim:/home/student/ros2_ws/install/turtlebot3:/home/student/ros2_ws/install/turtlebot3_state_estimation:/home/student/ros2_ws/install/turtlebot3_simulations:/home/student/ros2_ws/install/turtlebot3_bringup:/home/student/ros2_ws/install/turtlebot3_node:/home/student/ros2_ws/install/turtlebot3_navigation2:/home/student/ros2_ws/install/turtlebot3_fake_node:/home/student/ros2_ws/install/turtlebot3_msgs:/home/student/ros2_ws/install/turtlebot3_gazebo:/home/student/ros2_ws/install/turtlebot3_description:/home/student/ros2_ws/install/turtlebot3_cartographer:/home/student/ros2_ws/install/scan_to_image_localizer:/home/student/ros2_ws/install/scan_matching_localiser:/home/student/ros2_ws/install/rtabmap_ros:/home/student/ros2_ws/install/rtabmap_launch:/home/student/ros2_ws/install/rtabmap_examples:/home/student/ros2_ws/install/rtabmap_demos:/home/student/ros2_ws/install/rtabmap_viz:/home/student/ros2_ws/install/rtabmap_slam:/home/student/ros2_ws/install/rtabmap_odom:/home/student/ros2_ws/install/rtabmap_util:/home/student/ros2_ws/install/rtabmap_sync:/home/student/ros2_ws/install/rtabmap_rviz_plugins:/home/student/ros2_ws/install/rtabmap_conversions:/home/student/ros2_ws/install/rtabmap_msgs:/home/student/ros2_ws/install/rtabmap:/home/student/ros2_ws/install/robot_localization:/home/student/ros2_ws/install/laser_scan_nth_pkg:/home/student/ros2_ws/install/laser_processor_pkg:/home/student/ros2_ws/install/image_modifier_pkg:/home/student/ros2_ws/install/dynamixel_sdk_examples:/home/student/ros2_ws/install/dynamixel_sdk_custom_interfaces:/home/student/ros2_ws/install/dynamixel_sdk:/home/student/ros2_ws/install/cpp_pubsub:/home/student/install/scan_to_image_localizer:/home/student/install/scan_matching_localiser:/home/student/ros2_ws/install/turtlebot3_teleop:/home/student/ros2_ws/install/turtlebot3_example:/home/student/ros2_ws/install/rtabmap_python:/opt/ros/humble LD_LIBRARY_PATH=/home/student/ros2_ws/install/gazebo_map_creator_interface/lib:/home/student/ros2_ws/install/turtlesim/lib:/home/student/ros2_ws/install/turtlebot3_msgs/lib:/home/student/ros2_ws/install/rtabmap_slam/lib:/home/student/ros2_ws/install/rtabmap_odom/lib:/home/student/ros2_ws/install/rtabmap_util/lib:/home/student/ros2_ws/install/rtabmap_sync/lib:/home/student/ros2_ws/install/rtabmap_rviz_plugins/lib:/home/student/ros2_ws/install/rtabmap_conversions/lib:/home/student/ros2_ws/install/rtabmap_msgs/lib:/home/student/ros2_ws/install/rtabmap/lib:/home/student/ros2_ws/install/robot_localization/lib:/home/student/ros2_ws/install/dynamixel_sdk_custom_interfaces/lib:/home/student/ros2_ws/install/dynamixel_sdk/lib:/usr/lib/x86_64-linux-gnu/gazebo-11/plugins:/opt/ros/humble/opt/rviz_ogre_vendor/lib:/opt/ros/humble/lib/x86_64-linux-gnu:/opt/ros/humble/lib:/usr/lib/x86_64-linux-gnu/gazebo-11/plugins:/usr/lib/x86_64-linux-gnu/gazebo-11/plugins:/usr/lib/x86_64-linux-gnu/gazebo-11/plugins PYTHONPATH=/home/student/ros2_ws/install/gazebo_map_creator_interface/local/lib/python3.10/dist-packages:${PYTHONPATH} /usr/bin/cmake --build /home/student/ros2_ws/build/gazebo_map_creator -- -j8 -l8
[7.569s] [ 50%] [32mBuilding CXX object CMakeFiles/gazebo_map_creator.dir/src/gazbeo_map_creator.cpp.o[0m
[32.001s] [100%] [32m[1mLinking CXX shared library libgazebo_map_creator.so[0m
[34.044s] [100%] Built target gazebo_map_creator
[34.058s] Invoked command in '/home/student/ros2_ws/build/gazebo_map_creator' returned '0': AMENT_PREFIX_PATH=/home/student/ros2_ws/install/gazebo_map_creator_interface:${AMENT_PREFIX_PATH} CMAKE_PREFIX_PATH=/home/student/ros2_ws/install/gazebo_map_creator_interface:/home/student/ros2_ws/install/turtlesim:/home/student/ros2_ws/install/turtlebot3:/home/student/ros2_ws/install/turtlebot3_state_estimation:/home/student/ros2_ws/install/turtlebot3_simulations:/home/student/ros2_ws/install/turtlebot3_bringup:/home/student/ros2_ws/install/turtlebot3_node:/home/student/ros2_ws/install/turtlebot3_navigation2:/home/student/ros2_ws/install/turtlebot3_fake_node:/home/student/ros2_ws/install/turtlebot3_msgs:/home/student/ros2_ws/install/turtlebot3_gazebo:/home/student/ros2_ws/install/turtlebot3_description:/home/student/ros2_ws/install/turtlebot3_cartographer:/home/student/ros2_ws/install/scan_to_image_localizer:/home/student/ros2_ws/install/scan_matching_localiser:/home/student/ros2_ws/install/rtabmap_ros:/home/student/ros2_ws/install/rtabmap_launch:/home/student/ros2_ws/install/rtabmap_examples:/home/student/ros2_ws/install/rtabmap_demos:/home/student/ros2_ws/install/rtabmap_viz:/home/student/ros2_ws/install/rtabmap_slam:/home/student/ros2_ws/install/rtabmap_odom:/home/student/ros2_ws/install/rtabmap_util:/home/student/ros2_ws/install/rtabmap_sync:/home/student/ros2_ws/install/rtabmap_rviz_plugins:/home/student/ros2_ws/install/rtabmap_conversions:/home/student/ros2_ws/install/rtabmap_msgs:/home/student/ros2_ws/install/rtabmap:/home/student/ros2_ws/install/robot_localization:/home/student/ros2_ws/install/laser_scan_nth_pkg:/home/student/ros2_ws/install/laser_processor_pkg:/home/student/ros2_ws/install/image_modifier_pkg:/home/student/ros2_ws/install/dynamixel_sdk_examples:/home/student/ros2_ws/install/dynamixel_sdk_custom_interfaces:/home/student/ros2_ws/install/dynamixel_sdk:/home/student/ros2_ws/install/cpp_pubsub:/home/student/install/scan_to_image_localizer:/home/student/install/scan_matching_localiser:/home/student/ros2_ws/install/turtlebot3_teleop:/home/student/ros2_ws/install/turtlebot3_example:/home/student/ros2_ws/install/rtabmap_python:/opt/ros/humble LD_LIBRARY_PATH=/home/student/ros2_ws/install/gazebo_map_creator_interface/lib:/home/student/ros2_ws/install/turtlesim/lib:/home/student/ros2_ws/install/turtlebot3_msgs/lib:/home/student/ros2_ws/install/rtabmap_slam/lib:/home/student/ros2_ws/install/rtabmap_odom/lib:/home/student/ros2_ws/install/rtabmap_util/lib:/home/student/ros2_ws/install/rtabmap_sync/lib:/home/student/ros2_ws/install/rtabmap_rviz_plugins/lib:/home/student/ros2_ws/install/rtabmap_conversions/lib:/home/student/ros2_ws/install/rtabmap_msgs/lib:/home/student/ros2_ws/install/rtabmap/lib:/home/student/ros2_ws/install/robot_localization/lib:/home/student/ros2_ws/install/dynamixel_sdk_custom_interfaces/lib:/home/student/ros2_ws/install/dynamixel_sdk/lib:/usr/lib/x86_64-linux-gnu/gazebo-11/plugins:/opt/ros/humble/opt/rviz_ogre_vendor/lib:/opt/ros/humble/lib/x86_64-linux-gnu:/opt/ros/humble/lib:/usr/lib/x86_64-linux-gnu/gazebo-11/plugins:/usr/lib/x86_64-linux-gnu/gazebo-11/plugins:/usr/lib/x86_64-linux-gnu/gazebo-11/plugins PYTHONPATH=/home/student/ros2_ws/install/gazebo_map_creator_interface/local/lib/python3.10/dist-packages:${PYTHONPATH} /usr/bin/cmake --build /home/student/ros2_ws/build/gazebo_map_creator -- -j8 -l8
[34.107s] Invoking command in '/home/student/ros2_ws/build/gazebo_map_creator': AMENT_PREFIX_PATH=/home/student/ros2_ws/install/gazebo_map_creator_interface:${AMENT_PREFIX_PATH} CMAKE_PREFIX_PATH=/home/student/ros2_ws/install/gazebo_map_creator_interface:/home/student/ros2_ws/install/turtlesim:/home/student/ros2_ws/install/turtlebot3:/home/student/ros2_ws/install/turtlebot3_state_estimation:/home/student/ros2_ws/install/turtlebot3_simulations:/home/student/ros2_ws/install/turtlebot3_bringup:/home/student/ros2_ws/install/turtlebot3_node:/home/student/ros2_ws/install/turtlebot3_navigation2:/home/student/ros2_ws/install/turtlebot3_fake_node:/home/student/ros2_ws/install/turtlebot3_msgs:/home/student/ros2_ws/install/turtlebot3_gazebo:/home/student/ros2_ws/install/turtlebot3_description:/home/student/ros2_ws/install/turtlebot3_cartographer:/home/student/ros2_ws/install/scan_to_image_localizer:/home/student/ros2_ws/install/scan_matching_localiser:/home/student/ros2_ws/install/rtabmap_ros:/home/student/ros2_ws/install/rtabmap_launch:/home/student/ros2_ws/install/rtabmap_examples:/home/student/ros2_ws/install/rtabmap_demos:/home/student/ros2_ws/install/rtabmap_viz:/home/student/ros2_ws/install/rtabmap_slam:/home/student/ros2_ws/install/rtabmap_odom:/home/student/ros2_ws/install/rtabmap_util:/home/student/ros2_ws/install/rtabmap_sync:/home/student/ros2_ws/install/rtabmap_rviz_plugins:/home/student/ros2_ws/install/rtabmap_conversions:/home/student/ros2_ws/install/rtabmap_msgs:/home/student/ros2_ws/install/rtabmap:/home/student/ros2_ws/install/robot_localization:/home/student/ros2_ws/install/laser_scan_nth_pkg:/home/student/ros2_ws/install/laser_processor_pkg:/home/student/ros2_ws/install/image_modifier_pkg:/home/student/ros2_ws/install/dynamixel_sdk_examples:/home/student/ros2_ws/install/dynamixel_sdk_custom_interfaces:/home/student/ros2_ws/install/dynamixel_sdk:/home/student/ros2_ws/install/cpp_pubsub:/home/student/install/scan_to_image_localizer:/home/student/install/scan_matching_localiser:/home/student/ros2_ws/install/turtlebot3_teleop:/home/student/ros2_ws/install/turtlebot3_example:/home/student/ros2_ws/install/rtabmap_python:/opt/ros/humble LD_LIBRARY_PATH=/home/student/ros2_ws/install/gazebo_map_creator_interface/lib:/home/student/ros2_ws/install/turtlesim/lib:/home/student/ros2_ws/install/turtlebot3_msgs/lib:/home/student/ros2_ws/install/rtabmap_slam/lib:/home/student/ros2_ws/install/rtabmap_odom/lib:/home/student/ros2_ws/install/rtabmap_util/lib:/home/student/ros2_ws/install/rtabmap_sync/lib:/home/student/ros2_ws/install/rtabmap_rviz_plugins/lib:/home/student/ros2_ws/install/rtabmap_conversions/lib:/home/student/ros2_ws/install/rtabmap_msgs/lib:/home/student/ros2_ws/install/rtabmap/lib:/home/student/ros2_ws/install/robot_localization/lib:/home/student/ros2_ws/install/dynamixel_sdk_custom_interfaces/lib:/home/student/ros2_ws/install/dynamixel_sdk/lib:/usr/lib/x86_64-linux-gnu/gazebo-11/plugins:/opt/ros/humble/opt/rviz_ogre_vendor/lib:/opt/ros/humble/lib/x86_64-linux-gnu:/opt/ros/humble/lib:/usr/lib/x86_64-linux-gnu/gazebo-11/plugins:/usr/lib/x86_64-linux-gnu/gazebo-11/plugins:/usr/lib/x86_64-linux-gnu/gazebo-11/plugins PYTHONPATH=/home/student/ros2_ws/install/gazebo_map_creator_interface/local/lib/python3.10/dist-packages:${PYTHONPATH} /usr/bin/cmake --install /home/student/ros2_ws/build/gazebo_map_creator
[34.116s] -- Install configuration: ""
[34.117s] -- Execute custom install script
[34.117s] -- Symlinking: /home/student/ros2_ws/install/gazebo_map_creator/share/gazebo_map_creator/environment/library_path.sh
[34.128s] -- Symlinking: /home/student/ros2_ws/install/gazebo_map_creator/share/gazebo_map_creator/environment/library_path.dsv
[34.139s] -- Symlinking: /home/student/ros2_ws/install/gazebo_map_creator/share/gazebo_map_creator/scripts/request_map.py
[34.149s] -- Symlinking: /home/student/ros2_ws/install/gazebo_map_creator/lib/libgazebo_map_creator.so
[34.158s] -- Symlinking: /home/student/ros2_ws/install/gazebo_map_creator/lib/gazebo_map_creator/request_map.py
[34.168s] -- Symlinking: /home/student/ros2_ws/install/gazebo_map_creator/share/ament_index/resource_index/package_run_dependencies/gazebo_map_creator
[34.178s] -- Symlinking: /home/student/ros2_ws/install/gazebo_map_creator/share/ament_index/resource_index/parent_prefix_path/gazebo_map_creator
[34.187s] -- Symlinking: /home/student/ros2_ws/install/gazebo_map_creator/share/gazebo_map_creator/environment/ament_prefix_path.sh
[34.197s] -- Symlinking: /home/student/ros2_ws/install/gazebo_map_creator/share/gazebo_map_creator/environment/ament_prefix_path.dsv
[34.208s] -- Symlinking: /home/student/ros2_ws/install/gazebo_map_creator/share/gazebo_map_creator/environment/path.sh
[34.218s] -- Symlinking: /home/student/ros2_ws/install/gazebo_map_creator/share/gazebo_map_creator/environment/path.dsv
[34.228s] -- Symlinking: /home/student/ros2_ws/install/gazebo_map_creator/share/gazebo_map_creator/local_setup.bash
[34.238s] -- Symlinking: /home/student/ros2_ws/install/gazebo_map_creator/share/gazebo_map_creator/local_setup.sh
[34.248s] -- Symlinking: /home/student/ros2_ws/install/gazebo_map_creator/share/gazebo_map_creator/local_setup.zsh
[34.259s] -- Symlinking: /home/student/ros2_ws/install/gazebo_map_creator/share/gazebo_map_creator/local_setup.dsv
[34.268s] -- Symlinking: /home/student/ros2_ws/install/gazebo_map_creator/share/gazebo_map_creator/package.dsv
[34.278s] -- Symlinking: /home/student/ros2_ws/install/gazebo_map_creator/share/ament_index/resource_index/packages/gazebo_map_creator
[34.289s] -- Symlinking: /home/student/ros2_ws/install/gazebo_map_creator/share/gazebo_map_creator/cmake/ament_cmake_export_libraries-extras.cmake
[34.300s] -- Symlinking: /home/student/ros2_ws/install/gazebo_map_creator/share/gazebo_map_creator/cmake/ament_cmake_export_dependencies-extras.cmake
[34.310s] -- Symlinking: /home/student/ros2_ws/install/gazebo_map_creator/share/gazebo_map_creator/cmake/gazebo_map_creatorConfig.cmake
[34.320s] -- Symlinking: /home/student/ros2_ws/install/gazebo_map_creator/share/gazebo_map_creator/cmake/gazebo_map_creatorConfig-version.cmake
[34.330s] -- Symlinking: /home/student/ros2_ws/install/gazebo_map_creator/share/gazebo_map_creator/package.xml
[34.342s] Invoked command in '/home/student/ros2_ws/build/gazebo_map_creator' returned '0': AMENT_PREFIX_PATH=/home/student/ros2_ws/install/gazebo_map_creator_interface:${AMENT_PREFIX_PATH} CMAKE_PREFIX_PATH=/home/student/ros2_ws/install/gazebo_map_creator_interface:/home/student/ros2_ws/install/turtlesim:/home/student/ros2_ws/install/turtlebot3:/home/student/ros2_ws/install/turtlebot3_state_estimation:/home/student/ros2_ws/install/turtlebot3_simulations:/home/student/ros2_ws/install/turtlebot3_bringup:/home/student/ros2_ws/install/turtlebot3_node:/home/student/ros2_ws/install/turtlebot3_navigation2:/home/student/ros2_ws/install/turtlebot3_fake_node:/home/student/ros2_ws/install/turtlebot3_msgs:/home/student/ros2_ws/install/turtlebot3_gazebo:/home/student/ros2_ws/install/turtlebot3_description:/home/student/ros2_ws/install/turtlebot3_cartographer:/home/student/ros2_ws/install/scan_to_image_localizer:/home/student/ros2_ws/install/scan_matching_localiser:/home/student/ros2_ws/install/rtabmap_ros:/home/student/ros2_ws/install/rtabmap_launch:/home/student/ros2_ws/install/rtabmap_examples:/home/student/ros2_ws/install/rtabmap_demos:/home/student/ros2_ws/install/rtabmap_viz:/home/student/ros2_ws/install/rtabmap_slam:/home/student/ros2_ws/install/rtabmap_odom:/home/student/ros2_ws/install/rtabmap_util:/home/student/ros2_ws/install/rtabmap_sync:/home/student/ros2_ws/install/rtabmap_rviz_plugins:/home/student/ros2_ws/install/rtabmap_conversions:/home/student/ros2_ws/install/rtabmap_msgs:/home/student/ros2_ws/install/rtabmap:/home/student/ros2_ws/install/robot_localization:/home/student/ros2_ws/install/laser_scan_nth_pkg:/home/student/ros2_ws/install/laser_processor_pkg:/home/student/ros2_ws/install/image_modifier_pkg:/home/student/ros2_ws/install/dynamixel_sdk_examples:/home/student/ros2_ws/install/dynamixel_sdk_custom_interfaces:/home/student/ros2_ws/install/dynamixel_sdk:/home/student/ros2_ws/install/cpp_pubsub:/home/student/install/scan_to_image_localizer:/home/student/install/scan_matching_localiser:/home/student/ros2_ws/install/turtlebot3_teleop:/home/student/ros2_ws/install/turtlebot3_example:/home/student/ros2_ws/install/rtabmap_python:/opt/ros/humble LD_LIBRARY_PATH=/home/student/ros2_ws/install/gazebo_map_creator_interface/lib:/home/student/ros2_ws/install/turtlesim/lib:/home/student/ros2_ws/install/turtlebot3_msgs/lib:/home/student/ros2_ws/install/rtabmap_slam/lib:/home/student/ros2_ws/install/rtabmap_odom/lib:/home/student/ros2_ws/install/rtabmap_util/lib:/home/student/ros2_ws/install/rtabmap_sync/lib:/home/student/ros2_ws/install/rtabmap_rviz_plugins/lib:/home/student/ros2_ws/install/rtabmap_conversions/lib:/home/student/ros2_ws/install/rtabmap_msgs/lib:/home/student/ros2_ws/install/rtabmap/lib:/home/student/ros2_ws/install/robot_localization/lib:/home/student/ros2_ws/install/dynamixel_sdk_custom_interfaces/lib:/home/student/ros2_ws/install/dynamixel_sdk/lib:/usr/lib/x86_64-linux-gnu/gazebo-11/plugins:/opt/ros/humble/opt/rviz_ogre_vendor/lib:/opt/ros/humble/lib/x86_64-linux-gnu:/opt/ros/humble/lib:/usr/lib/x86_64-linux-gnu/gazebo-11/plugins:/usr/lib/x86_64-linux-gnu/gazebo-11/plugins:/usr/lib/x86_64-linux-gnu/gazebo-11/plugins PYTHONPATH=/home/student/ros2_ws/install/gazebo_map_creator_interface/local/lib/python3.10/dist-packages:${PYTHONPATH} /usr/bin/cmake --install /home/student/ros2_ws/build/gazebo_map_creator
