-- Eigen found (include: /usr/include/eigen3, version: 3.4.0)
-- OpenNI found (version: 1.5.4.0, include: /usr/include/ni, lib: /usr/lib/libOpenNI.so;libusb::libusb)
-- OpenNI2 found (version: 2.2.0.33, include: /usr/include/openni2, lib: /usr/lib/x86_64-linux-gnu/libOpenNI2.so;libusb::libusb)
[0m** WARNING ** io features related to pcap will be disabled[0m
[0m** WARNING ** io features related to png will be disabled[0m
-- Found Eigen3: /usr/include/eigen3 (found version "3.4.0") 
-- Eigen found (include: /usr/include/eigen3, version: 3.4.0)
-- FLANN found (include: /usr/include, lib: /usr/lib/x86_64-linux-gnu/libflann_cpp.so)
-- Found Qhull version 8.0.2
-- OpenNI found (version: 1.5.4.0, include: /usr/include/ni, lib: /usr/lib/libOpenNI.so;libusb::libusb)
-- OpenNI2 found (version: 2.2.0.33, include: /usr/include/openni2, lib: /usr/lib/x86_64-linux-gnu/libOpenNI2.so;libusb::libusb)
-- looking for PCL_COMMON
-- looking for PCL_OCTREE
-- looking for PCL_IO
-- looking for PCL_KDTREE
-- looking for PCL_SEARCH
-- looking for PCL_SURFACE
-- looking for PCL_FILTERS
-- looking for PCL_2D
-- looking for PCL_FEATURES
-- looking for PCL_REGISTRATION
-- looking for PCL_SAMPLE_CONSENSUS
-- looking for PCL_GEOMETRY
-- looking for PCL_ML
-- looking for PCL_SEGMENTATION
-- looking for PCL_VISUALIZATION
-- Found grid_map_core: 2.0.0 (/opt/ros/humble/share/grid_map_core/cmake)
-- Override CMake install command with custom implementation using symlinks instead of copying resources
-- RTABMap=rtabmap::utilite;rtabmap::core;rtabmap::gui
-- Found ament_cmake: 1.3.9 (/opt/ros/humble/share/ament_cmake/cmake)
-- Found cv_bridge: 3.2.1 (/opt/ros/humble/share/cv_bridge/cmake)
-- Found rosidl_generator_c: 3.1.5 (/opt/ros/humble/share/rosidl_generator_c/cmake)
-- Found rosidl_adapter: 3.1.5 (/opt/ros/humble/share/rosidl_adapter/cmake)
-- Found rosidl_generator_cpp: 3.1.5 (/opt/ros/humble/share/rosidl_generator_cpp/cmake)
-- Using all available rosidl_typesupport_c: rosidl_typesupport_fastrtps_c;rosidl_typesupport_introspection_c
-- Using all available rosidl_typesupport_cpp: rosidl_typesupport_fastrtps_cpp;rosidl_typesupport_introspection_cpp
-- Found image_transport: 3.1.9 (/opt/ros/humble/share/image_transport/cmake)
-- Found rmw_implementation_cmake: 6.1.2 (/opt/ros/humble/share/rmw_implementation_cmake/cmake)
-- Found rmw_fastrtps_cpp: 6.2.6 (/opt/ros/humble/share/rmw_fastrtps_cpp/cmake)
-- Using RMW implementation 'rmw_fastrtps_cpp' as default
-- Found rclcpp_components: 16.0.9 (/opt/ros/humble/share/rclcpp_components/cmake)
-- Found stereo_msgs: 4.2.4 (/opt/ros/humble/share/stereo_msgs/cmake)
-- Found nav_msgs: 4.2.4 (/opt/ros/humble/share/nav_msgs/cmake)
-- Found tf2: 0.25.7 (/opt/ros/humble/share/tf2/cmake)
-- Found tf2_geometry_msgs: 0.25.7 (/opt/ros/humble/share/tf2_geometry_msgs/cmake)
-- Found eigen3_cmake_module: 0.1.1 (/opt/ros/humble/share/eigen3_cmake_module/cmake)
-- Found Eigen3: TRUE (found version "3.4.0") 
-- Ensuring Eigen3 include directory is part of orocos-kdl CMake target
-- Found laser_geometry: 2.4.0 (/opt/ros/humble/share/laser_geometry/cmake)
-- Found pcl_conversions: 2.4.0 (/opt/ros/humble/share/pcl_conversions/cmake)
-- Found pcl_ros: 2.4.5 (/opt/ros/humble/share/pcl_ros/cmake)
-- Found rtabmap_msgs: 0.21.5 (/home/student/ros2_ws/install/rtabmap_msgs/share/rtabmap_msgs/cmake)
-- Found rtabmap_conversions: 0.21.5 (/home/student/ros2_ws/install/rtabmap_conversions/share/rtabmap_conversions/cmake)
-- Found octomap_msgs: 2.0.0 (/opt/ros/humble/share/octomap_msgs/cmake)
-- Found grid_map_ros: 2.0.0 (/opt/ros/humble/share/grid_map_ros/cmake)
-- WITH octomap_msgs
-- WITH grid_map_ros
-- Configuring done
-- Generating done
-- Build files have been written to: /home/student/ros2_ws/build/rtabmap_util
[  2%] [32mBuilding CXX object CMakeFiles/rtabmap_util_plugins.dir/src/nodelets/point_cloud_xyz.cpp.o[0m
[  5%] [32mBuilding CXX object CMakeFiles/rtabmap_util_plugins.dir/src/nodelets/point_cloud_xyzrgb.cpp.o[0m
[  7%] [32mBuilding CXX object CMakeFiles/rtabmap_util_plugins.dir/src/MapsManager.cpp.o[0m
[ 10%] [32mBuilding CXX object CMakeFiles/rtabmap_util_plugins.dir/src/nodelets/disparity_to_depth.cpp.o[0m
[ 13%] [32mBuilding CXX object CMakeFiles/rtabmap_util_plugins.dir/src/nodelets/pointcloud_to_depthimage.cpp.o[0m
[ 15%] [32mBuilding CXX object CMakeFiles/rtabmap_util_plugins.dir/src/nodelets/obstacles_detection.cpp.o[0m
[ 18%] [32mBuilding CXX object CMakeFiles/rtabmap_util_plugins.dir/src/nodelets/point_cloud_aggregator.cpp.o[0m
[ 21%] [32mBuilding CXX object CMakeFiles/rtabmap_util_plugins.dir/src/nodelets/point_cloud_assembler.cpp.o[0m
[ 23%] [32mBuilding CXX object CMakeFiles/rtabmap_util_plugins.dir/src/nodelets/imu_to_tf.cpp.o[0m
[ 26%] [32mBuilding CXX object CMakeFiles/rtabmap_util_plugins.dir/src/nodelets/lidar_deskewing.cpp.o[0m
[ 28%] [32mBuilding CXX object CMakeFiles/rtabmap_util_plugins.dir/src/nodelets/rgbd_relay.cpp.o[0m
[ 31%] [32mBuilding CXX object CMakeFiles/rtabmap_util_plugins.dir/src/nodelets/rgbd_split.cpp.o[0m
[ 34%] [32mBuilding CXX object CMakeFiles/rtabmap_util_plugins.dir/src/nodelets/map_assembler.cpp.o[0m
[ 36%] [32m[1mLinking CXX shared library librtabmap_util_plugins.so[0m
[ 36%] Built target rtabmap_util_plugins
[ 39%] [32mBuilding CXX object CMakeFiles/rtabmap_map_assembler.dir/src/MapAssemblerNode.cpp.o[0m
[ 42%] [32mBuilding CXX object CMakeFiles/rtabmap_rgbd_relay.dir/src/RGBDRelayNode.cpp.o[0m
[ 44%] [32mBuilding CXX object CMakeFiles/rtabmap_rgbd_split.dir/src/RGBDSplitNode.cpp.o[0m
[ 47%] [32m[1mLinking CXX executable rgbd_relay[0m
[ 50%] [32m[1mLinking CXX executable rgbd_split[0m
[ 50%] Built target rtabmap_rgbd_relay
[ 52%] [32mBuilding CXX object CMakeFiles/rtabmap_imu_to_tf.dir/src/ImuToTFNode.cpp.o[0m
[ 52%] Built target rtabmap_rgbd_split
[ 55%] [32mBuilding CXX object CMakeFiles/rtabmap_disparity_to_depth.dir/src/DisparityToDepthNode.cpp.o[0m
[ 57%] [32m[1mLinking CXX executable imu_to_tf[0m
[ 60%] [32m[1mLinking CXX executable disparity_to_depth[0m
[ 63%] [32m[1mLinking CXX executable map_assembler[0m
[ 63%] Built target rtabmap_imu_to_tf
[ 65%] [32mBuilding CXX object CMakeFiles/rtabmap_lidar_deskewing.dir/src/LidarDeskewingNode.cpp.o[0m
[ 65%] Built target rtabmap_disparity_to_depth
[ 68%] [32mBuilding CXX object CMakeFiles/rtabmap_point_cloud_xyz.dir/src/PointCloudXYZNode.cpp.o[0m
[ 68%] Built target rtabmap_map_assembler
[ 71%] [32mBuilding CXX object CMakeFiles/rtabmap_point_cloud_xyzrgb.dir/src/PointCloudXYZRGBNode.cpp.o[0m
[ 73%] [32m[1mLinking CXX executable lidar_deskewing[0m
[ 73%] Built target rtabmap_lidar_deskewing
[ 76%] [32mBuilding CXX object CMakeFiles/rtabmap_pointcloud_to_depthimage.dir/src/PointCloudToDepthImageNode.cpp.o[0m
[ 78%] [32m[1mLinking CXX executable point_cloud_xyz[0m
[ 78%] Built target rtabmap_point_cloud_xyz
[ 81%] [32mBuilding CXX object CMakeFiles/rtabmap_obstacles_detection.dir/src/ObstaclesDetectionNode.cpp.o[0m
[ 84%] [32m[1mLinking CXX executable pointcloud_to_depthimage[0m
[ 86%] [32m[1mLinking CXX executable point_cloud_xyzrgb[0m
[ 86%] Built target rtabmap_pointcloud_to_depthimage
[ 89%] [32mBuilding CXX object CMakeFiles/rtabmap_point_cloud_aggregator.dir/src/PointCloudAggregatorNode.cpp.o[0m
[ 89%] Built target rtabmap_point_cloud_xyzrgb
[ 92%] [32mBuilding CXX object CMakeFiles/rtabmap_point_cloud_assembler.dir/src/PointCloudAssemblerNode.cpp.o[0m
[ 94%] [32m[1mLinking CXX executable point_cloud_aggregator[0m
[ 94%] Built target rtabmap_point_cloud_aggregator
[ 97%] [32m[1mLinking CXX executable obstacles_detection[0m
[ 97%] Built target rtabmap_obstacles_detection
[100%] [32m[1mLinking CXX executable point_cloud_assembler[0m
[100%] Built target rtabmap_point_cloud_assembler
-- Install configuration: "Release"
-- Execute custom install script
-- Symlinking: /home/student/ros2_ws/install/rtabmap_util/share/rtabmap_util/environment/library_path.sh
-- Symlinking: /home/student/ros2_ws/install/rtabmap_util/share/rtabmap_util/environment/library_path.dsv
-- Symlinking: /home/student/ros2_ws/install/rtabmap_util/lib/rtabmap_util/transform_to_tf.py
-- Symlinking: /home/student/ros2_ws/install/rtabmap_util/lib/rtabmap_util/yaml_to_camera_info.py
-- Symlinking: /home/student/ros2_ws/install/rtabmap_util/lib/rtabmap_util/republish_tf_static.py
-- Symlinking: /home/student/ros2_ws/install/rtabmap_util/lib/rtabmap_util/imu_to_tf
-- Symlinking: /home/student/ros2_ws/install/rtabmap_util/lib/rtabmap_util/disparity_to_depth
-- Symlinking: /home/student/ros2_ws/install/rtabmap_util/lib/rtabmap_util/rgbd_relay
-- Symlinking: /home/student/ros2_ws/install/rtabmap_util/lib/rtabmap_util/rgbd_split
-- Symlinking: /home/student/ros2_ws/install/rtabmap_util/lib/rtabmap_util/lidar_deskewing
-- Symlinking: /home/student/ros2_ws/install/rtabmap_util/lib/rtabmap_util/point_cloud_xyz
-- Symlinking: /home/student/ros2_ws/install/rtabmap_util/lib/rtabmap_util/point_cloud_xyzrgb
-- Symlinking: /home/student/ros2_ws/install/rtabmap_util/lib/rtabmap_util/pointcloud_to_depthimage
-- Symlinking: /home/student/ros2_ws/install/rtabmap_util/lib/rtabmap_util/obstacles_detection
-- Symlinking: /home/student/ros2_ws/install/rtabmap_util/lib/rtabmap_util/point_cloud_aggregator
-- Symlinking: /home/student/ros2_ws/install/rtabmap_util/lib/rtabmap_util/point_cloud_assembler
-- Symlinking: /home/student/ros2_ws/install/rtabmap_util/lib/rtabmap_util/map_assembler
-- Symlinking: /home/student/ros2_ws/install/rtabmap_util/share/ament_index/resource_index/package_run_dependencies/rtabmap_util
-- Symlinking: /home/student/ros2_ws/install/rtabmap_util/share/ament_index/resource_index/parent_prefix_path/rtabmap_util
-- Symlinking: /home/student/ros2_ws/install/rtabmap_util/share/rtabmap_util/environment/ament_prefix_path.sh
-- Symlinking: /home/student/ros2_ws/install/rtabmap_util/share/rtabmap_util/environment/ament_prefix_path.dsv
-- Symlinking: /home/student/ros2_ws/install/rtabmap_util/share/rtabmap_util/environment/path.sh
-- Symlinking: /home/student/ros2_ws/install/rtabmap_util/share/rtabmap_util/environment/path.dsv
-- Symlinking: /home/student/ros2_ws/install/rtabmap_util/share/rtabmap_util/local_setup.bash
-- Symlinking: /home/student/ros2_ws/install/rtabmap_util/share/rtabmap_util/local_setup.sh
-- Symlinking: /home/student/ros2_ws/install/rtabmap_util/share/rtabmap_util/local_setup.zsh
-- Symlinking: /home/student/ros2_ws/install/rtabmap_util/share/rtabmap_util/local_setup.dsv
-- Symlinking: /home/student/ros2_ws/install/rtabmap_util/share/rtabmap_util/package.dsv
-- Symlinking: /home/student/ros2_ws/install/rtabmap_util/share/ament_index/resource_index/packages/rtabmap_util
-- Symlinking: /home/student/ros2_ws/install/rtabmap_util/share/ament_index/resource_index/rclcpp_components/rtabmap_util
-- Symlinking: /home/student/ros2_ws/install/rtabmap_util/share/rtabmap_util/cmake/ament_cmake_export_dependencies-extras.cmake
-- Symlinking: /home/student/ros2_ws/install/rtabmap_util/share/rtabmap_util/cmake/ament_cmake_export_include_directories-extras.cmake
-- Symlinking: /home/student/ros2_ws/install/rtabmap_util/share/rtabmap_util/cmake/ament_cmake_export_targets-extras.cmake
-- Symlinking: /home/student/ros2_ws/install/rtabmap_util/share/rtabmap_util/cmake/ament_cmake_export_libraries-extras.cmake
-- Symlinking: /home/student/ros2_ws/install/rtabmap_util/share/rtabmap_util/cmake/rtabmap_utilConfig.cmake
-- Symlinking: /home/student/ros2_ws/install/rtabmap_util/share/rtabmap_util/cmake/rtabmap_utilConfig-version.cmake
-- Symlinking: /home/student/ros2_ws/install/rtabmap_util/share/rtabmap_util/package.xml
-- Installing: /home/student/ros2_ws/install/rtabmap_util/lib/librtabmap_util_plugins.so
-- Set runtime path of "/home/student/ros2_ws/install/rtabmap_util/lib/librtabmap_util_plugins.so" to ""
-- Installing: /home/student/ros2_ws/install/rtabmap_util/include
-- Installing: /home/student/ros2_ws/install/rtabmap_util/include/rtabmap_util
-- Installing: /home/student/ros2_ws/install/rtabmap_util/include/rtabmap_util/ULogToRosout.h
-- Installing: /home/student/ros2_ws/install/rtabmap_util/include/rtabmap_util/visibility.h
-- Installing: /home/student/ros2_ws/install/rtabmap_util/include/rtabmap_util/MapsManager.h
-- Installing: /home/student/ros2_ws/install/rtabmap_util/share/rtabmap_util/cmake/rtabmap_utilExport.cmake
-- Installing: /home/student/ros2_ws/install/rtabmap_util/share/rtabmap_util/cmake/rtabmap_utilExport-release.cmake
