[1.761s] Invoking command in '/home/student/ros2_ws/build/turtlebot3_teleop': PYTHONPATH=/home/student/ros2_ws/build/turtlebot3_teleop/prefix_override:/usr/lib/python3/dist-packages/colcon_core/task/python/colcon_distutils_commands:/home/student/ros2_ws/install/turtlebot3_teleop/lib/python3.10/site-packages:${PYTHONPATH} /usr/bin/python3 -W ignore:setup.py install is deprecated setup.py develop --editable --build-directory /home/student/ros2_ws/build/turtlebot3_teleop/build --no-deps symlink_data
[2.562s] running develop
[2.562s] /usr/lib/python3/dist-packages/setuptools/command/easy_install.py:158: EasyInstallDeprecationWarning: easy_install command is deprecated. Use build and pip and other standards-based tools.
[2.563s]   warnings.warn(
[2.892s] running egg_info
[2.892s] creating turtlebot3_teleop.egg-info
[2.893s] writing turtlebot3_teleop.egg-info/PKG-INFO
[2.894s] writing dependency_links to turtlebot3_teleop.egg-info/dependency_links.txt
[2.894s] writing entry points to turtlebot3_teleop.egg-info/entry_points.txt
[2.894s] writing requirements to turtlebot3_teleop.egg-info/requires.txt
[2.894s] writing top-level names to turtlebot3_teleop.egg-info/top_level.txt
[2.900s] writing manifest file 'turtlebot3_teleop.egg-info/SOURCES.txt'
[2.903s] reading manifest file 'turtlebot3_teleop.egg-info/SOURCES.txt'
[2.904s] writing manifest file 'turtlebot3_teleop.egg-info/SOURCES.txt'
[2.918s] running build_ext
[2.918s] Creating /home/student/ros2_ws/install/turtlebot3_teleop/lib/python3.10/site-packages/turtlebot3-teleop.egg-link (link to .)
[2.920s] Installing teleop_keyboard script to /home/student/ros2_ws/install/turtlebot3_teleop/lib/turtlebot3_teleop
[2.920s] 
[2.920s] Installed /home/student/ros2_ws/build/turtlebot3_teleop
[2.921s] running symlink_data
[2.921s] creating /home/student/ros2_ws/install/turtlebot3_teleop/share/ament_index
[2.921s] creating /home/student/ros2_ws/install/turtlebot3_teleop/share/ament_index/resource_index
[2.921s] creating /home/student/ros2_ws/install/turtlebot3_teleop/share/ament_index/resource_index/packages
[2.921s] symbolically linking /home/student/ros2_ws/build/turtlebot3_teleop/resource/turtlebot3_teleop -> /home/student/ros2_ws/install/turtlebot3_teleop/share/ament_index/resource_index/packages
[2.921s] symbolically linking /home/student/ros2_ws/build/turtlebot3_teleop/package.xml -> /home/student/ros2_ws/install/turtlebot3_teleop/share/turtlebot3_teleop
[3.051s] Invoked command in '/home/student/ros2_ws/build/turtlebot3_teleop' returned '0': PYTHONPATH=/home/student/ros2_ws/build/turtlebot3_teleop/prefix_override:/usr/lib/python3/dist-packages/colcon_core/task/python/colcon_distutils_commands:/home/student/ros2_ws/install/turtlebot3_teleop/lib/python3.10/site-packages:${PYTHONPATH} /usr/bin/python3 -W ignore:setup.py install is deprecated setup.py develop --editable --build-directory /home/student/ros2_ws/build/turtlebot3_teleop/build --no-deps symlink_data
