[0.052s] Invoking command in '/home/student/ros2_ws/build/robot_localization': CMAKE_PREFIX_PATH=${CMAKE_PREFIX_PATH}:/home/student/ros2_ws/install/turtlebot3_teleop:/home/student/ros2_ws/install/turtlebot3_example:/home/student/ros2_ws/install/rtabmap_python:/opt/ros/humble /usr/bin/cmake --build /home/student/ros2_ws/build/robot_localization -- -j8 -l8
[0.271s] [35m[1mConsolidate compiler generated dependencies of target gtest[0m
[0.279s] [35m[1mConsolidate compiler generated dependencies of target gtest_main[0m
[0.293s] [  1%] Built target robot_localization__cpp
[0.318s] [  1%] Built target ament_cmake_python_symlink_robot_localization
[0.351s] [35m[1mConsolidate compiler generated dependencies of target robot_localization__rosidl_generator_c[0m
[0.364s] [  2%] Built target gtest
[0.366s] [35m[1mConsolidate compiler generated dependencies of target robot_localization__rosidl_typesupport_introspection_cpp[0m
[0.370s] [  4%] Built target gtest_main
[0.401s] [35m[1mConsolidate compiler generated dependencies of target robot_localization__rosidl_typesupport_cpp[0m
[0.465s] [35m[1mConsolidate compiler generated dependencies of target robot_localization__rosidl_typesupport_fastrtps_cpp[0m
[0.470s] [ 11%] Built target robot_localization__rosidl_typesupport_introspection_cpp
[0.471s] [ 18%] Built target robot_localization__rosidl_generator_c
[0.472s] [ 25%] Built target robot_localization__rosidl_typesupport_cpp
[0.506s] [ 33%] Built target robot_localization__rosidl_typesupport_fastrtps_cpp
[0.509s] [35m[1mConsolidate compiler generated dependencies of target robot_localization__rosidl_typesupport_fastrtps_c[0m
[0.521s] [35m[1mConsolidate compiler generated dependencies of target robot_localization__rosidl_typesupport_introspection_c[0m
[0.546s] [ 41%] Built target robot_localization__rosidl_typesupport_fastrtps_c
[0.548s] [ 48%] Built target robot_localization__rosidl_typesupport_introspection_c
[0.553s] [35m[1mConsolidate compiler generated dependencies of target robot_localization__rosidl_typesupport_c[0m
[0.564s] [35m[1mConsolidate compiler generated dependencies of target rl_lib[0m
[0.582s] [ 55%] Built target robot_localization__rosidl_typesupport_c
[0.635s] [ 55%] Built target robot_localization
[0.707s] [ 63%] Built target rl_lib
[0.727s] [ 64%] Built target robot_localization__py
[0.754s] [35m[1mConsolidate compiler generated dependencies of target robot_localization_listener_node[0m
[0.754s] [35m[1mConsolidate compiler generated dependencies of target ukf_node[0m
[0.757s] [35m[1mConsolidate compiler generated dependencies of target ekf_node[0m
[0.761s] [35m[1mConsolidate compiler generated dependencies of target navsat_transform_node[0m
[0.792s] [35m[1mConsolidate compiler generated dependencies of target filter_base-test[0m
[0.806s] [35m[1mConsolidate compiler generated dependencies of target test_ekf[0m
[0.809s] [35m[1mConsolidate compiler generated dependencies of target test_ukf[0m
[0.821s] [ 65%] Built target ekf_node
[0.824s] [ 67%] Built target navsat_transform_node
[0.829s] [ 69%] Built target ukf_node
[0.854s] [ 71%] Built target filter_base-test
[0.863s] [ 73%] Built target robot_localization_listener_node
[0.886s] running egg_info
[0.888s] [ 75%] Built target test_ekf
[0.889s] writing robot_localization.egg-info/PKG-INFO
[0.889s] writing dependency_links to robot_localization.egg-info/dependency_links.txt
[0.889s] writing top-level names to robot_localization.egg-info/top_level.txt
[0.890s] [35m[1mConsolidate compiler generated dependencies of target test_navsat_conversions[0m
[0.909s] [35m[1mConsolidate compiler generated dependencies of target test_robot_localization_estimator[0m
[0.909s] reading manifest file 'robot_localization.egg-info/SOURCES.txt'
[0.909s] writing manifest file 'robot_localization.egg-info/SOURCES.txt'
[0.909s] [35m[1mConsolidate compiler generated dependencies of target test_ros_robot_localization_listener[0m
[0.909s] [ 76%] Built target test_ukf
[0.919s] [35m[1mConsolidate compiler generated dependencies of target test_ros_robot_localization_listener_publisher[0m
[0.919s] [35m[1mConsolidate compiler generated dependencies of target robot_localization__rosidl_generator_py[0m
[0.937s] [ 78%] Built target test_navsat_conversions
[0.938s] [35m[1mConsolidate compiler generated dependencies of target test_filter_base_diagnostics_timestamps[0m
[0.956s] [ 79%] Built target test_robot_localization_estimator
[0.956s] [35m[1mConsolidate compiler generated dependencies of target test_ekf_node_interfaces[0m
[0.972s] [ 79%] Built target ament_cmake_python_build_robot_localization_egg
[0.976s] [ 81%] Built target test_ros_robot_localization_listener_publisher
[0.980s] [35m[1mConsolidate compiler generated dependencies of target test_ukf_node_interfaces[0m
[0.985s] [ 88%] Built target robot_localization__rosidl_generator_py
[0.985s] [ 90%] Built target test_ros_robot_localization_listener
[1.001s] [ 91%] Built target test_ekf_node_interfaces
[1.012s] [ 93%] Built target test_filter_base_diagnostics_timestamps
[1.020s] [35m[1mConsolidate compiler generated dependencies of target robot_localization__rosidl_typesupport_c__pyext[0m
[1.023s] [35m[1mConsolidate compiler generated dependencies of target robot_localization__rosidl_typesupport_fastrtps_c__pyext[0m
[1.023s] [ 95%] Built target test_ukf_node_interfaces
[1.033s] [35m[1mConsolidate compiler generated dependencies of target robot_localization__rosidl_typesupport_introspection_c__pyext[0m
[1.057s] [ 96%] Built target robot_localization__rosidl_typesupport_fastrtps_c__pyext
[1.062s] [ 98%] Built target robot_localization__rosidl_typesupport_c__pyext
[1.065s] [100%] Built target robot_localization__rosidl_typesupport_introspection_c__pyext
[1.088s] Invoked command in '/home/student/ros2_ws/build/robot_localization' returned '0': CMAKE_PREFIX_PATH=${CMAKE_PREFIX_PATH}:/home/student/ros2_ws/install/turtlebot3_teleop:/home/student/ros2_ws/install/turtlebot3_example:/home/student/ros2_ws/install/rtabmap_python:/opt/ros/humble /usr/bin/cmake --build /home/student/ros2_ws/build/robot_localization -- -j8 -l8
[1.941s] Invoking command in '/home/student/ros2_ws/build/robot_localization': CMAKE_PREFIX_PATH=${CMAKE_PREFIX_PATH}:/home/student/ros2_ws/install/turtlebot3_teleop:/home/student/ros2_ws/install/turtlebot3_example:/home/student/ros2_ws/install/rtabmap_python:/opt/ros/humble /usr/bin/cmake --install /home/student/ros2_ws/build/robot_localization
[1.961s] -- Install configuration: "Release"
[1.967s] -- Execute custom install script
[1.967s] -- Up-to-date symlink: /home/student/ros2_ws/install/robot_localization/share/ament_index/resource_index/rosidl_interfaces/robot_localization
[1.967s] -- Up-to-date symlink: /home/student/ros2_ws/install/robot_localization/include/robot_localization/robot_localization/msg/rosidl_generator_c__visibility_control.h
[1.967s] -- Up-to-date symlink: /home/student/ros2_ws/install/robot_localization/include/robot_localization/robot_localization/srv/detail/from_ll__functions.h
[1.968s] -- Up-to-date symlink: /home/student/ros2_ws/install/robot_localization/include/robot_localization/robot_localization/srv/detail/from_ll__struct.h
[1.969s] -- Up-to-date symlink: /home/student/ros2_ws/install/robot_localization/include/robot_localization/robot_localization/srv/detail/from_ll__type_support.h
[1.969s] -- Up-to-date symlink: /home/student/ros2_ws/install/robot_localization/include/robot_localization/robot_localization/srv/detail/get_state__functions.h
[1.969s] -- Up-to-date symlink: /home/student/ros2_ws/install/robot_localization/include/robot_localization/robot_localization/srv/detail/get_state__struct.h
[1.969s] -- Up-to-date symlink: /home/student/ros2_ws/install/robot_localization/include/robot_localization/robot_localization/srv/detail/get_state__type_support.h
[1.972s] -- Up-to-date symlink: /home/student/ros2_ws/install/robot_localization/include/robot_localization/robot_localization/srv/detail/set_datum__functions.h
[1.972s] -- Up-to-date symlink: /home/student/ros2_ws/install/robot_localization/include/robot_localization/robot_localization/srv/detail/set_datum__struct.h
[1.974s] -- Up-to-date symlink: /home/student/ros2_ws/install/robot_localization/include/robot_localization/robot_localization/srv/detail/set_datum__type_support.h
[1.974s] -- Up-to-date symlink: /home/student/ros2_ws/install/robot_localization/include/robot_localization/robot_localization/srv/detail/set_pose__functions.h
[1.975s] -- Up-to-date symlink: /home/student/ros2_ws/install/robot_localization/include/robot_localization/robot_localization/srv/detail/set_pose__struct.h
[1.975s] -- Up-to-date symlink: /home/student/ros2_ws/install/robot_localization/include/robot_localization/robot_localization/srv/detail/set_pose__type_support.h
[1.975s] -- Up-to-date symlink: /home/student/ros2_ws/install/robot_localization/include/robot_localization/robot_localization/srv/detail/set_utm_zone__functions.h
[1.975s] -- Up-to-date symlink: /home/student/ros2_ws/install/robot_localization/include/robot_localization/robot_localization/srv/detail/set_utm_zone__struct.h
[1.975s] -- Up-to-date symlink: /home/student/ros2_ws/install/robot_localization/include/robot_localization/robot_localization/srv/detail/set_utm_zone__type_support.h
[1.976s] -- Up-to-date symlink: /home/student/ros2_ws/install/robot_localization/include/robot_localization/robot_localization/srv/detail/to_ll__functions.h
[1.976s] -- Up-to-date symlink: /home/student/ros2_ws/install/robot_localization/include/robot_localization/robot_localization/srv/detail/to_ll__struct.h
[1.976s] -- Up-to-date symlink: /home/student/ros2_ws/install/robot_localization/include/robot_localization/robot_localization/srv/detail/to_ll__type_support.h
[1.977s] -- Up-to-date symlink: /home/student/ros2_ws/install/robot_localization/include/robot_localization/robot_localization/srv/detail/toggle_filter_processing__functions.h
[1.977s] -- Up-to-date symlink: /home/student/ros2_ws/install/robot_localization/include/robot_localization/robot_localization/srv/detail/toggle_filter_processing__struct.h
[1.978s] -- Up-to-date symlink: /home/student/ros2_ws/install/robot_localization/include/robot_localization/robot_localization/srv/detail/toggle_filter_processing__type_support.h
[1.978s] -- Up-to-date symlink: /home/student/ros2_ws/install/robot_localization/include/robot_localization/robot_localization/srv/from_ll.h
[1.978s] -- Up-to-date symlink: /home/student/ros2_ws/install/robot_localization/include/robot_localization/robot_localization/srv/get_state.h
[1.979s] -- Up-to-date symlink: /home/student/ros2_ws/install/robot_localization/include/robot_localization/robot_localization/srv/set_datum.h
[1.979s] -- Up-to-date symlink: /home/student/ros2_ws/install/robot_localization/include/robot_localization/robot_localization/srv/set_pose.h
[1.981s] -- Up-to-date symlink: /home/student/ros2_ws/install/robot_localization/include/robot_localization/robot_localization/srv/set_utm_zone.h
[1.982s] -- Up-to-date symlink: /home/student/ros2_ws/install/robot_localization/include/robot_localization/robot_localization/srv/to_ll.h
[1.982s] -- Up-to-date symlink: /home/student/ros2_ws/install/robot_localization/include/robot_localization/robot_localization/srv/toggle_filter_processing.h
[1.982s] -- Up-to-date symlink: /home/student/ros2_ws/install/robot_localization/share/robot_localization/environment/library_path.sh
[1.982s] -- Up-to-date symlink: /home/student/ros2_ws/install/robot_localization/share/robot_localization/environment/library_path.dsv
[1.983s] -- Up-to-date symlink: /home/student/ros2_ws/install/robot_localization/include/robot_localization/robot_localization/msg/rosidl_typesupport_fastrtps_c__visibility_control.h
[1.983s] -- Up-to-date symlink: /home/student/ros2_ws/install/robot_localization/include/robot_localization/robot_localization/srv/detail/from_ll__rosidl_typesupport_fastrtps_c.h
[1.983s] -- Up-to-date symlink: /home/student/ros2_ws/install/robot_localization/include/robot_localization/robot_localization/srv/detail/get_state__rosidl_typesupport_fastrtps_c.h
[1.983s] -- Up-to-date symlink: /home/student/ros2_ws/install/robot_localization/include/robot_localization/robot_localization/srv/detail/set_datum__rosidl_typesupport_fastrtps_c.h
[1.984s] -- Up-to-date symlink: /home/student/ros2_ws/install/robot_localization/include/robot_localization/robot_localization/srv/detail/set_pose__rosidl_typesupport_fastrtps_c.h
[1.984s] -- Up-to-date symlink: /home/student/ros2_ws/install/robot_localization/include/robot_localization/robot_localization/srv/detail/set_utm_zone__rosidl_typesupport_fastrtps_c.h
[1.984s] -- Up-to-date symlink: /home/student/ros2_ws/install/robot_localization/include/robot_localization/robot_localization/srv/detail/to_ll__rosidl_typesupport_fastrtps_c.h
[1.985s] -- Up-to-date symlink: /home/student/ros2_ws/install/robot_localization/include/robot_localization/robot_localization/srv/detail/toggle_filter_processing__rosidl_typesupport_fastrtps_c.h
[1.985s] -- Up-to-date symlink: /home/student/ros2_ws/install/robot_localization/include/robot_localization/robot_localization/srv/detail/from_ll__builder.hpp
[1.986s] -- Up-to-date symlink: /home/student/ros2_ws/install/robot_localization/include/robot_localization/robot_localization/srv/detail/from_ll__struct.hpp
[1.986s] -- Up-to-date symlink: /home/student/ros2_ws/install/robot_localization/include/robot_localization/robot_localization/srv/detail/from_ll__traits.hpp
[1.988s] -- Up-to-date symlink: /home/student/ros2_ws/install/robot_localization/include/robot_localization/robot_localization/srv/detail/get_state__builder.hpp
[1.988s] -- Up-to-date symlink: /home/student/ros2_ws/install/robot_localization/include/robot_localization/robot_localization/srv/detail/get_state__struct.hpp
[1.988s] -- Up-to-date symlink: /home/student/ros2_ws/install/robot_localization/include/robot_localization/robot_localization/srv/detail/get_state__traits.hpp
[1.988s] -- Up-to-date symlink: /home/student/ros2_ws/install/robot_localization/include/robot_localization/robot_localization/srv/detail/set_datum__builder.hpp
[1.988s] -- Up-to-date symlink: /home/student/ros2_ws/install/robot_localization/include/robot_localization/robot_localization/srv/detail/set_datum__struct.hpp
[1.988s] -- Up-to-date symlink: /home/student/ros2_ws/install/robot_localization/include/robot_localization/robot_localization/srv/detail/set_datum__traits.hpp
[1.991s] -- Up-to-date symlink: /home/student/ros2_ws/install/robot_localization/include/robot_localization/robot_localization/srv/detail/set_pose__builder.hpp
[1.991s] -- Up-to-date symlink: /home/student/ros2_ws/install/robot_localization/include/robot_localization/robot_localization/srv/detail/set_pose__struct.hpp
[1.992s] -- Up-to-date symlink: /home/student/ros2_ws/install/robot_localization/include/robot_localization/robot_localization/srv/detail/set_pose__traits.hpp
[1.992s] -- Up-to-date symlink: /home/student/ros2_ws/install/robot_localization/include/robot_localization/robot_localization/srv/detail/set_utm_zone__builder.hpp
[1.992s] -- Up-to-date symlink: /home/student/ros2_ws/install/robot_localization/include/robot_localization/robot_localization/srv/detail/set_utm_zone__struct.hpp
[1.992s] -- Up-to-date symlink: /home/student/ros2_ws/install/robot_localization/include/robot_localization/robot_localization/srv/detail/set_utm_zone__traits.hpp
[1.992s] -- Up-to-date symlink: /home/student/ros2_ws/install/robot_localization/include/robot_localization/robot_localization/srv/detail/to_ll__builder.hpp
[1.992s] -- Up-to-date symlink: /home/student/ros2_ws/install/robot_localization/include/robot_localization/robot_localization/srv/detail/to_ll__struct.hpp
[1.992s] -- Up-to-date symlink: /home/student/ros2_ws/install/robot_localization/include/robot_localization/robot_localization/srv/detail/to_ll__traits.hpp
[1.992s] -- Up-to-date symlink: /home/student/ros2_ws/install/robot_localization/include/robot_localization/robot_localization/srv/detail/toggle_filter_processing__builder.hpp
[1.992s] -- Up-to-date symlink: /home/student/ros2_ws/install/robot_localization/include/robot_localization/robot_localization/srv/detail/toggle_filter_processing__struct.hpp
[1.995s] -- Up-to-date symlink: /home/student/ros2_ws/install/robot_localization/include/robot_localization/robot_localization/srv/detail/toggle_filter_processing__traits.hpp
[1.997s] -- Up-to-date symlink: /home/student/ros2_ws/install/robot_localization/include/robot_localization/robot_localization/srv/from_ll.hpp
[1.999s] -- Up-to-date symlink: /home/student/ros2_ws/install/robot_localization/include/robot_localization/robot_localization/srv/get_state.hpp
[1.999s] -- Up-to-date symlink: /home/student/ros2_ws/install/robot_localization/include/robot_localization/robot_localization/srv/set_datum.hpp
[1.999s] -- Up-to-date symlink: /home/student/ros2_ws/install/robot_localization/include/robot_localization/robot_localization/srv/set_pose.hpp
[2.000s] -- Up-to-date symlink: /home/student/ros2_ws/install/robot_localization/include/robot_localization/robot_localization/srv/set_utm_zone.hpp
[2.002s] -- Up-to-date symlink: /home/student/ros2_ws/install/robot_localization/include/robot_localization/robot_localization/srv/to_ll.hpp
[2.002s] -- Up-to-date symlink: /home/student/ros2_ws/install/robot_localization/include/robot_localization/robot_localization/srv/toggle_filter_processing.hpp
[2.002s] -- Up-to-date symlink: /home/student/ros2_ws/install/robot_localization/include/robot_localization/robot_localization/msg/rosidl_typesupport_fastrtps_cpp__visibility_control.h
[2.002s] -- Up-to-date symlink: /home/student/ros2_ws/install/robot_localization/include/robot_localization/robot_localization/srv/detail/from_ll__rosidl_typesupport_fastrtps_cpp.hpp
[2.003s] -- Up-to-date symlink: /home/student/ros2_ws/install/robot_localization/include/robot_localization/robot_localization/srv/detail/get_state__rosidl_typesupport_fastrtps_cpp.hpp
[2.003s] -- Up-to-date symlink: /home/student/ros2_ws/install/robot_localization/include/robot_localization/robot_localization/srv/detail/set_datum__rosidl_typesupport_fastrtps_cpp.hpp
[2.003s] -- Up-to-date symlink: /home/student/ros2_ws/install/robot_localization/include/robot_localization/robot_localization/srv/detail/set_pose__rosidl_typesupport_fastrtps_cpp.hpp
[2.003s] -- Up-to-date symlink: /home/student/ros2_ws/install/robot_localization/include/robot_localization/robot_localization/srv/detail/set_utm_zone__rosidl_typesupport_fastrtps_cpp.hpp
[2.003s] -- Up-to-date symlink: /home/student/ros2_ws/install/robot_localization/include/robot_localization/robot_localization/srv/detail/to_ll__rosidl_typesupport_fastrtps_cpp.hpp
[2.003s] -- Up-to-date symlink: /home/student/ros2_ws/install/robot_localization/include/robot_localization/robot_localization/srv/detail/toggle_filter_processing__rosidl_typesupport_fastrtps_cpp.hpp
[2.003s] -- Up-to-date symlink: /home/student/ros2_ws/install/robot_localization/include/robot_localization/robot_localization/msg/rosidl_typesupport_introspection_c__visibility_control.h
[2.003s] -- Up-to-date symlink: /home/student/ros2_ws/install/robot_localization/include/robot_localization/robot_localization/srv/detail/from_ll__rosidl_typesupport_introspection_c.h
[2.005s] -- Up-to-date symlink: /home/student/ros2_ws/install/robot_localization/include/robot_localization/robot_localization/srv/detail/get_state__rosidl_typesupport_introspection_c.h
[2.005s] -- Up-to-date symlink: /home/student/ros2_ws/install/robot_localization/include/robot_localization/robot_localization/srv/detail/set_datum__rosidl_typesupport_introspection_c.h
[2.006s] -- Up-to-date symlink: /home/student/ros2_ws/install/robot_localization/include/robot_localization/robot_localization/srv/detail/set_pose__rosidl_typesupport_introspection_c.h
[2.006s] -- Up-to-date symlink: /home/student/ros2_ws/install/robot_localization/include/robot_localization/robot_localization/srv/detail/set_utm_zone__rosidl_typesupport_introspection_c.h
[2.006s] -- Up-to-date symlink: /home/student/ros2_ws/install/robot_localization/include/robot_localization/robot_localization/srv/detail/to_ll__rosidl_typesupport_introspection_c.h
[2.006s] -- Up-to-date symlink: /home/student/ros2_ws/install/robot_localization/include/robot_localization/robot_localization/srv/detail/toggle_filter_processing__rosidl_typesupport_introspection_c.h
[2.007s] -- Up-to-date symlink: /home/student/ros2_ws/install/robot_localization/include/robot_localization/robot_localization/srv/detail/from_ll__rosidl_typesupport_introspection_cpp.hpp
[2.007s] -- Up-to-date symlink: /home/student/ros2_ws/install/robot_localization/include/robot_localization/robot_localization/srv/detail/get_state__rosidl_typesupport_introspection_cpp.hpp
[2.010s] -- Up-to-date symlink: /home/student/ros2_ws/install/robot_localization/include/robot_localization/robot_localization/srv/detail/set_datum__rosidl_typesupport_introspection_cpp.hpp
[2.011s] -- Up-to-date symlink: /home/student/ros2_ws/install/robot_localization/include/robot_localization/robot_localization/srv/detail/set_pose__rosidl_typesupport_introspection_cpp.hpp
[2.011s] -- Up-to-date symlink: /home/student/ros2_ws/install/robot_localization/include/robot_localization/robot_localization/srv/detail/set_utm_zone__rosidl_typesupport_introspection_cpp.hpp
[2.018s] -- Up-to-date symlink: /home/student/ros2_ws/install/robot_localization/include/robot_localization/robot_localization/srv/detail/to_ll__rosidl_typesupport_introspection_cpp.hpp
[2.020s] -- Up-to-date symlink: /home/student/ros2_ws/install/robot_localization/include/robot_localization/robot_localization/srv/detail/toggle_filter_processing__rosidl_typesupport_introspection_cpp.hpp
[2.020s] -- Up-to-date symlink: /home/student/ros2_ws/install/robot_localization/share/robot_localization/environment/pythonpath.sh
[2.020s] -- Up-to-date symlink: /home/student/ros2_ws/install/robot_localization/share/robot_localization/environment/pythonpath.dsv
[2.021s] -- Up-to-date symlink: /home/student/ros2_ws/install/robot_localization/local/lib/python3.10/dist-packages/robot_localization-3.9.0-py3.10.egg-info/PKG-INFO
[2.021s] -- Up-to-date symlink: /home/student/ros2_ws/install/robot_localization/local/lib/python3.10/dist-packages/robot_localization-3.9.0-py3.10.egg-info/SOURCES.txt
[2.021s] -- Up-to-date symlink: /home/student/ros2_ws/install/robot_localization/local/lib/python3.10/dist-packages/robot_localization-3.9.0-py3.10.egg-info/dependency_links.txt
[2.021s] -- Up-to-date symlink: /home/student/ros2_ws/install/robot_localization/local/lib/python3.10/dist-packages/robot_localization-3.9.0-py3.10.egg-info/top_level.txt
[2.021s] -- Up-to-date symlink: /home/student/ros2_ws/install/robot_localization/local/lib/python3.10/dist-packages/robot_localization/__init__.py
[2.021s] -- Up-to-date symlink: /home/student/ros2_ws/install/robot_localization/local/lib/python3.10/dist-packages/robot_localization/_robot_localization_s.ep.rosidl_typesupport_c.c
[2.021s] -- Up-to-date symlink: /home/student/ros2_ws/install/robot_localization/local/lib/python3.10/dist-packages/robot_localization/_robot_localization_s.ep.rosidl_typesupport_fastrtps_c.c
[2.021s] -- Up-to-date symlink: /home/student/ros2_ws/install/robot_localization/local/lib/python3.10/dist-packages/robot_localization/_robot_localization_s.ep.rosidl_typesupport_introspection_c.c
[2.022s] -- Up-to-date symlink: /home/student/ros2_ws/install/robot_localization/local/lib/python3.10/dist-packages/robot_localization/librobot_localization__rosidl_generator_py.so
[2.022s] -- Up-to-date symlink: /home/student/ros2_ws/install/robot_localization/local/lib/python3.10/dist-packages/robot_localization/robot_localization_s__rosidl_typesupport_c.cpython-310-x86_64-linux-gnu.so
[2.022s] -- Up-to-date symlink: /home/student/ros2_ws/install/robot_localization/local/lib/python3.10/dist-packages/robot_localization/robot_localization_s__rosidl_typesupport_fastrtps_c.cpython-310-x86_64-linux-gnu.so
[2.022s] -- Up-to-date symlink: /home/student/ros2_ws/install/robot_localization/local/lib/python3.10/dist-packages/robot_localization/robot_localization_s__rosidl_typesupport_introspection_c.cpython-310-x86_64-linux-gnu.so
[2.022s] -- Up-to-date symlink: /home/student/ros2_ws/install/robot_localization/local/lib/python3.10/dist-packages/robot_localization/srv/__init__.py
[2.022s] -- Up-to-date symlink: /home/student/ros2_ws/install/robot_localization/local/lib/python3.10/dist-packages/robot_localization/srv/_from_ll.py
[2.022s] -- Up-to-date symlink: /home/student/ros2_ws/install/robot_localization/local/lib/python3.10/dist-packages/robot_localization/srv/_from_ll_s.c
[2.027s] -- Up-to-date symlink: /home/student/ros2_ws/install/robot_localization/local/lib/python3.10/dist-packages/robot_localization/srv/_get_state.py
[2.028s] -- Up-to-date symlink: /home/student/ros2_ws/install/robot_localization/local/lib/python3.10/dist-packages/robot_localization/srv/_get_state_s.c
[2.028s] -- Up-to-date symlink: /home/student/ros2_ws/install/robot_localization/local/lib/python3.10/dist-packages/robot_localization/srv/_set_datum.py
[2.028s] -- Up-to-date symlink: /home/student/ros2_ws/install/robot_localization/local/lib/python3.10/dist-packages/robot_localization/srv/_set_datum_s.c
[2.028s] -- Up-to-date symlink: /home/student/ros2_ws/install/robot_localization/local/lib/python3.10/dist-packages/robot_localization/srv/_set_pose.py
[2.028s] -- Up-to-date symlink: /home/student/ros2_ws/install/robot_localization/local/lib/python3.10/dist-packages/robot_localization/srv/_set_pose_s.c
[2.028s] -- Up-to-date symlink: /home/student/ros2_ws/install/robot_localization/local/lib/python3.10/dist-packages/robot_localization/srv/_set_utm_zone.py
[2.028s] -- Up-to-date symlink: /home/student/ros2_ws/install/robot_localization/local/lib/python3.10/dist-packages/robot_localization/srv/_set_utm_zone_s.c
[2.028s] -- Up-to-date symlink: /home/student/ros2_ws/install/robot_localization/local/lib/python3.10/dist-packages/robot_localization/srv/_to_ll.py
[2.028s] -- Up-to-date symlink: /home/student/ros2_ws/install/robot_localization/local/lib/python3.10/dist-packages/robot_localization/srv/_to_ll_s.c
[2.029s] -- Up-to-date symlink: /home/student/ros2_ws/install/robot_localization/local/lib/python3.10/dist-packages/robot_localization/srv/_toggle_filter_processing.py
[2.029s] -- Up-to-date symlink: /home/student/ros2_ws/install/robot_localization/local/lib/python3.10/dist-packages/robot_localization/srv/_toggle_filter_processing_s.c
[2.037s] -- Up-to-date symlink: /home/student/ros2_ws/install/robot_localization/local/lib/python3.10/dist-packages/robot_localization/robot_localization_s__rosidl_typesupport_fastrtps_c.cpython-310-x86_64-linux-gnu.so
[2.037s] -- Up-to-date symlink: /home/student/ros2_ws/install/robot_localization/local/lib/python3.10/dist-packages/robot_localization/robot_localization_s__rosidl_typesupport_introspection_c.cpython-310-x86_64-linux-gnu.so
[2.038s] -- Up-to-date symlink: /home/student/ros2_ws/install/robot_localization/local/lib/python3.10/dist-packages/robot_localization/robot_localization_s__rosidl_typesupport_c.cpython-310-x86_64-linux-gnu.so
[2.038s] -- Up-to-date symlink: /home/student/ros2_ws/install/robot_localization/share/robot_localization/srv/FromLL.idl
[2.038s] -- Up-to-date symlink: /home/student/ros2_ws/install/robot_localization/share/robot_localization/srv/GetState.idl
[2.038s] -- Up-to-date symlink: /home/student/ros2_ws/install/robot_localization/share/robot_localization/srv/SetDatum.idl
[2.038s] -- Up-to-date symlink: /home/student/ros2_ws/install/robot_localization/share/robot_localization/srv/SetPose.idl
[2.038s] -- Up-to-date symlink: /home/student/ros2_ws/install/robot_localization/share/robot_localization/srv/SetUTMZone.idl
[2.041s] -- Up-to-date symlink: /home/student/ros2_ws/install/robot_localization/share/robot_localization/srv/ToggleFilterProcessing.idl
[2.042s] -- Up-to-date symlink: /home/student/ros2_ws/install/robot_localization/share/robot_localization/srv/ToLL.idl
[2.042s] -- Up-to-date symlink: /home/student/ros2_ws/install/robot_localization/share/robot_localization/srv/FromLL.srv
[2.042s] -- Up-to-date symlink: /home/student/ros2_ws/install/robot_localization/share/robot_localization/srv/FromLL_Request.msg
[2.042s] -- Up-to-date symlink: /home/student/ros2_ws/install/robot_localization/share/robot_localization/srv/FromLL_Response.msg
[2.042s] -- Up-to-date symlink: /home/student/ros2_ws/install/robot_localization/share/robot_localization/srv/GetState.srv
[2.042s] -- Up-to-date symlink: /home/student/ros2_ws/install/robot_localization/share/robot_localization/srv/GetState_Request.msg
[2.044s] -- Up-to-date symlink: /home/student/ros2_ws/install/robot_localization/share/robot_localization/srv/GetState_Response.msg
[2.044s] -- Up-to-date symlink: /home/student/ros2_ws/install/robot_localization/share/robot_localization/srv/SetDatum.srv
[2.048s] -- Up-to-date symlink: /home/student/ros2_ws/install/robot_localization/share/robot_localization/srv/SetDatum_Request.msg
[2.051s] -- Up-to-date symlink: /home/student/ros2_ws/install/robot_localization/share/robot_localization/srv/SetDatum_Response.msg
[2.051s] -- Up-to-date symlink: /home/student/ros2_ws/install/robot_localization/share/robot_localization/srv/SetPose.srv
[2.051s] -- Up-to-date symlink: /home/student/ros2_ws/install/robot_localization/share/robot_localization/srv/SetPose_Request.msg
[2.054s] -- Up-to-date symlink: /home/student/ros2_ws/install/robot_localization/share/robot_localization/srv/SetPose_Response.msg
[2.054s] -- Up-to-date symlink: /home/student/ros2_ws/install/robot_localization/share/robot_localization/srv/SetUTMZone.srv
[2.056s] -- Up-to-date symlink: /home/student/ros2_ws/install/robot_localization/share/robot_localization/srv/SetUTMZone_Request.msg
[2.056s] -- Up-to-date symlink: /home/student/ros2_ws/install/robot_localization/share/robot_localization/srv/SetUTMZone_Response.msg
[2.056s] -- Up-to-date symlink: /home/student/ros2_ws/install/robot_localization/share/robot_localization/srv/ToggleFilterProcessing.srv
[2.056s] -- Up-to-date symlink: /home/student/ros2_ws/install/robot_localization/share/robot_localization/srv/ToggleFilterProcessing_Request.msg
[2.056s] -- Up-to-date symlink: /home/student/ros2_ws/install/robot_localization/share/robot_localization/srv/ToggleFilterProcessing_Response.msg
[2.056s] -- Up-to-date symlink: /home/student/ros2_ws/install/robot_localization/share/robot_localization/srv/ToLL.srv
[2.056s] -- Up-to-date symlink: /home/student/ros2_ws/install/robot_localization/share/robot_localization/srv/ToLL_Request.msg
[2.057s] -- Up-to-date symlink: /home/student/ros2_ws/install/robot_localization/share/robot_localization/srv/ToLL_Response.msg
[2.061s] -- Up-to-date symlink: /home/student/ros2_ws/install/robot_localization/lib/robot_localization/filter_base-test
[2.062s] -- Up-to-date symlink: /home/student/ros2_ws/install/robot_localization/lib/robot_localization/test_filter_base_diagnostics_timestamps
[2.062s] -- Up-to-date symlink: /home/student/ros2_ws/install/robot_localization/lib/robot_localization/test_ekf
[2.062s] -- Up-to-date symlink: /home/student/ros2_ws/install/robot_localization/lib/robot_localization/test_ekf_node_interfaces
[2.062s] -- Up-to-date symlink: /home/student/ros2_ws/install/robot_localization/lib/robot_localization/test_ukf
[2.062s] -- Up-to-date symlink: /home/student/ros2_ws/install/robot_localization/lib/robot_localization/test_ukf_node_interfaces
[2.066s] -- Up-to-date symlink: /home/student/ros2_ws/install/robot_localization/lib/robot_localization/test_robot_localization_estimator
[2.066s] -- Up-to-date symlink: /home/student/ros2_ws/install/robot_localization/lib/robot_localization/test_navsat_conversions
[2.066s] -- Up-to-date symlink: /home/student/ros2_ws/install/robot_localization/lib/robot_localization/test_ros_robot_localization_listener
[2.066s] -- Up-to-date symlink: /home/student/ros2_ws/install/robot_localization/lib/robot_localization/test_ros_robot_localization_listener_publisher
[2.066s] -- Up-to-date symlink: /home/student/ros2_ws/install/robot_localization/lib/robot_localization/navsat_transform_node
[2.066s] -- Up-to-date symlink: /home/student/ros2_ws/install/robot_localization/lib/robot_localization/ekf_node
[2.066s] -- Up-to-date symlink: /home/student/ros2_ws/install/robot_localization/lib/robot_localization/ukf_node
[2.068s] -- Up-to-date symlink: /home/student/ros2_ws/install/robot_localization/lib/robot_localization/robot_localization_listener_node
[2.068s] -- Up-to-date symlink: /home/student/ros2_ws/install/robot_localization/lib/librl_lib.so
[2.068s] -- Up-to-date symlink: /home/student/ros2_ws/install/robot_localization/share/ament_index/resource_index/package_run_dependencies/robot_localization
[2.068s] -- Up-to-date symlink: /home/student/ros2_ws/install/robot_localization/share/ament_index/resource_index/parent_prefix_path/robot_localization
[2.069s] -- Up-to-date symlink: /home/student/ros2_ws/install/robot_localization/share/robot_localization/environment/ament_prefix_path.sh
[2.069s] -- Up-to-date symlink: /home/student/ros2_ws/install/robot_localization/share/robot_localization/environment/ament_prefix_path.dsv
[2.069s] -- Up-to-date symlink: /home/student/ros2_ws/install/robot_localization/share/robot_localization/environment/path.sh
[2.069s] -- Up-to-date symlink: /home/student/ros2_ws/install/robot_localization/share/robot_localization/environment/path.dsv
[2.069s] -- Up-to-date symlink: /home/student/ros2_ws/install/robot_localization/share/robot_localization/local_setup.bash
[2.069s] -- Up-to-date symlink: /home/student/ros2_ws/install/robot_localization/share/robot_localization/local_setup.sh
[2.069s] -- Up-to-date symlink: /home/student/ros2_ws/install/robot_localization/share/robot_localization/local_setup.zsh
[2.069s] -- Up-to-date symlink: /home/student/ros2_ws/install/robot_localization/share/robot_localization/local_setup.dsv
[2.070s] -- Symlinking: /home/student/ros2_ws/install/robot_localization/share/robot_localization/package.dsv
[2.084s] -- Up-to-date symlink: /home/student/ros2_ws/install/robot_localization/share/ament_index/resource_index/packages/robot_localization
[2.084s] -- Up-to-date symlink: /home/student/ros2_ws/install/robot_localization/share/robot_localization/cmake/rosidl_cmake-extras.cmake
[2.084s] -- Up-to-date symlink: /home/student/ros2_ws/install/robot_localization/share/robot_localization/cmake/ament_cmake_export_dependencies-extras.cmake
[2.084s] -- Up-to-date symlink: /home/student/ros2_ws/install/robot_localization/share/robot_localization/cmake/ament_cmake_export_include_directories-extras.cmake
[2.084s] -- Up-to-date symlink: /home/student/ros2_ws/install/robot_localization/share/robot_localization/cmake/ament_cmake_export_libraries-extras.cmake
[2.084s] -- Up-to-date symlink: /home/student/ros2_ws/install/robot_localization/share/robot_localization/cmake/ament_cmake_export_targets-extras.cmake
[2.084s] -- Up-to-date symlink: /home/student/ros2_ws/install/robot_localization/share/robot_localization/cmake/rosidl_cmake_export_typesupport_targets-extras.cmake
[2.084s] -- Up-to-date symlink: /home/student/ros2_ws/install/robot_localization/share/robot_localization/cmake/rosidl_cmake_export_typesupport_libraries-extras.cmake
[2.085s] -- Up-to-date symlink: /home/student/ros2_ws/install/robot_localization/share/robot_localization/cmake/robot_localizationConfig.cmake
[2.085s] -- Up-to-date symlink: /home/student/ros2_ws/install/robot_localization/share/robot_localization/cmake/robot_localizationConfig-version.cmake
[2.085s] -- Up-to-date symlink: /home/student/ros2_ws/install/robot_localization/share/robot_localization/package.xml
[2.094s] -- Up-to-date: /home/student/ros2_ws/install/robot_localization/lib/librobot_localization__rosidl_generator_c.so
[2.100s] -- Up-to-date: /home/student/ros2_ws/install/robot_localization/lib/librobot_localization__rosidl_typesupport_fastrtps_c.so
[2.112s] -- Up-to-date: /home/student/ros2_ws/install/robot_localization/lib/librobot_localization__rosidl_typesupport_fastrtps_cpp.so
[2.115s] -- Up-to-date: /home/student/ros2_ws/install/robot_localization/lib/librobot_localization__rosidl_typesupport_introspection_c.so
[2.116s] -- Up-to-date: /home/student/ros2_ws/install/robot_localization/lib/librobot_localization__rosidl_typesupport_c.so
[2.122s] -- Up-to-date: /home/student/ros2_ws/install/robot_localization/lib/librobot_localization__rosidl_typesupport_introspection_cpp.so
[2.126s] -- Up-to-date: /home/student/ros2_ws/install/robot_localization/lib/librobot_localization__rosidl_typesupport_cpp.so
[2.206s] Listing '/home/student/ros2_ws/install/robot_localization/local/lib/python3.10/dist-packages/robot_localization'...
[2.206s] Listing '/home/student/ros2_ws/install/robot_localization/local/lib/python3.10/dist-packages/robot_localization/srv'...
[2.218s] -- Up-to-date: /home/student/ros2_ws/install/robot_localization/lib/librobot_localization__rosidl_generator_py.so
[2.221s] -- Up-to-date: /home/student/ros2_ws/install/robot_localization/share/robot_localization/test
[2.222s] -- Up-to-date: /home/student/ros2_ws/install/robot_localization/share/robot_localization/test/test3.bag
[2.222s] -- Up-to-date: /home/student/ros2_ws/install/robot_localization/share/robot_localization/test/test_se_node_interfaces.launch.py
[2.222s] -- Up-to-date: /home/student/ros2_ws/install/robot_localization/share/robot_localization/test/test_localization_node_bag_pose_tester.cpp
[2.223s] -- Up-to-date: /home/student/ros2_ws/install/robot_localization/share/robot_localization/test/test_ukf_localization_node_bag2.sh
[2.223s] -- Up-to-date: /home/student/ros2_ws/install/robot_localization/share/robot_localization/test/test_robot_localization_estimator.launch.py
[2.223s] -- Up-to-date: /home/student/ros2_ws/install/robot_localization/share/robot_localization/test/test_ekf_localization_node_bag2.launch.py
[2.223s] -- Up-to-date: /home/student/ros2_ws/install/robot_localization/share/robot_localization/test/test_ekf_localization_node_bag2.yaml
[2.223s] -- Up-to-date: /home/student/ros2_ws/install/robot_localization/share/robot_localization/test/test_filter_base_diagnostics_timestamps.cpp
[2.223s] -- Up-to-date: /home/student/ros2_ws/install/robot_localization/share/robot_localization/test/test_ukf_localization_node_bag1.launch.py
[2.224s] -- Up-to-date: /home/student/ros2_ws/install/robot_localization/share/robot_localization/test/test_ukf.cpp
[2.224s] -- Up-to-date: /home/student/ros2_ws/install/robot_localization/share/robot_localization/test/test_ekf_localization_node_bag3.sh
[2.224s] -- Up-to-date: /home/student/ros2_ws/install/robot_localization/share/robot_localization/test/test_ekf_localization_node_bag1.sh
[2.224s] -- Up-to-date: /home/student/ros2_ws/install/robot_localization/share/robot_localization/test/test_se_node_interfaces.yaml
[2.224s] -- Up-to-date: /home/student/ros2_ws/install/robot_localization/share/robot_localization/test/test_ekf_localization_node_bag3.launch.py
[2.224s] -- Up-to-date: /home/student/ros2_ws/install/robot_localization/share/robot_localization/test/test_ros_robot_localization_listener_publisher.cpp
[2.224s] -- Up-to-date: /home/student/ros2_ws/install/robot_localization/share/robot_localization/test/test_robot_localization_estimator.cpp
[2.225s] -- Up-to-date: /home/student/ros2_ws/install/robot_localization/share/robot_localization/test/test_ros_robot_localization_listener.yaml
[2.225s] -- Up-to-date: /home/student/ros2_ws/install/robot_localization/share/robot_localization/test/test_se_node_interfaces.cpp
[2.225s] -- Up-to-date: /home/student/ros2_ws/install/robot_localization/share/robot_localization/test/test_ukf_localization_node_bag3.launch.py
[2.225s] -- Up-to-date: /home/student/ros2_ws/install/robot_localization/share/robot_localization/test/test_ros_robot_localization_listener.cpp
[2.226s] -- Up-to-date: /home/student/ros2_ws/install/robot_localization/share/robot_localization/test/test_filter_base_diagnostics_timestamps.yaml
[2.226s] -- Up-to-date: /home/student/ros2_ws/install/robot_localization/share/robot_localization/test/test_ros_robot_localization_listener.launch.py
[2.226s] -- Up-to-date: /home/student/ros2_ws/install/robot_localization/share/robot_localization/test/test_filter_base_diagnostics_timestamps.launch.py
[2.226s] -- Up-to-date: /home/student/ros2_ws/install/robot_localization/share/robot_localization/test/test_ekf_localization_node_bag1.yaml
[2.226s] -- Up-to-date: /home/student/ros2_ws/install/robot_localization/share/robot_localization/test/test_ekf_localization_node_bag1.launch.py
[2.226s] -- Up-to-date: /home/student/ros2_ws/install/robot_localization/share/robot_localization/test/test2.bag
[2.227s] -- Up-to-date: /home/student/ros2_ws/install/robot_localization/share/robot_localization/test/test_ukf_localization_node_bag3.yaml
[2.227s] -- Up-to-date: /home/student/ros2_ws/install/robot_localization/share/robot_localization/test/test_ukf_localization_node_bag2.launch.py
[2.227s] -- Up-to-date: /home/student/ros2_ws/install/robot_localization/share/robot_localization/test/test1.bag
[2.227s] -- Up-to-date: /home/student/ros2_ws/install/robot_localization/share/robot_localization/test/test_ekf_localization_node_bag3.yaml
[2.227s] -- Up-to-date: /home/student/ros2_ws/install/robot_localization/share/robot_localization/test/test_filter_base.cpp
[2.227s] -- Up-to-date: /home/student/ros2_ws/install/robot_localization/share/robot_localization/test/test_ukf_localization_node_bag1.yaml
[2.229s] -- Up-to-date: /home/student/ros2_ws/install/robot_localization/share/robot_localization/test/test_ekf.cpp
[2.230s] -- Up-to-date: /home/student/ros2_ws/install/robot_localization/share/robot_localization/test/test_navsat_conversions.cpp
[2.230s] -- Up-to-date: /home/student/ros2_ws/install/robot_localization/share/robot_localization/test/test_ukf_localization_node_bag1.sh
[2.230s] -- Up-to-date: /home/student/ros2_ws/install/robot_localization/share/robot_localization/test/test_ekf_localization_node_bag2.sh
[2.230s] -- Up-to-date: /home/student/ros2_ws/install/robot_localization/share/robot_localization/test/test_ukf_localization_node_bag2.yaml
[2.230s] -- Up-to-date: /home/student/ros2_ws/install/robot_localization/share/robot_localization/test/test_ukf_localization_node_bag3.sh
[2.230s] -- Up-to-date: /home/student/ros2_ws/install/robot_localization/include/robot_localization
[2.230s] -- Up-to-date: /home/student/ros2_ws/install/robot_localization/include/robot_localization/robot_localization
[2.230s] -- Up-to-date: /home/student/ros2_ws/install/robot_localization/include/robot_localization/robot_localization/measurement.hpp
[2.230s] -- Up-to-date: /home/student/ros2_ws/install/robot_localization/include/robot_localization/robot_localization/ekf.hpp
[2.231s] -- Up-to-date: /home/student/ros2_ws/install/robot_localization/include/robot_localization/robot_localization/ros_robot_localization_listener.hpp
[2.231s] -- Up-to-date: /home/student/ros2_ws/install/robot_localization/include/robot_localization/robot_localization/filter_base.hpp
[2.231s] -- Up-to-date: /home/student/ros2_ws/install/robot_localization/include/robot_localization/robot_localization/filter_state.hpp
[2.231s] -- Up-to-date: /home/student/ros2_ws/install/robot_localization/include/robot_localization/robot_localization/navsat_conversions.hpp
[2.231s] -- Up-to-date: /home/student/ros2_ws/install/robot_localization/include/robot_localization/robot_localization/ros_filter.hpp
[2.231s] -- Up-to-date: /home/student/ros2_ws/install/robot_localization/include/robot_localization/robot_localization/ukf.hpp
[2.231s] -- Up-to-date: /home/student/ros2_ws/install/robot_localization/include/robot_localization/robot_localization/filter_utilities.hpp
[2.231s] -- Up-to-date: /home/student/ros2_ws/install/robot_localization/include/robot_localization/robot_localization/robot_localization_estimator.hpp
[2.231s] -- Up-to-date: /home/student/ros2_ws/install/robot_localization/include/robot_localization/robot_localization/filter_common.hpp
[2.232s] -- Up-to-date: /home/student/ros2_ws/install/robot_localization/include/robot_localization/robot_localization/ros_filter_utilities.hpp
[2.232s] -- Up-to-date: /home/student/ros2_ws/install/robot_localization/include/robot_localization/robot_localization/ros_filter_types.hpp
[2.232s] -- Up-to-date: /home/student/ros2_ws/install/robot_localization/include/robot_localization/robot_localization/navsat_transform.hpp
[2.232s] -- Up-to-date: /home/student/ros2_ws/install/robot_localization/share/robot_localization/params
[2.232s] -- Up-to-date: /home/student/ros2_ws/install/robot_localization/share/robot_localization/params/navsat_transform.yaml
[2.233s] -- Up-to-date: /home/student/ros2_ws/install/robot_localization/share/robot_localization/params/ukf.yaml
[2.233s] -- Up-to-date: /home/student/ros2_ws/install/robot_localization/share/robot_localization/params/dual_ekf_navsat_example.yaml
[2.233s] -- Up-to-date: /home/student/ros2_ws/install/robot_localization/share/robot_localization/params/ekf.yaml
[2.233s] -- Up-to-date: /home/student/ros2_ws/install/robot_localization/share/robot_localization/launch
[2.233s] -- Up-to-date: /home/student/ros2_ws/install/robot_localization/share/robot_localization/launch/dual_ekf_navsat_example.launch.py
[2.233s] -- Up-to-date: /home/student/ros2_ws/install/robot_localization/share/robot_localization/launch/ukf.launch.py
[2.233s] -- Up-to-date: /home/student/ros2_ws/install/robot_localization/share/robot_localization/launch/navsat_transform.launch.py
[2.234s] -- Up-to-date: /home/student/ros2_ws/install/robot_localization/share/robot_localization/launch/ekf.launch.py
[2.234s] -- Up-to-date: /home/student/ros2_ws/install/robot_localization/share/robot_localization/cmake/export_robot_localization__rosidl_generator_cExport.cmake
[2.234s] -- Up-to-date: /home/student/ros2_ws/install/robot_localization/share/robot_localization/cmake/export_robot_localization__rosidl_generator_cExport-release.cmake
[2.234s] -- Up-to-date: /home/student/ros2_ws/install/robot_localization/share/robot_localization/cmake/export_robot_localization__rosidl_typesupport_fastrtps_cExport.cmake
[2.236s] -- Up-to-date: /home/student/ros2_ws/install/robot_localization/share/robot_localization/cmake/export_robot_localization__rosidl_typesupport_fastrtps_cExport-release.cmake
[2.237s] -- Up-to-date: /home/student/ros2_ws/install/robot_localization/share/robot_localization/cmake/export_robot_localization__rosidl_generator_cppExport.cmake
[2.237s] -- Up-to-date: /home/student/ros2_ws/install/robot_localization/share/robot_localization/cmake/export_robot_localization__rosidl_typesupport_fastrtps_cppExport.cmake
[2.238s] -- Up-to-date: /home/student/ros2_ws/install/robot_localization/share/robot_localization/cmake/export_robot_localization__rosidl_typesupport_fastrtps_cppExport-release.cmake
[2.238s] -- Up-to-date: /home/student/ros2_ws/install/robot_localization/share/robot_localization/cmake/robot_localization__rosidl_typesupport_introspection_cExport.cmake
[2.238s] -- Up-to-date: /home/student/ros2_ws/install/robot_localization/share/robot_localization/cmake/robot_localization__rosidl_typesupport_introspection_cExport-release.cmake
[2.238s] -- Up-to-date: /home/student/ros2_ws/install/robot_localization/share/robot_localization/cmake/robot_localization__rosidl_typesupport_cExport.cmake
[2.238s] -- Up-to-date: /home/student/ros2_ws/install/robot_localization/share/robot_localization/cmake/robot_localization__rosidl_typesupport_cExport-release.cmake
[2.239s] -- Up-to-date: /home/student/ros2_ws/install/robot_localization/share/robot_localization/cmake/robot_localization__rosidl_typesupport_introspection_cppExport.cmake
[2.239s] -- Up-to-date: /home/student/ros2_ws/install/robot_localization/share/robot_localization/cmake/robot_localization__rosidl_typesupport_introspection_cppExport-release.cmake
[2.240s] -- Up-to-date: /home/student/ros2_ws/install/robot_localization/share/robot_localization/cmake/robot_localization__rosidl_typesupport_cppExport.cmake
[2.241s] -- Up-to-date: /home/student/ros2_ws/install/robot_localization/share/robot_localization/cmake/robot_localization__rosidl_typesupport_cppExport-release.cmake
[2.242s] -- Up-to-date: /home/student/ros2_ws/install/robot_localization/share/robot_localization/cmake/export_robot_localization__rosidl_generator_pyExport.cmake
[2.242s] -- Up-to-date: /home/student/ros2_ws/install/robot_localization/share/robot_localization/cmake/export_robot_localization__rosidl_generator_pyExport-release.cmake
[2.265s] Invoked command in '/home/student/ros2_ws/build/robot_localization' returned '0': CMAKE_PREFIX_PATH=${CMAKE_PREFIX_PATH}:/home/student/ros2_ws/install/turtlebot3_teleop:/home/student/ros2_ws/install/turtlebot3_example:/home/student/ros2_ws/install/rtabmap_python:/opt/ros/humble /usr/bin/cmake --install /home/student/ros2_ws/build/robot_localization
